{"obj": {"type": "AssignString", "path": ["sys", "name"], "value": "Untitled"}, "version": 1}
{"obj": {"type": "AssignString", "path": ["sys", "description"], "value": ""}, "version": 2}
{"obj": {"type": "AssignString", "path": ["monitoring", "7ff9c54d", "hostname"], "value": "Marc-supercomputer"}, "version": 3}
{"obj": {"type": "AssignString", "path": ["sys", "hostname"], "value": "Marc-supercomputer"}, "version": 4}
{"obj": {"type": "AssignString", "path": ["monitoring", "7ff9c54d", "pid"], "value": "13859"}, "version": 5}
{"obj": {"type": "AssignString", "path": ["monitoring", "7ff9c54d", "tid"], "value": "139740734661696"}, "version": 6}
{"obj": {"type": "AssignBool", "path": ["sys", "failed"], "value": false}, "version": 7}
{"obj": {"type": "ClearStringLog", "path": ["monitoring", "7ff9c54d", "stdout"]}, "version": 8}
{"obj": {"type": "ClearStringLog", "path": ["monitoring", "7ff9c54d", "stderr"]}, "version": 9}
{"obj": {"type": "AssignString", "path": ["source_code", "entrypoint"], "value": "our_main.py"}, "version": 10}
{"obj": {"type": "UploadFileSet", "path": ["source_code", "files"], "file_globs": ["/home/marc/Documents/GitHub/8semester/Weakly-supervised-anomaly-detection/MGFN-main/our_main.py"], "reset": "False"}, "version": 11}
{"obj": {"type": "ConfigFloatSeries", "path": ["monitoring", "7ff9c54d", "cpu"], "min": 0.0, "max": 100.0, "unit": "%"}, "version": 12}
{"obj": {"type": "ClearFloatLog", "path": ["monitoring", "7ff9c54d", "cpu"]}, "version": 13}
{"obj": {"type": "ConfigFloatSeries", "path": ["monitoring", "7ff9c54d", "memory"], "min": 0.0, "max": 31.233219146728516, "unit": "GB"}, "version": 14}
{"obj": {"type": "ClearFloatLog", "path": ["monitoring", "7ff9c54d", "memory"]}, "version": 15}
{"obj": {"type": "ConfigFloatSeries", "path": ["monitoring", "7ff9c54d", "gpu_0"], "min": 0.0, "max": 100.0, "unit": "%"}, "version": 16}
{"obj": {"type": "ClearFloatLog", "path": ["monitoring", "7ff9c54d", "gpu_0"]}, "version": 17}
{"obj": {"type": "ConfigFloatSeries", "path": ["monitoring", "7ff9c54d", "gpu_1"], "min": 0.0, "max": 100.0, "unit": "%"}, "version": 18}
{"obj": {"type": "ClearFloatLog", "path": ["monitoring", "7ff9c54d", "gpu_1"]}, "version": 19}
{"obj": {"type": "ConfigFloatSeries", "path": ["monitoring", "7ff9c54d", "gpu_memory_0"], "min": 0.0, "max": 12.0, "unit": "GB"}, "version": 20}
{"obj": {"type": "ClearFloatLog", "path": ["monitoring", "7ff9c54d", "gpu_memory_0"]}, "version": 21}
{"obj": {"type": "ConfigFloatSeries", "path": ["monitoring", "7ff9c54d", "gpu_memory_1"], "min": 0.0, "max": 12.0, "unit": "GB"}, "version": 22}
{"obj": {"type": "ClearFloatLog", "path": ["monitoring", "7ff9c54d", "gpu_memory_1"]}, "version": 23}
{"obj": {"type": "LogFloats", "path": ["monitoring", "7ff9c54d", "cpu"], "values": [{"value": 6.3, "step": null, "ts": 1681369023.3930953}]}, "version": 24}
{"obj": {"type": "LogFloats", "path": ["monitoring", "7ff9c54d", "memory"], "values": [{"value": 6.742042541503906, "step": null, "ts": 1681369023.3930953}]}, "version": 25}
{"obj": {"type": "LogFloats", "path": ["monitoring", "7ff9c54d", "gpu_0"], "values": [{"value": 20.0, "step": null, "ts": 1681369023.3930953}]}, "version": 26}
{"obj": {"type": "LogFloats", "path": ["monitoring", "7ff9c54d", "gpu_memory_0"], "values": [{"value": 0.77044677734375, "step": null, "ts": 1681369023.3930953}]}, "version": 27}
{"obj": {"type": "LogFloats", "path": ["monitoring", "7ff9c54d", "gpu_memory_1"], "values": [{"value": 0.06500244140625, "step": null, "ts": 1681369023.3930953}]}, "version": 28}
{"obj": {"type": "AssignString", "path": ["params", "feat_extractor"], "value": "i3d"}, "version": 29}
{"obj": {"type": "AssignInt", "path": ["params", "feature_size"], "value": 2048}, "version": 30}
{"obj": {"type": "AssignInt", "path": ["params", "hiddensize"], "value": 512}, "version": 31}
{"obj": {"type": "AssignString", "path": ["params", "comment"], "value": "mgfn"}, "version": 32}
{"obj": {"type": "AssignString", "path": ["params", "local_con"], "value": "static"}, "version": 33}
{"obj": {"type": "AssignInt", "path": ["params", "head_K"], "value": 4}, "version": 34}
{"obj": {"type": "AssignInt", "path": ["params", "workers"], "value": 0}, "version": 35}
{"obj": {"type": "AssignInt", "path": ["params", "num_classes"], "value": 2}, "version": 36}
{"obj": {"type": "AssignInt", "path": ["params", "plot_freq"], "value": 10}, "version": 37}
{"obj": {"type": "AssignInt", "path": ["params", "max_epoch"], "value": 1000}, "version": 38}
{"obj": {"type": "AssignString", "path": ["params", "model_name"], "value": "mgfn"}, "version": 39}
{"obj": {"type": "AssignString", "path": ["params", "gt"], "value": "data/ucf_tencrop_1d/gt-ucf.npy"}, "version": 40}
{"obj": {"type": "AssignInt", "path": ["params", "depths1"], "value": 3}, "version": 41}
{"obj": {"type": "AssignInt", "path": ["params", "depths2"], "value": 3}, "version": 42}
{"obj": {"type": "AssignInt", "path": ["params", "depths3"], "value": 2}, "version": 43}
{"obj": {"type": "AssignString", "path": ["params", "mgfn_type1"], "value": "gb"}, "version": 44}
{"obj": {"type": "AssignString", "path": ["params", "mgfn_type2"], "value": "fb"}, "version": 45}
{"obj": {"type": "AssignString", "path": ["params", "mgfn_type3"], "value": "fb"}, "version": 46}
{"obj": {"type": "AssignFloat", "path": ["params", "dropout_rate"], "value": 0.7}, "version": 47}
{"obj": {"type": "AssignFloat", "path": ["params", "mag_ratio"], "value": 0.1}, "version": 48}
{"obj": {"type": "AssignInt", "path": ["params", "seg_length"], "value": 32}, "version": 49}
{"obj": {"type": "AssignBool", "path": ["params", "add_mag_info"], "value": false}, "version": 50}
{"obj": {"type": "AssignString", "path": ["params", "rgb_list"], "value": "data/ucf_tencrop_1d/ucf-i3d.list"}, "version": 51}
{"obj": {"type": "AssignString", "path": ["params", "val_rgb_list"], "value": "data/ucf_tencrop_1d/ucf-i3d-val.list"}, "version": 52}
{"obj": {"type": "AssignString", "path": ["params", "test_rgb_list"], "value": "data/ucf_tencrop_1d/ucf-i3d-test.list"}, "version": 53}
{"obj": {"type": "AssignString", "path": ["params", "datasetname"], "value": "UCF"}, "version": 54}
{"obj": {"type": "AssignString", "path": ["params", "dataset"], "value": "UCF"}, "version": 55}
{"obj": {"type": "AssignString", "path": ["params", "modality"], "value": "RGB"}, "version": 56}
{"obj": {"type": "AssignInt", "path": ["params", "T"], "value": 32}, "version": 57}
{"obj": {"type": "AssignInt", "path": ["params", "P"], "value": 10}, "version": 58}
{"obj": {"type": "AssignFloat", "path": ["params", "alpha"], "value": 0.1}, "version": 59}
{"obj": {"type": "AssignInt", "path": ["params", "k"], "value": 3}, "version": 60}
{"obj": {"type": "AssignInt", "path": ["params", "lambda_1"], "value": 1}, "version": 61}
{"obj": {"type": "AssignInt", "path": ["params", "lambda_2"], "value": 1}, "version": 62}
{"obj": {"type": "AssignFloat", "path": ["params", "lambda_3"], "value": 0.001}, "version": 63}
{"obj": {"type": "AssignFloat", "path": ["params", "w_decay"], "value": 0.0005}, "version": 64}
{"obj": {"type": "AssignInt", "path": ["params", "batch_size"], "value": 16}, "version": 65}
{"obj": {"type": "AssignString", "path": ["params", "user"], "value": "marc"}, "version": 66}
{"obj": {"type": "AssignString", "path": ["params", "params"], "value": "params_def"}, "version": 67}
{"obj": {"type": "LogStrings", "path": ["monitoring", "7ff9c54d", "stderr"], "values": [{"value": "/home/marc/Documents/GitHub/8semester/Weakly-supervised-anomaly-detection/MGFN-main/our_main.py:72: NeptuneUnsupportedType: You're attempting to log a type that is not directly supported by Neptune (<class 'list'>).\n        Convert the value to a supported type, such as a string or float, or use stringify_unsupported(obj)\n        for dictionaries or collections that contain unsupported values.\n        For more, see https://docs.neptune.ai/help/value_of_unsupported_type\n  run[\"params\"] = param\n", "step": null, "ts": 1681369023.5619133}]}, "version": 68}
{"obj": {"type": "LogStrings", "path": ["monitoring", "7ff9c54d", "stderr"], "values": [{"value": "/home/marc/Documents/GitHub/8semester/Weakly-supervised-anomaly-detection/MGFN-main/our_main.py:72: NeptuneUnsupportedType: You're attempting to log a type that is not directly supported by Neptune (<class 'NoneType'>).\n        Convert the value to a supported type, such as a string or float, or use stringify_unsupported(obj)\n        for dictionaries or collections that contain unsupported values.\n        For more, see https://docs.neptune.ai/help/value_of_unsupported_type\n  run[\"params\"] = param\n", "step": null, "ts": 1681369023.5623722}]}, "version": 69}
{"obj": {"type": "LogStrings", "path": ["monitoring", "7ff9c54d", "stdout"], "values": [{"value": "cuda:0", "step": null, "ts": 1681369023.6049395}]}, "version": 70}
{"obj": {"type": "LogStrings", "path": ["monitoring", "7ff9c54d", "stdout"], "values": [{"value": "\n", "step": null, "ts": 1681369023.6052463}]}, "version": 71}
{"obj": {"type": "LogStrings", "path": ["monitoring", "7ff9c54d", "stderr"], "values": [{"value": "\r  0%|          | 0/1000 [00:00<?, ?it/s]", "step": null, "ts": 1681369024.2675874}]}, "version": 72}
{"obj": {"type": "LogStrings", "path": ["monitoring", "7ff9c54d", "stderr"], "values": [{"value": "\n", "step": null, "ts": 1681369024.2687685}]}, "version": 73}
{"obj": {"type": "LogStrings", "path": ["monitoring", "7ff9c54d", "stderr"], "values": [{"value": "\r0it [00:00, ?it/s]", "step": null, "ts": 1681369024.2691128}]}, "version": 74}
{"obj": {"type": "LogStrings", "path": ["monitoring", "7ff9c54d", "stderr"], "values": [{"value": "\u001b[A", "step": null, "ts": 1681369024.2696967}]}, "version": 75}
{"obj": {"type": "LogFloats", "path": ["monitoring", "7ff9c54d", "cpu"], "values": [{"value": 3.6, "step": null, "ts": 1681369033.4008584}]}, "version": 76}
{"obj": {"type": "LogFloats", "path": ["monitoring", "7ff9c54d", "memory"], "values": [{"value": 7.693088531494141, "step": null, "ts": 1681369033.4008584}]}, "version": 77}
{"obj": {"type": "LogFloats", "path": ["monitoring", "7ff9c54d", "gpu_0"], "values": [{"value": 3.0, "step": null, "ts": 1681369033.4008584}]}, "version": 78}
{"obj": {"type": "LogFloats", "path": ["monitoring", "7ff9c54d", "gpu_memory_0"], "values": [{"value": 1.34393310546875, "step": null, "ts": 1681369033.4008584}]}, "version": 79}
{"obj": {"type": "LogFloats", "path": ["monitoring", "7ff9c54d", "gpu_memory_1"], "values": [{"value": 0.06695556640625, "step": null, "ts": 1681369033.4008584}]}, "version": 80}
{"obj": {"type": "LogFloats", "path": ["monitoring", "7ff9c54d", "cpu"], "values": [{"value": 3.8, "step": null, "ts": 1681369043.4055443}]}, "version": 81}
{"obj": {"type": "LogFloats", "path": ["monitoring", "7ff9c54d", "memory"], "values": [{"value": 7.69573974609375, "step": null, "ts": 1681369043.4055443}]}, "version": 82}
{"obj": {"type": "LogFloats", "path": ["monitoring", "7ff9c54d", "gpu_0"], "values": [{"value": 3.0, "step": null, "ts": 1681369043.4055443}]}, "version": 83}
{"obj": {"type": "LogFloats", "path": ["monitoring", "7ff9c54d", "gpu_memory_0"], "values": [{"value": 1.34393310546875, "step": null, "ts": 1681369043.4055443}]}, "version": 84}
{"obj": {"type": "LogFloats", "path": ["monitoring", "7ff9c54d", "gpu_memory_1"], "values": [{"value": 0.06695556640625, "step": null, "ts": 1681369043.4055443}]}, "version": 85}
{"obj": {"type": "LogFloats", "path": ["monitoring", "7ff9c54d", "cpu"], "values": [{"value": 3.5, "step": null, "ts": 1681369053.409108}]}, "version": 86}
{"obj": {"type": "LogFloats", "path": ["monitoring", "7ff9c54d", "memory"], "values": [{"value": 7.696514129638672, "step": null, "ts": 1681369053.409108}]}, "version": 87}
{"obj": {"type": "LogFloats", "path": ["monitoring", "7ff9c54d", "gpu_0"], "values": [{"value": 22.0, "step": null, "ts": 1681369053.409108}]}, "version": 88}
{"obj": {"type": "LogFloats", "path": ["monitoring", "7ff9c54d", "gpu_memory_0"], "values": [{"value": 1.34393310546875, "step": null, "ts": 1681369053.409108}]}, "version": 89}
{"obj": {"type": "LogFloats", "path": ["monitoring", "7ff9c54d", "gpu_memory_1"], "values": [{"value": 0.06695556640625, "step": null, "ts": 1681369053.409108}]}, "version": 90}
{"obj": {"type": "LogFloats", "path": ["monitoring", "7ff9c54d", "cpu"], "values": [{"value": 3.4, "step": null, "ts": 1681369063.413175}]}, "version": 91}
{"obj": {"type": "LogFloats", "path": ["monitoring", "7ff9c54d", "memory"], "values": [{"value": 7.694244384765625, "step": null, "ts": 1681369063.413175}]}, "version": 92}
{"obj": {"type": "LogFloats", "path": ["monitoring", "7ff9c54d", "gpu_0"], "values": [{"value": 3.0, "step": null, "ts": 1681369063.413175}]}, "version": 93}
{"obj": {"type": "LogFloats", "path": ["monitoring", "7ff9c54d", "gpu_memory_0"], "values": [{"value": 1.3441162109375, "step": null, "ts": 1681369063.413175}]}, "version": 94}
{"obj": {"type": "LogFloats", "path": ["monitoring", "7ff9c54d", "gpu_memory_1"], "values": [{"value": 0.06695556640625, "step": null, "ts": 1681369063.413175}]}, "version": 95}
{"obj": {"type": "LogFloats", "path": ["monitoring", "7ff9c54d", "cpu"], "values": [{"value": 2.5, "step": null, "ts": 1681369073.4166791}]}, "version": 96}
{"obj": {"type": "LogFloats", "path": ["monitoring", "7ff9c54d", "memory"], "values": [{"value": 7.697826385498047, "step": null, "ts": 1681369073.4166791}]}, "version": 97}
{"obj": {"type": "LogFloats", "path": ["monitoring", "7ff9c54d", "gpu_0"], "values": [{"value": 21.0, "step": null, "ts": 1681369073.4166791}]}, "version": 98}
{"obj": {"type": "LogFloats", "path": ["monitoring", "7ff9c54d", "gpu_memory_0"], "values": [{"value": 1.34393310546875, "step": null, "ts": 1681369073.4166791}]}, "version": 99}
{"obj": {"type": "LogFloats", "path": ["monitoring", "7ff9c54d", "gpu_memory_1"], "values": [{"value": 0.06695556640625, "step": null, "ts": 1681369073.4166791}]}, "version": 100}
{"obj": {"type": "LogFloats", "path": ["monitoring", "7ff9c54d", "cpu"], "values": [{"value": 3.5, "step": null, "ts": 1681369083.4215217}]}, "version": 101}
{"obj": {"type": "LogFloats", "path": ["monitoring", "7ff9c54d", "memory"], "values": [{"value": 7.702350616455078, "step": null, "ts": 1681369083.4215217}]}, "version": 102}
{"obj": {"type": "LogFloats", "path": ["monitoring", "7ff9c54d", "gpu_0"], "values": [{"value": 19.0, "step": null, "ts": 1681369083.4215217}]}, "version": 103}
{"obj": {"type": "LogFloats", "path": ["monitoring", "7ff9c54d", "gpu_memory_0"], "values": [{"value": 1.34515380859375, "step": null, "ts": 1681369083.4215217}]}, "version": 104}
{"obj": {"type": "LogFloats", "path": ["monitoring", "7ff9c54d", "gpu_memory_1"], "values": [{"value": 0.06695556640625, "step": null, "ts": 1681369083.4215217}]}, "version": 105}
{"obj": {"type": "LogStrings", "path": ["monitoring", "7ff9c54d", "stderr"], "values": [{"value": "", "step": null, "ts": 1681369088.143733}]}, "version": 106}
{"obj": {"type": "LogStrings", "path": ["monitoring", "7ff9c54d", "stderr"], "values": [{"value": "\r0it [01:03, ?it/s]", "step": null, "ts": 1681369088.1442876}]}, "version": 107}
{"obj": {"type": "LogStrings", "path": ["monitoring", "7ff9c54d", "stderr"], "values": [{"value": "\n", "step": null, "ts": 1681369088.1448722}]}, "version": 108}
{"obj": {"type": "LogStrings", "path": ["monitoring", "7ff9c54d", "stderr"], "values": [{"value": "", "step": null, "ts": 1681369088.145283}]}, "version": 109}
{"obj": {"type": "LogStrings", "path": ["monitoring", "7ff9c54d", "stderr"], "values": [{"value": "\r  0%|          | 0/1000 [01:03<?, ?it/s]", "step": null, "ts": 1681369088.1457367}]}, "version": 110}
{"obj": {"type": "LogStrings", "path": ["monitoring", "7ff9c54d", "stderr"], "values": [{"value": "\n", "step": null, "ts": 1681369088.146136}]}, "version": 111}
{"obj": {"type": "LogStrings", "path": ["monitoring", "7ff9c54d", "stderr"], "values": [{"value": "Traceback (most recent call last):\n", "step": null, "ts": 1681369088.1464972}]}, "version": 112}
{"obj": {"type": "LogStrings", "path": ["monitoring", "7ff9c54d", "stderr"], "values": [{"value": "  File \"/home/marc/Documents/GitHub/8semester/Weakly-supervised-anomaly-detection/MGFN-main/train.py\", line 92, in train\n", "step": null, "ts": 1681369088.146838}]}, "version": 113}
{"obj": {"type": "LogStrings", "path": ["monitoring", "7ff9c54d", "stderr"], "values": [{"value": "    ", "step": null, "ts": 1681369088.1471837}]}, "version": 114}
{"obj": {"type": "LogStrings", "path": ["monitoring", "7ff9c54d", "stderr"], "values": [{"value": "for _, ((ninput, nlabel), (ainput, alabel)) in tqdm(enumerate(zip(nloader, aloader))):", "step": null, "ts": 1681369088.1479154}]}, "version": 115}
{"obj": {"type": "LogStrings", "path": ["monitoring", "7ff9c54d", "stderr"], "values": [{"value": "\n", "step": null, "ts": 1681369088.148213}]}, "version": 116}
{"obj": {"type": "LogStrings", "path": ["monitoring", "7ff9c54d", "stderr"], "values": [{"value": "  File \"/home/marc/anaconda3/envs/pyt/lib/python3.10/site-packages/tqdm/std.py\", line 1178, in __iter__\n", "step": null, "ts": 1681369088.1486218}]}, "version": 117}
{"obj": {"type": "LogStrings", "path": ["monitoring", "7ff9c54d", "stderr"], "values": [{"value": "    ", "step": null, "ts": 1681369088.148963}]}, "version": 118}
{"obj": {"type": "LogStrings", "path": ["monitoring", "7ff9c54d", "stderr"], "values": [{"value": "for obj in iterable:", "step": null, "ts": 1681369088.1493225}]}, "version": 119}
{"obj": {"type": "LogStrings", "path": ["monitoring", "7ff9c54d", "stderr"], "values": [{"value": "\n", "step": null, "ts": 1681369088.1496673}]}, "version": 120}
{"obj": {"type": "LogStrings", "path": ["monitoring", "7ff9c54d", "stderr"], "values": [{"value": "  File \"/home/marc/anaconda3/envs/pyt/lib/python3.10/site-packages/torch/utils/data/dataloader.py\", line 634, in __next__\n", "step": null, "ts": 1681369088.1499465}]}, "version": 121}
{"obj": {"type": "LogStrings", "path": ["monitoring", "7ff9c54d", "stderr"], "values": [{"value": "    ", "step": null, "ts": 1681369088.150218}]}, "version": 122}
{"obj": {"type": "LogStrings", "path": ["monitoring", "7ff9c54d", "stderr"], "values": [{"value": "data = self._next_data()", "step": null, "ts": 1681369088.1503944}]}, "version": 123}
{"obj": {"type": "LogStrings", "path": ["monitoring", "7ff9c54d", "stderr"], "values": [{"value": "\n", "step": null, "ts": 1681369088.150561}]}, "version": 124}
{"obj": {"type": "LogStrings", "path": ["monitoring", "7ff9c54d", "stderr"], "values": [{"value": "  File \"/home/marc/anaconda3/envs/pyt/lib/python3.10/site-packages/torch/utils/data/dataloader.py\", line 677, in _next_data\n", "step": null, "ts": 1681369088.1507254}]}, "version": 125}
{"obj": {"type": "LogStrings", "path": ["monitoring", "7ff9c54d", "stderr"], "values": [{"value": "    ", "step": null, "ts": 1681369088.1508856}]}, "version": 126}
{"obj": {"type": "LogStrings", "path": ["monitoring", "7ff9c54d", "stderr"], "values": [{"value": "index = self._next_index()  # may raise StopIteration", "step": null, "ts": 1681369088.1510427}]}, "version": 127}
{"obj": {"type": "LogStrings", "path": ["monitoring", "7ff9c54d", "stderr"], "values": [{"value": "\n", "step": null, "ts": 1681369088.1512003}]}, "version": 128}
{"obj": {"type": "LogStrings", "path": ["monitoring", "7ff9c54d", "stderr"], "values": [{"value": "  File \"/home/marc/anaconda3/envs/pyt/lib/python3.10/site-packages/torch/utils/data/dataloader.py\", line 624, in _next_index\n", "step": null, "ts": 1681369088.1513615}]}, "version": 129}
{"obj": {"type": "LogStrings", "path": ["monitoring", "7ff9c54d", "stderr"], "values": [{"value": "    ", "step": null, "ts": 1681369088.1515229}]}, "version": 130}
{"obj": {"type": "LogStrings", "path": ["monitoring", "7ff9c54d", "stderr"], "values": [{"value": "return next(self._sampler_iter)  # may raise StopIteration", "step": null, "ts": 1681369088.1516807}]}, "version": 131}
{"obj": {"type": "LogStrings", "path": ["monitoring", "7ff9c54d", "stderr"], "values": [{"value": "\n", "step": null, "ts": 1681369088.1518383}]}, "version": 132}
{"obj": {"type": "LogStrings", "path": ["monitoring", "7ff9c54d", "stderr"], "values": [{"value": "  File \"/home/marc/anaconda3/envs/pyt/lib/python3.10/site-packages/torch/utils/data/sampler.py\", line 247, in __iter__\n", "step": null, "ts": 1681369088.1519938}]}, "version": 133}
{"obj": {"type": "LogStrings", "path": ["monitoring", "7ff9c54d", "stderr"], "values": [{"value": "    ", "step": null, "ts": 1681369088.1521518}]}, "version": 134}
{"obj": {"type": "LogStrings", "path": ["monitoring", "7ff9c54d", "stderr"], "values": [{"value": "batch = [next(sampler_iter) for _ in range(self.batch_size)]", "step": null, "ts": 1681369088.152309}]}, "version": 135}
{"obj": {"type": "LogStrings", "path": ["monitoring", "7ff9c54d", "stderr"], "values": [{"value": "\n", "step": null, "ts": 1681369088.1524646}]}, "version": 136}
{"obj": {"type": "LogStrings", "path": ["monitoring", "7ff9c54d", "stderr"], "values": [{"value": "  File \"/home/marc/anaconda3/envs/pyt/lib/python3.10/site-packages/torch/utils/data/sampler.py\", line 247, in <listcomp>\n", "step": null, "ts": 1681369088.1526232}]}, "version": 137}
{"obj": {"type": "LogStrings", "path": ["monitoring", "7ff9c54d", "stderr"], "values": [{"value": "    ", "step": null, "ts": 1681369088.1527812}]}, "version": 138}
{"obj": {"type": "LogStrings", "path": ["monitoring", "7ff9c54d", "stderr"], "values": [{"value": "batch = [next(sampler_iter) for _ in range(self.batch_size)]", "step": null, "ts": 1681369088.1529367}]}, "version": 139}
{"obj": {"type": "LogStrings", "path": ["monitoring", "7ff9c54d", "stderr"], "values": [{"value": "\n", "step": null, "ts": 1681369088.153091}]}, "version": 140}
{"obj": {"type": "LogStrings", "path": ["monitoring", "7ff9c54d", "stderr"], "values": [{"value": "  File \"/home/marc/anaconda3/envs/pyt/lib/python3.10/site-packages/torch/utils/data/sampler.py\", line 132, in __iter__\n", "step": null, "ts": 1681369088.1532457}]}, "version": 141}
{"obj": {"type": "LogStrings", "path": ["monitoring", "7ff9c54d", "stderr"], "values": [{"value": "    ", "step": null, "ts": 1681369088.1534011}]}, "version": 142}
{"obj": {"type": "LogStrings", "path": ["monitoring", "7ff9c54d", "stderr"], "values": [{"value": "yield from torch.randperm(n, generator=generator).tolist()", "step": null, "ts": 1681369088.1535566}]}, "version": 143}
{"obj": {"type": "LogStrings", "path": ["monitoring", "7ff9c54d", "stderr"], "values": [{"value": "\n", "step": null, "ts": 1681369088.153711}]}, "version": 144}
{"obj": {"type": "LogStrings", "path": ["monitoring", "7ff9c54d", "stderr"], "values": [{"value": "RuntimeError", "step": null, "ts": 1681369088.153866}]}, "version": 145}
{"obj": {"type": "LogStrings", "path": ["monitoring", "7ff9c54d", "stderr"], "values": [{"value": ": ", "step": null, "ts": 1681369088.1540196}]}, "version": 146}
{"obj": {"type": "LogStrings", "path": ["monitoring", "7ff9c54d", "stderr"], "values": [{"value": "Expected a 'cuda' device type for generator but found 'cpu'", "step": null, "ts": 1681369088.154174}]}, "version": 147}
{"obj": {"type": "LogStrings", "path": ["monitoring", "7ff9c54d", "stderr"], "values": [{"value": "\n", "step": null, "ts": 1681369088.1543965}]}, "version": 148}
{"obj": {"type": "LogFloats", "path": ["monitoring", "7ff9c54d", "cpu"], "values": [{"value": 2.8, "step": null, "ts": 1681369093.4247837}]}, "version": 149}
{"obj": {"type": "LogFloats", "path": ["monitoring", "7ff9c54d", "memory"], "values": [{"value": 7.701038360595703, "step": null, "ts": 1681369093.4247837}]}, "version": 150}
{"obj": {"type": "LogFloats", "path": ["monitoring", "7ff9c54d", "gpu_0"], "values": [{"value": 3.0, "step": null, "ts": 1681369093.4247837}]}, "version": 151}
{"obj": {"type": "LogFloats", "path": ["monitoring", "7ff9c54d", "gpu_memory_0"], "values": [{"value": 1.34393310546875, "step": null, "ts": 1681369093.4247837}]}, "version": 152}
{"obj": {"type": "LogFloats", "path": ["monitoring", "7ff9c54d", "gpu_memory_1"], "values": [{"value": 0.06695556640625, "step": null, "ts": 1681369093.4247837}]}, "version": 153}
{"obj": {"type": "LogFloats", "path": ["monitoring", "7ff9c54d", "cpu"], "values": [{"value": 3.8, "step": null, "ts": 1681369103.4275858}]}, "version": 154}
{"obj": {"type": "LogFloats", "path": ["monitoring", "7ff9c54d", "memory"], "values": [{"value": 7.7103271484375, "step": null, "ts": 1681369103.4275858}]}, "version": 155}
{"obj": {"type": "LogFloats", "path": ["monitoring", "7ff9c54d", "gpu_0"], "values": [{"value": 4.0, "step": null, "ts": 1681369103.4275858}]}, "version": 156}
{"obj": {"type": "LogFloats", "path": ["monitoring", "7ff9c54d", "gpu_memory_0"], "values": [{"value": 1.34393310546875, "step": null, "ts": 1681369103.4275858}]}, "version": 157}
{"obj": {"type": "LogFloats", "path": ["monitoring", "7ff9c54d", "gpu_memory_1"], "values": [{"value": 0.06695556640625, "step": null, "ts": 1681369103.4275858}]}, "version": 158}
{"obj": {"type": "LogFloats", "path": ["monitoring", "7ff9c54d", "cpu"], "values": [{"value": 4.7, "step": null, "ts": 1681369113.4301465}]}, "version": 159}
{"obj": {"type": "LogFloats", "path": ["monitoring", "7ff9c54d", "memory"], "values": [{"value": 7.690055847167969, "step": null, "ts": 1681369113.4301465}]}, "version": 160}
{"obj": {"type": "LogFloats", "path": ["monitoring", "7ff9c54d", "gpu_0"], "values": [{"value": 3.0, "step": null, "ts": 1681369113.4301465}]}, "version": 161}
{"obj": {"type": "LogFloats", "path": ["monitoring", "7ff9c54d", "gpu_memory_0"], "values": [{"value": 1.34393310546875, "step": null, "ts": 1681369113.4301465}]}, "version": 162}
{"obj": {"type": "LogFloats", "path": ["monitoring", "7ff9c54d", "gpu_memory_1"], "values": [{"value": 0.06695556640625, "step": null, "ts": 1681369113.4301465}]}, "version": 163}
{"obj": {"type": "LogFloats", "path": ["monitoring", "7ff9c54d", "cpu"], "values": [{"value": 3.3, "step": null, "ts": 1681369123.4339275}]}, "version": 164}
{"obj": {"type": "LogFloats", "path": ["monitoring", "7ff9c54d", "memory"], "values": [{"value": 7.692775726318359, "step": null, "ts": 1681369123.4339275}]}, "version": 165}
{"obj": {"type": "LogFloats", "path": ["monitoring", "7ff9c54d", "gpu_0"], "values": [{"value": 24.0, "step": null, "ts": 1681369123.4339275}]}, "version": 166}
{"obj": {"type": "LogFloats", "path": ["monitoring", "7ff9c54d", "gpu_memory_0"], "values": [{"value": 1.34393310546875, "step": null, "ts": 1681369123.4339275}]}, "version": 167}
{"obj": {"type": "LogFloats", "path": ["monitoring", "7ff9c54d", "gpu_memory_1"], "values": [{"value": 0.06695556640625, "step": null, "ts": 1681369123.4339275}]}, "version": 168}
{"obj": {"type": "LogFloats", "path": ["monitoring", "7ff9c54d", "cpu"], "values": [{"value": 3.3, "step": null, "ts": 1681369133.4380167}]}, "version": 169}
{"obj": {"type": "LogFloats", "path": ["monitoring", "7ff9c54d", "memory"], "values": [{"value": 7.691802978515625, "step": null, "ts": 1681369133.4380167}]}, "version": 170}
{"obj": {"type": "LogFloats", "path": ["monitoring", "7ff9c54d", "gpu_0"], "values": [{"value": 44.0, "step": null, "ts": 1681369133.4380167}]}, "version": 171}
{"obj": {"type": "LogFloats", "path": ["monitoring", "7ff9c54d", "gpu_memory_0"], "values": [{"value": 1.34393310546875, "step": null, "ts": 1681369133.4380167}]}, "version": 172}
{"obj": {"type": "LogFloats", "path": ["monitoring", "7ff9c54d", "gpu_memory_1"], "values": [{"value": 0.06695556640625, "step": null, "ts": 1681369133.4380167}]}, "version": 173}
{"obj": {"type": "LogFloats", "path": ["monitoring", "7ff9c54d", "cpu"], "values": [{"value": 5.4, "step": null, "ts": 1681369143.4420173}]}, "version": 174}
{"obj": {"type": "LogFloats", "path": ["monitoring", "7ff9c54d", "memory"], "values": [{"value": 7.712734222412109, "step": null, "ts": 1681369143.4420173}]}, "version": 175}
{"obj": {"type": "LogFloats", "path": ["monitoring", "7ff9c54d", "gpu_0"], "values": [{"value": 24.0, "step": null, "ts": 1681369143.4420173}]}, "version": 176}
{"obj": {"type": "LogFloats", "path": ["monitoring", "7ff9c54d", "gpu_memory_0"], "values": [{"value": 1.35467529296875, "step": null, "ts": 1681369143.4420173}]}, "version": 177}
{"obj": {"type": "LogFloats", "path": ["monitoring", "7ff9c54d", "gpu_memory_1"], "values": [{"value": 0.06695556640625, "step": null, "ts": 1681369143.4420173}]}, "version": 178}
{"obj": {"type": "LogFloats", "path": ["monitoring", "7ff9c54d", "cpu"], "values": [{"value": 3.7, "step": null, "ts": 1681369153.4456484}]}, "version": 179}
{"obj": {"type": "LogFloats", "path": ["monitoring", "7ff9c54d", "memory"], "values": [{"value": 7.713420867919922, "step": null, "ts": 1681369153.4456484}]}, "version": 180}
{"obj": {"type": "LogFloats", "path": ["monitoring", "7ff9c54d", "gpu_0"], "values": [{"value": 37.0, "step": null, "ts": 1681369153.4456484}]}, "version": 181}
{"obj": {"type": "LogFloats", "path": ["monitoring", "7ff9c54d", "gpu_memory_0"], "values": [{"value": 1.34710693359375, "step": null, "ts": 1681369153.4456484}]}, "version": 182}
{"obj": {"type": "LogFloats", "path": ["monitoring", "7ff9c54d", "gpu_memory_1"], "values": [{"value": 0.06695556640625, "step": null, "ts": 1681369153.4456484}]}, "version": 183}
{"obj": {"type": "LogFloats", "path": ["monitoring", "7ff9c54d", "cpu"], "values": [{"value": 4.8, "step": null, "ts": 1681369163.4498138}]}, "version": 184}
{"obj": {"type": "LogFloats", "path": ["monitoring", "7ff9c54d", "memory"], "values": [{"value": 7.7097320556640625, "step": null, "ts": 1681369163.4498138}]}, "version": 185}
{"obj": {"type": "LogFloats", "path": ["monitoring", "7ff9c54d", "gpu_0"], "values": [{"value": 21.0, "step": null, "ts": 1681369163.4498138}]}, "version": 186}
{"obj": {"type": "LogFloats", "path": ["monitoring", "7ff9c54d", "gpu_memory_0"], "values": [{"value": 1.36126708984375, "step": null, "ts": 1681369163.4498138}]}, "version": 187}
{"obj": {"type": "LogFloats", "path": ["monitoring", "7ff9c54d", "gpu_memory_1"], "values": [{"value": 0.06695556640625, "step": null, "ts": 1681369163.4498138}]}, "version": 188}
{"obj": {"type": "LogFloats", "path": ["monitoring", "7ff9c54d", "cpu"], "values": [{"value": 4.3, "step": null, "ts": 1681369173.4535403}]}, "version": 189}
{"obj": {"type": "LogFloats", "path": ["monitoring", "7ff9c54d", "memory"], "values": [{"value": 7.71856689453125, "step": null, "ts": 1681369173.4535403}]}, "version": 190}
{"obj": {"type": "LogFloats", "path": ["monitoring", "7ff9c54d", "gpu_0"], "values": [{"value": 14.0, "step": null, "ts": 1681369173.4535403}]}, "version": 191}
{"obj": {"type": "LogFloats", "path": ["monitoring", "7ff9c54d", "gpu_memory_0"], "values": [{"value": 1.36126708984375, "step": null, "ts": 1681369173.4535403}]}, "version": 192}
{"obj": {"type": "LogFloats", "path": ["monitoring", "7ff9c54d", "gpu_memory_1"], "values": [{"value": 0.06695556640625, "step": null, "ts": 1681369173.4535403}]}, "version": 193}
{"obj": {"type": "LogFloats", "path": ["monitoring", "7ff9c54d", "cpu"], "values": [{"value": 3.1, "step": null, "ts": 1681369183.457521}]}, "version": 194}
{"obj": {"type": "LogFloats", "path": ["monitoring", "7ff9c54d", "memory"], "values": [{"value": 7.728946685791016, "step": null, "ts": 1681369183.457521}]}, "version": 195}
{"obj": {"type": "LogFloats", "path": ["monitoring", "7ff9c54d", "gpu_0"], "values": [{"value": 3.0, "step": null, "ts": 1681369183.457521}]}, "version": 196}
{"obj": {"type": "LogFloats", "path": ["monitoring", "7ff9c54d", "gpu_memory_0"], "values": [{"value": 1.3623046875, "step": null, "ts": 1681369183.457521}]}, "version": 197}
{"obj": {"type": "LogFloats", "path": ["monitoring", "7ff9c54d", "gpu_memory_1"], "values": [{"value": 0.06695556640625, "step": null, "ts": 1681369183.457521}]}, "version": 198}
{"obj": {"type": "LogFloats", "path": ["monitoring", "7ff9c54d", "cpu"], "values": [{"value": 4.0, "step": null, "ts": 1681369193.4609923}]}, "version": 199}
{"obj": {"type": "LogFloats", "path": ["monitoring", "7ff9c54d", "memory"], "values": [{"value": 7.713813781738281, "step": null, "ts": 1681369193.4609923}]}, "version": 200}
{"obj": {"type": "LogFloats", "path": ["monitoring", "7ff9c54d", "gpu_0"], "values": [{"value": 22.0, "step": null, "ts": 1681369193.4609923}]}, "version": 201}
{"obj": {"type": "LogFloats", "path": ["monitoring", "7ff9c54d", "gpu_memory_0"], "values": [{"value": 1.3663330078125, "step": null, "ts": 1681369193.4609923}]}, "version": 202}
{"obj": {"type": "LogFloats", "path": ["monitoring", "7ff9c54d", "gpu_memory_1"], "values": [{"value": 0.06695556640625, "step": null, "ts": 1681369193.4609923}]}, "version": 203}
{"obj": {"type": "LogFloats", "path": ["monitoring", "7ff9c54d", "cpu"], "values": [{"value": 2.3, "step": null, "ts": 1681369203.4650905}]}, "version": 204}
{"obj": {"type": "LogFloats", "path": ["monitoring", "7ff9c54d", "memory"], "values": [{"value": 7.7211151123046875, "step": null, "ts": 1681369203.4650905}]}, "version": 205}
{"obj": {"type": "LogFloats", "path": ["monitoring", "7ff9c54d", "gpu_0"], "values": [{"value": 18.0, "step": null, "ts": 1681369203.4650905}]}, "version": 206}
{"obj": {"type": "LogFloats", "path": ["monitoring", "7ff9c54d", "gpu_memory_0"], "values": [{"value": 1.362060546875, "step": null, "ts": 1681369203.4650905}]}, "version": 207}
{"obj": {"type": "LogFloats", "path": ["monitoring", "7ff9c54d", "gpu_memory_1"], "values": [{"value": 0.06695556640625, "step": null, "ts": 1681369203.4650905}]}, "version": 208}
{"obj": {"type": "LogFloats", "path": ["monitoring", "7ff9c54d", "cpu"], "values": [{"value": 1.9, "step": null, "ts": 1681369213.469268}]}, "version": 209}
{"obj": {"type": "LogFloats", "path": ["monitoring", "7ff9c54d", "memory"], "values": [{"value": 7.728309631347656, "step": null, "ts": 1681369213.469268}]}, "version": 210}
{"obj": {"type": "LogFloats", "path": ["monitoring", "7ff9c54d", "gpu_0"], "values": [{"value": 19.0, "step": null, "ts": 1681369213.469268}]}, "version": 211}
{"obj": {"type": "LogFloats", "path": ["monitoring", "7ff9c54d", "gpu_memory_0"], "values": [{"value": 1.362060546875, "step": null, "ts": 1681369213.469268}]}, "version": 212}
{"obj": {"type": "LogFloats", "path": ["monitoring", "7ff9c54d", "gpu_memory_1"], "values": [{"value": 0.06695556640625, "step": null, "ts": 1681369213.469268}]}, "version": 213}
{"obj": {"type": "LogFloats", "path": ["monitoring", "7ff9c54d", "cpu"], "values": [{"value": 2.1, "step": null, "ts": 1681369223.4731696}]}, "version": 214}
{"obj": {"type": "LogFloats", "path": ["monitoring", "7ff9c54d", "memory"], "values": [{"value": 7.709991455078125, "step": null, "ts": 1681369223.4731696}]}, "version": 215}
{"obj": {"type": "LogFloats", "path": ["monitoring", "7ff9c54d", "gpu_0"], "values": [{"value": 20.0, "step": null, "ts": 1681369223.4731696}]}, "version": 216}
{"obj": {"type": "LogFloats", "path": ["monitoring", "7ff9c54d", "gpu_memory_0"], "values": [{"value": 1.362060546875, "step": null, "ts": 1681369223.4731696}]}, "version": 217}
{"obj": {"type": "LogFloats", "path": ["monitoring", "7ff9c54d", "gpu_memory_1"], "values": [{"value": 0.06695556640625, "step": null, "ts": 1681369223.4731696}]}, "version": 218}
{"obj": {"type": "LogFloats", "path": ["monitoring", "7ff9c54d", "cpu"], "values": [{"value": 2.5, "step": null, "ts": 1681369233.477004}]}, "version": 219}
{"obj": {"type": "LogFloats", "path": ["monitoring", "7ff9c54d", "memory"], "values": [{"value": 7.712345123291016, "step": null, "ts": 1681369233.477004}]}, "version": 220}
{"obj": {"type": "LogFloats", "path": ["monitoring", "7ff9c54d", "gpu_0"], "values": [{"value": 44.0, "step": null, "ts": 1681369233.477004}]}, "version": 221}
{"obj": {"type": "LogFloats", "path": ["monitoring", "7ff9c54d", "gpu_memory_0"], "values": [{"value": 1.362060546875, "step": null, "ts": 1681369233.477004}]}, "version": 222}
{"obj": {"type": "LogFloats", "path": ["monitoring", "7ff9c54d", "gpu_memory_1"], "values": [{"value": 0.06695556640625, "step": null, "ts": 1681369233.477004}]}, "version": 223}
{"obj": {"type": "LogFloats", "path": ["monitoring", "7ff9c54d", "cpu"], "values": [{"value": 4.5, "step": null, "ts": 1681369243.4812856}]}, "version": 224}
{"obj": {"type": "LogFloats", "path": ["monitoring", "7ff9c54d", "memory"], "values": [{"value": 7.732208251953125, "step": null, "ts": 1681369243.4812856}]}, "version": 225}
{"obj": {"type": "LogFloats", "path": ["monitoring", "7ff9c54d", "gpu_0"], "values": [{"value": 23.0, "step": null, "ts": 1681369243.4812856}]}, "version": 226}
{"obj": {"type": "LogFloats", "path": ["monitoring", "7ff9c54d", "gpu_memory_0"], "values": [{"value": 1.4091796875, "step": null, "ts": 1681369243.4812856}]}, "version": 227}
{"obj": {"type": "LogFloats", "path": ["monitoring", "7ff9c54d", "gpu_memory_1"], "values": [{"value": 0.06695556640625, "step": null, "ts": 1681369243.4812856}]}, "version": 228}
{"obj": {"type": "LogFloats", "path": ["monitoring", "7ff9c54d", "cpu"], "values": [{"value": 3.5, "step": null, "ts": 1681369253.48494}]}, "version": 229}
{"obj": {"type": "LogFloats", "path": ["monitoring", "7ff9c54d", "memory"], "values": [{"value": 7.748649597167969, "step": null, "ts": 1681369253.48494}]}, "version": 230}
{"obj": {"type": "LogFloats", "path": ["monitoring", "7ff9c54d", "gpu_0"], "values": [{"value": 33.0, "step": null, "ts": 1681369253.48494}]}, "version": 231}
{"obj": {"type": "LogFloats", "path": ["monitoring", "7ff9c54d", "gpu_memory_0"], "values": [{"value": 1.4111328125, "step": null, "ts": 1681369253.48494}]}, "version": 232}
{"obj": {"type": "LogFloats", "path": ["monitoring", "7ff9c54d", "gpu_memory_1"], "values": [{"value": 0.06695556640625, "step": null, "ts": 1681369253.48494}]}, "version": 233}
{"obj": {"type": "LogFloats", "path": ["monitoring", "7ff9c54d", "cpu"], "values": [{"value": 2.1, "step": null, "ts": 1681369263.4897707}]}, "version": 234}
{"obj": {"type": "LogFloats", "path": ["monitoring", "7ff9c54d", "memory"], "values": [{"value": 7.749015808105469, "step": null, "ts": 1681369263.4897707}]}, "version": 235}
{"obj": {"type": "LogFloats", "path": ["monitoring", "7ff9c54d", "gpu_0"], "values": [{"value": 21.0, "step": null, "ts": 1681369263.4897707}]}, "version": 236}
{"obj": {"type": "LogFloats", "path": ["monitoring", "7ff9c54d", "gpu_memory_0"], "values": [{"value": 1.4111328125, "step": null, "ts": 1681369263.4897707}]}, "version": 237}
{"obj": {"type": "LogFloats", "path": ["monitoring", "7ff9c54d", "gpu_memory_1"], "values": [{"value": 0.06695556640625, "step": null, "ts": 1681369263.4897707}]}, "version": 238}
{"obj": {"type": "LogFloats", "path": ["monitoring", "7ff9c54d", "cpu"], "values": [{"value": 2.3, "step": null, "ts": 1681369273.493278}]}, "version": 239}
{"obj": {"type": "LogFloats", "path": ["monitoring", "7ff9c54d", "memory"], "values": [{"value": 7.749126434326172, "step": null, "ts": 1681369273.493278}]}, "version": 240}
{"obj": {"type": "LogFloats", "path": ["monitoring", "7ff9c54d", "gpu_0"], "values": [{"value": 23.0, "step": null, "ts": 1681369273.493278}]}, "version": 241}
{"obj": {"type": "LogFloats", "path": ["monitoring", "7ff9c54d", "gpu_memory_0"], "values": [{"value": 1.4111328125, "step": null, "ts": 1681369273.493278}]}, "version": 242}
{"obj": {"type": "LogFloats", "path": ["monitoring", "7ff9c54d", "gpu_memory_1"], "values": [{"value": 0.06695556640625, "step": null, "ts": 1681369273.493278}]}, "version": 243}
{"obj": {"type": "LogFloats", "path": ["monitoring", "7ff9c54d", "cpu"], "values": [{"value": 3.3, "step": null, "ts": 1681369283.497199}]}, "version": 244}
{"obj": {"type": "LogFloats", "path": ["monitoring", "7ff9c54d", "memory"], "values": [{"value": 7.763065338134766, "step": null, "ts": 1681369283.497199}]}, "version": 245}
{"obj": {"type": "LogFloats", "path": ["monitoring", "7ff9c54d", "gpu_0"], "values": [{"value": 28.0, "step": null, "ts": 1681369283.497199}]}, "version": 246}
{"obj": {"type": "LogFloats", "path": ["monitoring", "7ff9c54d", "gpu_memory_0"], "values": [{"value": 1.42364501953125, "step": null, "ts": 1681369283.497199}]}, "version": 247}
{"obj": {"type": "LogFloats", "path": ["monitoring", "7ff9c54d", "gpu_memory_1"], "values": [{"value": 0.06695556640625, "step": null, "ts": 1681369283.497199}]}, "version": 248}
{"obj": {"type": "LogFloats", "path": ["monitoring", "7ff9c54d", "cpu"], "values": [{"value": 5.6, "step": null, "ts": 1681369293.500896}]}, "version": 249}
{"obj": {"type": "LogFloats", "path": ["monitoring", "7ff9c54d", "memory"], "values": [{"value": 7.874305725097656, "step": null, "ts": 1681369293.500896}]}, "version": 250}
{"obj": {"type": "LogFloats", "path": ["monitoring", "7ff9c54d", "gpu_0"], "values": [{"value": 34.0, "step": null, "ts": 1681369293.500896}]}, "version": 251}
{"obj": {"type": "LogFloats", "path": ["monitoring", "7ff9c54d", "gpu_memory_0"], "values": [{"value": 1.4244384765625, "step": null, "ts": 1681369293.500896}]}, "version": 252}
{"obj": {"type": "LogFloats", "path": ["monitoring", "7ff9c54d", "gpu_memory_1"], "values": [{"value": 0.06695556640625, "step": null, "ts": 1681369293.500896}]}, "version": 253}
{"obj": {"type": "LogFloats", "path": ["monitoring", "7ff9c54d", "cpu"], "values": [{"value": 2.4, "step": null, "ts": 1681369303.5048428}]}, "version": 254}
{"obj": {"type": "LogFloats", "path": ["monitoring", "7ff9c54d", "memory"], "values": [{"value": 7.856712341308594, "step": null, "ts": 1681369303.5048428}]}, "version": 255}
{"obj": {"type": "LogFloats", "path": ["monitoring", "7ff9c54d", "gpu_0"], "values": [{"value": 31.0, "step": null, "ts": 1681369303.5048428}]}, "version": 256}
{"obj": {"type": "LogFloats", "path": ["monitoring", "7ff9c54d", "gpu_memory_0"], "values": [{"value": 1.4244384765625, "step": null, "ts": 1681369303.5048428}]}, "version": 257}
{"obj": {"type": "LogFloats", "path": ["monitoring", "7ff9c54d", "gpu_memory_1"], "values": [{"value": 0.06695556640625, "step": null, "ts": 1681369303.5048428}]}, "version": 258}
{"obj": {"type": "LogFloats", "path": ["monitoring", "7ff9c54d", "cpu"], "values": [{"value": 2.6, "step": null, "ts": 1681369313.5089173}]}, "version": 259}
{"obj": {"type": "LogFloats", "path": ["monitoring", "7ff9c54d", "memory"], "values": [{"value": 7.855548858642578, "step": null, "ts": 1681369313.5089173}]}, "version": 260}
{"obj": {"type": "LogFloats", "path": ["monitoring", "7ff9c54d", "gpu_0"], "values": [{"value": 22.0, "step": null, "ts": 1681369313.5089173}]}, "version": 261}
{"obj": {"type": "LogFloats", "path": ["monitoring", "7ff9c54d", "gpu_memory_0"], "values": [{"value": 1.4244384765625, "step": null, "ts": 1681369313.5089173}]}, "version": 262}
{"obj": {"type": "LogFloats", "path": ["monitoring", "7ff9c54d", "gpu_memory_1"], "values": [{"value": 0.06695556640625, "step": null, "ts": 1681369313.5089173}]}, "version": 263}
{"obj": {"type": "LogFloats", "path": ["monitoring", "7ff9c54d", "cpu"], "values": [{"value": 3.1, "step": null, "ts": 1681369323.5135658}]}, "version": 264}
{"obj": {"type": "LogFloats", "path": ["monitoring", "7ff9c54d", "memory"], "values": [{"value": 7.8439178466796875, "step": null, "ts": 1681369323.5135658}]}, "version": 265}
{"obj": {"type": "LogFloats", "path": ["monitoring", "7ff9c54d", "gpu_0"], "values": [{"value": 14.0, "step": null, "ts": 1681369323.5135658}]}, "version": 266}
{"obj": {"type": "LogFloats", "path": ["monitoring", "7ff9c54d", "gpu_memory_0"], "values": [{"value": 1.4127197265625, "step": null, "ts": 1681369323.5135658}]}, "version": 267}
{"obj": {"type": "LogFloats", "path": ["monitoring", "7ff9c54d", "gpu_memory_1"], "values": [{"value": 0.06695556640625, "step": null, "ts": 1681369323.5135658}]}, "version": 268}
{"obj": {"type": "LogFloats", "path": ["monitoring", "7ff9c54d", "cpu"], "values": [{"value": 2.1, "step": null, "ts": 1681369333.5171938}]}, "version": 269}
{"obj": {"type": "LogFloats", "path": ["monitoring", "7ff9c54d", "memory"], "values": [{"value": 7.839393615722656, "step": null, "ts": 1681369333.5171938}]}, "version": 270}
{"obj": {"type": "LogFloats", "path": ["monitoring", "7ff9c54d", "gpu_0"], "values": [{"value": 20.0, "step": null, "ts": 1681369333.5171938}]}, "version": 271}
{"obj": {"type": "LogFloats", "path": ["monitoring", "7ff9c54d", "gpu_memory_0"], "values": [{"value": 1.4127197265625, "step": null, "ts": 1681369333.5171938}]}, "version": 272}
{"obj": {"type": "LogFloats", "path": ["monitoring", "7ff9c54d", "gpu_memory_1"], "values": [{"value": 0.06695556640625, "step": null, "ts": 1681369333.5171938}]}, "version": 273}
{"obj": {"type": "LogFloats", "path": ["monitoring", "7ff9c54d", "cpu"], "values": [{"value": 2.4, "step": null, "ts": 1681369343.5211558}]}, "version": 274}
{"obj": {"type": "LogFloats", "path": ["monitoring", "7ff9c54d", "memory"], "values": [{"value": 7.863067626953125, "step": null, "ts": 1681369343.5211558}]}, "version": 275}
{"obj": {"type": "LogFloats", "path": ["monitoring", "7ff9c54d", "gpu_0"], "values": [{"value": 24.0, "step": null, "ts": 1681369343.5211558}]}, "version": 276}
{"obj": {"type": "LogFloats", "path": ["monitoring", "7ff9c54d", "gpu_memory_0"], "values": [{"value": 1.40924072265625, "step": null, "ts": 1681369343.5211558}]}, "version": 277}
{"obj": {"type": "LogFloats", "path": ["monitoring", "7ff9c54d", "gpu_memory_1"], "values": [{"value": 0.06695556640625, "step": null, "ts": 1681369343.5211558}]}, "version": 278}
{"obj": {"type": "LogFloats", "path": ["monitoring", "7ff9c54d", "cpu"], "values": [{"value": 2.4, "step": null, "ts": 1681369353.5249112}]}, "version": 279}
{"obj": {"type": "LogFloats", "path": ["monitoring", "7ff9c54d", "memory"], "values": [{"value": 7.851650238037109, "step": null, "ts": 1681369353.5249112}]}, "version": 280}
{"obj": {"type": "LogFloats", "path": ["monitoring", "7ff9c54d", "gpu_0"], "values": [{"value": 24.0, "step": null, "ts": 1681369353.5249112}]}, "version": 281}
{"obj": {"type": "LogFloats", "path": ["monitoring", "7ff9c54d", "gpu_memory_0"], "values": [{"value": 1.41314697265625, "step": null, "ts": 1681369353.5249112}]}, "version": 282}
{"obj": {"type": "LogFloats", "path": ["monitoring", "7ff9c54d", "gpu_memory_1"], "values": [{"value": 0.06695556640625, "step": null, "ts": 1681369353.5249112}]}, "version": 283}
{"obj": {"type": "LogFloats", "path": ["monitoring", "7ff9c54d", "cpu"], "values": [{"value": 2.1, "step": null, "ts": 1681369363.5285451}]}, "version": 284}
{"obj": {"type": "LogFloats", "path": ["monitoring", "7ff9c54d", "memory"], "values": [{"value": 7.809501647949219, "step": null, "ts": 1681369363.5285451}]}, "version": 285}
{"obj": {"type": "LogFloats", "path": ["monitoring", "7ff9c54d", "gpu_0"], "values": [{"value": 32.0, "step": null, "ts": 1681369363.5285451}]}, "version": 286}
{"obj": {"type": "LogFloats", "path": ["monitoring", "7ff9c54d", "gpu_memory_0"], "values": [{"value": 1.41265869140625, "step": null, "ts": 1681369363.5285451}]}, "version": 287}
{"obj": {"type": "LogFloats", "path": ["monitoring", "7ff9c54d", "gpu_memory_1"], "values": [{"value": 0.06695556640625, "step": null, "ts": 1681369363.5285451}]}, "version": 288}
{"obj": {"type": "LogFloats", "path": ["monitoring", "7ff9c54d", "cpu"], "values": [{"value": 2.9, "step": null, "ts": 1681369373.5322926}]}, "version": 289}
{"obj": {"type": "LogFloats", "path": ["monitoring", "7ff9c54d", "memory"], "values": [{"value": 7.795036315917969, "step": null, "ts": 1681369373.5322926}]}, "version": 290}
{"obj": {"type": "LogFloats", "path": ["monitoring", "7ff9c54d", "gpu_0"], "values": [{"value": 31.0, "step": null, "ts": 1681369373.5322926}]}, "version": 291}
{"obj": {"type": "LogFloats", "path": ["monitoring", "7ff9c54d", "gpu_memory_0"], "values": [{"value": 1.426025390625, "step": null, "ts": 1681369373.5322926}]}, "version": 292}
{"obj": {"type": "LogFloats", "path": ["monitoring", "7ff9c54d", "gpu_memory_1"], "values": [{"value": 0.06695556640625, "step": null, "ts": 1681369373.5322926}]}, "version": 293}
{"obj": {"type": "LogFloats", "path": ["monitoring", "7ff9c54d", "cpu"], "values": [{"value": 4.7, "step": null, "ts": 1681369383.5357673}]}, "version": 294}
{"obj": {"type": "LogFloats", "path": ["monitoring", "7ff9c54d", "memory"], "values": [{"value": 7.888256072998047, "step": null, "ts": 1681369383.5357673}]}, "version": 295}
{"obj": {"type": "LogFloats", "path": ["monitoring", "7ff9c54d", "gpu_0"], "values": [{"value": 43.0, "step": null, "ts": 1681369383.5357673}]}, "version": 296}
{"obj": {"type": "LogFloats", "path": ["monitoring", "7ff9c54d", "gpu_memory_0"], "values": [{"value": 1.41461181640625, "step": null, "ts": 1681369383.5357673}]}, "version": 297}
{"obj": {"type": "LogFloats", "path": ["monitoring", "7ff9c54d", "gpu_memory_1"], "values": [{"value": 0.06695556640625, "step": null, "ts": 1681369383.5357673}]}, "version": 298}
{"obj": {"type": "LogFloats", "path": ["monitoring", "7ff9c54d", "cpu"], "values": [{"value": 5.9, "step": null, "ts": 1681369393.5396495}]}, "version": 299}
{"obj": {"type": "LogFloats", "path": ["monitoring", "7ff9c54d", "memory"], "values": [{"value": 8.012439727783203, "step": null, "ts": 1681369393.5396495}]}, "version": 300}
{"obj": {"type": "LogFloats", "path": ["monitoring", "7ff9c54d", "gpu_0"], "values": [{"value": 29.0, "step": null, "ts": 1681369393.5396495}]}, "version": 301}
{"obj": {"type": "LogFloats", "path": ["monitoring", "7ff9c54d", "gpu_memory_0"], "values": [{"value": 1.43145751953125, "step": null, "ts": 1681369393.5396495}]}, "version": 302}
{"obj": {"type": "LogFloats", "path": ["monitoring", "7ff9c54d", "gpu_memory_1"], "values": [{"value": 0.06695556640625, "step": null, "ts": 1681369393.5396495}]}, "version": 303}
{"obj": {"type": "LogFloats", "path": ["monitoring", "7ff9c54d", "cpu"], "values": [{"value": 3.1, "step": null, "ts": 1681369403.543292}]}, "version": 304}
{"obj": {"type": "LogFloats", "path": ["monitoring", "7ff9c54d", "memory"], "values": [{"value": 7.994594573974609, "step": null, "ts": 1681369403.543292}]}, "version": 305}
{"obj": {"type": "LogFloats", "path": ["monitoring", "7ff9c54d", "gpu_0"], "values": [{"value": 42.0, "step": null, "ts": 1681369403.543292}]}, "version": 306}
{"obj": {"type": "LogFloats", "path": ["monitoring", "7ff9c54d", "gpu_memory_0"], "values": [{"value": 1.43145751953125, "step": null, "ts": 1681369403.543292}]}, "version": 307}
{"obj": {"type": "LogFloats", "path": ["monitoring", "7ff9c54d", "gpu_memory_1"], "values": [{"value": 0.06695556640625, "step": null, "ts": 1681369403.543292}]}, "version": 308}
{"obj": {"type": "LogFloats", "path": ["monitoring", "7ff9c54d", "cpu"], "values": [{"value": 3.2, "step": null, "ts": 1681369413.5469515}]}, "version": 309}
{"obj": {"type": "LogFloats", "path": ["monitoring", "7ff9c54d", "memory"], "values": [{"value": 7.943443298339844, "step": null, "ts": 1681369413.5469515}]}, "version": 310}
{"obj": {"type": "LogFloats", "path": ["monitoring", "7ff9c54d", "gpu_0"], "values": [{"value": 25.0, "step": null, "ts": 1681369413.5469515}]}, "version": 311}
{"obj": {"type": "LogFloats", "path": ["monitoring", "7ff9c54d", "gpu_memory_0"], "values": [{"value": 1.44122314453125, "step": null, "ts": 1681369413.5469515}]}, "version": 312}
{"obj": {"type": "LogFloats", "path": ["monitoring", "7ff9c54d", "gpu_memory_1"], "values": [{"value": 0.06695556640625, "step": null, "ts": 1681369413.5469515}]}, "version": 313}
{"obj": {"type": "LogFloats", "path": ["monitoring", "7ff9c54d", "cpu"], "values": [{"value": 3.3, "step": null, "ts": 1681369423.550751}]}, "version": 314}
{"obj": {"type": "LogFloats", "path": ["monitoring", "7ff9c54d", "memory"], "values": [{"value": 7.9341278076171875, "step": null, "ts": 1681369423.550751}]}, "version": 315}
{"obj": {"type": "LogFloats", "path": ["monitoring", "7ff9c54d", "gpu_0"], "values": [{"value": 31.0, "step": null, "ts": 1681369423.550751}]}, "version": 316}
{"obj": {"type": "LogFloats", "path": ["monitoring", "7ff9c54d", "gpu_memory_0"], "values": [{"value": 1.44110107421875, "step": null, "ts": 1681369423.550751}]}, "version": 317}
{"obj": {"type": "LogFloats", "path": ["monitoring", "7ff9c54d", "gpu_memory_1"], "values": [{"value": 0.06695556640625, "step": null, "ts": 1681369423.550751}]}, "version": 318}
{"obj": {"type": "LogFloats", "path": ["monitoring", "7ff9c54d", "cpu"], "values": [{"value": 2.5, "step": null, "ts": 1681369433.555394}]}, "version": 319}
{"obj": {"type": "LogFloats", "path": ["monitoring", "7ff9c54d", "memory"], "values": [{"value": 7.939662933349609, "step": null, "ts": 1681369433.555394}]}, "version": 320}
{"obj": {"type": "LogFloats", "path": ["monitoring", "7ff9c54d", "gpu_0"], "values": [{"value": 33.0, "step": null, "ts": 1681369433.555394}]}, "version": 321}
{"obj": {"type": "LogFloats", "path": ["monitoring", "7ff9c54d", "gpu_memory_0"], "values": [{"value": 1.44110107421875, "step": null, "ts": 1681369433.555394}]}, "version": 322}
{"obj": {"type": "LogFloats", "path": ["monitoring", "7ff9c54d", "gpu_memory_1"], "values": [{"value": 0.06695556640625, "step": null, "ts": 1681369433.555394}]}, "version": 323}
{"obj": {"type": "LogFloats", "path": ["monitoring", "7ff9c54d", "cpu"], "values": [{"value": 2.6, "step": null, "ts": 1681369443.559048}]}, "version": 324}
{"obj": {"type": "LogFloats", "path": ["monitoring", "7ff9c54d", "memory"], "values": [{"value": 7.942283630371094, "step": null, "ts": 1681369443.559048}]}, "version": 325}
{"obj": {"type": "LogFloats", "path": ["monitoring", "7ff9c54d", "gpu_0"], "values": [{"value": 31.0, "step": null, "ts": 1681369443.559048}]}, "version": 326}
{"obj": {"type": "LogFloats", "path": ["monitoring", "7ff9c54d", "gpu_memory_0"], "values": [{"value": 1.44110107421875, "step": null, "ts": 1681369443.559048}]}, "version": 327}
{"obj": {"type": "LogFloats", "path": ["monitoring", "7ff9c54d", "gpu_memory_1"], "values": [{"value": 0.06695556640625, "step": null, "ts": 1681369443.559048}]}, "version": 328}
{"obj": {"type": "LogFloats", "path": ["monitoring", "7ff9c54d", "cpu"], "values": [{"value": 2.5, "step": null, "ts": 1681369453.5630147}]}, "version": 329}
{"obj": {"type": "LogFloats", "path": ["monitoring", "7ff9c54d", "memory"], "values": [{"value": 7.940448760986328, "step": null, "ts": 1681369453.5630147}]}, "version": 330}
{"obj": {"type": "LogFloats", "path": ["monitoring", "7ff9c54d", "gpu_0"], "values": [{"value": 61.0, "step": null, "ts": 1681369453.5630147}]}, "version": 331}
{"obj": {"type": "LogFloats", "path": ["monitoring", "7ff9c54d", "gpu_memory_0"], "values": [{"value": 1.44110107421875, "step": null, "ts": 1681369453.5630147}]}, "version": 332}
{"obj": {"type": "LogFloats", "path": ["monitoring", "7ff9c54d", "gpu_memory_1"], "values": [{"value": 0.06695556640625, "step": null, "ts": 1681369453.5630147}]}, "version": 333}
{"obj": {"type": "LogFloats", "path": ["monitoring", "7ff9c54d", "cpu"], "values": [{"value": 2.4, "step": null, "ts": 1681369463.5667348}]}, "version": 334}
{"obj": {"type": "LogFloats", "path": ["monitoring", "7ff9c54d", "memory"], "values": [{"value": 7.938114166259766, "step": null, "ts": 1681369463.5667348}]}, "version": 335}
{"obj": {"type": "LogFloats", "path": ["monitoring", "7ff9c54d", "gpu_0"], "values": [{"value": 6.0, "step": null, "ts": 1681369463.5667348}]}, "version": 336}
{"obj": {"type": "LogFloats", "path": ["monitoring", "7ff9c54d", "gpu_memory_0"], "values": [{"value": 1.44110107421875, "step": null, "ts": 1681369463.5667348}]}, "version": 337}
{"obj": {"type": "LogFloats", "path": ["monitoring", "7ff9c54d", "gpu_memory_1"], "values": [{"value": 0.06695556640625, "step": null, "ts": 1681369463.5667348}]}, "version": 338}
{"obj": {"type": "LogFloats", "path": ["monitoring", "7ff9c54d", "cpu"], "values": [{"value": 3.1, "step": null, "ts": 1681369473.5699375}]}, "version": 339}
{"obj": {"type": "LogFloats", "path": ["monitoring", "7ff9c54d", "memory"], "values": [{"value": 7.638439178466797, "step": null, "ts": 1681369473.5699375}]}, "version": 340}
{"obj": {"type": "LogFloats", "path": ["monitoring", "7ff9c54d", "gpu_0"], "values": [{"value": 28.0, "step": null, "ts": 1681369473.5699375}]}, "version": 341}
{"obj": {"type": "LogFloats", "path": ["monitoring", "7ff9c54d", "gpu_memory_0"], "values": [{"value": 1.41717529296875, "step": null, "ts": 1681369473.5699375}]}, "version": 342}
{"obj": {"type": "LogFloats", "path": ["monitoring", "7ff9c54d", "gpu_memory_1"], "values": [{"value": 0.06695556640625, "step": null, "ts": 1681369473.5699375}]}, "version": 343}
{"obj": {"type": "LogFloats", "path": ["monitoring", "7ff9c54d", "cpu"], "values": [{"value": 3.2, "step": null, "ts": 1681369483.5738237}]}, "version": 344}
{"obj": {"type": "LogFloats", "path": ["monitoring", "7ff9c54d", "memory"], "values": [{"value": 7.625545501708984, "step": null, "ts": 1681369483.5738237}]}, "version": 345}
{"obj": {"type": "LogFloats", "path": ["monitoring", "7ff9c54d", "gpu_0"], "values": [{"value": 29.0, "step": null, "ts": 1681369483.5738237}]}, "version": 346}
{"obj": {"type": "LogFloats", "path": ["monitoring", "7ff9c54d", "gpu_memory_0"], "values": [{"value": 1.41912841796875, "step": null, "ts": 1681369483.5738237}]}, "version": 347}
{"obj": {"type": "LogFloats", "path": ["monitoring", "7ff9c54d", "gpu_memory_1"], "values": [{"value": 0.06695556640625, "step": null, "ts": 1681369483.5738237}]}, "version": 348}
