{"obj": {"type": "AssignString", "path": ["sys", "name"], "value": "Untitled"}, "version": 1}
{"obj": {"type": "AssignString", "path": ["sys", "description"], "value": ""}, "version": 2}
{"obj": {"type": "AssignString", "path": ["monitoring", "f18c6061", "hostname"], "value": "Marc-supercomputer"}, "version": 3}
{"obj": {"type": "AssignString", "path": ["sys", "hostname"], "value": "Marc-supercomputer"}, "version": 4}
{"obj": {"type": "AssignString", "path": ["monitoring", "f18c6061", "pid"], "value": "14790"}, "version": 5}
{"obj": {"type": "AssignString", "path": ["monitoring", "f18c6061", "tid"], "value": "140340178543680"}, "version": 6}
{"obj": {"type": "AssignBool", "path": ["sys", "failed"], "value": false}, "version": 7}
{"obj": {"type": "ClearStringLog", "path": ["monitoring", "f18c6061", "stdout"]}, "version": 8}
{"obj": {"type": "ClearStringLog", "path": ["monitoring", "f18c6061", "stderr"]}, "version": 9}
{"obj": {"type": "AssignString", "path": ["source_code", "entrypoint"], "value": "our_main.py"}, "version": 10}
{"obj": {"type": "UploadFileSet", "path": ["source_code", "files"], "file_globs": ["/home/marc/Documents/GitHub/8semester/Weakly-supervised-anomaly-detection/MGFN-main/our_main.py"], "reset": "False"}, "version": 11}
{"obj": {"type": "ConfigFloatSeries", "path": ["monitoring", "f18c6061", "cpu"], "min": 0.0, "max": 100.0, "unit": "%"}, "version": 12}
{"obj": {"type": "ClearFloatLog", "path": ["monitoring", "f18c6061", "cpu"]}, "version": 13}
{"obj": {"type": "ConfigFloatSeries", "path": ["monitoring", "f18c6061", "memory"], "min": 0.0, "max": 31.233211517333984, "unit": "GB"}, "version": 14}
{"obj": {"type": "ClearFloatLog", "path": ["monitoring", "f18c6061", "memory"]}, "version": 15}
{"obj": {"type": "ConfigFloatSeries", "path": ["monitoring", "f18c6061", "gpu_0"], "min": 0.0, "max": 100.0, "unit": "%"}, "version": 16}
{"obj": {"type": "ClearFloatLog", "path": ["monitoring", "f18c6061", "gpu_0"]}, "version": 17}
{"obj": {"type": "ConfigFloatSeries", "path": ["monitoring", "f18c6061", "gpu_1"], "min": 0.0, "max": 100.0, "unit": "%"}, "version": 18}
{"obj": {"type": "ClearFloatLog", "path": ["monitoring", "f18c6061", "gpu_1"]}, "version": 19}
{"obj": {"type": "ConfigFloatSeries", "path": ["monitoring", "f18c6061", "gpu_memory_0"], "min": 0.0, "max": 12.0, "unit": "GB"}, "version": 20}
{"obj": {"type": "ClearFloatLog", "path": ["monitoring", "f18c6061", "gpu_memory_0"]}, "version": 21}
{"obj": {"type": "ConfigFloatSeries", "path": ["monitoring", "f18c6061", "gpu_memory_1"], "min": 0.0, "max": 12.0, "unit": "GB"}, "version": 22}
{"obj": {"type": "ClearFloatLog", "path": ["monitoring", "f18c6061", "gpu_memory_1"]}, "version": 23}
{"obj": {"type": "LogFloats", "path": ["monitoring", "f18c6061", "cpu"], "values": [{"value": 12.2, "step": null, "ts": 1681830233.875552}]}, "version": 24}
{"obj": {"type": "LogFloats", "path": ["monitoring", "f18c6061", "memory"], "values": [{"value": 6.8179168701171875, "step": null, "ts": 1681830233.875552}]}, "version": 25}
{"obj": {"type": "LogFloats", "path": ["monitoring", "f18c6061", "gpu_0"], "values": [{"value": 24.0, "step": null, "ts": 1681830233.875552}]}, "version": 26}
{"obj": {"type": "LogFloats", "path": ["monitoring", "f18c6061", "gpu_memory_0"], "values": [{"value": 1.15301513671875, "step": null, "ts": 1681830233.875552}]}, "version": 27}
{"obj": {"type": "LogFloats", "path": ["monitoring", "f18c6061", "gpu_memory_1"], "values": [{"value": 0.06500244140625, "step": null, "ts": 1681830233.875552}]}, "version": 28}
{"obj": {"type": "AssignString", "path": ["params", "feat_extractor"], "value": "i3d"}, "version": 29}
{"obj": {"type": "AssignInt", "path": ["params", "feature_size"], "value": 2048}, "version": 30}
{"obj": {"type": "AssignInt", "path": ["params", "hiddensize"], "value": 512}, "version": 31}
{"obj": {"type": "AssignString", "path": ["params", "comment"], "value": "mgfn"}, "version": 32}
{"obj": {"type": "AssignString", "path": ["params", "local_con"], "value": "static"}, "version": 33}
{"obj": {"type": "AssignInt", "path": ["params", "head_K"], "value": 4}, "version": 34}
{"obj": {"type": "AssignInt", "path": ["params", "workers"], "value": 0}, "version": 35}
{"obj": {"type": "AssignInt", "path": ["params", "num_classes"], "value": 2}, "version": 36}
{"obj": {"type": "AssignInt", "path": ["params", "plot_freq"], "value": 10}, "version": 37}
{"obj": {"type": "AssignInt", "path": ["params", "max_epoch"], "value": 1000}, "version": 38}
{"obj": {"type": "AssignString", "path": ["params", "model_name"], "value": "mgfn"}, "version": 39}
{"obj": {"type": "AssignString", "path": ["params", "gt"], "value": "data/ucf_tencrop_1d/gt-ucf.npy"}, "version": 40}
{"obj": {"type": "AssignInt", "path": ["params", "depths1"], "value": 3}, "version": 41}
{"obj": {"type": "AssignInt", "path": ["params", "depths2"], "value": 3}, "version": 42}
{"obj": {"type": "AssignInt", "path": ["params", "depths3"], "value": 2}, "version": 43}
{"obj": {"type": "AssignString", "path": ["params", "mgfn_type1"], "value": "gb"}, "version": 44}
{"obj": {"type": "AssignString", "path": ["params", "mgfn_type2"], "value": "fb"}, "version": 45}
{"obj": {"type": "AssignString", "path": ["params", "mgfn_type3"], "value": "fb"}, "version": 46}
{"obj": {"type": "AssignFloat", "path": ["params", "dropout_rate"], "value": 0.7}, "version": 47}
{"obj": {"type": "AssignFloat", "path": ["params", "mag_ratio"], "value": 0.1}, "version": 48}
{"obj": {"type": "AssignInt", "path": ["params", "seg_length"], "value": 32}, "version": 49}
{"obj": {"type": "AssignBool", "path": ["params", "add_mag_info"], "value": false}, "version": 50}
{"obj": {"type": "AssignString", "path": ["params", "rgb_list"], "value": "data/ucf_tencrop_1d/ucf-i3d.list"}, "version": 51}
{"obj": {"type": "AssignString", "path": ["params", "val_rgb_list"], "value": "data/ucf_tencrop_1d/ucf-i3d-val.list"}, "version": 52}
{"obj": {"type": "AssignString", "path": ["params", "test_rgb_list"], "value": "data/ucf_tencrop_1d/ucf-i3d-test.list"}, "version": 53}
{"obj": {"type": "AssignString", "path": ["params", "datasetname"], "value": "UCF"}, "version": 54}
{"obj": {"type": "AssignString", "path": ["params", "dataset"], "value": "UCF"}, "version": 55}
{"obj": {"type": "AssignString", "path": ["params", "modality"], "value": "RGB"}, "version": 56}
{"obj": {"type": "AssignInt", "path": ["params", "T"], "value": 32}, "version": 57}
{"obj": {"type": "AssignInt", "path": ["params", "P"], "value": 10}, "version": 58}
{"obj": {"type": "AssignFloat", "path": ["params", "alpha"], "value": 0.1}, "version": 59}
{"obj": {"type": "AssignInt", "path": ["params", "k"], "value": 3}, "version": 60}
{"obj": {"type": "AssignInt", "path": ["params", "lambda_1"], "value": 1}, "version": 61}
{"obj": {"type": "AssignInt", "path": ["params", "lambda_2"], "value": 1}, "version": 62}
{"obj": {"type": "AssignFloat", "path": ["params", "lambda_3"], "value": 0.001}, "version": 63}
{"obj": {"type": "AssignFloat", "path": ["params", "w_decay"], "value": 0.0005}, "version": 64}
{"obj": {"type": "AssignInt", "path": ["params", "batch_size"], "value": 16}, "version": 65}
{"obj": {"type": "AssignString", "path": ["params", "user"], "value": "marc"}, "version": 66}
{"obj": {"type": "AssignString", "path": ["params", "params"], "value": "params_def"}, "version": 67}
{"obj": {"type": "LogStrings", "path": ["monitoring", "f18c6061", "stderr"], "values": [{"value": "/home/marc/Documents/GitHub/8semester/Weakly-supervised-anomaly-detection/MGFN-main/our_main.py:68: NeptuneUnsupportedType: You're attempting to log a type that is not directly supported by Neptune (<class 'list'>).\n        Convert the value to a supported type, such as a string or float, or use stringify_unsupported(obj)\n        for dictionaries or collections that contain unsupported values.\n        For more, see https://docs.neptune.ai/help/value_of_unsupported_type\n  run[\"params\"] = param\n", "step": null, "ts": 1681830233.929436}]}, "version": 68}
{"obj": {"type": "LogStrings", "path": ["monitoring", "f18c6061", "stderr"], "values": [{"value": "/home/marc/Documents/GitHub/8semester/Weakly-supervised-anomaly-detection/MGFN-main/our_main.py:68: NeptuneUnsupportedType: You're attempting to log a type that is not directly supported by Neptune (<class 'NoneType'>).\n        Convert the value to a supported type, such as a string or float, or use stringify_unsupported(obj)\n        for dictionaries or collections that contain unsupported values.\n        For more, see https://docs.neptune.ai/help/value_of_unsupported_type\n  run[\"params\"] = param\n", "step": null, "ts": 1681830233.929717}]}, "version": 69}
{"obj": {"type": "LogStrings", "path": ["monitoring", "f18c6061", "stdout"], "values": [{"value": "cuda:0", "step": null, "ts": 1681830233.9743695}]}, "version": 70}
{"obj": {"type": "LogStrings", "path": ["monitoring", "f18c6061", "stdout"], "values": [{"value": "\n", "step": null, "ts": 1681830233.9748743}]}, "version": 71}
{"obj": {"type": "LogStrings", "path": ["monitoring", "f18c6061", "stderr"], "values": [{"value": "\r  0%|          | 0/1000 [00:00<?, ?it/s]", "step": null, "ts": 1681830234.6816993}]}, "version": 72}
{"obj": {"type": "LogStrings", "path": ["monitoring", "f18c6061", "stderr"], "values": [{"value": "\n", "step": null, "ts": 1681830234.6827476}]}, "version": 73}
{"obj": {"type": "LogStrings", "path": ["monitoring", "f18c6061", "stderr"], "values": [{"value": "\r0it [00:00, ?it/s]", "step": null, "ts": 1681830234.6830633}]}, "version": 74}
{"obj": {"type": "LogStrings", "path": ["monitoring", "f18c6061", "stderr"], "values": [{"value": "\u001b[A", "step": null, "ts": 1681830234.6840227}]}, "version": 75}
{"obj": {"type": "LogFloats", "path": ["monitoring", "f18c6061", "cpu"], "values": [{"value": 10.9, "step": null, "ts": 1681830243.885997}]}, "version": 76}
{"obj": {"type": "LogFloats", "path": ["monitoring", "f18c6061", "memory"], "values": [{"value": 9.27267837524414, "step": null, "ts": 1681830243.885997}]}, "version": 77}
{"obj": {"type": "LogFloats", "path": ["monitoring", "f18c6061", "gpu_0"], "values": [{"value": 8.0, "step": null, "ts": 1681830243.885997}]}, "version": 78}
{"obj": {"type": "LogFloats", "path": ["monitoring", "f18c6061", "gpu_memory_0"], "values": [{"value": 4.55670166015625, "step": null, "ts": 1681830243.885997}]}, "version": 79}
{"obj": {"type": "LogFloats", "path": ["monitoring", "f18c6061", "gpu_memory_1"], "values": [{"value": 0.06695556640625, "step": null, "ts": 1681830243.885997}]}, "version": 80}
{"obj": {"type": "LogFloats", "path": ["monitoring", "f18c6061", "cpu"], "values": [{"value": 8.7, "step": null, "ts": 1681830253.8893137}]}, "version": 81}
{"obj": {"type": "LogFloats", "path": ["monitoring", "f18c6061", "memory"], "values": [{"value": 9.296539306640625, "step": null, "ts": 1681830253.8893137}]}, "version": 82}
{"obj": {"type": "LogFloats", "path": ["monitoring", "f18c6061", "gpu_0"], "values": [{"value": 6.0, "step": null, "ts": 1681830253.8893137}]}, "version": 83}
{"obj": {"type": "LogFloats", "path": ["monitoring", "f18c6061", "gpu_memory_0"], "values": [{"value": 4.5916748046875, "step": null, "ts": 1681830253.8893137}]}, "version": 84}
{"obj": {"type": "LogFloats", "path": ["monitoring", "f18c6061", "gpu_memory_1"], "values": [{"value": 0.06695556640625, "step": null, "ts": 1681830253.8893137}]}, "version": 85}
{"obj": {"type": "LogFloats", "path": ["monitoring", "f18c6061", "cpu"], "values": [{"value": 8.2, "step": null, "ts": 1681830263.892794}]}, "version": 86}
{"obj": {"type": "LogFloats", "path": ["monitoring", "f18c6061", "memory"], "values": [{"value": 9.308238983154297, "step": null, "ts": 1681830263.892794}]}, "version": 87}
{"obj": {"type": "LogFloats", "path": ["monitoring", "f18c6061", "gpu_0"], "values": [{"value": 12.0, "step": null, "ts": 1681830263.892794}]}, "version": 88}
{"obj": {"type": "LogFloats", "path": ["monitoring", "f18c6061", "gpu_memory_0"], "values": [{"value": 4.57928466796875, "step": null, "ts": 1681830263.892794}]}, "version": 89}
{"obj": {"type": "LogFloats", "path": ["monitoring", "f18c6061", "gpu_memory_1"], "values": [{"value": 0.06695556640625, "step": null, "ts": 1681830263.892794}]}, "version": 90}
{"obj": {"type": "LogFloats", "path": ["monitoring", "f18c6061", "cpu"], "values": [{"value": 9.7, "step": null, "ts": 1681830273.896582}]}, "version": 91}
{"obj": {"type": "LogFloats", "path": ["monitoring", "f18c6061", "memory"], "values": [{"value": 9.307395935058594, "step": null, "ts": 1681830273.896582}]}, "version": 92}
{"obj": {"type": "LogFloats", "path": ["monitoring", "f18c6061", "gpu_0"], "values": [{"value": 43.0, "step": null, "ts": 1681830273.896582}]}, "version": 93}
{"obj": {"type": "LogFloats", "path": ["monitoring", "f18c6061", "gpu_memory_0"], "values": [{"value": 4.5877685546875, "step": null, "ts": 1681830273.896582}]}, "version": 94}
{"obj": {"type": "LogFloats", "path": ["monitoring", "f18c6061", "gpu_memory_1"], "values": [{"value": 0.06695556640625, "step": null, "ts": 1681830273.896582}]}, "version": 95}
{"obj": {"type": "LogFloats", "path": ["monitoring", "f18c6061", "cpu"], "values": [{"value": 11.1, "step": null, "ts": 1681830283.9001596}]}, "version": 96}
{"obj": {"type": "LogFloats", "path": ["monitoring", "f18c6061", "memory"], "values": [{"value": 9.275543212890625, "step": null, "ts": 1681830283.9001596}]}, "version": 97}
{"obj": {"type": "LogFloats", "path": ["monitoring", "f18c6061", "gpu_0"], "values": [{"value": 5.0, "step": null, "ts": 1681830283.9001596}]}, "version": 98}
{"obj": {"type": "LogFloats", "path": ["monitoring", "f18c6061", "gpu_memory_0"], "values": [{"value": 4.5535888671875, "step": null, "ts": 1681830283.9001596}]}, "version": 99}
{"obj": {"type": "LogFloats", "path": ["monitoring", "f18c6061", "gpu_memory_1"], "values": [{"value": 0.06695556640625, "step": null, "ts": 1681830283.9001596}]}, "version": 100}
{"obj": {"type": "LogFloats", "path": ["monitoring", "f18c6061", "cpu"], "values": [{"value": 10.2, "step": null, "ts": 1681830293.904386}]}, "version": 101}
{"obj": {"type": "LogFloats", "path": ["monitoring", "f18c6061", "memory"], "values": [{"value": 9.26827621459961, "step": null, "ts": 1681830293.904386}]}, "version": 102}
{"obj": {"type": "LogFloats", "path": ["monitoring", "f18c6061", "gpu_0"], "values": [{"value": 5.0, "step": null, "ts": 1681830293.904386}]}, "version": 103}
{"obj": {"type": "LogFloats", "path": ["monitoring", "f18c6061", "gpu_memory_0"], "values": [{"value": 4.55279541015625, "step": null, "ts": 1681830293.904386}]}, "version": 104}
{"obj": {"type": "LogFloats", "path": ["monitoring", "f18c6061", "gpu_memory_1"], "values": [{"value": 0.06695556640625, "step": null, "ts": 1681830293.904386}]}, "version": 105}
{"obj": {"type": "LogFloats", "path": ["monitoring", "f18c6061", "cpu"], "values": [{"value": 7.5, "step": null, "ts": 1681830303.908102}]}, "version": 106}
{"obj": {"type": "LogFloats", "path": ["monitoring", "f18c6061", "memory"], "values": [{"value": 9.271766662597656, "step": null, "ts": 1681830303.908102}]}, "version": 107}
{"obj": {"type": "LogFloats", "path": ["monitoring", "f18c6061", "gpu_0"], "values": [{"value": 6.0, "step": null, "ts": 1681830303.908102}]}, "version": 108}
{"obj": {"type": "LogFloats", "path": ["monitoring", "f18c6061", "gpu_memory_0"], "values": [{"value": 4.5894775390625, "step": null, "ts": 1681830303.908102}]}, "version": 109}
{"obj": {"type": "LogFloats", "path": ["monitoring", "f18c6061", "gpu_memory_1"], "values": [{"value": 0.06695556640625, "step": null, "ts": 1681830303.908102}]}, "version": 110}
{"obj": {"type": "LogFloats", "path": ["monitoring", "f18c6061", "cpu"], "values": [{"value": 11.9, "step": null, "ts": 1681830313.9111307}]}, "version": 111}
{"obj": {"type": "LogFloats", "path": ["monitoring", "f18c6061", "memory"], "values": [{"value": 9.296333312988281, "step": null, "ts": 1681830313.9111307}]}, "version": 112}
{"obj": {"type": "LogFloats", "path": ["monitoring", "f18c6061", "gpu_0"], "values": [{"value": 15.0, "step": null, "ts": 1681830313.9111307}]}, "version": 113}
{"obj": {"type": "LogFloats", "path": ["monitoring", "f18c6061", "gpu_memory_0"], "values": [{"value": 4.58709716796875, "step": null, "ts": 1681830313.9111307}]}, "version": 114}
{"obj": {"type": "LogFloats", "path": ["monitoring", "f18c6061", "gpu_memory_1"], "values": [{"value": 0.06695556640625, "step": null, "ts": 1681830313.9111307}]}, "version": 115}
{"obj": {"type": "LogFloats", "path": ["monitoring", "f18c6061", "cpu"], "values": [{"value": 10.9, "step": null, "ts": 1681830323.9155376}]}, "version": 116}
{"obj": {"type": "LogFloats", "path": ["monitoring", "f18c6061", "memory"], "values": [{"value": 9.275707244873047, "step": null, "ts": 1681830323.9155376}]}, "version": 117}
{"obj": {"type": "LogFloats", "path": ["monitoring", "f18c6061", "gpu_0"], "values": [{"value": 5.0, "step": null, "ts": 1681830323.9155376}]}, "version": 118}
{"obj": {"type": "LogFloats", "path": ["monitoring", "f18c6061", "gpu_memory_0"], "values": [{"value": 4.58709716796875, "step": null, "ts": 1681830323.9155376}]}, "version": 119}
{"obj": {"type": "LogFloats", "path": ["monitoring", "f18c6061", "gpu_memory_1"], "values": [{"value": 0.06695556640625, "step": null, "ts": 1681830323.9155376}]}, "version": 120}
{"obj": {"type": "LogFloats", "path": ["monitoring", "f18c6061", "cpu"], "values": [{"value": 10.0, "step": null, "ts": 1681830333.9221756}]}, "version": 121}
{"obj": {"type": "LogFloats", "path": ["monitoring", "f18c6061", "memory"], "values": [{"value": 9.274307250976562, "step": null, "ts": 1681830333.9221756}]}, "version": 122}
{"obj": {"type": "LogFloats", "path": ["monitoring", "f18c6061", "gpu_0"], "values": [{"value": 5.0, "step": null, "ts": 1681830333.9221756}]}, "version": 123}
{"obj": {"type": "LogFloats", "path": ["monitoring", "f18c6061", "gpu_memory_0"], "values": [{"value": 4.6640625, "step": null, "ts": 1681830333.9221756}]}, "version": 124}
{"obj": {"type": "LogFloats", "path": ["monitoring", "f18c6061", "gpu_memory_1"], "values": [{"value": 0.06695556640625, "step": null, "ts": 1681830333.9221756}]}, "version": 125}
{"obj": {"type": "LogFloats", "path": ["monitoring", "f18c6061", "cpu"], "values": [{"value": 8.6, "step": null, "ts": 1681830343.925277}]}, "version": 126}
{"obj": {"type": "LogFloats", "path": ["monitoring", "f18c6061", "memory"], "values": [{"value": 9.275074005126953, "step": null, "ts": 1681830343.925277}]}, "version": 127}
{"obj": {"type": "LogFloats", "path": ["monitoring", "f18c6061", "gpu_0"], "values": [{"value": 23.0, "step": null, "ts": 1681830343.925277}]}, "version": 128}
{"obj": {"type": "LogFloats", "path": ["monitoring", "f18c6061", "gpu_memory_0"], "values": [{"value": 4.6640625, "step": null, "ts": 1681830343.925277}]}, "version": 129}
{"obj": {"type": "LogFloats", "path": ["monitoring", "f18c6061", "gpu_memory_1"], "values": [{"value": 0.06695556640625, "step": null, "ts": 1681830343.925277}]}, "version": 130}
{"obj": {"type": "LogFloats", "path": ["monitoring", "f18c6061", "cpu"], "values": [{"value": 10.0, "step": null, "ts": 1681830353.9294353}]}, "version": 131}
{"obj": {"type": "LogFloats", "path": ["monitoring", "f18c6061", "memory"], "values": [{"value": 9.279083251953125, "step": null, "ts": 1681830353.9294353}]}, "version": 132}
{"obj": {"type": "LogFloats", "path": ["monitoring", "f18c6061", "gpu_0"], "values": [{"value": 26.0, "step": null, "ts": 1681830353.9294353}]}, "version": 133}
{"obj": {"type": "LogFloats", "path": ["monitoring", "f18c6061", "gpu_memory_0"], "values": [{"value": 4.6640625, "step": null, "ts": 1681830353.9294353}]}, "version": 134}
{"obj": {"type": "LogFloats", "path": ["monitoring", "f18c6061", "gpu_memory_1"], "values": [{"value": 0.06695556640625, "step": null, "ts": 1681830353.9294353}]}, "version": 135}
{"obj": {"type": "LogFloats", "path": ["monitoring", "f18c6061", "cpu"], "values": [{"value": 8.2, "step": null, "ts": 1681830363.9333389}]}, "version": 136}
{"obj": {"type": "LogFloats", "path": ["monitoring", "f18c6061", "memory"], "values": [{"value": 9.279720306396484, "step": null, "ts": 1681830363.9333389}]}, "version": 137}
{"obj": {"type": "LogFloats", "path": ["monitoring", "f18c6061", "gpu_0"], "values": [{"value": 25.0, "step": null, "ts": 1681830363.9333389}]}, "version": 138}
{"obj": {"type": "LogFloats", "path": ["monitoring", "f18c6061", "gpu_memory_0"], "values": [{"value": 4.6640625, "step": null, "ts": 1681830363.9333389}]}, "version": 139}
{"obj": {"type": "LogFloats", "path": ["monitoring", "f18c6061", "gpu_memory_1"], "values": [{"value": 0.06695556640625, "step": null, "ts": 1681830363.9333389}]}, "version": 140}
{"obj": {"type": "LogFloats", "path": ["monitoring", "f18c6061", "cpu"], "values": [{"value": 8.5, "step": null, "ts": 1681830373.9364984}]}, "version": 141}
{"obj": {"type": "LogFloats", "path": ["monitoring", "f18c6061", "memory"], "values": [{"value": 9.284332275390625, "step": null, "ts": 1681830373.9364984}]}, "version": 142}
{"obj": {"type": "LogFloats", "path": ["monitoring", "f18c6061", "gpu_0"], "values": [{"value": 24.0, "step": null, "ts": 1681830373.9364984}]}, "version": 143}
{"obj": {"type": "LogFloats", "path": ["monitoring", "f18c6061", "gpu_memory_0"], "values": [{"value": 4.6640625, "step": null, "ts": 1681830373.9364984}]}, "version": 144}
{"obj": {"type": "LogFloats", "path": ["monitoring", "f18c6061", "gpu_memory_1"], "values": [{"value": 0.06695556640625, "step": null, "ts": 1681830373.9364984}]}, "version": 145}
{"obj": {"type": "LogFloats", "path": ["monitoring", "f18c6061", "cpu"], "values": [{"value": 8.6, "step": null, "ts": 1681830383.9405253}]}, "version": 146}
{"obj": {"type": "LogFloats", "path": ["monitoring", "f18c6061", "memory"], "values": [{"value": 9.282867431640625, "step": null, "ts": 1681830383.9405253}]}, "version": 147}
{"obj": {"type": "LogFloats", "path": ["monitoring", "f18c6061", "gpu_0"], "values": [{"value": 26.0, "step": null, "ts": 1681830383.9405253}]}, "version": 148}
{"obj": {"type": "LogFloats", "path": ["monitoring", "f18c6061", "gpu_memory_0"], "values": [{"value": 4.6640625, "step": null, "ts": 1681830383.9405253}]}, "version": 149}
{"obj": {"type": "LogFloats", "path": ["monitoring", "f18c6061", "gpu_memory_1"], "values": [{"value": 0.06695556640625, "step": null, "ts": 1681830383.9405253}]}, "version": 150}
{"obj": {"type": "LogFloats", "path": ["monitoring", "f18c6061", "cpu"], "values": [{"value": 9.6, "step": null, "ts": 1681830393.9442194}]}, "version": 151}
{"obj": {"type": "LogFloats", "path": ["monitoring", "f18c6061", "memory"], "values": [{"value": 9.281822204589844, "step": null, "ts": 1681830393.9442194}]}, "version": 152}
{"obj": {"type": "LogFloats", "path": ["monitoring", "f18c6061", "gpu_0"], "values": [{"value": 6.0, "step": null, "ts": 1681830393.9442194}]}, "version": 153}
{"obj": {"type": "LogFloats", "path": ["monitoring", "f18c6061", "gpu_memory_0"], "values": [{"value": 4.66583251953125, "step": null, "ts": 1681830393.9442194}]}, "version": 154}
{"obj": {"type": "LogFloats", "path": ["monitoring", "f18c6061", "gpu_memory_1"], "values": [{"value": 0.06695556640625, "step": null, "ts": 1681830393.9442194}]}, "version": 155}
{"obj": {"type": "LogFloats", "path": ["monitoring", "f18c6061", "cpu"], "values": [{"value": 8.4, "step": null, "ts": 1681830403.9477177}]}, "version": 156}
{"obj": {"type": "LogFloats", "path": ["monitoring", "f18c6061", "memory"], "values": [{"value": 9.285812377929688, "step": null, "ts": 1681830403.9477177}]}, "version": 157}
{"obj": {"type": "LogFloats", "path": ["monitoring", "f18c6061", "gpu_0"], "values": [{"value": 29.0, "step": null, "ts": 1681830403.9477177}]}, "version": 158}
{"obj": {"type": "LogFloats", "path": ["monitoring", "f18c6061", "gpu_memory_0"], "values": [{"value": 4.66644287109375, "step": null, "ts": 1681830403.9477177}]}, "version": 159}
{"obj": {"type": "LogFloats", "path": ["monitoring", "f18c6061", "gpu_memory_1"], "values": [{"value": 0.06695556640625, "step": null, "ts": 1681830403.9477177}]}, "version": 160}
{"obj": {"type": "LogFloats", "path": ["monitoring", "f18c6061", "cpu"], "values": [{"value": 10.4, "step": null, "ts": 1681830413.9527166}]}, "version": 161}
{"obj": {"type": "LogFloats", "path": ["monitoring", "f18c6061", "memory"], "values": [{"value": 9.329826354980469, "step": null, "ts": 1681830413.9527166}]}, "version": 162}
{"obj": {"type": "LogFloats", "path": ["monitoring", "f18c6061", "gpu_0"], "values": [{"value": 46.0, "step": null, "ts": 1681830413.9527166}]}, "version": 163}
{"obj": {"type": "LogFloats", "path": ["monitoring", "f18c6061", "gpu_memory_0"], "values": [{"value": 4.757080078125, "step": null, "ts": 1681830413.9527166}]}, "version": 164}
{"obj": {"type": "LogFloats", "path": ["monitoring", "f18c6061", "gpu_memory_1"], "values": [{"value": 0.06695556640625, "step": null, "ts": 1681830413.9527166}]}, "version": 165}
{"obj": {"type": "LogFloats", "path": ["monitoring", "f18c6061", "cpu"], "values": [{"value": 7.1, "step": null, "ts": 1681830423.9569187}]}, "version": 166}
{"obj": {"type": "LogFloats", "path": ["monitoring", "f18c6061", "memory"], "values": [{"value": 9.298702239990234, "step": null, "ts": 1681830423.9569187}]}, "version": 167}
{"obj": {"type": "LogFloats", "path": ["monitoring", "f18c6061", "gpu_0"], "values": [{"value": 27.0, "step": null, "ts": 1681830423.9569187}]}, "version": 168}
{"obj": {"type": "LogFloats", "path": ["monitoring", "f18c6061", "gpu_memory_0"], "values": [{"value": 4.6505126953125, "step": null, "ts": 1681830423.9569187}]}, "version": 169}
{"obj": {"type": "LogFloats", "path": ["monitoring", "f18c6061", "gpu_memory_1"], "values": [{"value": 0.06695556640625, "step": null, "ts": 1681830423.9569187}]}, "version": 170}
{"obj": {"type": "LogStrings", "path": ["monitoring", "f18c6061", "stderr"], "values": [{"value": "", "step": null, "ts": 1681830429.7931893}]}, "version": 171}
{"obj": {"type": "LogStrings", "path": ["monitoring", "f18c6061", "stderr"], "values": [{"value": "\r0it [03:15, ?it/s]", "step": null, "ts": 1681830429.9335892}]}, "version": 172}
{"obj": {"type": "LogStrings", "path": ["monitoring", "f18c6061", "stderr"], "values": [{"value": "\n", "step": null, "ts": 1681830429.934119}]}, "version": 173}
{"obj": {"type": "LogStrings", "path": ["monitoring", "f18c6061", "stderr"], "values": [{"value": "", "step": null, "ts": 1681830429.9343243}]}, "version": 174}
{"obj": {"type": "LogStrings", "path": ["monitoring", "f18c6061", "stderr"], "values": [{"value": "\r  0%|          | 0/1000 [03:15<?, ?it/s]", "step": null, "ts": 1681830429.9344974}]}, "version": 175}
{"obj": {"type": "LogStrings", "path": ["monitoring", "f18c6061", "stderr"], "values": [{"value": "\n", "step": null, "ts": 1681830429.93466}]}, "version": 176}
{"obj": {"type": "LogStrings", "path": ["monitoring", "f18c6061", "stderr"], "values": [{"value": "Traceback (most recent call last):\n", "step": null, "ts": 1681830429.9348204}]}, "version": 177}
{"obj": {"type": "LogStrings", "path": ["monitoring", "f18c6061", "stderr"], "values": [{"value": "", "step": null, "ts": 1681830429.93498}]}, "version": 178}
{"obj": {"type": "LogStrings", "path": ["monitoring", "f18c6061", "stderr"], "values": [{"value": "  File \"/home/marc/Documents/GitHub/8semester/Weakly-supervised-anomaly-detection/MGFN-main/our_main.py\", line 136, in <module>\n    cost, loss_smooth, loss_sparse = train(train_nloader, train_aloader, model, param[\"batch_size\"], optimizer,\n", "step": null, "ts": 1681830429.9351382}]}, "version": 179}
{"obj": {"type": "LogStrings", "path": ["monitoring", "f18c6061", "stderr"], "values": [{"value": "", "step": null, "ts": 1681830429.9352999}]}, "version": 180}
{"obj": {"type": "LogStrings", "path": ["monitoring", "f18c6061", "stderr"], "values": [{"value": "  File \"/home/marc/Documents/GitHub/8semester/Weakly-supervised-anomaly-detection/MGFN-main/train.py\", line 101, in train\n    scores = scores.view(batch_size * 32 * 2, -1)\n", "step": null, "ts": 1681830429.9354587}]}, "version": 181}
{"obj": {"type": "LogStrings", "path": ["monitoring", "f18c6061", "stderr"], "values": [{"value": "", "step": null, "ts": 1681830429.9356182}]}, "version": 182}
{"obj": {"type": "LogStrings", "path": ["monitoring", "f18c6061", "stderr"], "values": [{"value": "KeyboardInterrupt\n", "step": null, "ts": 1681830429.9357758}]}, "version": 183}
{"obj": {"type": "LogStrings", "path": ["monitoring", "f18c6061", "stderr"], "values": [{"value": "", "step": null, "ts": 1681830429.9360192}]}, "version": 184}
{"obj": {"type": "LogStrings", "path": ["monitoring", "f18c6061", "stdout"], "values": [{"value": "Shutting down background jobs, please wait a moment...\n", "step": null, "ts": 1681830429.9415073}]}, "version": 185}
