{"obj": {"type": "AssignString", "path": ["sys", "name"], "value": "Untitled"}, "version": 1}
{"obj": {"type": "AssignString", "path": ["sys", "description"], "value": ""}, "version": 2}
{"obj": {"type": "AssignString", "path": ["monitoring", "50b76cf0", "hostname"], "value": "LAPTOP-TPDAEIFO"}, "version": 3}
{"obj": {"type": "AssignString", "path": ["sys", "hostname"], "value": "LAPTOP-TPDAEIFO"}, "version": 4}
{"obj": {"type": "AssignString", "path": ["monitoring", "50b76cf0", "pid"], "value": "11548"}, "version": 5}
{"obj": {"type": "AssignString", "path": ["monitoring", "50b76cf0", "tid"], "value": "17180"}, "version": 6}
{"obj": {"type": "AssignBool", "path": ["sys", "failed"], "value": false}, "version": 7}
{"obj": {"type": "ClearStringLog", "path": ["monitoring", "50b76cf0", "stdout"]}, "version": 8}
{"obj": {"type": "ClearStringLog", "path": ["monitoring", "50b76cf0", "stderr"]}, "version": 9}
{"obj": {"type": "AssignString", "path": ["source_code", "entrypoint"], "value": "our_main.py"}, "version": 10}
{"obj": {"type": "UploadFileSet", "path": ["source_code", "files"], "file_globs": ["C:\\Users\\Marc\\Documents\\GitHub\\8 semester\\Weakly-supervised-anomaly-detection\\MGFN-main\\our_main.py"], "reset": "False"}, "version": 11}
{"obj": {"type": "LogStrings", "path": ["monitoring", "50b76cf0", "stderr"], "values": [{"value": "Info (NVML): NVML Shared Library Not Found. GPU usage metrics may not be reported. For more information, see https://docs.neptune.ai/help/nvml_error/\n", "step": null, "ts": 1681029410.699764}]}, "version": 12}
{"obj": {"type": "ConfigFloatSeries", "path": ["monitoring", "50b76cf0", "cpu"], "min": 0.0, "max": 100.0, "unit": "%"}, "version": 13}
{"obj": {"type": "ClearFloatLog", "path": ["monitoring", "50b76cf0", "cpu"]}, "version": 14}
{"obj": {"type": "ConfigFloatSeries", "path": ["monitoring", "50b76cf0", "memory"], "min": 0.0, "max": 7.326015472412109, "unit": "GB"}, "version": 15}
{"obj": {"type": "ClearFloatLog", "path": ["monitoring", "50b76cf0", "memory"]}, "version": 16}
{"obj": {"type": "LogFloats", "path": ["monitoring", "50b76cf0", "cpu"], "values": [{"value": 6.3, "step": null, "ts": 1681029410.704791}]}, "version": 17}
{"obj": {"type": "LogFloats", "path": ["monitoring", "50b76cf0", "memory"], "values": [{"value": 6.2584991455078125, "step": null, "ts": 1681029410.704791}]}, "version": 18}
{"obj": {"type": "AssignString", "path": ["model"], "value": "MGFN"}, "version": 19}
{"obj": {"type": "AssignFloat", "path": ["parameters", "learning_rate"], "value": 0.001}, "version": 20}
{"obj": {"type": "AssignString", "path": ["parameters", "optimizer"], "value": "Adam"}, "version": 21}
{"obj": {"type": "LogFloats", "path": ["train", "loss"], "values": [{"value": 1.0, "step": null, "ts": 1681029410.7714477}]}, "version": 22}
{"obj": {"type": "LogFloats", "path": ["train", "loss"], "values": [{"value": 0.9, "step": null, "ts": 1681029410.7714477}]}, "version": 23}
{"obj": {"type": "LogFloats", "path": ["train", "loss"], "values": [{"value": 0.81, "step": null, "ts": 1681029410.7714477}]}, "version": 24}
{"obj": {"type": "LogFloats", "path": ["train", "loss"], "values": [{"value": 0.7290000000000001, "step": null, "ts": 1681029410.7714477}]}, "version": 25}
{"obj": {"type": "LogFloats", "path": ["train", "loss"], "values": [{"value": 0.6561, "step": null, "ts": 1681029410.7714477}]}, "version": 26}
{"obj": {"type": "LogFloats", "path": ["train", "loss"], "values": [{"value": 0.5904900000000001, "step": null, "ts": 1681029410.7714477}]}, "version": 27}
{"obj": {"type": "LogFloats", "path": ["train", "loss"], "values": [{"value": 0.531441, "step": null, "ts": 1681029410.7714477}]}, "version": 28}
{"obj": {"type": "LogFloats", "path": ["train", "loss"], "values": [{"value": 0.4782969000000001, "step": null, "ts": 1681029410.7714477}]}, "version": 29}
{"obj": {"type": "LogFloats", "path": ["train", "loss"], "values": [{"value": 0.4304672100000001, "step": null, "ts": 1681029410.7714477}]}, "version": 30}
{"obj": {"type": "LogFloats", "path": ["train", "loss"], "values": [{"value": 0.3874204890000001, "step": null, "ts": 1681029410.7714477}]}, "version": 31}
{"obj": {"type": "AssignFloat", "path": ["eval", "f1_score"], "value": 0.66}, "version": 32}
{"obj": {"type": "LogFloats", "path": ["monitoring", "50b76cf0", "cpu"], "values": [{"value": 4.0, "step": null, "ts": 1681029420.7240305}]}, "version": 33}
{"obj": {"type": "LogFloats", "path": ["monitoring", "50b76cf0", "memory"], "values": [{"value": 6.250919342041016, "step": null, "ts": 1681029420.7240305}]}, "version": 34}
{"obj": {"type": "LogFloats", "path": ["monitoring", "50b76cf0", "cpu"], "values": [{"value": 1.6, "step": null, "ts": 1681029430.7373765}]}, "version": 35}
{"obj": {"type": "LogFloats", "path": ["monitoring", "50b76cf0", "memory"], "values": [{"value": 6.227420806884766, "step": null, "ts": 1681029430.7373765}]}, "version": 36}
