{"obj": {"type": "AssignString", "path": ["sys", "name"], "value": "Untitled"}, "version": 1}
{"obj": {"type": "AssignString", "path": ["sys", "description"], "value": ""}, "version": 2}
{"obj": {"type": "AssignString", "path": ["monitoring", "3e9cd85a", "hostname"], "value": "Marc-supercomputer"}, "version": 3}
{"obj": {"type": "AssignString", "path": ["sys", "hostname"], "value": "Marc-supercomputer"}, "version": 4}
{"obj": {"type": "AssignString", "path": ["monitoring", "3e9cd85a", "pid"], "value": "47459"}, "version": 5}
{"obj": {"type": "AssignString", "path": ["monitoring", "3e9cd85a", "tid"], "value": "140129050960960"}, "version": 6}
{"obj": {"type": "AssignBool", "path": ["sys", "failed"], "value": false}, "version": 7}
{"obj": {"type": "ClearStringLog", "path": ["monitoring", "3e9cd85a", "stdout"]}, "version": 8}
{"obj": {"type": "ClearStringLog", "path": ["monitoring", "3e9cd85a", "stderr"]}, "version": 9}
{"obj": {"type": "AssignString", "path": ["source_code", "entrypoint"], "value": "our_main.py"}, "version": 10}
{"obj": {"type": "UploadFileSet", "path": ["source_code", "files"], "file_globs": ["/home/marc/Documents/GitHub/8semester/Weakly-supervised-anomaly-detection/MGFN-main/our_main.py"], "reset": "False"}, "version": 11}
{"obj": {"type": "ConfigFloatSeries", "path": ["monitoring", "3e9cd85a", "cpu"], "min": 0.0, "max": 100.0, "unit": "%"}, "version": 12}
{"obj": {"type": "ClearFloatLog", "path": ["monitoring", "3e9cd85a", "cpu"]}, "version": 13}
{"obj": {"type": "ConfigFloatSeries", "path": ["monitoring", "3e9cd85a", "memory"], "min": 0.0, "max": 31.23321533203125, "unit": "GB"}, "version": 14}
{"obj": {"type": "ClearFloatLog", "path": ["monitoring", "3e9cd85a", "memory"]}, "version": 15}
{"obj": {"type": "ConfigFloatSeries", "path": ["monitoring", "3e9cd85a", "gpu_0"], "min": 0.0, "max": 100.0, "unit": "%"}, "version": 16}
{"obj": {"type": "ClearFloatLog", "path": ["monitoring", "3e9cd85a", "gpu_0"]}, "version": 17}
{"obj": {"type": "ConfigFloatSeries", "path": ["monitoring", "3e9cd85a", "gpu_1"], "min": 0.0, "max": 100.0, "unit": "%"}, "version": 18}
{"obj": {"type": "ClearFloatLog", "path": ["monitoring", "3e9cd85a", "gpu_1"]}, "version": 19}
{"obj": {"type": "ConfigFloatSeries", "path": ["monitoring", "3e9cd85a", "gpu_memory_0"], "min": 0.0, "max": 12.0, "unit": "GB"}, "version": 20}
{"obj": {"type": "ClearFloatLog", "path": ["monitoring", "3e9cd85a", "gpu_memory_0"]}, "version": 21}
{"obj": {"type": "ConfigFloatSeries", "path": ["monitoring", "3e9cd85a", "gpu_memory_1"], "min": 0.0, "max": 12.0, "unit": "GB"}, "version": 22}
{"obj": {"type": "ClearFloatLog", "path": ["monitoring", "3e9cd85a", "gpu_memory_1"]}, "version": 23}
{"obj": {"type": "LogFloats", "path": ["monitoring", "3e9cd85a", "cpu"], "values": [{"value": 16.3, "step": null, "ts": 1682012820.5802286}]}, "version": 24}
{"obj": {"type": "LogFloats", "path": ["monitoring", "3e9cd85a", "memory"], "values": [{"value": 6.819461822509766, "step": null, "ts": 1682012820.5802286}]}, "version": 25}
{"obj": {"type": "LogFloats", "path": ["monitoring", "3e9cd85a", "gpu_0"], "values": [{"value": 17.0, "step": null, "ts": 1682012820.5802286}]}, "version": 26}
{"obj": {"type": "LogFloats", "path": ["monitoring", "3e9cd85a", "gpu_memory_0"], "values": [{"value": 0.81988525390625, "step": null, "ts": 1682012820.5802286}]}, "version": 27}
{"obj": {"type": "LogFloats", "path": ["monitoring", "3e9cd85a", "gpu_memory_1"], "values": [{"value": 0.06500244140625, "step": null, "ts": 1682012820.5802286}]}, "version": 28}
{"obj": {"type": "AssignString", "path": ["params", "feat_extractor"], "value": "i3d"}, "version": 29}
{"obj": {"type": "AssignInt", "path": ["params", "feature_size"], "value": 2048}, "version": 30}
{"obj": {"type": "AssignInt", "path": ["params", "hiddensize"], "value": 512}, "version": 31}
{"obj": {"type": "AssignString", "path": ["params", "comment"], "value": "mgfn"}, "version": 32}
{"obj": {"type": "AssignString", "path": ["params", "local_con"], "value": "static"}, "version": 33}
{"obj": {"type": "AssignInt", "path": ["params", "head_K"], "value": 4}, "version": 34}
{"obj": {"type": "AssignInt", "path": ["params", "workers"], "value": 0}, "version": 35}
{"obj": {"type": "AssignInt", "path": ["params", "num_classes"], "value": 2}, "version": 36}
{"obj": {"type": "AssignInt", "path": ["params", "plot_freq"], "value": 10}, "version": 37}
{"obj": {"type": "AssignInt", "path": ["params", "max_epoch"], "value": 100}, "version": 38}
{"obj": {"type": "AssignString", "path": ["params", "model_name"], "value": "mgfn"}, "version": 39}
{"obj": {"type": "AssignString", "path": ["params", "gt"], "value": "data/ucf_tencrop_1d/gt-ucf.npy"}, "version": 40}
{"obj": {"type": "AssignInt", "path": ["params", "depths1"], "value": 3}, "version": 41}
{"obj": {"type": "AssignInt", "path": ["params", "depths2"], "value": 3}, "version": 42}
{"obj": {"type": "AssignInt", "path": ["params", "depths3"], "value": 2}, "version": 43}
{"obj": {"type": "AssignString", "path": ["params", "mgfn_type1"], "value": "gb"}, "version": 44}
{"obj": {"type": "AssignString", "path": ["params", "mgfn_type2"], "value": "fb"}, "version": 45}
{"obj": {"type": "AssignString", "path": ["params", "mgfn_type3"], "value": "fb"}, "version": 46}
{"obj": {"type": "AssignFloat", "path": ["params", "dropout_rate"], "value": 0.7}, "version": 47}
{"obj": {"type": "AssignFloat", "path": ["params", "mag_ratio"], "value": 0.1}, "version": 48}
{"obj": {"type": "AssignInt", "path": ["params", "seg_length"], "value": 32}, "version": 49}
{"obj": {"type": "AssignBool", "path": ["params", "add_mag_info"], "value": false}, "version": 50}
{"obj": {"type": "AssignString", "path": ["params", "rgb_list"], "value": "data/ucf_tencrop_1d/ucf-i3d.list"}, "version": 51}
{"obj": {"type": "AssignString", "path": ["params", "val_rgb_list"], "value": "data/ucf_tencrop_1d/ucf-i3d-val.list"}, "version": 52}
{"obj": {"type": "AssignString", "path": ["params", "test_rgb_list"], "value": "data/ucf_tencrop_1d/ucf-i3d-test.list"}, "version": 53}
{"obj": {"type": "AssignString", "path": ["params", "datasetname"], "value": "UCF"}, "version": 54}
{"obj": {"type": "AssignString", "path": ["params", "dataset"], "value": "UCF"}, "version": 55}
{"obj": {"type": "AssignString", "path": ["params", "modality"], "value": "RGB"}, "version": 56}
{"obj": {"type": "AssignInt", "path": ["params", "UCF_train_len"], "value": 1449}, "version": 57}
{"obj": {"type": "AssignInt", "path": ["params", "UCF_val_len"], "value": 161}, "version": 58}
{"obj": {"type": "AssignInt", "path": ["params", "UCF_test_len"], "value": 290}, "version": 59}
{"obj": {"type": "AssignInt", "path": ["params", "T"], "value": 32}, "version": 60}
{"obj": {"type": "AssignInt", "path": ["params", "P"], "value": 10}, "version": 61}
{"obj": {"type": "AssignFloat", "path": ["params", "alpha"], "value": 0.1}, "version": 62}
{"obj": {"type": "AssignInt", "path": ["params", "k"], "value": 3}, "version": 63}
{"obj": {"type": "AssignInt", "path": ["params", "lambda_1"], "value": 1}, "version": 64}
{"obj": {"type": "AssignInt", "path": ["params", "lambda_2"], "value": 1}, "version": 65}
{"obj": {"type": "AssignFloat", "path": ["params", "lambda_3"], "value": 0.001}, "version": 66}
{"obj": {"type": "AssignFloat", "path": ["params", "w_decay"], "value": 0.0005}, "version": 67}
{"obj": {"type": "AssignInt", "path": ["params", "batch_size"], "value": 8}, "version": 68}
{"obj": {"type": "AssignString", "path": ["params", "user"], "value": "marc"}, "version": 69}
{"obj": {"type": "AssignString", "path": ["params", "params"], "value": "params_def"}, "version": 70}
{"obj": {"type": "LogStrings", "path": ["monitoring", "3e9cd85a", "stderr"], "values": [{"value": "/home/marc/Documents/GitHub/8semester/Weakly-supervised-anomaly-detection/MGFN-main/our_main.py:68: NeptuneUnsupportedType: You're attempting to log a type that is not directly supported by Neptune (<class 'list'>).\n        Convert the value to a supported type, such as a string or float, or use stringify_unsupported(obj)\n        for dictionaries or collections that contain unsupported values.\n        For more, see https://docs.neptune.ai/help/value_of_unsupported_type\n  run[\"params\"] = param\n", "step": null, "ts": 1682012820.6462317}]}, "version": 71}
{"obj": {"type": "AssignString", "path": ["model"], "value": "MGFN"}, "version": 72}
{"obj": {"type": "LogStrings", "path": ["monitoring", "3e9cd85a", "stderr"], "values": [{"value": "/home/marc/Documents/GitHub/8semester/Weakly-supervised-anomaly-detection/MGFN-main/our_main.py:68: NeptuneUnsupportedType: You're attempting to log a type that is not directly supported by Neptune (<class 'NoneType'>).\n        Convert the value to a supported type, such as a string or float, or use stringify_unsupported(obj)\n        for dictionaries or collections that contain unsupported values.\n        For more, see https://docs.neptune.ai/help/value_of_unsupported_type\n  run[\"params\"] = param\n", "step": null, "ts": 1682012820.6464715}]}, "version": 73}
{"obj": {"type": "LogStrings", "path": ["monitoring", "3e9cd85a", "stdout"], "values": [{"value": "cuda:0", "step": null, "ts": 1682012820.6893961}]}, "version": 74}
{"obj": {"type": "LogStrings", "path": ["monitoring", "3e9cd85a", "stdout"], "values": [{"value": "\n", "step": null, "ts": 1682012820.6901689}]}, "version": 75}
{"obj": {"type": "LogStrings", "path": ["monitoring", "3e9cd85a", "stderr"], "values": [{"value": "\r  0%|          | 0/100 [00:00<?, ?it/s]", "step": null, "ts": 1682012821.3700404}]}, "version": 76}
{"obj": {"type": "LogStrings", "path": ["monitoring", "3e9cd85a", "stderr"], "values": [{"value": "\n", "step": null, "ts": 1682012821.3705008}]}, "version": 77}
{"obj": {"type": "LogStrings", "path": ["monitoring", "3e9cd85a", "stderr"], "values": [{"value": "\r0it [00:00, ?it/s]", "step": null, "ts": 1682012821.3706152}]}, "version": 78}
{"obj": {"type": "LogStrings", "path": ["monitoring", "3e9cd85a", "stderr"], "values": [{"value": "\u001b[A", "step": null, "ts": 1682012821.3706968}]}, "version": 79}
{"obj": {"type": "LogStrings", "path": ["monitoring", "3e9cd85a", "stderr"], "values": [{"value": "\n", "step": null, "ts": 1682012825.7593894}]}, "version": 80}
{"obj": {"type": "LogStrings", "path": ["monitoring", "3e9cd85a", "stderr"], "values": [{"value": "\r1it [00:04,  4.39s/it]", "step": null, "ts": 1682012825.759843}]}, "version": 81}
{"obj": {"type": "LogStrings", "path": ["monitoring", "3e9cd85a", "stderr"], "values": [{"value": "\u001b[A", "step": null, "ts": 1682012825.7599378}]}, "version": 82}
{"obj": {"type": "LogStrings", "path": ["monitoring", "3e9cd85a", "stderr"], "values": [{"value": "\n", "step": null, "ts": 1682012826.7284725}]}, "version": 83}
{"obj": {"type": "LogStrings", "path": ["monitoring", "3e9cd85a", "stderr"], "values": [{"value": "\r2it [00:05,  2.38s/it]", "step": null, "ts": 1682012826.7288446}]}, "version": 84}
{"obj": {"type": "LogStrings", "path": ["monitoring", "3e9cd85a", "stderr"], "values": [{"value": "\u001b[A", "step": null, "ts": 1682012826.7289212}]}, "version": 85}
{"obj": {"type": "LogStrings", "path": ["monitoring", "3e9cd85a", "stderr"], "values": [{"value": "\n", "step": null, "ts": 1682012827.3678176}]}, "version": 86}
{"obj": {"type": "LogStrings", "path": ["monitoring", "3e9cd85a", "stderr"], "values": [{"value": "\r3it [00:05,  1.58s/it]", "step": null, "ts": 1682012827.3682458}]}, "version": 87}
{"obj": {"type": "LogStrings", "path": ["monitoring", "3e9cd85a", "stderr"], "values": [{"value": "\u001b[A", "step": null, "ts": 1682012827.3683813}]}, "version": 88}
{"obj": {"type": "LogStrings", "path": ["monitoring", "3e9cd85a", "stderr"], "values": [{"value": "\n", "step": null, "ts": 1682012828.098598}]}, "version": 89}
{"obj": {"type": "LogStrings", "path": ["monitoring", "3e9cd85a", "stderr"], "values": [{"value": "\r4it [00:06,  1.25s/it]", "step": null, "ts": 1682012828.098835}]}, "version": 90}
{"obj": {"type": "LogStrings", "path": ["monitoring", "3e9cd85a", "stderr"], "values": [{"value": "\u001b[A", "step": null, "ts": 1682012828.0989075}]}, "version": 91}
{"obj": {"type": "LogStrings", "path": ["monitoring", "3e9cd85a", "stderr"], "values": [{"value": "\n", "step": null, "ts": 1682012829.1375031}]}, "version": 92}
{"obj": {"type": "LogStrings", "path": ["monitoring", "3e9cd85a", "stderr"], "values": [{"value": "\r5it [00:07,  1.17s/it]", "step": null, "ts": 1682012829.1378016}]}, "version": 93}
{"obj": {"type": "LogStrings", "path": ["monitoring", "3e9cd85a", "stderr"], "values": [{"value": "\u001b[A", "step": null, "ts": 1682012829.1379986}]}, "version": 94}
{"obj": {"type": "LogStrings", "path": ["monitoring", "3e9cd85a", "stderr"], "values": [{"value": "\n", "step": null, "ts": 1682012829.7386742}]}, "version": 95}
{"obj": {"type": "LogStrings", "path": ["monitoring", "3e9cd85a", "stderr"], "values": [{"value": "\r6it [00:08,  1.02it/s]", "step": null, "ts": 1682012829.738999}]}, "version": 96}
{"obj": {"type": "LogStrings", "path": ["monitoring", "3e9cd85a", "stderr"], "values": [{"value": "\u001b[A", "step": null, "ts": 1682012829.7391376}]}, "version": 97}
{"obj": {"type": "LogStrings", "path": ["monitoring", "3e9cd85a", "stderr"], "values": [{"value": "\n", "step": null, "ts": 1682012830.634903}]}, "version": 98}
{"obj": {"type": "LogFloats", "path": ["monitoring", "3e9cd85a", "cpu"], "values": [{"value": 18.3, "step": null, "ts": 1682012830.6269047}]}, "version": 99}
{"obj": {"type": "LogStrings", "path": ["monitoring", "3e9cd85a", "stderr"], "values": [{"value": "\r7it [00:09,  1.05it/s]", "step": null, "ts": 1682012830.6362169}]}, "version": 100}
{"obj": {"type": "LogFloats", "path": ["monitoring", "3e9cd85a", "memory"], "values": [{"value": 9.402530670166016, "step": null, "ts": 1682012830.6269047}]}, "version": 101}
{"obj": {"type": "LogStrings", "path": ["monitoring", "3e9cd85a", "stderr"], "values": [{"value": "\u001b[A", "step": null, "ts": 1682012830.6364264}]}, "version": 102}
{"obj": {"type": "LogFloats", "path": ["monitoring", "3e9cd85a", "gpu_0"], "values": [{"value": 60.0, "step": null, "ts": 1682012830.6269047}]}, "version": 103}
{"obj": {"type": "LogFloats", "path": ["monitoring", "3e9cd85a", "gpu_memory_0"], "values": [{"value": 8.41387939453125, "step": null, "ts": 1682012830.6269047}]}, "version": 104}
{"obj": {"type": "LogFloats", "path": ["monitoring", "3e9cd85a", "gpu_memory_1"], "values": [{"value": 0.06695556640625, "step": null, "ts": 1682012830.6269047}]}, "version": 105}
{"obj": {"type": "LogStrings", "path": ["monitoring", "3e9cd85a", "stderr"], "values": [{"value": "\n", "step": null, "ts": 1682012833.6481812}]}, "version": 106}
{"obj": {"type": "LogStrings", "path": ["monitoring", "3e9cd85a", "stderr"], "values": [{"value": "\r8it [00:12,  1.61s/it]", "step": null, "ts": 1682012833.6486068}]}, "version": 107}
{"obj": {"type": "LogStrings", "path": ["monitoring", "3e9cd85a", "stderr"], "values": [{"value": "\u001b[A", "step": null, "ts": 1682012833.6487012}]}, "version": 108}
{"obj": {"type": "LogStrings", "path": ["monitoring", "3e9cd85a", "stderr"], "values": [{"value": "\n", "step": null, "ts": 1682012835.5859258}]}, "version": 109}
{"obj": {"type": "LogStrings", "path": ["monitoring", "3e9cd85a", "stderr"], "values": [{"value": "\r9it [00:14,  1.71s/it]", "step": null, "ts": 1682012835.586185}]}, "version": 110}
{"obj": {"type": "LogStrings", "path": ["monitoring", "3e9cd85a", "stderr"], "values": [{"value": "\u001b[A", "step": null, "ts": 1682012835.586256}]}, "version": 111}
{"obj": {"type": "LogStrings", "path": ["monitoring", "3e9cd85a", "stderr"], "values": [{"value": "\n", "step": null, "ts": 1682012836.5288959}]}, "version": 112}
{"obj": {"type": "LogStrings", "path": ["monitoring", "3e9cd85a", "stderr"], "values": [{"value": "\r10it [00:15,  1.47s/it]", "step": null, "ts": 1682012836.529284}]}, "version": 113}
{"obj": {"type": "LogStrings", "path": ["monitoring", "3e9cd85a", "stderr"], "values": [{"value": "\u001b[A", "step": null, "ts": 1682012836.529355}]}, "version": 114}
{"obj": {"type": "LogStrings", "path": ["monitoring", "3e9cd85a", "stderr"], "values": [{"value": "\n", "step": null, "ts": 1682012837.6224663}]}, "version": 115}
{"obj": {"type": "LogStrings", "path": ["monitoring", "3e9cd85a", "stderr"], "values": [{"value": "\r11it [00:16,  1.36s/it]", "step": null, "ts": 1682012837.6278877}]}, "version": 116}
{"obj": {"type": "LogStrings", "path": ["monitoring", "3e9cd85a", "stderr"], "values": [{"value": "\u001b[A", "step": null, "ts": 1682012837.6282098}]}, "version": 117}
{"obj": {"type": "LogStrings", "path": ["monitoring", "3e9cd85a", "stderr"], "values": [{"value": "\n", "step": null, "ts": 1682012838.4194791}]}, "version": 118}
{"obj": {"type": "LogStrings", "path": ["monitoring", "3e9cd85a", "stderr"], "values": [{"value": "\r12it [00:17,  1.19s/it]", "step": null, "ts": 1682012838.419824}]}, "version": 119}
{"obj": {"type": "LogStrings", "path": ["monitoring", "3e9cd85a", "stderr"], "values": [{"value": "\u001b[A", "step": null, "ts": 1682012838.4198914}]}, "version": 120}
{"obj": {"type": "LogFloats", "path": ["monitoring", "3e9cd85a", "cpu"], "values": [{"value": 23.1, "step": null, "ts": 1682012840.6367805}]}, "version": 121}
{"obj": {"type": "LogFloats", "path": ["monitoring", "3e9cd85a", "memory"], "values": [{"value": 10.970672607421875, "step": null, "ts": 1682012840.6367805}]}, "version": 122}
{"obj": {"type": "LogFloats", "path": ["monitoring", "3e9cd85a", "gpu_0"], "values": [{"value": 13.0, "step": null, "ts": 1682012840.6367805}]}, "version": 123}
{"obj": {"type": "LogFloats", "path": ["monitoring", "3e9cd85a", "gpu_memory_0"], "values": [{"value": 8.42193603515625, "step": null, "ts": 1682012840.6367805}]}, "version": 124}
{"obj": {"type": "LogFloats", "path": ["monitoring", "3e9cd85a", "gpu_memory_1"], "values": [{"value": 0.06695556640625, "step": null, "ts": 1682012840.6367805}]}, "version": 125}
{"obj": {"type": "LogStrings", "path": ["monitoring", "3e9cd85a", "stderr"], "values": [{"value": "\n", "step": null, "ts": 1682012842.3693712}]}, "version": 126}
{"obj": {"type": "LogStrings", "path": ["monitoring", "3e9cd85a", "stderr"], "values": [{"value": "\r13it [00:20,  2.02s/it]", "step": null, "ts": 1682012842.369787}]}, "version": 127}
{"obj": {"type": "LogStrings", "path": ["monitoring", "3e9cd85a", "stderr"], "values": [{"value": "\u001b[A", "step": null, "ts": 1682012842.3698738}]}, "version": 128}
{"obj": {"type": "LogStrings", "path": ["monitoring", "3e9cd85a", "stderr"], "values": [{"value": "\n", "step": null, "ts": 1682012846.3427467}]}, "version": 129}
{"obj": {"type": "LogStrings", "path": ["monitoring", "3e9cd85a", "stderr"], "values": [{"value": "\r14it [00:24,  2.61s/it]", "step": null, "ts": 1682012846.3431904}]}, "version": 130}
{"obj": {"type": "LogStrings", "path": ["monitoring", "3e9cd85a", "stderr"], "values": [{"value": "\u001b[A", "step": null, "ts": 1682012846.3433328}]}, "version": 131}
{"obj": {"type": "LogStrings", "path": ["monitoring", "3e9cd85a", "stderr"], "values": [{"value": "\n", "step": null, "ts": 1682012847.3150785}]}, "version": 132}
{"obj": {"type": "LogStrings", "path": ["monitoring", "3e9cd85a", "stderr"], "values": [{"value": "\r15it [00:25,  2.12s/it]", "step": null, "ts": 1682012847.3155284}]}, "version": 133}
{"obj": {"type": "LogStrings", "path": ["monitoring", "3e9cd85a", "stderr"], "values": [{"value": "\u001b[A", "step": null, "ts": 1682012847.3156078}]}, "version": 134}
{"obj": {"type": "LogStrings", "path": ["monitoring", "3e9cd85a", "stderr"], "values": [{"value": "\n", "step": null, "ts": 1682012848.6565444}]}, "version": 135}
{"obj": {"type": "LogStrings", "path": ["monitoring", "3e9cd85a", "stderr"], "values": [{"value": "\r16it [00:27,  1.88s/it]", "step": null, "ts": 1682012848.6569273}]}, "version": 136}
{"obj": {"type": "LogStrings", "path": ["monitoring", "3e9cd85a", "stderr"], "values": [{"value": "\u001b[A", "step": null, "ts": 1682012848.6570697}]}, "version": 137}
{"obj": {"type": "LogStrings", "path": ["monitoring", "3e9cd85a", "stderr"], "values": [{"value": "\n", "step": null, "ts": 1682012850.5533903}]}, "version": 138}
{"obj": {"type": "LogStrings", "path": ["monitoring", "3e9cd85a", "stderr"], "values": [{"value": "\r17it [00:29,  1.89s/it]", "step": null, "ts": 1682012850.553901}]}, "version": 139}
{"obj": {"type": "LogStrings", "path": ["monitoring", "3e9cd85a", "stderr"], "values": [{"value": "\u001b[A", "step": null, "ts": 1682012850.5541048}]}, "version": 140}
{"obj": {"type": "LogFloats", "path": ["monitoring", "3e9cd85a", "cpu"], "values": [{"value": 23.1, "step": null, "ts": 1682012850.638799}]}, "version": 141}
{"obj": {"type": "LogFloats", "path": ["monitoring", "3e9cd85a", "memory"], "values": [{"value": 9.623275756835938, "step": null, "ts": 1682012850.638799}]}, "version": 142}
{"obj": {"type": "LogFloats", "path": ["monitoring", "3e9cd85a", "gpu_0"], "values": [{"value": 93.0, "step": null, "ts": 1682012850.638799}]}, "version": 143}
{"obj": {"type": "LogFloats", "path": ["monitoring", "3e9cd85a", "gpu_memory_0"], "values": [{"value": 8.42059326171875, "step": null, "ts": 1682012850.638799}]}, "version": 144}
{"obj": {"type": "LogFloats", "path": ["monitoring", "3e9cd85a", "gpu_memory_1"], "values": [{"value": 0.06695556640625, "step": null, "ts": 1682012850.638799}]}, "version": 145}
{"obj": {"type": "LogStrings", "path": ["monitoring", "3e9cd85a", "stderr"], "values": [{"value": "\n", "step": null, "ts": 1682012852.0681775}]}, "version": 146}
{"obj": {"type": "LogStrings", "path": ["monitoring", "3e9cd85a", "stderr"], "values": [{"value": "\r18it [00:30,  1.78s/it]", "step": null, "ts": 1682012852.068603}]}, "version": 147}
{"obj": {"type": "LogStrings", "path": ["monitoring", "3e9cd85a", "stderr"], "values": [{"value": "\u001b[A", "step": null, "ts": 1682012852.0687432}]}, "version": 148}
{"obj": {"type": "LogStrings", "path": ["monitoring", "3e9cd85a", "stderr"], "values": [{"value": "\n", "step": null, "ts": 1682012854.0336983}]}, "version": 149}
{"obj": {"type": "LogStrings", "path": ["monitoring", "3e9cd85a", "stderr"], "values": [{"value": "\r19it [00:32,  1.83s/it]", "step": null, "ts": 1682012854.0339644}]}, "version": 150}
{"obj": {"type": "LogStrings", "path": ["monitoring", "3e9cd85a", "stderr"], "values": [{"value": "\u001b[A", "step": null, "ts": 1682012854.0341194}]}, "version": 151}
{"obj": {"type": "LogStrings", "path": ["monitoring", "3e9cd85a", "stderr"], "values": [{"value": "\n", "step": null, "ts": 1682012854.9694843}]}, "version": 152}
{"obj": {"type": "LogStrings", "path": ["monitoring", "3e9cd85a", "stderr"], "values": [{"value": "\r20it [00:33,  1.56s/it]", "step": null, "ts": 1682012854.9698832}]}, "version": 153}
{"obj": {"type": "LogStrings", "path": ["monitoring", "3e9cd85a", "stderr"], "values": [{"value": "\u001b[A", "step": null, "ts": 1682012854.9699578}]}, "version": 154}
{"obj": {"type": "LogStrings", "path": ["monitoring", "3e9cd85a", "stderr"], "values": [{"value": "\n", "step": null, "ts": 1682012855.909651}]}, "version": 155}
{"obj": {"type": "LogStrings", "path": ["monitoring", "3e9cd85a", "stderr"], "values": [{"value": "\r21it [00:34,  1.38s/it]", "step": null, "ts": 1682012855.90995}]}, "version": 156}
{"obj": {"type": "LogStrings", "path": ["monitoring", "3e9cd85a", "stderr"], "values": [{"value": "\u001b[A", "step": null, "ts": 1682012855.9100285}]}, "version": 157}
{"obj": {"type": "LogStrings", "path": ["monitoring", "3e9cd85a", "stderr"], "values": [{"value": "\n", "step": null, "ts": 1682012856.7695003}]}, "version": 158}
{"obj": {"type": "LogStrings", "path": ["monitoring", "3e9cd85a", "stderr"], "values": [{"value": "\r22it [00:35,  1.22s/it]", "step": null, "ts": 1682012856.7700393}]}, "version": 159}
{"obj": {"type": "LogStrings", "path": ["monitoring", "3e9cd85a", "stderr"], "values": [{"value": "\u001b[A", "step": null, "ts": 1682012856.770152}]}, "version": 160}
{"obj": {"type": "LogStrings", "path": ["monitoring", "3e9cd85a", "stderr"], "values": [{"value": "\n", "step": null, "ts": 1682012857.7612338}]}, "version": 161}
{"obj": {"type": "LogStrings", "path": ["monitoring", "3e9cd85a", "stderr"], "values": [{"value": "\r23it [00:36,  1.15s/it]", "step": null, "ts": 1682012857.7616374}]}, "version": 162}
{"obj": {"type": "LogStrings", "path": ["monitoring", "3e9cd85a", "stderr"], "values": [{"value": "\u001b[A", "step": null, "ts": 1682012857.7617106}]}, "version": 163}
{"obj": {"type": "LogStrings", "path": ["monitoring", "3e9cd85a", "stderr"], "values": [{"value": "\n", "step": null, "ts": 1682012860.6595252}]}, "version": 164}
{"obj": {"type": "LogStrings", "path": ["monitoring", "3e9cd85a", "stderr"], "values": [{"value": "\r24it [00:39,  1.68s/it]", "step": null, "ts": 1682012860.6598766}]}, "version": 165}
{"obj": {"type": "LogStrings", "path": ["monitoring", "3e9cd85a", "stderr"], "values": [{"value": "\u001b[A", "step": null, "ts": 1682012860.6599603}]}, "version": 166}
{"obj": {"type": "LogFloats", "path": ["monitoring", "3e9cd85a", "cpu"], "values": [{"value": 19.1, "step": null, "ts": 1682012860.6513536}]}, "version": 167}
{"obj": {"type": "LogFloats", "path": ["monitoring", "3e9cd85a", "memory"], "values": [{"value": 9.549919128417969, "step": null, "ts": 1682012860.6513536}]}, "version": 168}
{"obj": {"type": "LogFloats", "path": ["monitoring", "3e9cd85a", "gpu_0"], "values": [{"value": 46.0, "step": null, "ts": 1682012860.6513536}]}, "version": 169}
{"obj": {"type": "LogFloats", "path": ["monitoring", "3e9cd85a", "gpu_memory_0"], "values": [{"value": 8.4334716796875, "step": null, "ts": 1682012860.6513536}]}, "version": 170}
{"obj": {"type": "LogFloats", "path": ["monitoring", "3e9cd85a", "gpu_memory_1"], "values": [{"value": 0.06695556640625, "step": null, "ts": 1682012860.6513536}]}, "version": 171}
{"obj": {"type": "LogStrings", "path": ["monitoring", "3e9cd85a", "stderr"], "values": [{"value": "\n", "step": null, "ts": 1682012862.009859}]}, "version": 172}
{"obj": {"type": "LogStrings", "path": ["monitoring", "3e9cd85a", "stderr"], "values": [{"value": "\r25it [00:40,  1.58s/it]", "step": null, "ts": 1682012862.0101218}]}, "version": 173}
{"obj": {"type": "LogStrings", "path": ["monitoring", "3e9cd85a", "stderr"], "values": [{"value": "\u001b[A", "step": null, "ts": 1682012862.010713}]}, "version": 174}
{"obj": {"type": "LogStrings", "path": ["monitoring", "3e9cd85a", "stderr"], "values": [{"value": "\n", "step": null, "ts": 1682012862.9004133}]}, "version": 175}
{"obj": {"type": "LogStrings", "path": ["monitoring", "3e9cd85a", "stderr"], "values": [{"value": "\r26it [00:41,  1.37s/it]", "step": null, "ts": 1682012862.9009454}]}, "version": 176}
{"obj": {"type": "LogStrings", "path": ["monitoring", "3e9cd85a", "stderr"], "values": [{"value": "\u001b[A", "step": null, "ts": 1682012862.901033}]}, "version": 177}
{"obj": {"type": "LogStrings", "path": ["monitoring", "3e9cd85a", "stderr"], "values": [{"value": "\n", "step": null, "ts": 1682012866.1551108}]}, "version": 178}
{"obj": {"type": "LogStrings", "path": ["monitoring", "3e9cd85a", "stderr"], "values": [{"value": "\r27it [00:44,  1.94s/it]", "step": null, "ts": 1682012866.1554983}]}, "version": 179}
{"obj": {"type": "LogStrings", "path": ["monitoring", "3e9cd85a", "stderr"], "values": [{"value": "\u001b[A", "step": null, "ts": 1682012866.155563}]}, "version": 180}
{"obj": {"type": "LogStrings", "path": ["monitoring", "3e9cd85a", "stderr"], "values": [{"value": "\n", "step": null, "ts": 1682012867.1878757}]}, "version": 181}
{"obj": {"type": "LogStrings", "path": ["monitoring", "3e9cd85a", "stderr"], "values": [{"value": "\r28it [00:45,  1.67s/it]", "step": null, "ts": 1682012867.188318}]}, "version": 182}
{"obj": {"type": "LogStrings", "path": ["monitoring", "3e9cd85a", "stderr"], "values": [{"value": "\u001b[A", "step": null, "ts": 1682012867.188407}]}, "version": 183}
{"obj": {"type": "LogStrings", "path": ["monitoring", "3e9cd85a", "stderr"], "values": [{"value": "\n", "step": null, "ts": 1682012867.9549918}]}, "version": 184}
{"obj": {"type": "LogStrings", "path": ["monitoring", "3e9cd85a", "stderr"], "values": [{"value": "\r29it [00:46,  1.40s/it]", "step": null, "ts": 1682012867.9600124}]}, "version": 185}
{"obj": {"type": "LogStrings", "path": ["monitoring", "3e9cd85a", "stderr"], "values": [{"value": "\u001b[A", "step": null, "ts": 1682012867.960189}]}, "version": 186}
{"obj": {"type": "LogStrings", "path": ["monitoring", "3e9cd85a", "stderr"], "values": [{"value": "\n", "step": null, "ts": 1682012869.4601636}]}, "version": 187}
{"obj": {"type": "LogStrings", "path": ["monitoring", "3e9cd85a", "stderr"], "values": [{"value": "\r30it [00:48,  1.43s/it]", "step": null, "ts": 1682012869.460724}]}, "version": 188}
{"obj": {"type": "LogStrings", "path": ["monitoring", "3e9cd85a", "stderr"], "values": [{"value": "\u001b[A", "step": null, "ts": 1682012869.4609754}]}, "version": 189}
{"obj": {"type": "LogStrings", "path": ["monitoring", "3e9cd85a", "stderr"], "values": [{"value": "\n", "step": null, "ts": 1682012870.2554488}]}, "version": 190}
{"obj": {"type": "LogStrings", "path": ["monitoring", "3e9cd85a", "stderr"], "values": [{"value": "\r31it [00:48,  1.24s/it]", "step": null, "ts": 1682012870.2568445}]}, "version": 191}
{"obj": {"type": "LogStrings", "path": ["monitoring", "3e9cd85a", "stderr"], "values": [{"value": "\u001b[A", "step": null, "ts": 1682012870.256984}]}, "version": 192}
{"obj": {"type": "LogFloats", "path": ["monitoring", "3e9cd85a", "cpu"], "values": [{"value": 18.3, "step": null, "ts": 1682012870.6613197}]}, "version": 193}
{"obj": {"type": "LogFloats", "path": ["monitoring", "3e9cd85a", "memory"], "values": [{"value": 9.667949676513672, "step": null, "ts": 1682012870.6613197}]}, "version": 194}
{"obj": {"type": "LogFloats", "path": ["monitoring", "3e9cd85a", "gpu_0"], "values": [{"value": 15.0, "step": null, "ts": 1682012870.6613197}]}, "version": 195}
{"obj": {"type": "LogFloats", "path": ["monitoring", "3e9cd85a", "gpu_memory_0"], "values": [{"value": 8.43701171875, "step": null, "ts": 1682012870.6613197}]}, "version": 196}
{"obj": {"type": "LogFloats", "path": ["monitoring", "3e9cd85a", "gpu_memory_1"], "values": [{"value": 0.06695556640625, "step": null, "ts": 1682012870.6613197}]}, "version": 197}
{"obj": {"type": "LogStrings", "path": ["monitoring", "3e9cd85a", "stderr"], "values": [{"value": "\n", "step": null, "ts": 1682012873.206626}]}, "version": 198}
{"obj": {"type": "LogStrings", "path": ["monitoring", "3e9cd85a", "stderr"], "values": [{"value": "\r32it [00:51,  1.75s/it]", "step": null, "ts": 1682012873.2069345}]}, "version": 199}
{"obj": {"type": "LogStrings", "path": ["monitoring", "3e9cd85a", "stderr"], "values": [{"value": "\u001b[A", "step": null, "ts": 1682012873.2070093}]}, "version": 200}
{"obj": {"type": "LogStrings", "path": ["monitoring", "3e9cd85a", "stderr"], "values": [{"value": "\n", "step": null, "ts": 1682012875.2837405}]}, "version": 201}
{"obj": {"type": "LogStrings", "path": ["monitoring", "3e9cd85a", "stderr"], "values": [{"value": "\r33it [00:53,  1.85s/it]", "step": null, "ts": 1682012875.2841716}]}, "version": 202}
{"obj": {"type": "LogStrings", "path": ["monitoring", "3e9cd85a", "stderr"], "values": [{"value": "\u001b[A", "step": null, "ts": 1682012875.284302}]}, "version": 203}
{"obj": {"type": "LogStrings", "path": ["monitoring", "3e9cd85a", "stderr"], "values": [{"value": "\n", "step": null, "ts": 1682012877.5337825}]}, "version": 204}
{"obj": {"type": "LogStrings", "path": ["monitoring", "3e9cd85a", "stderr"], "values": [{"value": "\r34it [00:56,  1.97s/it]", "step": null, "ts": 1682012877.534199}]}, "version": 205}
{"obj": {"type": "LogStrings", "path": ["monitoring", "3e9cd85a", "stderr"], "values": [{"value": "\u001b[A", "step": null, "ts": 1682012877.534318}]}, "version": 206}
{"obj": {"type": "LogStrings", "path": ["monitoring", "3e9cd85a", "stderr"], "values": [{"value": "\n", "step": null, "ts": 1682012879.0717301}]}, "version": 207}
{"obj": {"type": "LogStrings", "path": ["monitoring", "3e9cd85a", "stderr"], "values": [{"value": "\r35it [00:57,  1.84s/it]", "step": null, "ts": 1682012879.0720992}]}, "version": 208}
{"obj": {"type": "LogStrings", "path": ["monitoring", "3e9cd85a", "stderr"], "values": [{"value": "\u001b[A", "step": null, "ts": 1682012879.0721736}]}, "version": 209}
{"obj": {"type": "LogStrings", "path": ["monitoring", "3e9cd85a", "stderr"], "values": [{"value": "\n", "step": null, "ts": 1682012879.7985125}]}, "version": 210}
{"obj": {"type": "LogStrings", "path": ["monitoring", "3e9cd85a", "stderr"], "values": [{"value": "\r36it [00:58,  1.51s/it]", "step": null, "ts": 1682012879.798938}]}, "version": 211}
{"obj": {"type": "LogStrings", "path": ["monitoring", "3e9cd85a", "stderr"], "values": [{"value": "\u001b[A", "step": null, "ts": 1682012879.799092}]}, "version": 212}
{"obj": {"type": "LogFloats", "path": ["monitoring", "3e9cd85a", "cpu"], "values": [{"value": 17.4, "step": null, "ts": 1682012880.664498}]}, "version": 213}
{"obj": {"type": "LogFloats", "path": ["monitoring", "3e9cd85a", "memory"], "values": [{"value": 9.513065338134766, "step": null, "ts": 1682012880.664498}]}, "version": 214}
{"obj": {"type": "LogFloats", "path": ["monitoring", "3e9cd85a", "gpu_0"], "values": [{"value": 13.0, "step": null, "ts": 1682012880.664498}]}, "version": 215}
{"obj": {"type": "LogFloats", "path": ["monitoring", "3e9cd85a", "gpu_memory_0"], "values": [{"value": 8.41650390625, "step": null, "ts": 1682012880.664498}]}, "version": 216}
{"obj": {"type": "LogFloats", "path": ["monitoring", "3e9cd85a", "gpu_memory_1"], "values": [{"value": 0.06695556640625, "step": null, "ts": 1682012880.664498}]}, "version": 217}
{"obj": {"type": "LogStrings", "path": ["monitoring", "3e9cd85a", "stderr"], "values": [{"value": "\n", "step": null, "ts": 1682012881.1038804}]}, "version": 218}
{"obj": {"type": "LogStrings", "path": ["monitoring", "3e9cd85a", "stderr"], "values": [{"value": "\r37it [00:59,  1.45s/it]", "step": null, "ts": 1682012881.1042624}]}, "version": 219}
{"obj": {"type": "LogStrings", "path": ["monitoring", "3e9cd85a", "stderr"], "values": [{"value": "\u001b[A", "step": null, "ts": 1682012881.1043408}]}, "version": 220}
{"obj": {"type": "LogStrings", "path": ["monitoring", "3e9cd85a", "stderr"], "values": [{"value": "\n", "step": null, "ts": 1682012882.0660584}]}, "version": 221}
{"obj": {"type": "LogStrings", "path": ["monitoring", "3e9cd85a", "stderr"], "values": [{"value": "\r38it [01:00,  1.30s/it]", "step": null, "ts": 1682012882.0664005}]}, "version": 222}
{"obj": {"type": "LogStrings", "path": ["monitoring", "3e9cd85a", "stderr"], "values": [{"value": "\u001b[A", "step": null, "ts": 1682012882.0665283}]}, "version": 223}
{"obj": {"type": "LogStrings", "path": ["monitoring", "3e9cd85a", "stderr"], "values": [{"value": "\n", "step": null, "ts": 1682012883.6461008}]}, "version": 224}
{"obj": {"type": "LogStrings", "path": ["monitoring", "3e9cd85a", "stderr"], "values": [{"value": "\r39it [01:02,  1.38s/it]", "step": null, "ts": 1682012883.6465943}]}, "version": 225}
{"obj": {"type": "LogStrings", "path": ["monitoring", "3e9cd85a", "stderr"], "values": [{"value": "\u001b[A", "step": null, "ts": 1682012883.6466765}]}, "version": 226}
{"obj": {"type": "LogStrings", "path": ["monitoring", "3e9cd85a", "stderr"], "values": [{"value": "\n", "step": null, "ts": 1682012884.340052}]}, "version": 227}
{"obj": {"type": "LogStrings", "path": ["monitoring", "3e9cd85a", "stderr"], "values": [{"value": "\r40it [01:02,  1.18s/it]", "step": null, "ts": 1682012884.3404744}]}, "version": 228}
{"obj": {"type": "LogStrings", "path": ["monitoring", "3e9cd85a", "stderr"], "values": [{"value": "\u001b[A", "step": null, "ts": 1682012884.3407457}]}, "version": 229}
{"obj": {"type": "LogStrings", "path": ["monitoring", "3e9cd85a", "stderr"], "values": [{"value": "\n", "step": null, "ts": 1682012885.159105}]}, "version": 230}
{"obj": {"type": "LogStrings", "path": ["monitoring", "3e9cd85a", "stderr"], "values": [{"value": "\r41it [01:03,  1.07s/it]", "step": null, "ts": 1682012885.1595492}]}, "version": 231}
{"obj": {"type": "LogStrings", "path": ["monitoring", "3e9cd85a", "stderr"], "values": [{"value": "\u001b[A", "step": null, "ts": 1682012885.1596239}]}, "version": 232}
{"obj": {"type": "LogStrings", "path": ["monitoring", "3e9cd85a", "stderr"], "values": [{"value": "\n", "step": null, "ts": 1682012889.8088646}]}, "version": 233}
{"obj": {"type": "LogStrings", "path": ["monitoring", "3e9cd85a", "stderr"], "values": [{"value": "\r42it [01:08,  2.14s/it]", "step": null, "ts": 1682012889.8139246}]}, "version": 234}
{"obj": {"type": "LogStrings", "path": ["monitoring", "3e9cd85a", "stderr"], "values": [{"value": "\u001b[A", "step": null, "ts": 1682012889.8146794}]}, "version": 235}
{"obj": {"type": "LogFloats", "path": ["monitoring", "3e9cd85a", "cpu"], "values": [{"value": 20.7, "step": null, "ts": 1682012890.6668608}]}, "version": 236}
{"obj": {"type": "LogFloats", "path": ["monitoring", "3e9cd85a", "memory"], "values": [{"value": 9.373004913330078, "step": null, "ts": 1682012890.6668608}]}, "version": 237}
{"obj": {"type": "LogFloats", "path": ["monitoring", "3e9cd85a", "gpu_0"], "values": [{"value": 17.0, "step": null, "ts": 1682012890.6668608}]}, "version": 238}
{"obj": {"type": "LogFloats", "path": ["monitoring", "3e9cd85a", "gpu_memory_0"], "values": [{"value": 8.437255859375, "step": null, "ts": 1682012890.6668608}]}, "version": 239}
{"obj": {"type": "LogFloats", "path": ["monitoring", "3e9cd85a", "gpu_memory_1"], "values": [{"value": 0.06695556640625, "step": null, "ts": 1682012890.6668608}]}, "version": 240}
{"obj": {"type": "LogStrings", "path": ["monitoring", "3e9cd85a", "stderr"], "values": [{"value": "\n", "step": null, "ts": 1682012890.9965215}]}, "version": 241}
{"obj": {"type": "LogStrings", "path": ["monitoring", "3e9cd85a", "stderr"], "values": [{"value": "\r43it [01:09,  1.86s/it]", "step": null, "ts": 1682012890.9970317}]}, "version": 242}
{"obj": {"type": "LogStrings", "path": ["monitoring", "3e9cd85a", "stderr"], "values": [{"value": "\u001b[A", "step": null, "ts": 1682012890.9973342}]}, "version": 243}
{"obj": {"type": "LogStrings", "path": ["monitoring", "3e9cd85a", "stderr"], "values": [{"value": "\n", "step": null, "ts": 1682012896.622396}]}, "version": 244}
{"obj": {"type": "LogStrings", "path": ["monitoring", "3e9cd85a", "stderr"], "values": [{"value": "\r44it [01:15,  2.99s/it]", "step": null, "ts": 1682012896.6228764}]}, "version": 245}
{"obj": {"type": "LogStrings", "path": ["monitoring", "3e9cd85a", "stderr"], "values": [{"value": "\u001b[A", "step": null, "ts": 1682012896.6229556}]}, "version": 246}
{"obj": {"type": "LogFloats", "path": ["monitoring", "3e9cd85a", "cpu"], "values": [{"value": 21.0, "step": null, "ts": 1682012900.6696799}]}, "version": 247}
{"obj": {"type": "LogFloats", "path": ["monitoring", "3e9cd85a", "memory"], "values": [{"value": 11.752166748046875, "step": null, "ts": 1682012900.6696799}]}, "version": 248}
{"obj": {"type": "LogFloats", "path": ["monitoring", "3e9cd85a", "gpu_0"], "values": [{"value": 13.0, "step": null, "ts": 1682012900.6696799}]}, "version": 249}
{"obj": {"type": "LogFloats", "path": ["monitoring", "3e9cd85a", "gpu_memory_0"], "values": [{"value": 8.4185791015625, "step": null, "ts": 1682012900.6696799}]}, "version": 250}
{"obj": {"type": "LogFloats", "path": ["monitoring", "3e9cd85a", "gpu_memory_1"], "values": [{"value": 0.06695556640625, "step": null, "ts": 1682012900.6696799}]}, "version": 251}
{"obj": {"type": "LogStrings", "path": ["monitoring", "3e9cd85a", "stderr"], "values": [{"value": "\n", "step": null, "ts": 1682012903.0215945}]}, "version": 252}
{"obj": {"type": "LogStrings", "path": ["monitoring", "3e9cd85a", "stderr"], "values": [{"value": "\r45it [01:21,  4.01s/it]", "step": null, "ts": 1682012903.0219915}]}, "version": 253}
{"obj": {"type": "LogStrings", "path": ["monitoring", "3e9cd85a", "stderr"], "values": [{"value": "\u001b[A", "step": null, "ts": 1682012903.0221128}]}, "version": 254}
{"obj": {"type": "LogStrings", "path": ["monitoring", "3e9cd85a", "stderr"], "values": [{"value": "\n", "step": null, "ts": 1682012904.6186795}]}, "version": 255}
{"obj": {"type": "LogStrings", "path": ["monitoring", "3e9cd85a", "stderr"], "values": [{"value": "\r46it [01:23,  3.29s/it]", "step": null, "ts": 1682012904.6190944}]}, "version": 256}
{"obj": {"type": "LogStrings", "path": ["monitoring", "3e9cd85a", "stderr"], "values": [{"value": "\u001b[A", "step": null, "ts": 1682012904.6192558}]}, "version": 257}
{"obj": {"type": "LogStrings", "path": ["monitoring", "3e9cd85a", "stderr"], "values": [{"value": "\n", "step": null, "ts": 1682012906.8250673}]}, "version": 258}
{"obj": {"type": "LogStrings", "path": ["monitoring", "3e9cd85a", "stderr"], "values": [{"value": "\r47it [01:25,  2.96s/it]", "step": null, "ts": 1682012906.8253129}]}, "version": 259}
{"obj": {"type": "LogStrings", "path": ["monitoring", "3e9cd85a", "stderr"], "values": [{"value": "\u001b[A", "step": null, "ts": 1682012906.8253903}]}, "version": 260}
{"obj": {"type": "LogStrings", "path": ["monitoring", "3e9cd85a", "stderr"], "values": [{"value": "\n", "step": null, "ts": 1682012907.6362798}]}, "version": 261}
{"obj": {"type": "LogStrings", "path": ["monitoring", "3e9cd85a", "stderr"], "values": [{"value": "\r48it [01:26,  2.32s/it]", "step": null, "ts": 1682012907.636573}]}, "version": 262}
{"obj": {"type": "LogStrings", "path": ["monitoring", "3e9cd85a", "stderr"], "values": [{"value": "\u001b[A", "step": null, "ts": 1682012907.6366458}]}, "version": 263}
{"obj": {"type": "LogStrings", "path": ["monitoring", "3e9cd85a", "stderr"], "values": [{"value": "\n", "step": null, "ts": 1682012908.3318193}]}, "version": 264}
{"obj": {"type": "LogStrings", "path": ["monitoring", "3e9cd85a", "stderr"], "values": [{"value": "\r49it [01:26,  1.83s/it]", "step": null, "ts": 1682012908.3321848}]}, "version": 265}
{"obj": {"type": "LogStrings", "path": ["monitoring", "3e9cd85a", "stderr"], "values": [{"value": "\u001b[A", "step": null, "ts": 1682012908.3323047}]}, "version": 266}
{"obj": {"type": "LogStrings", "path": ["monitoring", "3e9cd85a", "stderr"], "values": [{"value": "\n", "step": null, "ts": 1682012909.2885334}]}, "version": 267}
{"obj": {"type": "LogStrings", "path": ["monitoring", "3e9cd85a", "stderr"], "values": [{"value": "\r50it [01:27,  1.57s/it]", "step": null, "ts": 1682012909.2889316}]}, "version": 268}
{"obj": {"type": "LogStrings", "path": ["monitoring", "3e9cd85a", "stderr"], "values": [{"value": "\u001b[A", "step": null, "ts": 1682012909.2890985}]}, "version": 269}
{"obj": {"type": "LogFloats", "path": ["monitoring", "3e9cd85a", "cpu"], "values": [{"value": 20.4, "step": null, "ts": 1682012910.672106}]}, "version": 270}
{"obj": {"type": "LogFloats", "path": ["monitoring", "3e9cd85a", "memory"], "values": [{"value": 9.28335189819336, "step": null, "ts": 1682012910.672106}]}, "version": 271}
{"obj": {"type": "LogFloats", "path": ["monitoring", "3e9cd85a", "gpu_0"], "values": [{"value": 12.0, "step": null, "ts": 1682012910.672106}]}, "version": 272}
{"obj": {"type": "LogFloats", "path": ["monitoring", "3e9cd85a", "gpu_memory_0"], "values": [{"value": 8.4144287109375, "step": null, "ts": 1682012910.672106}]}, "version": 273}
{"obj": {"type": "LogFloats", "path": ["monitoring", "3e9cd85a", "gpu_memory_1"], "values": [{"value": 0.06695556640625, "step": null, "ts": 1682012910.672106}]}, "version": 274}
{"obj": {"type": "LogStrings", "path": ["monitoring", "3e9cd85a", "stderr"], "values": [{"value": "\n", "step": null, "ts": 1682012911.3393831}]}, "version": 275}
{"obj": {"type": "LogStrings", "path": ["monitoring", "3e9cd85a", "stderr"], "values": [{"value": "\r51it [01:29,  1.71s/it]", "step": null, "ts": 1682012911.339797}]}, "version": 276}
{"obj": {"type": "LogStrings", "path": ["monitoring", "3e9cd85a", "stderr"], "values": [{"value": "\u001b[A", "step": null, "ts": 1682012911.3398764}]}, "version": 277}
{"obj": {"type": "LogStrings", "path": ["monitoring", "3e9cd85a", "stderr"], "values": [{"value": "\n", "step": null, "ts": 1682012912.451314}]}, "version": 278}
{"obj": {"type": "LogStrings", "path": ["monitoring", "3e9cd85a", "stderr"], "values": [{"value": "\r52it [01:31,  1.53s/it]", "step": null, "ts": 1682012912.4518461}]}, "version": 279}
{"obj": {"type": "LogStrings", "path": ["monitoring", "3e9cd85a", "stderr"], "values": [{"value": "\u001b[A", "step": null, "ts": 1682012912.4521663}]}, "version": 280}
{"obj": {"type": "LogStrings", "path": ["monitoring", "3e9cd85a", "stderr"], "values": [{"value": "\n", "step": null, "ts": 1682012913.4635866}]}, "version": 281}
{"obj": {"type": "LogStrings", "path": ["monitoring", "3e9cd85a", "stderr"], "values": [{"value": "\r53it [01:32,  1.38s/it]", "step": null, "ts": 1682012913.4639246}]}, "version": 282}
{"obj": {"type": "LogStrings", "path": ["monitoring", "3e9cd85a", "stderr"], "values": [{"value": "\u001b[A", "step": null, "ts": 1682012913.464}]}, "version": 283}
{"obj": {"type": "LogStrings", "path": ["monitoring", "3e9cd85a", "stderr"], "values": [{"value": "\n", "step": null, "ts": 1682012914.273943}]}, "version": 284}
{"obj": {"type": "LogStrings", "path": ["monitoring", "3e9cd85a", "stderr"], "values": [{"value": "\r54it [01:32,  1.21s/it]", "step": null, "ts": 1682012914.2743368}]}, "version": 285}
{"obj": {"type": "LogStrings", "path": ["monitoring", "3e9cd85a", "stderr"], "values": [{"value": "\u001b[A", "step": null, "ts": 1682012914.2744668}]}, "version": 286}
{"obj": {"type": "LogStrings", "path": ["monitoring", "3e9cd85a", "stderr"], "values": [{"value": "\n", "step": null, "ts": 1682012915.0826588}]}, "version": 287}
{"obj": {"type": "LogStrings", "path": ["monitoring", "3e9cd85a", "stderr"], "values": [{"value": "\r55it [01:33,  1.09s/it]", "step": null, "ts": 1682012915.0828865}]}, "version": 288}
{"obj": {"type": "LogStrings", "path": ["monitoring", "3e9cd85a", "stderr"], "values": [{"value": "\u001b[A", "step": null, "ts": 1682012915.0829544}]}, "version": 289}
{"obj": {"type": "LogStrings", "path": ["monitoring", "3e9cd85a", "stderr"], "values": [{"value": "\n", "step": null, "ts": 1682012915.8737745}]}, "version": 290}
{"obj": {"type": "LogStrings", "path": ["monitoring", "3e9cd85a", "stderr"], "values": [{"value": "\r56it [01:34,  1.00it/s]", "step": null, "ts": 1682012915.8743124}]}, "version": 291}
{"obj": {"type": "LogStrings", "path": ["monitoring", "3e9cd85a", "stderr"], "values": [{"value": "\u001b[A", "step": null, "ts": 1682012915.874467}]}, "version": 292}
{"obj": {"type": "LogStrings", "path": ["monitoring", "3e9cd85a", "stderr"], "values": [{"value": "\n", "step": null, "ts": 1682012916.4631402}]}, "version": 293}
{"obj": {"type": "LogStrings", "path": ["monitoring", "3e9cd85a", "stderr"], "values": [{"value": "\r57it [01:35,  1.14it/s]", "step": null, "ts": 1682012916.4635031}]}, "version": 294}
{"obj": {"type": "LogStrings", "path": ["monitoring", "3e9cd85a", "stderr"], "values": [{"value": "\u001b[A", "step": null, "ts": 1682012916.463576}]}, "version": 295}
{"obj": {"type": "LogStrings", "path": ["monitoring", "3e9cd85a", "stderr"], "values": [{"value": "\n", "step": null, "ts": 1682012917.3136463}]}, "version": 296}
{"obj": {"type": "LogStrings", "path": ["monitoring", "3e9cd85a", "stderr"], "values": [{"value": "\r58it [01:35,  1.15it/s]", "step": null, "ts": 1682012917.3140545}]}, "version": 297}
{"obj": {"type": "LogStrings", "path": ["monitoring", "3e9cd85a", "stderr"], "values": [{"value": "\u001b[A", "step": null, "ts": 1682012917.3141792}]}, "version": 298}
{"obj": {"type": "LogStrings", "path": ["monitoring", "3e9cd85a", "stderr"], "values": [{"value": "\n", "step": null, "ts": 1682012918.4877872}]}, "version": 299}
{"obj": {"type": "LogStrings", "path": ["monitoring", "3e9cd85a", "stderr"], "values": [{"value": "\r59it [01:37,  1.04it/s]", "step": null, "ts": 1682012918.4882135}]}, "version": 300}
{"obj": {"type": "LogStrings", "path": ["monitoring", "3e9cd85a", "stderr"], "values": [{"value": "\u001b[A", "step": null, "ts": 1682012918.4882953}]}, "version": 301}
{"obj": {"type": "LogStrings", "path": ["monitoring", "3e9cd85a", "stderr"], "values": [{"value": "\n", "step": null, "ts": 1682012919.466242}]}, "version": 302}
{"obj": {"type": "LogStrings", "path": ["monitoring", "3e9cd85a", "stderr"], "values": [{"value": "\r60it [01:38,  1.04it/s]", "step": null, "ts": 1682012919.4665143}]}, "version": 303}
{"obj": {"type": "LogStrings", "path": ["monitoring", "3e9cd85a", "stderr"], "values": [{"value": "\u001b[A", "step": null, "ts": 1682012919.4665828}]}, "version": 304}
{"obj": {"type": "LogFloats", "path": ["monitoring", "3e9cd85a", "cpu"], "values": [{"value": 18.3, "step": null, "ts": 1682012920.6744518}]}, "version": 305}
{"obj": {"type": "LogFloats", "path": ["monitoring", "3e9cd85a", "memory"], "values": [{"value": 9.529003143310547, "step": null, "ts": 1682012920.6744518}]}, "version": 306}
{"obj": {"type": "LogFloats", "path": ["monitoring", "3e9cd85a", "gpu_0"], "values": [{"value": 13.0, "step": null, "ts": 1682012920.6744518}]}, "version": 307}
{"obj": {"type": "LogFloats", "path": ["monitoring", "3e9cd85a", "gpu_memory_0"], "values": [{"value": 8.4141845703125, "step": null, "ts": 1682012920.6744518}]}, "version": 308}
{"obj": {"type": "LogFloats", "path": ["monitoring", "3e9cd85a", "gpu_memory_1"], "values": [{"value": 0.06695556640625, "step": null, "ts": 1682012920.6744518}]}, "version": 309}
{"obj": {"type": "LogStrings", "path": ["monitoring", "3e9cd85a", "stderr"], "values": [{"value": "\n", "step": null, "ts": 1682012921.7837613}]}, "version": 310}
{"obj": {"type": "LogStrings", "path": ["monitoring", "3e9cd85a", "stderr"], "values": [{"value": "\r61it [01:40,  1.37s/it]", "step": null, "ts": 1682012921.7843034}]}, "version": 311}
{"obj": {"type": "LogStrings", "path": ["monitoring", "3e9cd85a", "stderr"], "values": [{"value": "\u001b[A", "step": null, "ts": 1682012921.7843914}]}, "version": 312}
{"obj": {"type": "LogStrings", "path": ["monitoring", "3e9cd85a", "stderr"], "values": [{"value": "\n", "step": null, "ts": 1682012922.5037029}]}, "version": 313}
{"obj": {"type": "LogStrings", "path": ["monitoring", "3e9cd85a", "stderr"], "values": [{"value": "\r62it [01:41,  1.18s/it]", "step": null, "ts": 1682012922.5039918}]}, "version": 314}
{"obj": {"type": "LogStrings", "path": ["monitoring", "3e9cd85a", "stderr"], "values": [{"value": "\u001b[A", "step": null, "ts": 1682012922.504071}]}, "version": 315}
{"obj": {"type": "LogStrings", "path": ["monitoring", "3e9cd85a", "stderr"], "values": [{"value": "\n", "step": null, "ts": 1682012923.6117196}]}, "version": 316}
{"obj": {"type": "LogStrings", "path": ["monitoring", "3e9cd85a", "stderr"], "values": [{"value": "\r63it [01:42,  1.16s/it]", "step": null, "ts": 1682012923.61215}]}, "version": 317}
{"obj": {"type": "LogStrings", "path": ["monitoring", "3e9cd85a", "stderr"], "values": [{"value": "\u001b[A", "step": null, "ts": 1682012923.612229}]}, "version": 318}
{"obj": {"type": "LogStrings", "path": ["monitoring", "3e9cd85a", "stderr"], "values": [{"value": "\n", "step": null, "ts": 1682012924.8442688}]}, "version": 319}
{"obj": {"type": "LogStrings", "path": ["monitoring", "3e9cd85a", "stderr"], "values": [{"value": "\r64it [01:43,  1.18s/it]", "step": null, "ts": 1682012924.8446116}]}, "version": 320}
{"obj": {"type": "LogStrings", "path": ["monitoring", "3e9cd85a", "stderr"], "values": [{"value": "\u001b[A", "step": null, "ts": 1682012924.8447208}]}, "version": 321}
{"obj": {"type": "LogStrings", "path": ["monitoring", "3e9cd85a", "stderr"], "values": [{"value": "\n", "step": null, "ts": 1682012925.4985445}]}, "version": 322}
{"obj": {"type": "LogStrings", "path": ["monitoring", "3e9cd85a", "stderr"], "values": [{"value": "\r65it [01:44,  1.02s/it]", "step": null, "ts": 1682012925.4989133}]}, "version": 323}
{"obj": {"type": "LogStrings", "path": ["monitoring", "3e9cd85a", "stderr"], "values": [{"value": "\u001b[A", "step": null, "ts": 1682012925.499046}]}, "version": 324}
{"obj": {"type": "LogStrings", "path": ["monitoring", "3e9cd85a", "stderr"], "values": [{"value": "\n", "step": null, "ts": 1682012926.2035925}]}, "version": 325}
{"obj": {"type": "LogStrings", "path": ["monitoring", "3e9cd85a", "stderr"], "values": [{"value": "\r66it [01:44,  1.08it/s]", "step": null, "ts": 1682012926.204029}]}, "version": 326}
{"obj": {"type": "LogStrings", "path": ["monitoring", "3e9cd85a", "stderr"], "values": [{"value": "\u001b[A", "step": null, "ts": 1682012926.2041168}]}, "version": 327}
{"obj": {"type": "LogStrings", "path": ["monitoring", "3e9cd85a", "stderr"], "values": [{"value": "\n", "step": null, "ts": 1682012928.4962575}]}, "version": 328}
{"obj": {"type": "LogStrings", "path": ["monitoring", "3e9cd85a", "stderr"], "values": [{"value": "\r67it [01:47,  1.34s/it]", "step": null, "ts": 1682012928.496693}]}, "version": 329}
{"obj": {"type": "LogStrings", "path": ["monitoring", "3e9cd85a", "stderr"], "values": [{"value": "\u001b[A", "step": null, "ts": 1682012928.4968305}]}, "version": 330}
{"obj": {"type": "LogStrings", "path": ["monitoring", "3e9cd85a", "stderr"], "values": [{"value": "\n", "step": null, "ts": 1682012929.3038895}]}, "version": 331}
{"obj": {"type": "LogStrings", "path": ["monitoring", "3e9cd85a", "stderr"], "values": [{"value": "\r68it [01:47,  1.18s/it]", "step": null, "ts": 1682012929.3043087}]}, "version": 332}
{"obj": {"type": "LogStrings", "path": ["monitoring", "3e9cd85a", "stderr"], "values": [{"value": "\u001b[A", "step": null, "ts": 1682012929.3044872}]}, "version": 333}
{"obj": {"type": "LogFloats", "path": ["monitoring", "3e9cd85a", "cpu"], "values": [{"value": 17.5, "step": null, "ts": 1682012930.7973666}]}, "version": 334}
{"obj": {"type": "LogFloats", "path": ["monitoring", "3e9cd85a", "memory"], "values": [{"value": 9.149185180664062, "step": null, "ts": 1682012930.7973666}]}, "version": 335}
{"obj": {"type": "LogFloats", "path": ["monitoring", "3e9cd85a", "gpu_0"], "values": [{"value": 85.0, "step": null, "ts": 1682012930.7973666}]}, "version": 336}
{"obj": {"type": "LogFloats", "path": ["monitoring", "3e9cd85a", "gpu_memory_0"], "values": [{"value": 8.4141845703125, "step": null, "ts": 1682012930.7973666}]}, "version": 337}
{"obj": {"type": "LogFloats", "path": ["monitoring", "3e9cd85a", "gpu_memory_1"], "values": [{"value": 0.06695556640625, "step": null, "ts": 1682012930.7973666}]}, "version": 338}
{"obj": {"type": "LogStrings", "path": ["monitoring", "3e9cd85a", "stderr"], "values": [{"value": "\n", "step": null, "ts": 1682012930.8063858}]}, "version": 339}
{"obj": {"type": "LogStrings", "path": ["monitoring", "3e9cd85a", "stderr"], "values": [{"value": "\r69it [01:49,  1.28s/it]", "step": null, "ts": 1682012930.8066552}]}, "version": 340}
{"obj": {"type": "LogStrings", "path": ["monitoring", "3e9cd85a", "stderr"], "values": [{"value": "\u001b[A", "step": null, "ts": 1682012930.8067381}]}, "version": 341}
{"obj": {"type": "LogStrings", "path": ["monitoring", "3e9cd85a", "stderr"], "values": [{"value": "\n", "step": null, "ts": 1682012931.554907}]}, "version": 342}
{"obj": {"type": "LogStrings", "path": ["monitoring", "3e9cd85a", "stderr"], "values": [{"value": "\r70it [01:50,  1.12s/it]", "step": null, "ts": 1682012931.5552926}]}, "version": 343}
{"obj": {"type": "LogStrings", "path": ["monitoring", "3e9cd85a", "stderr"], "values": [{"value": "\u001b[A", "step": null, "ts": 1682012931.5554109}]}, "version": 344}
{"obj": {"type": "LogStrings", "path": ["monitoring", "3e9cd85a", "stderr"], "values": [{"value": "\n", "step": null, "ts": 1682012932.2021377}]}, "version": 345}
{"obj": {"type": "LogStrings", "path": ["monitoring", "3e9cd85a", "stderr"], "values": [{"value": "\r71it [01:50,  1.02it/s]", "step": null, "ts": 1682012932.2071612}]}, "version": 346}
{"obj": {"type": "LogStrings", "path": ["monitoring", "3e9cd85a", "stderr"], "values": [{"value": "\u001b[A", "step": null, "ts": 1682012932.207877}]}, "version": 347}
{"obj": {"type": "LogFloats", "path": ["monitoring", "3e9cd85a", "cpu"], "values": [{"value": 16.8, "step": null, "ts": 1682012940.8032973}]}, "version": 348}
{"obj": {"type": "LogFloats", "path": ["monitoring", "3e9cd85a", "memory"], "values": [{"value": 9.163368225097656, "step": null, "ts": 1682012940.8032973}]}, "version": 349}
{"obj": {"type": "LogFloats", "path": ["monitoring", "3e9cd85a", "gpu_0"], "values": [{"value": 13.0, "step": null, "ts": 1682012940.8032973}]}, "version": 350}
{"obj": {"type": "LogFloats", "path": ["monitoring", "3e9cd85a", "gpu_memory_0"], "values": [{"value": 8.4195556640625, "step": null, "ts": 1682012940.8032973}]}, "version": 351}
{"obj": {"type": "LogFloats", "path": ["monitoring", "3e9cd85a", "gpu_memory_1"], "values": [{"value": 0.06695556640625, "step": null, "ts": 1682012940.8032973}]}, "version": 352}
{"obj": {"type": "LogStrings", "path": ["monitoring", "3e9cd85a", "stderr"], "values": [{"value": "\n", "step": null, "ts": 1682012941.186106}]}, "version": 353}
{"obj": {"type": "LogStrings", "path": ["monitoring", "3e9cd85a", "stderr"], "values": [{"value": "\r72it [01:59,  3.38s/it]", "step": null, "ts": 1682012941.1866038}]}, "version": 354}
{"obj": {"type": "LogStrings", "path": ["monitoring", "3e9cd85a", "stderr"], "values": [{"value": "\u001b[A", "step": null, "ts": 1682012941.186754}]}, "version": 355}
{"obj": {"type": "LogStrings", "path": ["monitoring", "3e9cd85a", "stderr"], "values": [{"value": "\n", "step": null, "ts": 1682012941.9516292}]}, "version": 356}
{"obj": {"type": "LogStrings", "path": ["monitoring", "3e9cd85a", "stderr"], "values": [{"value": "\r73it [02:00,  2.59s/it]", "step": null, "ts": 1682012941.9520686}]}, "version": 357}
{"obj": {"type": "LogStrings", "path": ["monitoring", "3e9cd85a", "stderr"], "values": [{"value": "\u001b[A", "step": null, "ts": 1682012941.9521523}]}, "version": 358}
{"obj": {"type": "LogStrings", "path": ["monitoring", "3e9cd85a", "stderr"], "values": [{"value": "\n", "step": null, "ts": 1682012943.6943185}]}, "version": 359}
{"obj": {"type": "LogStrings", "path": ["monitoring", "3e9cd85a", "stderr"], "values": [{"value": "\r74it [02:02,  2.34s/it]", "step": null, "ts": 1682012943.6948066}]}, "version": 360}
{"obj": {"type": "LogStrings", "path": ["monitoring", "3e9cd85a", "stderr"], "values": [{"value": "\u001b[A", "step": null, "ts": 1682012943.6950827}]}, "version": 361}
{"obj": {"type": "LogStrings", "path": ["monitoring", "3e9cd85a", "stderr"], "values": [{"value": "\n", "step": null, "ts": 1682012944.3047273}]}, "version": 362}
{"obj": {"type": "LogStrings", "path": ["monitoring", "3e9cd85a", "stderr"], "values": [{"value": "\r75it [02:02,  1.82s/it]", "step": null, "ts": 1682012944.3049843}]}, "version": 363}
{"obj": {"type": "LogStrings", "path": ["monitoring", "3e9cd85a", "stderr"], "values": [{"value": "\u001b[A", "step": null, "ts": 1682012944.3050892}]}, "version": 364}
{"obj": {"type": "LogStrings", "path": ["monitoring", "3e9cd85a", "stderr"], "values": [{"value": "\n", "step": null, "ts": 1682012945.5719824}]}, "version": 365}
{"obj": {"type": "LogStrings", "path": ["monitoring", "3e9cd85a", "stderr"], "values": [{"value": "\r76it [02:04,  1.65s/it]", "step": null, "ts": 1682012945.5723834}]}, "version": 366}
{"obj": {"type": "LogStrings", "path": ["monitoring", "3e9cd85a", "stderr"], "values": [{"value": "\u001b[A", "step": null, "ts": 1682012945.5724545}]}, "version": 367}
{"obj": {"type": "LogStrings", "path": ["monitoring", "3e9cd85a", "stderr"], "values": [{"value": "\n", "step": null, "ts": 1682012946.7574573}]}, "version": 368}
{"obj": {"type": "LogStrings", "path": ["monitoring", "3e9cd85a", "stderr"], "values": [{"value": "\r77it [02:05,  1.51s/it]", "step": null, "ts": 1682012946.757835}]}, "version": 369}
{"obj": {"type": "LogStrings", "path": ["monitoring", "3e9cd85a", "stderr"], "values": [{"value": "\u001b[A", "step": null, "ts": 1682012946.7579057}]}, "version": 370}
{"obj": {"type": "LogStrings", "path": ["monitoring", "3e9cd85a", "stderr"], "values": [{"value": "\n", "step": null, "ts": 1682012947.8505104}]}, "version": 371}
{"obj": {"type": "LogStrings", "path": ["monitoring", "3e9cd85a", "stderr"], "values": [{"value": "\r78it [02:06,  1.39s/it]", "step": null, "ts": 1682012947.8510475}]}, "version": 372}
{"obj": {"type": "LogStrings", "path": ["monitoring", "3e9cd85a", "stderr"], "values": [{"value": "\u001b[A", "step": null, "ts": 1682012947.8511467}]}, "version": 373}
{"obj": {"type": "LogStrings", "path": ["monitoring", "3e9cd85a", "stderr"], "values": [{"value": "\n", "step": null, "ts": 1682012948.6399426}]}, "version": 374}
{"obj": {"type": "LogStrings", "path": ["monitoring", "3e9cd85a", "stderr"], "values": [{"value": "\r79it [02:07,  1.21s/it]", "step": null, "ts": 1682012948.640313}]}, "version": 375}
{"obj": {"type": "LogStrings", "path": ["monitoring", "3e9cd85a", "stderr"], "values": [{"value": "\u001b[A", "step": null, "ts": 1682012948.6403954}]}, "version": 376}
{"obj": {"type": "LogFloats", "path": ["monitoring", "3e9cd85a", "cpu"], "values": [{"value": 18.4, "step": null, "ts": 1682012950.80529}]}, "version": 377}
{"obj": {"type": "LogFloats", "path": ["monitoring", "3e9cd85a", "memory"], "values": [{"value": 9.646316528320312, "step": null, "ts": 1682012950.80529}]}, "version": 378}
{"obj": {"type": "LogFloats", "path": ["monitoring", "3e9cd85a", "gpu_0"], "values": [{"value": 14.0, "step": null, "ts": 1682012950.80529}]}, "version": 379}
{"obj": {"type": "LogFloats", "path": ["monitoring", "3e9cd85a", "gpu_memory_0"], "values": [{"value": 8.47906494140625, "step": null, "ts": 1682012950.80529}]}, "version": 380}
{"obj": {"type": "LogFloats", "path": ["monitoring", "3e9cd85a", "gpu_memory_1"], "values": [{"value": 0.06695556640625, "step": null, "ts": 1682012950.80529}]}, "version": 381}
{"obj": {"type": "LogStrings", "path": ["monitoring", "3e9cd85a", "stderr"], "values": [{"value": "\n", "step": null, "ts": 1682012951.8096576}]}, "version": 382}
{"obj": {"type": "LogStrings", "path": ["monitoring", "3e9cd85a", "stderr"], "values": [{"value": "\r80it [02:10,  1.80s/it]", "step": null, "ts": 1682012951.8101056}]}, "version": 383}
{"obj": {"type": "LogStrings", "path": ["monitoring", "3e9cd85a", "stderr"], "values": [{"value": "\u001b[A", "step": null, "ts": 1682012951.8101876}]}, "version": 384}
{"obj": {"type": "LogStrings", "path": ["monitoring", "3e9cd85a", "stderr"], "values": [{"value": "\n", "step": null, "ts": 1682012953.4758632}]}, "version": 385}
{"obj": {"type": "LogStrings", "path": ["monitoring", "3e9cd85a", "stderr"], "values": [{"value": "\r81it [02:12,  1.76s/it]", "step": null, "ts": 1682012953.4763145}]}, "version": 386}
{"obj": {"type": "LogStrings", "path": ["monitoring", "3e9cd85a", "stderr"], "values": [{"value": "\u001b[A", "step": null, "ts": 1682012953.4764125}]}, "version": 387}
{"obj": {"type": "LogStrings", "path": ["monitoring", "3e9cd85a", "stderr"], "values": [{"value": "\n", "step": null, "ts": 1682012954.4733052}]}, "version": 388}
{"obj": {"type": "LogStrings", "path": ["monitoring", "3e9cd85a", "stderr"], "values": [{"value": "\r82it [02:13,  1.53s/it]", "step": null, "ts": 1682012954.473758}]}, "version": 389}
{"obj": {"type": "LogStrings", "path": ["monitoring", "3e9cd85a", "stderr"], "values": [{"value": "\u001b[A", "step": null, "ts": 1682012954.473883}]}, "version": 390}
{"obj": {"type": "LogFloats", "path": ["monitoring", "3e9cd85a", "cpu"], "values": [{"value": 16.4, "step": null, "ts": 1682012960.807573}]}, "version": 391}
{"obj": {"type": "LogFloats", "path": ["monitoring", "3e9cd85a", "memory"], "values": [{"value": 12.56131362915039, "step": null, "ts": 1682012960.807573}]}, "version": 392}
{"obj": {"type": "LogFloats", "path": ["monitoring", "3e9cd85a", "gpu_0"], "values": [{"value": 14.0, "step": null, "ts": 1682012960.807573}]}, "version": 393}
{"obj": {"type": "LogFloats", "path": ["monitoring", "3e9cd85a", "gpu_memory_0"], "values": [{"value": 8.48712158203125, "step": null, "ts": 1682012960.807573}]}, "version": 394}
{"obj": {"type": "LogFloats", "path": ["monitoring", "3e9cd85a", "gpu_memory_1"], "values": [{"value": 0.06695556640625, "step": null, "ts": 1682012960.807573}]}, "version": 395}
{"obj": {"type": "LogStrings", "path": ["monitoring", "3e9cd85a", "stderr"], "values": [{"value": "\n", "step": null, "ts": 1682012968.085881}]}, "version": 396}
{"obj": {"type": "LogStrings", "path": ["monitoring", "3e9cd85a", "stderr"], "values": [{"value": "\r83it [02:26,  5.15s/it]", "step": null, "ts": 1682012968.0910647}]}, "version": 397}
{"obj": {"type": "LogStrings", "path": ["monitoring", "3e9cd85a", "stderr"], "values": [{"value": "\u001b[A", "step": null, "ts": 1682012968.0919113}]}, "version": 398}
{"obj": {"type": "LogStrings", "path": ["monitoring", "3e9cd85a", "stderr"], "values": [{"value": "\n", "step": null, "ts": 1682012968.9979868}]}, "version": 399}
{"obj": {"type": "LogStrings", "path": ["monitoring", "3e9cd85a", "stderr"], "values": [{"value": "\r84it [02:27,  3.88s/it]", "step": null, "ts": 1682012968.9982743}]}, "version": 400}
{"obj": {"type": "LogStrings", "path": ["monitoring", "3e9cd85a", "stderr"], "values": [{"value": "\u001b[A", "step": null, "ts": 1682012968.9983556}]}, "version": 401}
{"obj": {"type": "LogStrings", "path": ["monitoring", "3e9cd85a", "stderr"], "values": [{"value": "\n", "step": null, "ts": 1682012969.954883}]}, "version": 402}
{"obj": {"type": "LogStrings", "path": ["monitoring", "3e9cd85a", "stderr"], "values": [{"value": "\r85it [02:28,  3.00s/it]", "step": null, "ts": 1682012969.9553208}]}, "version": 403}
{"obj": {"type": "LogStrings", "path": ["monitoring", "3e9cd85a", "stderr"], "values": [{"value": "\u001b[A", "step": null, "ts": 1682012969.9554636}]}, "version": 404}
{"obj": {"type": "LogStrings", "path": ["monitoring", "3e9cd85a", "stderr"], "values": [{"value": "\n", "step": null, "ts": 1682012970.7564316}]}, "version": 405}
{"obj": {"type": "LogStrings", "path": ["monitoring", "3e9cd85a", "stderr"], "values": [{"value": "\r86it [02:29,  2.34s/it]", "step": null, "ts": 1682012970.7568305}]}, "version": 406}
{"obj": {"type": "LogStrings", "path": ["monitoring", "3e9cd85a", "stderr"], "values": [{"value": "\u001b[A", "step": null, "ts": 1682012970.7569575}]}, "version": 407}
{"obj": {"type": "LogFloats", "path": ["monitoring", "3e9cd85a", "cpu"], "values": [{"value": 16.6, "step": null, "ts": 1682012970.8098106}]}, "version": 408}
{"obj": {"type": "LogFloats", "path": ["monitoring", "3e9cd85a", "memory"], "values": [{"value": 9.111583709716797, "step": null, "ts": 1682012970.8098106}]}, "version": 409}
{"obj": {"type": "LogFloats", "path": ["monitoring", "3e9cd85a", "gpu_0"], "values": [{"value": 73.0, "step": null, "ts": 1682012970.8098106}]}, "version": 410}
{"obj": {"type": "LogFloats", "path": ["monitoring", "3e9cd85a", "gpu_memory_0"], "values": [{"value": 8.4898681640625, "step": null, "ts": 1682012970.8098106}]}, "version": 411}
{"obj": {"type": "LogFloats", "path": ["monitoring", "3e9cd85a", "gpu_memory_1"], "values": [{"value": 0.06695556640625, "step": null, "ts": 1682012970.8098106}]}, "version": 412}
{"obj": {"type": "LogStrings", "path": ["monitoring", "3e9cd85a", "stderr"], "values": [{"value": "\n", "step": null, "ts": 1682012971.8733418}]}, "version": 413}
{"obj": {"type": "LogStrings", "path": ["monitoring", "3e9cd85a", "stderr"], "values": [{"value": "\r87it [02:30,  1.98s/it]", "step": null, "ts": 1682012971.8736436}]}, "version": 414}
{"obj": {"type": "LogStrings", "path": ["monitoring", "3e9cd85a", "stderr"], "values": [{"value": "\u001b[A", "step": null, "ts": 1682012971.8737054}]}, "version": 415}
{"obj": {"type": "LogStrings", "path": ["monitoring", "3e9cd85a", "stderr"], "values": [{"value": "\n", "step": null, "ts": 1682012972.6676524}]}, "version": 416}
{"obj": {"type": "LogStrings", "path": ["monitoring", "3e9cd85a", "stderr"], "values": [{"value": "\r88it [02:31,  1.62s/it]", "step": null, "ts": 1682012972.668062}]}, "version": 417}
{"obj": {"type": "LogStrings", "path": ["monitoring", "3e9cd85a", "stderr"], "values": [{"value": "\u001b[A", "step": null, "ts": 1682012972.6681406}]}, "version": 418}
{"obj": {"type": "LogStrings", "path": ["monitoring", "3e9cd85a", "stderr"], "values": [{"value": "\n", "step": null, "ts": 1682012973.4069233}]}, "version": 419}
{"obj": {"type": "LogStrings", "path": ["monitoring", "3e9cd85a", "stderr"], "values": [{"value": "\r89it [02:32,  1.36s/it]", "step": null, "ts": 1682012973.4073765}]}, "version": 420}
{"obj": {"type": "LogStrings", "path": ["monitoring", "3e9cd85a", "stderr"], "values": [{"value": "\u001b[A", "step": null, "ts": 1682012973.4074664}]}, "version": 421}
{"obj": {"type": "LogStrings", "path": ["monitoring", "3e9cd85a", "stderr"], "values": [{"value": "\n", "step": null, "ts": 1682012974.1827693}]}, "version": 422}
{"obj": {"type": "LogStrings", "path": ["monitoring", "3e9cd85a", "stderr"], "values": [{"value": "\r90it [02:32,  1.18s/it]", "step": null, "ts": 1682012974.1833503}]}, "version": 423}
{"obj": {"type": "LogStrings", "path": ["monitoring", "3e9cd85a", "stderr"], "values": [{"value": "\u001b[A", "step": null, "ts": 1682012974.1835425}]}, "version": 424}
{"obj": {"type": "LogStrings", "path": ["monitoring", "3e9cd85a", "stderr"], "values": [{"value": "", "step": null, "ts": 1682012974.1837025}]}, "version": 425}
{"obj": {"type": "LogStrings", "path": ["monitoring", "3e9cd85a", "stderr"], "values": [{"value": "\r90it [02:32,  1.70s/it]", "step": null, "ts": 1682012974.1837952}]}, "version": 426}
{"obj": {"type": "LogStrings", "path": ["monitoring", "3e9cd85a", "stderr"], "values": [{"value": "\n", "step": null, "ts": 1682012974.1838615}]}, "version": 427}
{"obj": {"type": "LogFloats", "path": ["train", "loss"], "values": [{"value": 1.23614462448491, "step": null, "ts": 1682012974.1841187}]}, "version": 428}
{"obj": {"type": "LogFloats", "path": ["train", "loss_sce"], "values": [{"value": 0.24424343581000965, "step": null, "ts": 1682012974.1842296}]}, "version": 429}
{"obj": {"type": "LogFloats", "path": ["train", "loss_mc"], "values": [{"value": 0.8982787236778272, "step": null, "ts": 1682012974.184285}]}, "version": 430}
{"obj": {"type": "LogFloats", "path": ["train", "loss_smooth"], "values": [{"value": 0.02246261994205325, "step": null, "ts": 1682012974.1843355}]}, "version": 431}
{"obj": {"type": "LogFloats", "path": ["train", "loss_sparse"], "values": [{"value": 0.07115984537962908, "step": null, "ts": 1682012974.1843827}]}, "version": 432}
{"obj": {"type": "LogFloats", "path": ["train", "loss_con_sum"], "values": [{"value": 748.9267664803399, "step": null, "ts": 1682012974.1844318}]}, "version": 433}
{"obj": {"type": "LogFloats", "path": ["train", "loss_con_n_sum"], "values": [{"value": 68.15528792805142, "step": null, "ts": 1682012974.1844797}]}, "version": 434}
{"obj": {"type": "LogFloats", "path": ["train", "loss_con_a_sum"], "values": [{"value": 81.19661689864265, "step": null, "ts": 1682012974.1845272}]}, "version": 435}
{"obj": {"type": "LogStrings", "path": ["monitoring", "3e9cd85a", "stderr"], "values": [{"value": "\n", "step": null, "ts": 1682012974.1934397}]}, "version": 436}
{"obj": {"type": "LogStrings", "path": ["monitoring", "3e9cd85a", "stderr"], "values": [{"value": "\r0it [00:00, ?it/s]", "step": null, "ts": 1682012974.194098}]}, "version": 437}
{"obj": {"type": "LogStrings", "path": ["monitoring", "3e9cd85a", "stderr"], "values": [{"value": "\u001b[A", "step": null, "ts": 1682012974.194391}]}, "version": 438}
{"obj": {"type": "LogStrings", "path": ["monitoring", "3e9cd85a", "stderr"], "values": [{"value": "\n", "step": null, "ts": 1682012974.7081332}]}, "version": 439}
{"obj": {"type": "LogStrings", "path": ["monitoring", "3e9cd85a", "stderr"], "values": [{"value": "\r1it [00:00,  1.94it/s]", "step": null, "ts": 1682012974.708541}]}, "version": 440}
{"obj": {"type": "LogStrings", "path": ["monitoring", "3e9cd85a", "stderr"], "values": [{"value": "\u001b[A", "step": null, "ts": 1682012974.708754}]}, "version": 441}
{"obj": {"type": "LogStrings", "path": ["monitoring", "3e9cd85a", "stderr"], "values": [{"value": "\n", "step": null, "ts": 1682012975.096407}]}, "version": 442}
{"obj": {"type": "LogStrings", "path": ["monitoring", "3e9cd85a", "stderr"], "values": [{"value": "\r2it [00:00,  2.27it/s]", "step": null, "ts": 1682012975.0966475}]}, "version": 443}
{"obj": {"type": "LogStrings", "path": ["monitoring", "3e9cd85a", "stderr"], "values": [{"value": "\u001b[A", "step": null, "ts": 1682012975.0967486}]}, "version": 444}
{"obj": {"type": "LogStrings", "path": ["monitoring", "3e9cd85a", "stderr"], "values": [{"value": "\n", "step": null, "ts": 1682012976.0514627}]}, "version": 445}
{"obj": {"type": "LogStrings", "path": ["monitoring", "3e9cd85a", "stderr"], "values": [{"value": "\r3it [00:01,  1.48it/s]", "step": null, "ts": 1682012976.0517092}]}, "version": 446}
{"obj": {"type": "LogStrings", "path": ["monitoring", "3e9cd85a", "stderr"], "values": [{"value": "\u001b[A", "step": null, "ts": 1682012976.0522187}]}, "version": 447}
{"obj": {"type": "LogStrings", "path": ["monitoring", "3e9cd85a", "stderr"], "values": [{"value": "\n", "step": null, "ts": 1682012976.8747358}]}, "version": 448}
{"obj": {"type": "LogStrings", "path": ["monitoring", "3e9cd85a", "stderr"], "values": [{"value": "\r4it [00:02,  1.36it/s]", "step": null, "ts": 1682012976.8750036}]}, "version": 449}
{"obj": {"type": "LogStrings", "path": ["monitoring", "3e9cd85a", "stderr"], "values": [{"value": "\u001b[A", "step": null, "ts": 1682012976.8750827}]}, "version": 450}
{"obj": {"type": "LogStrings", "path": ["monitoring", "3e9cd85a", "stderr"], "values": [{"value": "\n", "step": null, "ts": 1682012977.3303256}]}, "version": 451}
{"obj": {"type": "LogStrings", "path": ["monitoring", "3e9cd85a", "stderr"], "values": [{"value": "\r5it [00:03,  1.58it/s]", "step": null, "ts": 1682012977.33059}]}, "version": 452}
{"obj": {"type": "LogStrings", "path": ["monitoring", "3e9cd85a", "stderr"], "values": [{"value": "\u001b[A", "step": null, "ts": 1682012977.3307087}]}, "version": 453}
{"obj": {"type": "LogStrings", "path": ["monitoring", "3e9cd85a", "stderr"], "values": [{"value": "\n", "step": null, "ts": 1682012978.936738}]}, "version": 454}
{"obj": {"type": "LogStrings", "path": ["monitoring", "3e9cd85a", "stderr"], "values": [{"value": "\r6it [00:04,  1.04it/s]", "step": null, "ts": 1682012978.9370255}]}, "version": 455}
{"obj": {"type": "LogStrings", "path": ["monitoring", "3e9cd85a", "stderr"], "values": [{"value": "\u001b[A", "step": null, "ts": 1682012978.9375257}]}, "version": 456}
{"obj": {"type": "LogStrings", "path": ["monitoring", "3e9cd85a", "stderr"], "values": [{"value": "\n", "step": null, "ts": 1682012979.6477773}]}, "version": 457}
{"obj": {"type": "LogStrings", "path": ["monitoring", "3e9cd85a", "stderr"], "values": [{"value": "\r7it [00:05,  1.13it/s]", "step": null, "ts": 1682012979.6481194}]}, "version": 458}
{"obj": {"type": "LogStrings", "path": ["monitoring", "3e9cd85a", "stderr"], "values": [{"value": "\u001b[A", "step": null, "ts": 1682012979.6482375}]}, "version": 459}
{"obj": {"type": "LogStrings", "path": ["monitoring", "3e9cd85a", "stderr"], "values": [{"value": "\n", "step": null, "ts": 1682012980.2040193}]}, "version": 460}
{"obj": {"type": "LogStrings", "path": ["monitoring", "3e9cd85a", "stderr"], "values": [{"value": "\r8it [00:06,  1.29it/s]", "step": null, "ts": 1682012980.2043788}]}, "version": 461}
{"obj": {"type": "LogStrings", "path": ["monitoring", "3e9cd85a", "stderr"], "values": [{"value": "\u001b[A", "step": null, "ts": 1682012980.2045057}]}, "version": 462}
{"obj": {"type": "LogStrings", "path": ["monitoring", "3e9cd85a", "stderr"], "values": [{"value": "\n", "step": null, "ts": 1682012980.6635933}]}, "version": 463}
{"obj": {"type": "LogStrings", "path": ["monitoring", "3e9cd85a", "stderr"], "values": [{"value": "\r9it [00:06,  1.47it/s]", "step": null, "ts": 1682012980.6640542}]}, "version": 464}
{"obj": {"type": "LogStrings", "path": ["monitoring", "3e9cd85a", "stderr"], "values": [{"value": "\u001b[A", "step": null, "ts": 1682012980.6642098}]}, "version": 465}
{"obj": {"type": "LogFloats", "path": ["monitoring", "3e9cd85a", "cpu"], "values": [{"value": 17.7, "step": null, "ts": 1682012980.8122582}]}, "version": 466}
{"obj": {"type": "LogFloats", "path": ["monitoring", "3e9cd85a", "memory"], "values": [{"value": 9.101570129394531, "step": null, "ts": 1682012980.8122582}]}, "version": 467}
{"obj": {"type": "LogFloats", "path": ["monitoring", "3e9cd85a", "gpu_0"], "values": [{"value": 37.0, "step": null, "ts": 1682012980.8122582}]}, "version": 468}
{"obj": {"type": "LogFloats", "path": ["monitoring", "3e9cd85a", "gpu_memory_0"], "values": [{"value": 8.506591796875, "step": null, "ts": 1682012980.8122582}]}, "version": 469}
{"obj": {"type": "LogFloats", "path": ["monitoring", "3e9cd85a", "gpu_memory_1"], "values": [{"value": 0.06695556640625, "step": null, "ts": 1682012980.8122582}]}, "version": 470}
{"obj": {"type": "LogStrings", "path": ["monitoring", "3e9cd85a", "stderr"], "values": [{"value": "\n", "step": null, "ts": 1682012981.3685553}]}, "version": 471}
{"obj": {"type": "LogStrings", "path": ["monitoring", "3e9cd85a", "stderr"], "values": [{"value": "\r10it [00:07,  1.46it/s]", "step": null, "ts": 1682012981.3692317}]}, "version": 472}
{"obj": {"type": "LogStrings", "path": ["monitoring", "3e9cd85a", "stderr"], "values": [{"value": "\u001b[A", "step": null, "ts": 1682012981.3694465}]}, "version": 473}
{"obj": {"type": "LogStrings", "path": ["monitoring", "3e9cd85a", "stderr"], "values": [{"value": "", "step": null, "ts": 1682012981.3695521}]}, "version": 474}
{"obj": {"type": "LogStrings", "path": ["monitoring", "3e9cd85a", "stderr"], "values": [{"value": "\r10it [00:07,  1.39it/s]", "step": null, "ts": 1682012981.3696566}]}, "version": 475}
{"obj": {"type": "LogStrings", "path": ["monitoring", "3e9cd85a", "stderr"], "values": [{"value": "\n", "step": null, "ts": 1682012981.3697844}]}, "version": 476}
{"obj": {"type": "LogFloats", "path": ["val", "loss"], "values": [{"value": 4.771089792251587, "step": null, "ts": 1682012981.3699405}]}, "version": 477}
{"obj": {"type": "LogFloats", "path": ["val", "loss_sce"], "values": [{"value": 0.2840378642082214, "step": null, "ts": 1682012981.370053}]}, "version": 478}
{"obj": {"type": "LogFloats", "path": ["val", "loss_mc"], "values": [{"value": 4.470913362503052, "step": null, "ts": 1682012981.37013}]}, "version": 479}
{"obj": {"type": "LogFloats", "path": ["val", "loss_smooth"], "values": [{"value": 0.0007678863767068833, "step": null, "ts": 1682012981.3701854}]}, "version": 480}
{"obj": {"type": "LogFloats", "path": ["val", "loss_sparse"], "values": [{"value": 0.01537070544436574, "step": null, "ts": 1682012981.3702598}]}, "version": 481}
{"obj": {"type": "LogFloats", "path": ["val", "loss_con_sum"], "values": [{"value": 4469.302661132812, "step": null, "ts": 1682012981.3703256}]}, "version": 482}
{"obj": {"type": "LogFloats", "path": ["val", "loss_con_n_sum"], "values": [{"value": 0.7345375388860702, "step": null, "ts": 1682012981.3703766}]}, "version": 483}
{"obj": {"type": "LogFloats", "path": ["val", "loss_con_a_sum"], "values": [{"value": 0.8757738202810288, "step": null, "ts": 1682012981.3704236}]}, "version": 484}
{"obj": {"type": "LogStrings", "path": ["monitoring", "3e9cd85a", "stderr"], "values": [{"value": "\r  1%|          | 1/100 [02:40<4:24:23, 160.24s/it]", "step": null, "ts": 1682012981.6080976}]}, "version": 485}
{"obj": {"type": "LogStrings", "path": ["monitoring", "3e9cd85a", "stderr"], "values": [{"value": "\n", "step": null, "ts": 1682012981.608651}]}, "version": 486}
{"obj": {"type": "LogStrings", "path": ["monitoring", "3e9cd85a", "stderr"], "values": [{"value": "\r0it [00:00, ?it/s]", "step": null, "ts": 1682012981.6088445}]}, "version": 487}
{"obj": {"type": "LogStrings", "path": ["monitoring", "3e9cd85a", "stderr"], "values": [{"value": "\u001b[A", "step": null, "ts": 1682012981.6089544}]}, "version": 488}
{"obj": {"type": "LogStrings", "path": ["monitoring", "3e9cd85a", "stderr"], "values": [{"value": "\n", "step": null, "ts": 1682012982.4226844}]}, "version": 489}
{"obj": {"type": "LogStrings", "path": ["monitoring", "3e9cd85a", "stderr"], "values": [{"value": "\r1it [00:00,  1.23it/s]", "step": null, "ts": 1682012982.4230778}]}, "version": 490}
{"obj": {"type": "LogStrings", "path": ["monitoring", "3e9cd85a", "stderr"], "values": [{"value": "\u001b[A", "step": null, "ts": 1682012982.42321}]}, "version": 491}
{"obj": {"type": "LogStrings", "path": ["monitoring", "3e9cd85a", "stderr"], "values": [{"value": "\n", "step": null, "ts": 1682012984.176488}]}, "version": 492}
{"obj": {"type": "LogStrings", "path": ["monitoring", "3e9cd85a", "stderr"], "values": [{"value": "\r2it [00:02,  1.37s/it]", "step": null, "ts": 1682012984.1766903}]}, "version": 493}
{"obj": {"type": "LogStrings", "path": ["monitoring", "3e9cd85a", "stderr"], "values": [{"value": "\u001b[A", "step": null, "ts": 1682012984.1767874}]}, "version": 494}
{"obj": {"type": "LogStrings", "path": ["monitoring", "3e9cd85a", "stderr"], "values": [{"value": "\n", "step": null, "ts": 1682012986.6745293}]}, "version": 495}
{"obj": {"type": "LogStrings", "path": ["monitoring", "3e9cd85a", "stderr"], "values": [{"value": "\r3it [00:05,  1.88s/it]", "step": null, "ts": 1682012986.674984}]}, "version": 496}
{"obj": {"type": "LogStrings", "path": ["monitoring", "3e9cd85a", "stderr"], "values": [{"value": "\u001b[A", "step": null, "ts": 1682012986.6750653}]}, "version": 497}
