{"obj": {"type": "AssignString", "path": ["sys", "name"], "value": "Untitled"}, "version": 1}
{"obj": {"type": "AssignString", "path": ["sys", "description"], "value": ""}, "version": 2}
{"obj": {"type": "AssignString", "path": ["monitoring", "6afb5ca3", "hostname"], "value": "Marc-supercomputer"}, "version": 3}
{"obj": {"type": "AssignString", "path": ["sys", "hostname"], "value": "Marc-supercomputer"}, "version": 4}
{"obj": {"type": "AssignString", "path": ["monitoring", "6afb5ca3", "pid"], "value": "11903"}, "version": 5}
{"obj": {"type": "AssignString", "path": ["monitoring", "6afb5ca3", "tid"], "value": "139700784268352"}, "version": 6}
{"obj": {"type": "AssignBool", "path": ["sys", "failed"], "value": false}, "version": 7}
{"obj": {"type": "ClearStringLog", "path": ["monitoring", "6afb5ca3", "stdout"]}, "version": 8}
{"obj": {"type": "ClearStringLog", "path": ["monitoring", "6afb5ca3", "stderr"]}, "version": 9}
{"obj": {"type": "AssignString", "path": ["source_code", "entrypoint"], "value": "our_main.py"}, "version": 10}
{"obj": {"type": "UploadFileSet", "path": ["source_code", "files"], "file_globs": ["/home/marc/Documents/GitHub/8semester/Weakly-supervised-anomaly-detection/MGFN-main/our_main.py"], "reset": "False"}, "version": 11}
{"obj": {"type": "ConfigFloatSeries", "path": ["monitoring", "6afb5ca3", "cpu"], "min": 0.0, "max": 100.0, "unit": "%"}, "version": 12}
{"obj": {"type": "ClearFloatLog", "path": ["monitoring", "6afb5ca3", "cpu"]}, "version": 13}
{"obj": {"type": "ConfigFloatSeries", "path": ["monitoring", "6afb5ca3", "memory"], "min": 0.0, "max": 31.233211517333984, "unit": "GB"}, "version": 14}
{"obj": {"type": "ClearFloatLog", "path": ["monitoring", "6afb5ca3", "memory"]}, "version": 15}
{"obj": {"type": "ConfigFloatSeries", "path": ["monitoring", "6afb5ca3", "gpu_0"], "min": 0.0, "max": 100.0, "unit": "%"}, "version": 16}
{"obj": {"type": "ClearFloatLog", "path": ["monitoring", "6afb5ca3", "gpu_0"]}, "version": 17}
{"obj": {"type": "ConfigFloatSeries", "path": ["monitoring", "6afb5ca3", "gpu_1"], "min": 0.0, "max": 100.0, "unit": "%"}, "version": 18}
{"obj": {"type": "ClearFloatLog", "path": ["monitoring", "6afb5ca3", "gpu_1"]}, "version": 19}
{"obj": {"type": "ConfigFloatSeries", "path": ["monitoring", "6afb5ca3", "gpu_memory_0"], "min": 0.0, "max": 12.0, "unit": "GB"}, "version": 20}
{"obj": {"type": "ClearFloatLog", "path": ["monitoring", "6afb5ca3", "gpu_memory_0"]}, "version": 21}
{"obj": {"type": "ConfigFloatSeries", "path": ["monitoring", "6afb5ca3", "gpu_memory_1"], "min": 0.0, "max": 12.0, "unit": "GB"}, "version": 22}
{"obj": {"type": "ClearFloatLog", "path": ["monitoring", "6afb5ca3", "gpu_memory_1"]}, "version": 23}
{"obj": {"type": "LogFloats", "path": ["monitoring", "6afb5ca3", "cpu"], "values": [{"value": 4.9, "step": null, "ts": 1681541911.914671}]}, "version": 24}
{"obj": {"type": "LogFloats", "path": ["monitoring", "6afb5ca3", "memory"], "values": [{"value": 5.3510894775390625, "step": null, "ts": 1681541911.914671}]}, "version": 25}
{"obj": {"type": "LogFloats", "path": ["monitoring", "6afb5ca3", "gpu_0"], "values": [{"value": 1.0, "step": null, "ts": 1681541911.914671}]}, "version": 26}
{"obj": {"type": "LogFloats", "path": ["monitoring", "6afb5ca3", "gpu_memory_0"], "values": [{"value": 0.5792236328125, "step": null, "ts": 1681541911.914671}]}, "version": 27}
{"obj": {"type": "LogFloats", "path": ["monitoring", "6afb5ca3", "gpu_memory_1"], "values": [{"value": 0.06500244140625, "step": null, "ts": 1681541911.914671}]}, "version": 28}
{"obj": {"type": "AssignString", "path": ["params", "feat_extractor"], "value": "i3d"}, "version": 29}
{"obj": {"type": "AssignInt", "path": ["params", "feature_size"], "value": 2048}, "version": 30}
{"obj": {"type": "AssignInt", "path": ["params", "hiddensize"], "value": 512}, "version": 31}
{"obj": {"type": "AssignString", "path": ["params", "comment"], "value": "mgfn"}, "version": 32}
{"obj": {"type": "AssignString", "path": ["params", "local_con"], "value": "static"}, "version": 33}
{"obj": {"type": "AssignInt", "path": ["params", "head_K"], "value": 4}, "version": 34}
{"obj": {"type": "AssignInt", "path": ["params", "workers"], "value": 0}, "version": 35}
{"obj": {"type": "AssignInt", "path": ["params", "num_classes"], "value": 2}, "version": 36}
{"obj": {"type": "AssignInt", "path": ["params", "plot_freq"], "value": 10}, "version": 37}
{"obj": {"type": "AssignInt", "path": ["params", "max_epoch"], "value": 1000}, "version": 38}
{"obj": {"type": "AssignString", "path": ["params", "model_name"], "value": "mgfn"}, "version": 39}
{"obj": {"type": "AssignString", "path": ["params", "gt"], "value": "data/ucf_tencrop_1d/gt-ucf.npy"}, "version": 40}
{"obj": {"type": "AssignInt", "path": ["params", "depths1"], "value": 3}, "version": 41}
{"obj": {"type": "AssignInt", "path": ["params", "depths2"], "value": 3}, "version": 42}
{"obj": {"type": "AssignInt", "path": ["params", "depths3"], "value": 2}, "version": 43}
{"obj": {"type": "AssignString", "path": ["params", "mgfn_type1"], "value": "gb"}, "version": 44}
{"obj": {"type": "AssignString", "path": ["params", "mgfn_type2"], "value": "fb"}, "version": 45}
{"obj": {"type": "AssignString", "path": ["params", "mgfn_type3"], "value": "fb"}, "version": 46}
{"obj": {"type": "AssignFloat", "path": ["params", "dropout_rate"], "value": 0.7}, "version": 47}
{"obj": {"type": "AssignFloat", "path": ["params", "mag_ratio"], "value": 0.1}, "version": 48}
{"obj": {"type": "AssignInt", "path": ["params", "seg_length"], "value": 32}, "version": 49}
{"obj": {"type": "AssignBool", "path": ["params", "add_mag_info"], "value": false}, "version": 50}
{"obj": {"type": "AssignString", "path": ["params", "rgb_list"], "value": "data/ucf_tencrop_1d/ucf-i3d.list"}, "version": 51}
{"obj": {"type": "AssignString", "path": ["params", "val_rgb_list"], "value": "data/ucf_tencrop_1d/ucf-i3d-val.list"}, "version": 52}
{"obj": {"type": "AssignString", "path": ["params", "test_rgb_list"], "value": "data/ucf_tencrop_1d/ucf-i3d-test.list"}, "version": 53}
{"obj": {"type": "AssignString", "path": ["params", "datasetname"], "value": "UCF"}, "version": 54}
{"obj": {"type": "AssignString", "path": ["params", "dataset"], "value": "UCF"}, "version": 55}
{"obj": {"type": "AssignString", "path": ["params", "modality"], "value": "RGB"}, "version": 56}
{"obj": {"type": "AssignInt", "path": ["params", "T"], "value": 32}, "version": 57}
{"obj": {"type": "AssignInt", "path": ["params", "P"], "value": 10}, "version": 58}
{"obj": {"type": "AssignFloat", "path": ["params", "alpha"], "value": 0.1}, "version": 59}
{"obj": {"type": "AssignInt", "path": ["params", "k"], "value": 3}, "version": 60}
{"obj": {"type": "AssignInt", "path": ["params", "lambda_1"], "value": 1}, "version": 61}
{"obj": {"type": "AssignInt", "path": ["params", "lambda_2"], "value": 1}, "version": 62}
{"obj": {"type": "AssignFloat", "path": ["params", "lambda_3"], "value": 0.001}, "version": 63}
{"obj": {"type": "AssignFloat", "path": ["params", "w_decay"], "value": 0.0005}, "version": 64}
{"obj": {"type": "AssignInt", "path": ["params", "batch_size"], "value": 16}, "version": 65}
{"obj": {"type": "AssignString", "path": ["params", "user"], "value": "marc"}, "version": 66}
{"obj": {"type": "AssignString", "path": ["params", "params"], "value": "params_def"}, "version": 67}
{"obj": {"type": "LogStrings", "path": ["monitoring", "6afb5ca3", "stderr"], "values": [{"value": "/home/marc/Documents/GitHub/8semester/Weakly-supervised-anomaly-detection/MGFN-main/our_main.py:72: NeptuneUnsupportedType: You're attempting to log a type that is not directly supported by Neptune (<class 'list'>).\n        Convert the value to a supported type, such as a string or float, or use stringify_unsupported(obj)\n        for dictionaries or collections that contain unsupported values.\n        For more, see https://docs.neptune.ai/help/value_of_unsupported_type\n  run[\"params\"] = param\n", "step": null, "ts": 1681541911.9753737}]}, "version": 68}
{"obj": {"type": "LogStrings", "path": ["monitoring", "6afb5ca3", "stderr"], "values": [{"value": "/home/marc/Documents/GitHub/8semester/Weakly-supervised-anomaly-detection/MGFN-main/our_main.py:72: NeptuneUnsupportedType: You're attempting to log a type that is not directly supported by Neptune (<class 'NoneType'>).\n        Convert the value to a supported type, such as a string or float, or use stringify_unsupported(obj)\n        for dictionaries or collections that contain unsupported values.\n        For more, see https://docs.neptune.ai/help/value_of_unsupported_type\n  run[\"params\"] = param\n", "step": null, "ts": 1681541911.975487}]}, "version": 69}
{"obj": {"type": "LogStrings", "path": ["monitoring", "6afb5ca3", "stdout"], "values": [{"value": "cuda:0", "step": null, "ts": 1681541912.0171587}]}, "version": 70}
{"obj": {"type": "LogStrings", "path": ["monitoring", "6afb5ca3", "stdout"], "values": [{"value": "\n", "step": null, "ts": 1681541912.0178518}]}, "version": 71}
{"obj": {"type": "LogStrings", "path": ["monitoring", "6afb5ca3", "stderr"], "values": [{"value": "\r  0%|          | 0/1000 [00:00<?, ?it/s]", "step": null, "ts": 1681541912.6168637}]}, "version": 72}
{"obj": {"type": "LogStrings", "path": ["monitoring", "6afb5ca3", "stderr"], "values": [{"value": "\n", "step": null, "ts": 1681541912.6173544}]}, "version": 73}
{"obj": {"type": "LogStrings", "path": ["monitoring", "6afb5ca3", "stderr"], "values": [{"value": "\r0it [00:00, ?it/s]", "step": null, "ts": 1681541912.617477}]}, "version": 74}
{"obj": {"type": "LogStrings", "path": ["monitoring", "6afb5ca3", "stderr"], "values": [{"value": "\u001b[A", "step": null, "ts": 1681541912.617583}]}, "version": 75}
{"obj": {"type": "LogStrings", "path": ["monitoring", "6afb5ca3", "stderr"], "values": [{"value": "\n", "step": null, "ts": 1681541915.7264178}]}, "version": 76}
{"obj": {"type": "LogStrings", "path": ["monitoring", "6afb5ca3", "stderr"], "values": [{"value": "\r1it [00:03,  3.11s/it]", "step": null, "ts": 1681541915.7265918}]}, "version": 77}
{"obj": {"type": "LogStrings", "path": ["monitoring", "6afb5ca3", "stderr"], "values": [{"value": "\u001b[A", "step": null, "ts": 1681541915.7266705}]}, "version": 78}
{"obj": {"type": "LogStrings", "path": ["monitoring", "6afb5ca3", "stderr"], "values": [{"value": "\n", "step": null, "ts": 1681541917.5693493}]}, "version": 79}
{"obj": {"type": "LogStrings", "path": ["monitoring", "6afb5ca3", "stderr"], "values": [{"value": "\r2it [00:04,  2.36s/it]", "step": null, "ts": 1681541917.5694816}]}, "version": 80}
{"obj": {"type": "LogStrings", "path": ["monitoring", "6afb5ca3", "stderr"], "values": [{"value": "\u001b[A", "step": null, "ts": 1681541917.5695498}]}, "version": 81}
{"obj": {"type": "LogStrings", "path": ["monitoring", "6afb5ca3", "stderr"], "values": [{"value": "\n", "step": null, "ts": 1681541920.024617}]}, "version": 82}
{"obj": {"type": "LogStrings", "path": ["monitoring", "6afb5ca3", "stderr"], "values": [{"value": "\r3it [00:07,  2.41s/it]", "step": null, "ts": 1681541920.0247886}]}, "version": 83}
{"obj": {"type": "LogStrings", "path": ["monitoring", "6afb5ca3", "stderr"], "values": [{"value": "\u001b[A", "step": null, "ts": 1681541920.0248656}]}, "version": 84}
{"obj": {"type": "LogFloats", "path": ["monitoring", "6afb5ca3", "cpu"], "values": [{"value": 6.1, "step": null, "ts": 1681541921.9173107}]}, "version": 85}
{"obj": {"type": "LogFloats", "path": ["monitoring", "6afb5ca3", "memory"], "values": [{"value": 7.852138519287109, "step": null, "ts": 1681541921.9173107}]}, "version": 86}
{"obj": {"type": "LogFloats", "path": ["monitoring", "6afb5ca3", "gpu_memory_0"], "values": [{"value": 9.4625244140625, "step": null, "ts": 1681541921.9173107}]}, "version": 87}
{"obj": {"type": "LogFloats", "path": ["monitoring", "6afb5ca3", "gpu_memory_1"], "values": [{"value": 0.06695556640625, "step": null, "ts": 1681541921.9173107}]}, "version": 88}
{"obj": {"type": "LogStrings", "path": ["monitoring", "6afb5ca3", "stderr"], "values": [{"value": "\n", "step": null, "ts": 1681541922.312646}]}, "version": 89}
{"obj": {"type": "LogStrings", "path": ["monitoring", "6afb5ca3", "stderr"], "values": [{"value": "\r4it [00:09,  2.36s/it]", "step": null, "ts": 1681541922.312811}]}, "version": 90}
{"obj": {"type": "LogStrings", "path": ["monitoring", "6afb5ca3", "stderr"], "values": [{"value": "\u001b[A", "step": null, "ts": 1681541922.3128939}]}, "version": 91}
{"obj": {"type": "LogStrings", "path": ["monitoring", "6afb5ca3", "stderr"], "values": [{"value": "\n", "step": null, "ts": 1681541924.3775268}]}, "version": 92}
{"obj": {"type": "LogStrings", "path": ["monitoring", "6afb5ca3", "stderr"], "values": [{"value": "\r5it [00:11,  2.25s/it]", "step": null, "ts": 1681541924.3777773}]}, "version": 93}
{"obj": {"type": "LogStrings", "path": ["monitoring", "6afb5ca3", "stderr"], "values": [{"value": "\u001b[A", "step": null, "ts": 1681541924.3779118}]}, "version": 94}
{"obj": {"type": "LogStrings", "path": ["monitoring", "6afb5ca3", "stderr"], "values": [{"value": "\n", "step": null, "ts": 1681541926.8745291}]}, "version": 95}
{"obj": {"type": "LogStrings", "path": ["monitoring", "6afb5ca3", "stderr"], "values": [{"value": "\r6it [00:14,  2.34s/it]", "step": null, "ts": 1681541926.8746994}]}, "version": 96}
{"obj": {"type": "LogStrings", "path": ["monitoring", "6afb5ca3", "stderr"], "values": [{"value": "\u001b[A", "step": null, "ts": 1681541926.8747742}]}, "version": 97}
