{"obj": {"type": "AssignString", "path": ["sys", "name"], "value": "Untitled"}, "version": 1}
{"obj": {"type": "AssignString", "path": ["sys", "description"], "value": ""}, "version": 2}
{"obj": {"type": "AssignString", "path": ["monitoring", "7fb79365", "hostname"], "value": "Marc-supercomputer"}, "version": 3}
{"obj": {"type": "AssignString", "path": ["sys", "hostname"], "value": "Marc-supercomputer"}, "version": 4}
{"obj": {"type": "AssignString", "path": ["monitoring", "7fb79365", "pid"], "value": "13195"}, "version": 5}
{"obj": {"type": "AssignString", "path": ["monitoring", "7fb79365", "tid"], "value": "140435741692992"}, "version": 6}
{"obj": {"type": "AssignBool", "path": ["sys", "failed"], "value": false}, "version": 7}
{"obj": {"type": "ClearStringLog", "path": ["monitoring", "7fb79365", "stdout"]}, "version": 8}
{"obj": {"type": "ClearStringLog", "path": ["monitoring", "7fb79365", "stderr"]}, "version": 9}
{"obj": {"type": "AssignString", "path": ["source_code", "entrypoint"], "value": "our_main.py"}, "version": 10}
{"obj": {"type": "UploadFileSet", "path": ["source_code", "files"], "file_globs": ["/home/marc/Documents/GitHub/8semester/Weakly-supervised-anomaly-detection/MGFN-main/our_main.py"], "reset": "False"}, "version": 11}
{"obj": {"type": "ConfigFloatSeries", "path": ["monitoring", "7fb79365", "cpu"], "min": 0.0, "max": 100.0, "unit": "%"}, "version": 12}
{"obj": {"type": "ClearFloatLog", "path": ["monitoring", "7fb79365", "cpu"]}, "version": 13}
{"obj": {"type": "ConfigFloatSeries", "path": ["monitoring", "7fb79365", "memory"], "min": 0.0, "max": 31.233219146728516, "unit": "GB"}, "version": 14}
{"obj": {"type": "ClearFloatLog", "path": ["monitoring", "7fb79365", "memory"]}, "version": 15}
{"obj": {"type": "ConfigFloatSeries", "path": ["monitoring", "7fb79365", "gpu_0"], "min": 0.0, "max": 100.0, "unit": "%"}, "version": 16}
{"obj": {"type": "ClearFloatLog", "path": ["monitoring", "7fb79365", "gpu_0"]}, "version": 17}
{"obj": {"type": "ConfigFloatSeries", "path": ["monitoring", "7fb79365", "gpu_1"], "min": 0.0, "max": 100.0, "unit": "%"}, "version": 18}
{"obj": {"type": "ClearFloatLog", "path": ["monitoring", "7fb79365", "gpu_1"]}, "version": 19}
{"obj": {"type": "ConfigFloatSeries", "path": ["monitoring", "7fb79365", "gpu_memory_0"], "min": 0.0, "max": 12.0, "unit": "GB"}, "version": 20}
{"obj": {"type": "ClearFloatLog", "path": ["monitoring", "7fb79365", "gpu_memory_0"]}, "version": 21}
{"obj": {"type": "ConfigFloatSeries", "path": ["monitoring", "7fb79365", "gpu_memory_1"], "min": 0.0, "max": 12.0, "unit": "GB"}, "version": 22}
{"obj": {"type": "ClearFloatLog", "path": ["monitoring", "7fb79365", "gpu_memory_1"]}, "version": 23}
{"obj": {"type": "LogFloats", "path": ["monitoring", "7fb79365", "cpu"], "values": [{"value": 6.2, "step": null, "ts": 1681368692.9322264}]}, "version": 24}
{"obj": {"type": "LogFloats", "path": ["monitoring", "7fb79365", "memory"], "values": [{"value": 6.6608123779296875, "step": null, "ts": 1681368692.9322264}]}, "version": 25}
{"obj": {"type": "LogFloats", "path": ["monitoring", "7fb79365", "gpu_0"], "values": [{"value": 21.0, "step": null, "ts": 1681368692.9322264}]}, "version": 26}
{"obj": {"type": "LogFloats", "path": ["monitoring", "7fb79365", "gpu_memory_0"], "values": [{"value": 0.7720947265625, "step": null, "ts": 1681368692.9322264}]}, "version": 27}
{"obj": {"type": "LogFloats", "path": ["monitoring", "7fb79365", "gpu_memory_1"], "values": [{"value": 0.06500244140625, "step": null, "ts": 1681368692.9322264}]}, "version": 28}
{"obj": {"type": "AssignString", "path": ["params", "feat_extractor"], "value": "i3d"}, "version": 29}
{"obj": {"type": "AssignInt", "path": ["params", "feature_size"], "value": 2048}, "version": 30}
{"obj": {"type": "AssignInt", "path": ["params", "hiddensize"], "value": 512}, "version": 31}
{"obj": {"type": "AssignString", "path": ["params", "comment"], "value": "mgfn"}, "version": 32}
{"obj": {"type": "AssignString", "path": ["params", "local_con"], "value": "static"}, "version": 33}
{"obj": {"type": "AssignInt", "path": ["params", "head_K"], "value": 4}, "version": 34}
{"obj": {"type": "AssignInt", "path": ["params", "workers"], "value": 0}, "version": 35}
{"obj": {"type": "AssignInt", "path": ["params", "num_classes"], "value": 2}, "version": 36}
{"obj": {"type": "AssignInt", "path": ["params", "plot_freq"], "value": 10}, "version": 37}
{"obj": {"type": "AssignInt", "path": ["params", "max_epoch"], "value": 1000}, "version": 38}
{"obj": {"type": "AssignString", "path": ["params", "model_name"], "value": "mgfn"}, "version": 39}
{"obj": {"type": "AssignString", "path": ["params", "gt"], "value": "data/ucf_tencrop_1d/gt-ucf.npy"}, "version": 40}
{"obj": {"type": "AssignInt", "path": ["params", "depths1"], "value": 3}, "version": 41}
{"obj": {"type": "AssignInt", "path": ["params", "depths2"], "value": 3}, "version": 42}
{"obj": {"type": "AssignInt", "path": ["params", "depths3"], "value": 2}, "version": 43}
{"obj": {"type": "AssignString", "path": ["params", "mgfn_type1"], "value": "gb"}, "version": 44}
{"obj": {"type": "AssignString", "path": ["params", "mgfn_type2"], "value": "fb"}, "version": 45}
{"obj": {"type": "AssignString", "path": ["params", "mgfn_type3"], "value": "fb"}, "version": 46}
{"obj": {"type": "AssignFloat", "path": ["params", "dropout_rate"], "value": 0.7}, "version": 47}
{"obj": {"type": "AssignFloat", "path": ["params", "mag_ratio"], "value": 0.1}, "version": 48}
{"obj": {"type": "AssignInt", "path": ["params", "seg_length"], "value": 32}, "version": 49}
{"obj": {"type": "AssignBool", "path": ["params", "add_mag_info"], "value": false}, "version": 50}
{"obj": {"type": "AssignString", "path": ["params", "rgb_list"], "value": "data/ucf_tencrop_1d/ucf-i3d.list"}, "version": 51}
{"obj": {"type": "AssignString", "path": ["params", "val_rgb_list"], "value": "data/ucf_tencrop_1d/ucf-i3d-val.list"}, "version": 52}
{"obj": {"type": "AssignString", "path": ["params", "test_rgb_list"], "value": "data/ucf_tencrop_1d/ucf-i3d-test.list"}, "version": 53}
{"obj": {"type": "AssignString", "path": ["params", "datasetname"], "value": "UCF"}, "version": 54}
{"obj": {"type": "AssignString", "path": ["params", "dataset"], "value": "UCF"}, "version": 55}
{"obj": {"type": "AssignString", "path": ["params", "modality"], "value": "RGB"}, "version": 56}
{"obj": {"type": "AssignInt", "path": ["params", "T"], "value": 32}, "version": 57}
{"obj": {"type": "AssignInt", "path": ["params", "P"], "value": 10}, "version": 58}
{"obj": {"type": "AssignFloat", "path": ["params", "alpha"], "value": 0.1}, "version": 59}
{"obj": {"type": "AssignInt", "path": ["params", "k"], "value": 3}, "version": 60}
{"obj": {"type": "AssignInt", "path": ["params", "lambda_1"], "value": 1}, "version": 61}
{"obj": {"type": "AssignInt", "path": ["params", "lambda_2"], "value": 1}, "version": 62}
{"obj": {"type": "AssignFloat", "path": ["params", "lambda_3"], "value": 0.001}, "version": 63}
{"obj": {"type": "AssignFloat", "path": ["params", "w_decay"], "value": 0.0005}, "version": 64}
{"obj": {"type": "AssignInt", "path": ["params", "batch_size"], "value": 16}, "version": 65}
{"obj": {"type": "AssignString", "path": ["params", "user"], "value": "marc"}, "version": 66}
{"obj": {"type": "AssignString", "path": ["params", "params"], "value": "params_def"}, "version": 67}
{"obj": {"type": "LogStrings", "path": ["monitoring", "7fb79365", "stderr"], "values": [{"value": "/home/marc/Documents/GitHub/8semester/Weakly-supervised-anomaly-detection/MGFN-main/our_main.py:72: NeptuneUnsupportedType: You're attempting to log a type that is not directly supported by Neptune (<class 'list'>).\n        Convert the value to a supported type, such as a string or float, or use stringify_unsupported(obj)\n        for dictionaries or collections that contain unsupported values.\n        For more, see https://docs.neptune.ai/help/value_of_unsupported_type\n  run[\"params\"] = param\n", "step": null, "ts": 1681368693.0927548}]}, "version": 68}
{"obj": {"type": "LogStrings", "path": ["monitoring", "7fb79365", "stderr"], "values": [{"value": "/home/marc/Documents/GitHub/8semester/Weakly-supervised-anomaly-detection/MGFN-main/our_main.py:72: NeptuneUnsupportedType: You're attempting to log a type that is not directly supported by Neptune (<class 'NoneType'>).\n        Convert the value to a supported type, such as a string or float, or use stringify_unsupported(obj)\n        for dictionaries or collections that contain unsupported values.\n        For more, see https://docs.neptune.ai/help/value_of_unsupported_type\n  run[\"params\"] = param\n", "step": null, "ts": 1681368693.092922}]}, "version": 69}
{"obj": {"type": "LogStrings", "path": ["monitoring", "7fb79365", "stdout"], "values": [{"value": "cuda:0", "step": null, "ts": 1681368693.1407502}]}, "version": 70}
{"obj": {"type": "LogStrings", "path": ["monitoring", "7fb79365", "stdout"], "values": [{"value": "\n", "step": null, "ts": 1681368693.1415257}]}, "version": 71}
{"obj": {"type": "LogStrings", "path": ["monitoring", "7fb79365", "stderr"], "values": [{"value": "\r  0%|          | 0/1000 [00:00<?, ?it/s]", "step": null, "ts": 1681368693.770469}]}, "version": 72}
{"obj": {"type": "LogStrings", "path": ["monitoring", "7fb79365", "stderr"], "values": [{"value": "\n", "step": null, "ts": 1681368693.7709014}]}, "version": 73}
{"obj": {"type": "LogStrings", "path": ["monitoring", "7fb79365", "stderr"], "values": [{"value": "\r0it [00:00, ?it/s]", "step": null, "ts": 1681368693.771005}]}, "version": 74}
{"obj": {"type": "LogStrings", "path": ["monitoring", "7fb79365", "stderr"], "values": [{"value": "\u001b[A", "step": null, "ts": 1681368693.7713645}]}, "version": 75}
{"obj": {"type": "LogStrings", "path": ["monitoring", "7fb79365", "stderr"], "values": [{"value": "\n", "step": null, "ts": 1681368696.0687156}]}, "version": 76}
{"obj": {"type": "LogStrings", "path": ["monitoring", "7fb79365", "stderr"], "values": [{"value": "\r1it [00:02,  2.30s/it]", "step": null, "ts": 1681368696.0691695}]}, "version": 77}
{"obj": {"type": "LogStrings", "path": ["monitoring", "7fb79365", "stderr"], "values": [{"value": "\u001b[A", "step": null, "ts": 1681368696.0692701}]}, "version": 78}
{"obj": {"type": "LogStrings", "path": ["monitoring", "7fb79365", "stderr"], "values": [{"value": "\n", "step": null, "ts": 1681368697.897856}]}, "version": 79}
{"obj": {"type": "LogStrings", "path": ["monitoring", "7fb79365", "stderr"], "values": [{"value": "\r2it [00:04,  2.02s/it]", "step": null, "ts": 1681368697.8983164}]}, "version": 80}
{"obj": {"type": "LogStrings", "path": ["monitoring", "7fb79365", "stderr"], "values": [{"value": "\u001b[A", "step": null, "ts": 1681368697.8983965}]}, "version": 81}
{"obj": {"type": "LogStrings", "path": ["monitoring", "7fb79365", "stderr"], "values": [{"value": "\n", "step": null, "ts": 1681368699.5902772}]}, "version": 82}
{"obj": {"type": "LogStrings", "path": ["monitoring", "7fb79365", "stderr"], "values": [{"value": "\r3it [00:05,  1.87s/it]", "step": null, "ts": 1681368699.5904553}]}, "version": 83}
{"obj": {"type": "LogStrings", "path": ["monitoring", "7fb79365", "stderr"], "values": [{"value": "\u001b[A", "step": null, "ts": 1681368699.5905247}]}, "version": 84}
{"obj": {"type": "LogStrings", "path": ["monitoring", "7fb79365", "stderr"], "values": [{"value": "\n", "step": null, "ts": 1681368702.7581763}]}, "version": 85}
{"obj": {"type": "LogStrings", "path": ["monitoring", "7fb79365", "stderr"], "values": [{"value": "\r4it [00:08,  2.38s/it]", "step": null, "ts": 1681368702.7583482}]}, "version": 86}
{"obj": {"type": "LogStrings", "path": ["monitoring", "7fb79365", "stderr"], "values": [{"value": "\u001b[A", "step": null, "ts": 1681368702.7584348}]}, "version": 87}
{"obj": {"type": "LogFloats", "path": ["monitoring", "7fb79365", "cpu"], "values": [{"value": 8.8, "step": null, "ts": 1681368702.9354067}]}, "version": 88}
{"obj": {"type": "LogFloats", "path": ["monitoring", "7fb79365", "memory"], "values": [{"value": 9.210670471191406, "step": null, "ts": 1681368702.9354067}]}, "version": 89}
{"obj": {"type": "LogFloats", "path": ["monitoring", "7fb79365", "gpu_0"], "values": [{"value": 86.0, "step": null, "ts": 1681368702.9354067}]}, "version": 90}
{"obj": {"type": "LogFloats", "path": ["monitoring", "7fb79365", "gpu_memory_0"], "values": [{"value": 9.65472412109375, "step": null, "ts": 1681368702.9354067}]}, "version": 91}
{"obj": {"type": "LogFloats", "path": ["monitoring", "7fb79365", "gpu_memory_1"], "values": [{"value": 0.06695556640625, "step": null, "ts": 1681368702.9354067}]}, "version": 92}
{"obj": {"type": "LogStrings", "path": ["monitoring", "7fb79365", "stderr"], "values": [{"value": "\n", "step": null, "ts": 1681368704.3787413}]}, "version": 93}
{"obj": {"type": "LogStrings", "path": ["monitoring", "7fb79365", "stderr"], "values": [{"value": "\r5it [00:10,  2.11s/it]", "step": null, "ts": 1681368704.3789215}]}, "version": 94}
{"obj": {"type": "LogStrings", "path": ["monitoring", "7fb79365", "stderr"], "values": [{"value": "\u001b[A", "step": null, "ts": 1681368704.3793046}]}, "version": 95}
{"obj": {"type": "LogStrings", "path": ["monitoring", "7fb79365", "stderr"], "values": [{"value": "", "step": null, "ts": 1681368705.491148}]}, "version": 96}
{"obj": {"type": "LogStrings", "path": ["monitoring", "7fb79365", "stderr"], "values": [{"value": "\r5it [00:11,  2.34s/it]", "step": null, "ts": 1681368705.4913926}]}, "version": 97}
{"obj": {"type": "LogStrings", "path": ["monitoring", "7fb79365", "stderr"], "values": [{"value": "\n", "step": null, "ts": 1681368705.4914758}]}, "version": 98}
{"obj": {"type": "LogStrings", "path": ["monitoring", "7fb79365", "stderr"], "values": [{"value": "", "step": null, "ts": 1681368705.4915495}]}, "version": 99}
{"obj": {"type": "LogStrings", "path": ["monitoring", "7fb79365", "stderr"], "values": [{"value": "\r  0%|          | 0/1000 [00:11<?, ?it/s]", "step": null, "ts": 1681368705.491625}]}, "version": 100}
{"obj": {"type": "LogStrings", "path": ["monitoring", "7fb79365", "stderr"], "values": [{"value": "\n", "step": null, "ts": 1681368705.4917238}]}, "version": 101}
{"obj": {"type": "LogStrings", "path": ["monitoring", "7fb79365", "traceback"], "values": [{"value": "An uncaught exception occurred while run was active on worker Marc-supercomputer.", "step": null, "ts": 1681368705.4921541}, {"value": "Marking run as failed", "step": null, "ts": 1681368705.4921541}, {"value": "Traceback:", "step": null, "ts": 1681368705.4921541}, {"value": "  File \"/home/marc/Documents/GitHub/8semester/Weakly-supervised-anomaly-detection/MGFN-main/our_main.py\", line 147, in <module>\n    cost, loss_smooth, loss_sparse = train(train_nloader, train_aloader, model, param[\"batch_size\"], optimizer,\n", "step": null, "ts": 1681368705.4921541}, {"value": "  File \"/home/marc/Documents/GitHub/8semester/Weakly-supervised-anomaly-detection/MGFN-main/train.py\", line 92, in train\n    for _, ((ninput, nlabel), (ainput, alabel)) in tqdm(enumerate(zip(nloader, aloader))):\n", "step": null, "ts": 1681368705.4921541}, {"value": "  File \"/home/marc/anaconda3/envs/pyt/lib/python3.10/site-packages/tqdm/std.py\", line 1178, in __iter__\n    for obj in iterable:\n", "step": null, "ts": 1681368705.4921541}, {"value": "  File \"/home/marc/anaconda3/envs/pyt/lib/python3.10/site-packages/torch/utils/data/dataloader.py\", line 634, in __next__\n    data = self._next_data()\n", "step": null, "ts": 1681368705.4921541}, {"value": "  File \"/home/marc/anaconda3/envs/pyt/lib/python3.10/site-packages/torch/utils/data/dataloader.py\", line 678, in _next_data\n    data = self._dataset_fetcher.fetch(index)  # may raise StopIteration\n", "step": null, "ts": 1681368705.4921541}, {"value": "  File \"/home/marc/anaconda3/envs/pyt/lib/python3.10/site-packages/torch/utils/data/_utils/fetch.py\", line 51, in fetch\n    data = [self.dataset[idx] for idx in possibly_batched_index]\n", "step": null, "ts": 1681368705.4921541}, {"value": "  File \"/home/marc/anaconda3/envs/pyt/lib/python3.10/site-packages/torch/utils/data/_utils/fetch.py\", line 51, in <listcomp>\n    data = [self.dataset[idx] for idx in possibly_batched_index]\n", "step": null, "ts": 1681368705.4921541}]}, "version": 102}
{"obj": {"type": "LogStrings", "path": ["monitoring", "7fb79365", "traceback"], "values": [{"value": "  File \"/home/marc/Documents/GitHub/8semester/Weakly-supervised-anomaly-detection/MGFN-main/datasets/dataset.py\", line 64, in __getitem__\n    features = np.array(features, dtype=np.float32)\n", "step": null, "ts": 1681368705.4921541}, {"value": "", "step": null, "ts": 1681368705.4921541}]}, "version": 103}
{"obj": {"type": "AssignBool", "path": ["sys", "failed"], "value": true}, "version": 104}
{"obj": {"type": "LogStrings", "path": ["monitoring", "7fb79365", "stderr"], "values": [{"value": "Traceback (most recent call last):\n", "step": null, "ts": 1681368705.4923425}]}, "version": 105}
{"obj": {"type": "LogStrings", "path": ["monitoring", "7fb79365", "stderr"], "values": [{"value": "  File \"/home/marc/Documents/GitHub/8semester/Weakly-supervised-anomaly-detection/MGFN-main/our_main.py\", line 147, in <module>\n", "step": null, "ts": 1681368705.4924839}]}, "version": 106}
{"obj": {"type": "LogStrings", "path": ["monitoring", "7fb79365", "stderr"], "values": [{"value": "    ", "step": null, "ts": 1681368705.4925418}]}, "version": 107}
{"obj": {"type": "LogStrings", "path": ["monitoring", "7fb79365", "stderr"], "values": [{"value": "cost, loss_smooth, loss_sparse = train(train_nloader, train_aloader, model, param[\"batch_size\"], optimizer,", "step": null, "ts": 1681368705.4927034}]}, "version": 108}
{"obj": {"type": "LogStrings", "path": ["monitoring", "7fb79365", "stderr"], "values": [{"value": "\n", "step": null, "ts": 1681368705.4928334}]}, "version": 109}
{"obj": {"type": "LogStrings", "path": ["monitoring", "7fb79365", "stderr"], "values": [{"value": "  File \"/home/marc/Documents/GitHub/8semester/Weakly-supervised-anomaly-detection/MGFN-main/train.py\", line 92, in train\n", "step": null, "ts": 1681368705.4929655}]}, "version": 110}
{"obj": {"type": "LogStrings", "path": ["monitoring", "7fb79365", "stderr"], "values": [{"value": "    ", "step": null, "ts": 1681368705.4930487}]}, "version": 111}
{"obj": {"type": "LogStrings", "path": ["monitoring", "7fb79365", "stderr"], "values": [{"value": "for _, ((ninput, nlabel), (ainput, alabel)) in tqdm(enumerate(zip(nloader, aloader))):", "step": null, "ts": 1681368705.4931297}]}, "version": 112}
{"obj": {"type": "LogStrings", "path": ["monitoring", "7fb79365", "stderr"], "values": [{"value": "\n", "step": null, "ts": 1681368705.4932811}]}, "version": 113}
{"obj": {"type": "LogStrings", "path": ["monitoring", "7fb79365", "stderr"], "values": [{"value": "  File \"/home/marc/anaconda3/envs/pyt/lib/python3.10/site-packages/tqdm/std.py\", line 1178, in __iter__\n", "step": null, "ts": 1681368705.493611}]}, "version": 114}
{"obj": {"type": "LogStrings", "path": ["monitoring", "7fb79365", "stderr"], "values": [{"value": "    ", "step": null, "ts": 1681368705.493704}]}, "version": 115}
{"obj": {"type": "LogStrings", "path": ["monitoring", "7fb79365", "stdout"], "values": [{"value": "Shutting down background jobs, please wait a moment...\n", "step": null, "ts": 1681368705.4938247}]}, "version": 116}
{"obj": {"type": "LogStrings", "path": ["monitoring", "7fb79365", "stderr"], "values": [{"value": "for obj in iterable:", "step": null, "ts": 1681368705.493911}]}, "version": 117}
{"obj": {"type": "LogStrings", "path": ["monitoring", "7fb79365", "stderr"], "values": [{"value": "\n", "step": null, "ts": 1681368705.4939806}]}, "version": 118}
{"obj": {"type": "LogStrings", "path": ["monitoring", "7fb79365", "stderr"], "values": [{"value": "  File \"/home/marc/anaconda3/envs/pyt/lib/python3.10/site-packages/torch/utils/data/dataloader.py\", line 634, in __next__\n", "step": null, "ts": 1681368705.49403}]}, "version": 119}
{"obj": {"type": "LogStrings", "path": ["monitoring", "7fb79365", "stderr"], "values": [{"value": "    ", "step": null, "ts": 1681368705.4940782}]}, "version": 120}
{"obj": {"type": "LogStrings", "path": ["monitoring", "7fb79365", "stderr"], "values": [{"value": "data = self._next_data()", "step": null, "ts": 1681368705.494125}]}, "version": 121}
{"obj": {"type": "LogStrings", "path": ["monitoring", "7fb79365", "stderr"], "values": [{"value": "\n", "step": null, "ts": 1681368705.4941723}]}, "version": 122}
{"obj": {"type": "LogStrings", "path": ["monitoring", "7fb79365", "stderr"], "values": [{"value": "  File \"/home/marc/anaconda3/envs/pyt/lib/python3.10/site-packages/torch/utils/data/dataloader.py\", line 678, in _next_data\n", "step": null, "ts": 1681368705.4942412}]}, "version": 123}
