{"obj": {"type": "AssignString", "path": ["sys", "name"], "value": "Untitled"}, "version": 1}
{"obj": {"type": "AssignString", "path": ["sys", "description"], "value": ""}, "version": 2}
{"obj": {"type": "AssignString", "path": ["monitoring", "d1c0a730", "hostname"], "value": "Marc-supercomputer"}, "version": 3}
{"obj": {"type": "AssignString", "path": ["sys", "hostname"], "value": "Marc-supercomputer"}, "version": 4}
{"obj": {"type": "AssignString", "path": ["monitoring", "d1c0a730", "pid"], "value": "17711"}, "version": 5}
{"obj": {"type": "AssignString", "path": ["monitoring", "d1c0a730", "tid"], "value": "140595972658112"}, "version": 6}
{"obj": {"type": "AssignBool", "path": ["sys", "failed"], "value": false}, "version": 7}
{"obj": {"type": "ClearStringLog", "path": ["monitoring", "d1c0a730", "stdout"]}, "version": 8}
{"obj": {"type": "ClearStringLog", "path": ["monitoring", "d1c0a730", "stderr"]}, "version": 9}
{"obj": {"type": "AssignString", "path": ["source_code", "entrypoint"], "value": "our_main.py"}, "version": 10}
{"obj": {"type": "UploadFileSet", "path": ["source_code", "files"], "file_globs": ["/home/marc/Documents/GitHub/8semester/Weakly-supervised-anomaly-detection/MGFN-main/our_main.py"], "reset": "False"}, "version": 11}
{"obj": {"type": "ConfigFloatSeries", "path": ["monitoring", "d1c0a730", "cpu"], "min": 0.0, "max": 100.0, "unit": "%"}, "version": 12}
{"obj": {"type": "ClearFloatLog", "path": ["monitoring", "d1c0a730", "cpu"]}, "version": 13}
{"obj": {"type": "ConfigFloatSeries", "path": ["monitoring", "d1c0a730", "memory"], "min": 0.0, "max": 31.233219146728516, "unit": "GB"}, "version": 14}
{"obj": {"type": "ClearFloatLog", "path": ["monitoring", "d1c0a730", "memory"]}, "version": 15}
{"obj": {"type": "ConfigFloatSeries", "path": ["monitoring", "d1c0a730", "gpu_0"], "min": 0.0, "max": 100.0, "unit": "%"}, "version": 16}
{"obj": {"type": "ClearFloatLog", "path": ["monitoring", "d1c0a730", "gpu_0"]}, "version": 17}
{"obj": {"type": "ConfigFloatSeries", "path": ["monitoring", "d1c0a730", "gpu_1"], "min": 0.0, "max": 100.0, "unit": "%"}, "version": 18}
{"obj": {"type": "ClearFloatLog", "path": ["monitoring", "d1c0a730", "gpu_1"]}, "version": 19}
{"obj": {"type": "ConfigFloatSeries", "path": ["monitoring", "d1c0a730", "gpu_memory_0"], "min": 0.0, "max": 12.0, "unit": "GB"}, "version": 20}
{"obj": {"type": "ClearFloatLog", "path": ["monitoring", "d1c0a730", "gpu_memory_0"]}, "version": 21}
{"obj": {"type": "ConfigFloatSeries", "path": ["monitoring", "d1c0a730", "gpu_memory_1"], "min": 0.0, "max": 12.0, "unit": "GB"}, "version": 22}
{"obj": {"type": "ClearFloatLog", "path": ["monitoring", "d1c0a730", "gpu_memory_1"]}, "version": 23}
{"obj": {"type": "LogFloats", "path": ["monitoring", "d1c0a730", "cpu"], "values": [{"value": 8.0, "step": null, "ts": 1681276709.6293044}]}, "version": 24}
{"obj": {"type": "LogFloats", "path": ["monitoring", "d1c0a730", "memory"], "values": [{"value": 5.6325225830078125, "step": null, "ts": 1681276709.6293044}]}, "version": 25}
{"obj": {"type": "LogFloats", "path": ["monitoring", "d1c0a730", "gpu_0"], "values": [{"value": 37.0, "step": null, "ts": 1681276709.6293044}]}, "version": 26}
{"obj": {"type": "LogFloats", "path": ["monitoring", "d1c0a730", "gpu_memory_0"], "values": [{"value": 0.869384765625, "step": null, "ts": 1681276709.6293044}]}, "version": 27}
{"obj": {"type": "LogFloats", "path": ["monitoring", "d1c0a730", "gpu_memory_1"], "values": [{"value": 0.06500244140625, "step": null, "ts": 1681276709.6293044}]}, "version": 28}
{"obj": {"type": "AssignString", "path": ["params", "feat_extractor"], "value": "i3d"}, "version": 29}
{"obj": {"type": "AssignInt", "path": ["params", "feature_size"], "value": 2048}, "version": 30}
{"obj": {"type": "AssignInt", "path": ["params", "hiddensize"], "value": 512}, "version": 31}
{"obj": {"type": "AssignString", "path": ["params", "comment"], "value": "mgfn"}, "version": 32}
{"obj": {"type": "AssignString", "path": ["params", "local_con"], "value": "static"}, "version": 33}
{"obj": {"type": "AssignInt", "path": ["params", "head_K"], "value": 4}, "version": 34}
{"obj": {"type": "AssignInt", "path": ["params", "workers"], "value": 0}, "version": 35}
{"obj": {"type": "AssignInt", "path": ["params", "num_classes"], "value": 2}, "version": 36}
{"obj": {"type": "AssignInt", "path": ["params", "plot_freq"], "value": 10}, "version": 37}
{"obj": {"type": "AssignInt", "path": ["params", "max_epoch"], "value": 1000}, "version": 38}
{"obj": {"type": "AssignString", "path": ["params", "model_name"], "value": "mgfn"}, "version": 39}
{"obj": {"type": "AssignString", "path": ["params", "gt"], "value": "data/ucf_tencrop_1d/gt-ucf.npy"}, "version": 40}
{"obj": {"type": "AssignInt", "path": ["params", "depths1"], "value": 3}, "version": 41}
{"obj": {"type": "AssignInt", "path": ["params", "depths2"], "value": 3}, "version": 42}
{"obj": {"type": "AssignInt", "path": ["params", "depths3"], "value": 2}, "version": 43}
{"obj": {"type": "AssignString", "path": ["params", "mgfn_type1"], "value": "gb"}, "version": 44}
{"obj": {"type": "AssignString", "path": ["params", "mgfn_type2"], "value": "fb"}, "version": 45}
{"obj": {"type": "AssignString", "path": ["params", "mgfn_type3"], "value": "fb"}, "version": 46}
{"obj": {"type": "AssignFloat", "path": ["params", "dropout_rate"], "value": 0.7}, "version": 47}
{"obj": {"type": "AssignFloat", "path": ["params", "mag_ratio"], "value": 0.1}, "version": 48}
{"obj": {"type": "AssignInt", "path": ["params", "seg_length"], "value": 32}, "version": 49}
{"obj": {"type": "AssignBool", "path": ["params", "add_mag_info"], "value": false}, "version": 50}
{"obj": {"type": "AssignString", "path": ["params", "rgb_list"], "value": "data/ucf_tencrop_1d/ucf-i3d.list"}, "version": 51}
{"obj": {"type": "AssignString", "path": ["params", "val_rgb_list"], "value": "data/ucf_tencrop_1d/ucf-i3d-val.list"}, "version": 52}
{"obj": {"type": "AssignString", "path": ["params", "test_rgb_list"], "value": "data/ucf_tencrop_1d/ucf-i3d-test.list"}, "version": 53}
{"obj": {"type": "AssignString", "path": ["params", "datasetname"], "value": "UCF"}, "version": 54}
{"obj": {"type": "AssignString", "path": ["params", "dataset"], "value": "UCF"}, "version": 55}
{"obj": {"type": "AssignString", "path": ["params", "modality"], "value": "RGB"}, "version": 56}
{"obj": {"type": "AssignInt", "path": ["params", "T"], "value": 32}, "version": 57}
{"obj": {"type": "AssignInt", "path": ["params", "P"], "value": 10}, "version": 58}
{"obj": {"type": "AssignFloat", "path": ["params", "alpha"], "value": 0.1}, "version": 59}
{"obj": {"type": "AssignInt", "path": ["params", "k"], "value": 3}, "version": 60}
{"obj": {"type": "AssignInt", "path": ["params", "lambda_1"], "value": 1}, "version": 61}
{"obj": {"type": "AssignInt", "path": ["params", "lambda_2"], "value": 1}, "version": 62}
{"obj": {"type": "AssignFloat", "path": ["params", "lambda_3"], "value": 0.001}, "version": 63}
{"obj": {"type": "AssignFloat", "path": ["params", "w_decay"], "value": 0.0005}, "version": 64}
{"obj": {"type": "AssignInt", "path": ["params", "batch_size"], "value": 16}, "version": 65}
{"obj": {"type": "AssignString", "path": ["params", "user"], "value": "marc"}, "version": 66}
{"obj": {"type": "AssignString", "path": ["params", "params"], "value": "params_def"}, "version": 67}
{"obj": {"type": "LogStrings", "path": ["monitoring", "d1c0a730", "stderr"], "values": [{"value": "/home/marc/Documents/GitHub/8semester/Weakly-supervised-anomaly-detection/MGFN-main/our_main.py:71: NeptuneUnsupportedType: You're attempting to log a type that is not directly supported by Neptune (<class 'list'>).\n        Convert the value to a supported type, such as a string or float, or use stringify_unsupported(obj)\n        for dictionaries or collections that contain unsupported values.\n        For more, see https://docs.neptune.ai/help/value_of_unsupported_type\n  run[\"params\"] = param\n", "step": null, "ts": 1681276709.6943953}]}, "version": 68}
{"obj": {"type": "LogStrings", "path": ["monitoring", "d1c0a730", "stderr"], "values": [{"value": "/home/marc/Documents/GitHub/8semester/Weakly-supervised-anomaly-detection/MGFN-main/our_main.py:71: NeptuneUnsupportedType: You're attempting to log a type that is not directly supported by Neptune (<class 'NoneType'>).\n        Convert the value to a supported type, such as a string or float, or use stringify_unsupported(obj)\n        for dictionaries or collections that contain unsupported values.\n        For more, see https://docs.neptune.ai/help/value_of_unsupported_type\n  run[\"params\"] = param\n", "step": null, "ts": 1681276709.6947372}]}, "version": 69}
{"obj": {"type": "LogStrings", "path": ["monitoring", "d1c0a730", "stdout"], "values": [{"value": "normal list", "step": null, "ts": 1681276709.7019463}]}, "version": 70}
{"obj": {"type": "LogStrings", "path": ["monitoring", "d1c0a730", "stdout"], "values": [{"value": "\n", "step": null, "ts": 1681276709.702343}]}, "version": 71}
{"obj": {"type": "LogStrings", "path": ["monitoring", "d1c0a730", "stdout"], "values": [{"value": "['/home/marc/Documents/data/UCF/train/Normal_Videos001_x264_i3d.npy\\n', '/home/marc/Documents/data/UCF/train/Normal_Videos002_x264_i3d.npy\\n', '/home/marc/Documents/data/UCF/train/Normal_Videos004_x264_i3d.npy\\n', '/home/marc/Documents/data/UCF/train/Normal_Videos005_x264_i3d.npy\\n', '/home/marc/Documents/data/UCF/train/Normal_Videos007_x264_i3d.npy\\n', '/home/marc/Documents/data/UCF/train/Normal_Videos008_x264_i3d.npy\\n', '/home/marc/Documents/data/UCF/train/Normal_Videos009_x264_i3d.npy\\n', '/home/marc/Documents/data/UCF/train/Normal_Videos011_x264_i3d.npy\\n', '/home/marc/Documents/data/UCF/train/Normal_Videos012_x264_i3d.npy\\n', '/home/marc/Documents/data/UCF/train/Normal_Videos013_x264_i3d.npy\\n', '/home/marc/Documents/data/UCF/train/Normal_Videos016_x264_i3d.npy\\n', '/home/marc/Documents/data/UCF/train/Normal_Videos017_x264_i3d.npy\\n', '/home/marc/Documents/data/UCF/train/Normal_Videos020_x264_i3d.npy\\n', '/home/marc/Documents/data/UCF/train/Normal_Videos021_x264_i3d.npy\\n', '/hom", "step": null, "ts": 1681276711.0913513}]}, "version": 72}
{"obj": {"type": "LogStrings", "path": ["monitoring", "d1c0a730", "stdout"], "values": [{"value": "\n", "step": null, "ts": 1681276711.0936425}]}, "version": 73}
{"obj": {"type": "LogStrings", "path": ["monitoring", "d1c0a730", "stdout"], "values": [{"value": "Warning: string series 'monitoring/d1c0a730/stdout' value was longer than 1000 characters and was truncated. This warning is printed only once per series.\n", "step": null, "ts": 1681276711.0941076}]}, "version": 74}
{"obj": {"type": "LogStrings", "path": ["monitoring", "d1c0a730", "stdout"], "values": [{"value": "abnormal list", "step": null, "ts": 1681276711.094526}]}, "version": 75}
{"obj": {"type": "LogStrings", "path": ["monitoring", "d1c0a730", "stdout"], "values": [{"value": "\n", "step": null, "ts": 1681276711.0948434}]}, "version": 76}
{"obj": {"type": "LogStrings", "path": ["monitoring", "d1c0a730", "stdout"], "values": [{"value": "['/home/marc/Documents/data/UCF/train/Abuse001_x264_i3d.npy\\n', '/home/marc/Documents/data/UCF/train/Abuse002_x264_i3d.npy\\n', '/home/marc/Documents/data/UCF/train/Abuse003_x264_i3d.npy\\n', '/home/marc/Documents/data/UCF/train/Abuse004_x264_i3d.npy\\n', '/home/marc/Documents/data/UCF/train/Abuse005_x264_i3d.npy\\n', '/home/marc/Documents/data/UCF/train/Abuse006_x264_i3d.npy\\n', '/home/marc/Documents/data/UCF/train/Abuse007_x264_i3d.npy\\n', '/home/marc/Documents/data/UCF/train/Abuse008_x264_i3d.npy\\n', '/home/marc/Documents/data/UCF/train/Abuse009_x264_i3d.npy\\n', '/home/marc/Documents/data/UCF/train/Abuse010_x264_i3d.npy\\n', '/home/marc/Documents/data/UCF/train/Abuse011_x264_i3d.npy\\n', '/home/marc/Documents/data/UCF/train/Abuse012_x264_i3d.npy\\n', '/home/marc/Documents/data/UCF/train/Abuse013_x264_i3d.npy\\n', '/home/marc/Documents/data/UCF/train/Abuse014_x264_i3d.npy\\n', '/home/marc/Documents/data/UCF/train/Abuse015_x264_i3d.npy\\n', '/home/marc/Documents/data/UCF/train/Abuse016_x264_i3d", "step": null, "ts": 1681276711.9781787}]}, "version": 77}
{"obj": {"type": "LogStrings", "path": ["monitoring", "d1c0a730", "stdout"], "values": [{"value": "\n", "step": null, "ts": 1681276711.9786787}]}, "version": 78}
{"obj": {"type": "LogStrings", "path": ["monitoring", "d1c0a730", "stdout"], "values": [{"value": "normal list", "step": null, "ts": 1681276711.979159}]}, "version": 79}
{"obj": {"type": "LogStrings", "path": ["monitoring", "d1c0a730", "stdout"], "values": [{"value": "\n", "step": null, "ts": 1681276711.9798799}]}, "version": 80}
{"obj": {"type": "LogFloats", "path": ["monitoring", "d1c0a730", "cpu"], "values": [{"value": 5.4, "step": null, "ts": 1681276719.64657}]}, "version": 81}
{"obj": {"type": "LogFloats", "path": ["monitoring", "d1c0a730", "memory"], "values": [{"value": 5.618343353271484, "step": null, "ts": 1681276719.64657}]}, "version": 82}
{"obj": {"type": "LogFloats", "path": ["monitoring", "d1c0a730", "gpu_0"], "values": [{"value": 45.0, "step": null, "ts": 1681276719.64657}]}, "version": 83}
{"obj": {"type": "LogFloats", "path": ["monitoring", "d1c0a730", "gpu_memory_0"], "values": [{"value": 0.869384765625, "step": null, "ts": 1681276719.64657}]}, "version": 84}
{"obj": {"type": "LogFloats", "path": ["monitoring", "d1c0a730", "gpu_memory_1"], "values": [{"value": 0.06500244140625, "step": null, "ts": 1681276719.64657}]}, "version": 85}
{"obj": {"type": "LogStrings", "path": ["monitoring", "d1c0a730", "stdout"], "values": [{"value": "['/home/marc/Documents/data/UCF/val/Normal_Videos031_x264_i3d.npy\\n', '/home/marc/Documents/data/UCF/val/Normal_Videos032_x264_i3d.npy\\n', '/home/marc/Documents/data/UCF/val/Normal_Videos036_x264_i3d.npy\\n', '/home/marc/Documents/data/UCF/val/Normal_Videos045_x264_i3d.npy\\n', '/home/marc/Documents/data/UCF/val/Normal_Videos055_x264_i3d.npy\\n', '/home/marc/Documents/data/UCF/val/Normal_Videos072_x264_i3d.npy\\n', '/home/marc/Documents/data/UCF/val/Normal_Videos080_x264_i3d.npy\\n', '/home/marc/Documents/data/UCF/val/Normal_Videos082_x264_i3d.npy\\n', '/home/marc/Documents/data/UCF/val/Normal_Videos088_x264_i3d.npy\\n', '/home/marc/Documents/data/UCF/val/Normal_Videos114_x264_i3d.npy\\n', '/home/marc/Documents/data/UCF/val/Normal_Videos122_x264_i3d.npy\\n', '/home/marc/Documents/data/UCF/val/Normal_Videos123_x264_i3d.npy\\n', '/home/marc/Documents/data/UCF/val/Normal_Videos128_x264_i3d.npy\\n', '/home/marc/Documents/data/UCF/val/Normal_Videos148_x264_i3d.npy\\n', '/home/marc/Documents/data/UCF/va", "step": null, "ts": 1681276722.2332368}]}, "version": 86}
{"obj": {"type": "LogStrings", "path": ["monitoring", "d1c0a730", "stdout"], "values": [{"value": "\n", "step": null, "ts": 1681276722.234675}]}, "version": 87}
{"obj": {"type": "LogStrings", "path": ["monitoring", "d1c0a730", "stdout"], "values": [{"value": "abnormal list", "step": null, "ts": 1681276722.2364187}]}, "version": 88}
{"obj": {"type": "LogStrings", "path": ["monitoring", "d1c0a730", "stdout"], "values": [{"value": "\n", "step": null, "ts": 1681276722.2369034}]}, "version": 89}
{"obj": {"type": "LogFloats", "path": ["monitoring", "d1c0a730", "cpu"], "values": [{"value": 4.0, "step": null, "ts": 1681276729.656009}]}, "version": 90}
{"obj": {"type": "LogFloats", "path": ["monitoring", "d1c0a730", "memory"], "values": [{"value": 5.622257232666016, "step": null, "ts": 1681276729.656009}]}, "version": 91}
{"obj": {"type": "LogFloats", "path": ["monitoring", "d1c0a730", "gpu_0"], "values": [{"value": 37.0, "step": null, "ts": 1681276729.656009}]}, "version": 92}
{"obj": {"type": "LogFloats", "path": ["monitoring", "d1c0a730", "gpu_memory_0"], "values": [{"value": 0.869384765625, "step": null, "ts": 1681276729.656009}]}, "version": 93}
{"obj": {"type": "LogFloats", "path": ["monitoring", "d1c0a730", "gpu_memory_1"], "values": [{"value": 0.06500244140625, "step": null, "ts": 1681276729.656009}]}, "version": 94}
{"obj": {"type": "LogStrings", "path": ["monitoring", "d1c0a730", "stdout"], "values": [{"value": "['/home/marc/Documents/data/UCF/val/Abuse025_x264_i3d.npy\\n', '/home/marc/Documents/data/UCF/val/Abuse027_x264_i3d.npy\\n', '/home/marc/Documents/data/UCF/val/Abuse029_x264_i3d.npy\\n', '/home/marc/Documents/data/UCF/val/Abuse043_x264_i3d.npy\\n', '/home/marc/Documents/data/UCF/val/Abuse046_x264_i3d.npy\\n', '/home/marc/Documents/data/UCF/val/Arrest004_x264_i3d.npy\\n', '/home/marc/Documents/data/UCF/val/Arrest015_x264_i3d.npy\\n', '/home/marc/Documents/data/UCF/val/Arrest035_x264_i3d.npy\\n', '/home/marc/Documents/data/UCF/val/Arrest051_x264_i3d.npy\\n', '/home/marc/Documents/data/UCF/val/Arson021_x264_i3d.npy\\n', '/home/marc/Documents/data/UCF/val/Arson030_x264_i3d.npy\\n', '/home/marc/Documents/data/UCF/val/Arson040_x264_i3d.npy\\n', '/home/marc/Documents/data/UCF/val/Arson052_x264_i3d.npy\\n', '/home/marc/Documents/data/UCF/val/Assault009_x264_i3d.npy\\n', '/home/marc/Documents/data/UCF/val/Assault019_x264_i3d.npy\\n', '/home/marc/Documents/data/UCF/val/Assault022_x264_i3d.npy\\n', '/home/marc/D", "step": null, "ts": 1681276735.4914315}]}, "version": 95}
{"obj": {"type": "LogStrings", "path": ["monitoring", "d1c0a730", "stdout"], "values": [{"value": "\n", "step": null, "ts": 1681276735.4927304}]}, "version": 96}
{"obj": {"type": "LogStrings", "path": ["monitoring", "d1c0a730", "stderr"], "values": [{"value": "/home/marc/anaconda3/envs/cv/lib/python3.9/site-packages/torch/cuda/__init__.py:104: UserWarning: \nNVIDIA GeForce RTX 3060 with CUDA capability sm_86 is not compatible with the current PyTorch installation.\nThe current PyTorch install supports CUDA capabilities sm_37 sm_50 sm_60 sm_70.\nIf you want to use the NVIDIA GeForce RTX 3060 GPU with PyTorch, please check the instructions at https://pytorch.org/get-started/locally/\n\n  warnings.warn(incompatible_device_warn.format(device_name, capability, \" \".join(arch_list), device_name))\n", "step": null, "ts": 1681276735.5435126}]}, "version": 97}
{"obj": {"type": "LogStrings", "path": ["monitoring", "d1c0a730", "stderr"], "values": [{"value": "Traceback (most recent call last):\n", "step": null, "ts": 1681276735.6294053}]}, "version": 98}
{"obj": {"type": "LogStrings", "path": ["monitoring", "d1c0a730", "stderr"], "values": [{"value": "  File \"/home/marc/anaconda3/envs/cv/lib/python3.9/site-packages/torch/nn/init.py\", line 379, in kaiming_uniform_\n", "step": null, "ts": 1681276735.6305053}]}, "version": 99}
{"obj": {"type": "LogStrings", "path": ["monitoring", "d1c0a730", "stderr"], "values": [{"value": "    ", "step": null, "ts": 1681276735.6307096}]}, "version": 100}
{"obj": {"type": "LogStrings", "path": ["monitoring", "d1c0a730", "stderr"], "values": [{"value": "return tensor.uniform_(-bound, bound)", "step": null, "ts": 1681276735.6308727}]}, "version": 101}
{"obj": {"type": "LogStrings", "path": ["monitoring", "d1c0a730", "stderr"], "values": [{"value": "\n", "step": null, "ts": 1681276735.6310267}]}, "version": 102}
{"obj": {"type": "LogStrings", "path": ["monitoring", "d1c0a730", "stderr"], "values": [{"value": "RuntimeError", "step": null, "ts": 1681276735.6311798}]}, "version": 103}
{"obj": {"type": "LogStrings", "path": ["monitoring", "d1c0a730", "stderr"], "values": [{"value": ": ", "step": null, "ts": 1681276735.6313407}]}, "version": 104}
{"obj": {"type": "LogStrings", "path": ["monitoring", "d1c0a730", "stderr"], "values": [{"value": "CUDA error: no kernel image is available for execution on the device", "step": null, "ts": 1681276735.631497}]}, "version": 105}
{"obj": {"type": "LogStrings", "path": ["monitoring", "d1c0a730", "stderr"], "values": [{"value": "\n", "step": null, "ts": 1681276735.6316497}]}, "version": 106}
{"obj": {"type": "LogFloats", "path": ["monitoring", "d1c0a730", "cpu"], "values": [{"value": 5.8, "step": null, "ts": 1681276739.6605737}]}, "version": 107}
{"obj": {"type": "LogFloats", "path": ["monitoring", "d1c0a730", "memory"], "values": [{"value": 5.766063690185547, "step": null, "ts": 1681276739.6605737}]}, "version": 108}
{"obj": {"type": "LogFloats", "path": ["monitoring", "d1c0a730", "gpu_0"], "values": [{"value": 9.0, "step": null, "ts": 1681276739.6605737}]}, "version": 109}
{"obj": {"type": "LogFloats", "path": ["monitoring", "d1c0a730", "gpu_memory_0"], "values": [{"value": 0.99298095703125, "step": null, "ts": 1681276739.6605737}]}, "version": 110}
{"obj": {"type": "LogFloats", "path": ["monitoring", "d1c0a730", "gpu_memory_1"], "values": [{"value": 0.06695556640625, "step": null, "ts": 1681276739.6605737}]}, "version": 111}
{"obj": {"type": "LogFloats", "path": ["monitoring", "d1c0a730", "cpu"], "values": [{"value": 4.7, "step": null, "ts": 1681276749.6645744}]}, "version": 112}
{"obj": {"type": "LogFloats", "path": ["monitoring", "d1c0a730", "memory"], "values": [{"value": 5.766475677490234, "step": null, "ts": 1681276749.6645744}]}, "version": 113}
{"obj": {"type": "LogFloats", "path": ["monitoring", "d1c0a730", "gpu_0"], "values": [{"value": 17.0, "step": null, "ts": 1681276749.6645744}]}, "version": 114}
{"obj": {"type": "LogFloats", "path": ["monitoring", "d1c0a730", "gpu_memory_0"], "values": [{"value": 0.99298095703125, "step": null, "ts": 1681276749.6645744}]}, "version": 115}
{"obj": {"type": "LogFloats", "path": ["monitoring", "d1c0a730", "gpu_memory_1"], "values": [{"value": 0.06695556640625, "step": null, "ts": 1681276749.6645744}]}, "version": 116}
{"obj": {"type": "LogFloats", "path": ["monitoring", "d1c0a730", "cpu"], "values": [{"value": 4.0, "step": null, "ts": 1681276759.6693807}]}, "version": 117}
{"obj": {"type": "LogFloats", "path": ["monitoring", "d1c0a730", "memory"], "values": [{"value": 5.769039154052734, "step": null, "ts": 1681276759.6693807}]}, "version": 118}
{"obj": {"type": "LogFloats", "path": ["monitoring", "d1c0a730", "gpu_0"], "values": [{"value": 13.0, "step": null, "ts": 1681276759.6693807}]}, "version": 119}
{"obj": {"type": "LogFloats", "path": ["monitoring", "d1c0a730", "gpu_memory_0"], "values": [{"value": 0.99298095703125, "step": null, "ts": 1681276759.6693807}]}, "version": 120}
{"obj": {"type": "LogFloats", "path": ["monitoring", "d1c0a730", "gpu_memory_1"], "values": [{"value": 0.06695556640625, "step": null, "ts": 1681276759.6693807}]}, "version": 121}
{"obj": {"type": "LogFloats", "path": ["monitoring", "d1c0a730", "cpu"], "values": [{"value": 5.3, "step": null, "ts": 1681276769.6735904}]}, "version": 122}
{"obj": {"type": "LogFloats", "path": ["monitoring", "d1c0a730", "memory"], "values": [{"value": 5.777904510498047, "step": null, "ts": 1681276769.6735904}]}, "version": 123}
{"obj": {"type": "LogFloats", "path": ["monitoring", "d1c0a730", "gpu_0"], "values": [{"value": 14.0, "step": null, "ts": 1681276769.6735904}]}, "version": 124}
{"obj": {"type": "LogFloats", "path": ["monitoring", "d1c0a730", "gpu_memory_0"], "values": [{"value": 0.99298095703125, "step": null, "ts": 1681276769.6735904}]}, "version": 125}
{"obj": {"type": "LogFloats", "path": ["monitoring", "d1c0a730", "gpu_memory_1"], "values": [{"value": 0.06695556640625, "step": null, "ts": 1681276769.6735904}]}, "version": 126}
{"obj": {"type": "LogFloats", "path": ["monitoring", "d1c0a730", "cpu"], "values": [{"value": 4.4, "step": null, "ts": 1681276779.6777043}]}, "version": 127}
{"obj": {"type": "LogFloats", "path": ["monitoring", "d1c0a730", "memory"], "values": [{"value": 5.759037017822266, "step": null, "ts": 1681276779.6777043}]}, "version": 128}
{"obj": {"type": "LogFloats", "path": ["monitoring", "d1c0a730", "gpu_0"], "values": [{"value": 15.0, "step": null, "ts": 1681276779.6777043}]}, "version": 129}
{"obj": {"type": "LogFloats", "path": ["monitoring", "d1c0a730", "gpu_memory_0"], "values": [{"value": 0.99298095703125, "step": null, "ts": 1681276779.6777043}]}, "version": 130}
{"obj": {"type": "LogFloats", "path": ["monitoring", "d1c0a730", "gpu_memory_1"], "values": [{"value": 0.06695556640625, "step": null, "ts": 1681276779.6777043}]}, "version": 131}
{"obj": {"type": "LogFloats", "path": ["monitoring", "d1c0a730", "cpu"], "values": [{"value": 3.3, "step": null, "ts": 1681276789.690431}]}, "version": 132}
{"obj": {"type": "LogFloats", "path": ["monitoring", "d1c0a730", "memory"], "values": [{"value": 5.753974914550781, "step": null, "ts": 1681276789.690431}]}, "version": 133}
{"obj": {"type": "LogFloats", "path": ["monitoring", "d1c0a730", "gpu_0"], "values": [{"value": 41.0, "step": null, "ts": 1681276789.690431}]}, "version": 134}
{"obj": {"type": "LogFloats", "path": ["monitoring", "d1c0a730", "gpu_memory_0"], "values": [{"value": 0.99298095703125, "step": null, "ts": 1681276789.690431}]}, "version": 135}
{"obj": {"type": "LogFloats", "path": ["monitoring", "d1c0a730", "gpu_memory_1"], "values": [{"value": 0.06695556640625, "step": null, "ts": 1681276789.690431}]}, "version": 136}
{"obj": {"type": "LogFloats", "path": ["monitoring", "d1c0a730", "cpu"], "values": [{"value": 4.3, "step": null, "ts": 1681276799.694944}]}, "version": 137}
{"obj": {"type": "LogFloats", "path": ["monitoring", "d1c0a730", "memory"], "values": [{"value": 5.765888214111328, "step": null, "ts": 1681276799.694944}]}, "version": 138}
{"obj": {"type": "LogFloats", "path": ["monitoring", "d1c0a730", "gpu_0"], "values": [{"value": 39.0, "step": null, "ts": 1681276799.694944}]}, "version": 139}
{"obj": {"type": "LogFloats", "path": ["monitoring", "d1c0a730", "gpu_memory_0"], "values": [{"value": 0.99298095703125, "step": null, "ts": 1681276799.694944}]}, "version": 140}
{"obj": {"type": "LogFloats", "path": ["monitoring", "d1c0a730", "gpu_memory_1"], "values": [{"value": 0.06695556640625, "step": null, "ts": 1681276799.694944}]}, "version": 141}
{"obj": {"type": "LogFloats", "path": ["monitoring", "d1c0a730", "cpu"], "values": [{"value": 3.1, "step": null, "ts": 1681276809.698997}]}, "version": 142}
{"obj": {"type": "LogFloats", "path": ["monitoring", "d1c0a730", "memory"], "values": [{"value": 5.765430450439453, "step": null, "ts": 1681276809.698997}]}, "version": 143}
{"obj": {"type": "LogFloats", "path": ["monitoring", "d1c0a730", "gpu_0"], "values": [{"value": 48.0, "step": null, "ts": 1681276809.698997}]}, "version": 144}
{"obj": {"type": "LogFloats", "path": ["monitoring", "d1c0a730", "gpu_memory_0"], "values": [{"value": 0.99298095703125, "step": null, "ts": 1681276809.698997}]}, "version": 145}
{"obj": {"type": "LogFloats", "path": ["monitoring", "d1c0a730", "gpu_memory_1"], "values": [{"value": 0.06695556640625, "step": null, "ts": 1681276809.698997}]}, "version": 146}
{"obj": {"type": "LogFloats", "path": ["monitoring", "d1c0a730", "cpu"], "values": [{"value": 6.8, "step": null, "ts": 1681276819.7027087}]}, "version": 147}
{"obj": {"type": "LogFloats", "path": ["monitoring", "d1c0a730", "memory"], "values": [{"value": 5.762248992919922, "step": null, "ts": 1681276819.7027087}]}, "version": 148}
{"obj": {"type": "LogFloats", "path": ["monitoring", "d1c0a730", "gpu_0"], "values": [{"value": 39.0, "step": null, "ts": 1681276819.7027087}]}, "version": 149}
{"obj": {"type": "LogFloats", "path": ["monitoring", "d1c0a730", "gpu_memory_0"], "values": [{"value": 0.99298095703125, "step": null, "ts": 1681276819.7027087}]}, "version": 150}
{"obj": {"type": "LogFloats", "path": ["monitoring", "d1c0a730", "gpu_memory_1"], "values": [{"value": 0.06695556640625, "step": null, "ts": 1681276819.7027087}]}, "version": 151}
{"obj": {"type": "LogFloats", "path": ["monitoring", "d1c0a730", "cpu"], "values": [{"value": 3.3, "step": null, "ts": 1681276829.7067564}]}, "version": 152}
{"obj": {"type": "LogFloats", "path": ["monitoring", "d1c0a730", "memory"], "values": [{"value": 5.770862579345703, "step": null, "ts": 1681276829.7067564}]}, "version": 153}
{"obj": {"type": "LogFloats", "path": ["monitoring", "d1c0a730", "gpu_0"], "values": [{"value": 39.0, "step": null, "ts": 1681276829.7067564}]}, "version": 154}
{"obj": {"type": "LogFloats", "path": ["monitoring", "d1c0a730", "gpu_memory_0"], "values": [{"value": 0.99298095703125, "step": null, "ts": 1681276829.7067564}]}, "version": 155}
{"obj": {"type": "LogFloats", "path": ["monitoring", "d1c0a730", "gpu_memory_1"], "values": [{"value": 0.06695556640625, "step": null, "ts": 1681276829.7067564}]}, "version": 156}
{"obj": {"type": "LogFloats", "path": ["monitoring", "d1c0a730", "cpu"], "values": [{"value": 3.6, "step": null, "ts": 1681276839.712558}]}, "version": 157}
{"obj": {"type": "LogFloats", "path": ["monitoring", "d1c0a730", "memory"], "values": [{"value": 5.774791717529297, "step": null, "ts": 1681276839.712558}]}, "version": 158}
{"obj": {"type": "LogFloats", "path": ["monitoring", "d1c0a730", "gpu_0"], "values": [{"value": 18.0, "step": null, "ts": 1681276839.712558}]}, "version": 159}
{"obj": {"type": "LogFloats", "path": ["monitoring", "d1c0a730", "gpu_memory_0"], "values": [{"value": 0.994384765625, "step": null, "ts": 1681276839.712558}]}, "version": 160}
{"obj": {"type": "LogFloats", "path": ["monitoring", "d1c0a730", "gpu_memory_1"], "values": [{"value": 0.06695556640625, "step": null, "ts": 1681276839.712558}]}, "version": 161}
{"obj": {"type": "LogFloats", "path": ["monitoring", "d1c0a730", "cpu"], "values": [{"value": 5.9, "step": null, "ts": 1681276849.7168052}]}, "version": 162}
{"obj": {"type": "LogFloats", "path": ["monitoring", "d1c0a730", "memory"], "values": [{"value": 5.759971618652344, "step": null, "ts": 1681276849.7168052}]}, "version": 163}
{"obj": {"type": "LogFloats", "path": ["monitoring", "d1c0a730", "gpu_0"], "values": [{"value": 9.0, "step": null, "ts": 1681276849.7168052}]}, "version": 164}
{"obj": {"type": "LogFloats", "path": ["monitoring", "d1c0a730", "gpu_memory_0"], "values": [{"value": 0.9930419921875, "step": null, "ts": 1681276849.7168052}]}, "version": 165}
{"obj": {"type": "LogFloats", "path": ["monitoring", "d1c0a730", "gpu_memory_1"], "values": [{"value": 0.06695556640625, "step": null, "ts": 1681276849.7168052}]}, "version": 166}
{"obj": {"type": "LogFloats", "path": ["monitoring", "d1c0a730", "cpu"], "values": [{"value": 4.9, "step": null, "ts": 1681276859.7211275}]}, "version": 167}
{"obj": {"type": "LogFloats", "path": ["monitoring", "d1c0a730", "memory"], "values": [{"value": 5.762546539306641, "step": null, "ts": 1681276859.7211275}]}, "version": 168}
{"obj": {"type": "LogFloats", "path": ["monitoring", "d1c0a730", "gpu_0"], "values": [{"value": 12.0, "step": null, "ts": 1681276859.7211275}]}, "version": 169}
{"obj": {"type": "LogFloats", "path": ["monitoring", "d1c0a730", "gpu_memory_0"], "values": [{"value": 0.9947509765625, "step": null, "ts": 1681276859.7211275}]}, "version": 170}
{"obj": {"type": "LogFloats", "path": ["monitoring", "d1c0a730", "gpu_memory_1"], "values": [{"value": 0.06695556640625, "step": null, "ts": 1681276859.7211275}]}, "version": 171}
{"obj": {"type": "LogStrings", "path": ["monitoring", "d1c0a730", "stdout"], "values": [{"value": "Shutting down background jobs, please wait a moment...\n", "step": null, "ts": 1681276863.2637148}]}, "version": 172}
