{"obj": {"type": "AssignString", "path": ["sys", "name"], "value": "Untitled"}, "version": 1}
{"obj": {"type": "AssignString", "path": ["sys", "description"], "value": ""}, "version": 2}
{"obj": {"type": "AssignString", "path": ["monitoring", "e96a5e8f", "hostname"], "value": "Marc-supercomputer"}, "version": 3}
{"obj": {"type": "AssignString", "path": ["sys", "hostname"], "value": "Marc-supercomputer"}, "version": 4}
{"obj": {"type": "AssignString", "path": ["monitoring", "e96a5e8f", "pid"], "value": "30216"}, "version": 5}
{"obj": {"type": "AssignString", "path": ["monitoring", "e96a5e8f", "tid"], "value": "140378931496000"}, "version": 6}
{"obj": {"type": "AssignBool", "path": ["sys", "failed"], "value": false}, "version": 7}
{"obj": {"type": "ClearStringLog", "path": ["monitoring", "e96a5e8f", "stdout"]}, "version": 8}
{"obj": {"type": "ClearStringLog", "path": ["monitoring", "e96a5e8f", "stderr"]}, "version": 9}
{"obj": {"type": "AssignString", "path": ["source_code", "entrypoint"], "value": "our_main.py"}, "version": 10}
{"obj": {"type": "UploadFileSet", "path": ["source_code", "files"], "file_globs": ["/home/marc/Documents/GitHub/8semester/Weakly-supervised-anomaly-detection/MGFN-main/our_main.py"], "reset": "False"}, "version": 11}
{"obj": {"type": "ConfigFloatSeries", "path": ["monitoring", "e96a5e8f", "cpu"], "min": 0.0, "max": 100.0, "unit": "%"}, "version": 12}
{"obj": {"type": "ClearFloatLog", "path": ["monitoring", "e96a5e8f", "cpu"]}, "version": 13}
{"obj": {"type": "ConfigFloatSeries", "path": ["monitoring", "e96a5e8f", "memory"], "min": 0.0, "max": 31.233211517333984, "unit": "GB"}, "version": 14}
{"obj": {"type": "ClearFloatLog", "path": ["monitoring", "e96a5e8f", "memory"]}, "version": 15}
{"obj": {"type": "ConfigFloatSeries", "path": ["monitoring", "e96a5e8f", "gpu_0"], "min": 0.0, "max": 100.0, "unit": "%"}, "version": 16}
{"obj": {"type": "ClearFloatLog", "path": ["monitoring", "e96a5e8f", "gpu_0"]}, "version": 17}
{"obj": {"type": "ConfigFloatSeries", "path": ["monitoring", "e96a5e8f", "gpu_1"], "min": 0.0, "max": 100.0, "unit": "%"}, "version": 18}
{"obj": {"type": "ClearFloatLog", "path": ["monitoring", "e96a5e8f", "gpu_1"]}, "version": 19}
{"obj": {"type": "ConfigFloatSeries", "path": ["monitoring", "e96a5e8f", "gpu_memory_0"], "min": 0.0, "max": 12.0, "unit": "GB"}, "version": 20}
{"obj": {"type": "ClearFloatLog", "path": ["monitoring", "e96a5e8f", "gpu_memory_0"]}, "version": 21}
{"obj": {"type": "ConfigFloatSeries", "path": ["monitoring", "e96a5e8f", "gpu_memory_1"], "min": 0.0, "max": 12.0, "unit": "GB"}, "version": 22}
{"obj": {"type": "ClearFloatLog", "path": ["monitoring", "e96a5e8f", "gpu_memory_1"]}, "version": 23}
{"obj": {"type": "LogFloats", "path": ["monitoring", "e96a5e8f", "cpu"], "values": [{"value": 15.7, "step": null, "ts": 1681817615.3050857}]}, "version": 24}
{"obj": {"type": "LogFloats", "path": ["monitoring", "e96a5e8f", "memory"], "values": [{"value": 6.165626525878906, "step": null, "ts": 1681817615.3050857}]}, "version": 25}
{"obj": {"type": "LogFloats", "path": ["monitoring", "e96a5e8f", "gpu_memory_0"], "values": [{"value": 0.8314208984375, "step": null, "ts": 1681817615.3050857}]}, "version": 26}
{"obj": {"type": "LogFloats", "path": ["monitoring", "e96a5e8f", "gpu_memory_1"], "values": [{"value": 0.06451416015625, "step": null, "ts": 1681817615.3050857}]}, "version": 27}
{"obj": {"type": "AssignString", "path": ["params", "feat_extractor"], "value": "i3d"}, "version": 28}
{"obj": {"type": "AssignInt", "path": ["params", "feature_size"], "value": 2048}, "version": 29}
{"obj": {"type": "AssignInt", "path": ["params", "hiddensize"], "value": 512}, "version": 30}
{"obj": {"type": "AssignString", "path": ["params", "comment"], "value": "mgfn"}, "version": 31}
{"obj": {"type": "AssignString", "path": ["params", "local_con"], "value": "static"}, "version": 32}
{"obj": {"type": "AssignInt", "path": ["params", "head_K"], "value": 4}, "version": 33}
{"obj": {"type": "AssignInt", "path": ["params", "workers"], "value": 0}, "version": 34}
{"obj": {"type": "AssignInt", "path": ["params", "num_classes"], "value": 2}, "version": 35}
{"obj": {"type": "AssignInt", "path": ["params", "plot_freq"], "value": 10}, "version": 36}
{"obj": {"type": "AssignInt", "path": ["params", "max_epoch"], "value": 1000}, "version": 37}
{"obj": {"type": "AssignString", "path": ["params", "model_name"], "value": "mgfn"}, "version": 38}
{"obj": {"type": "AssignString", "path": ["params", "gt"], "value": "data/ucf_tencrop_1d/gt-ucf.npy"}, "version": 39}
{"obj": {"type": "AssignInt", "path": ["params", "depths1"], "value": 3}, "version": 40}
{"obj": {"type": "AssignInt", "path": ["params", "depths2"], "value": 3}, "version": 41}
{"obj": {"type": "AssignInt", "path": ["params", "depths3"], "value": 2}, "version": 42}
{"obj": {"type": "AssignString", "path": ["params", "mgfn_type1"], "value": "gb"}, "version": 43}
{"obj": {"type": "AssignString", "path": ["params", "mgfn_type2"], "value": "fb"}, "version": 44}
{"obj": {"type": "AssignString", "path": ["params", "mgfn_type3"], "value": "fb"}, "version": 45}
{"obj": {"type": "AssignFloat", "path": ["params", "dropout_rate"], "value": 0.7}, "version": 46}
{"obj": {"type": "AssignFloat", "path": ["params", "mag_ratio"], "value": 0.1}, "version": 47}
{"obj": {"type": "AssignInt", "path": ["params", "seg_length"], "value": 32}, "version": 48}
{"obj": {"type": "AssignBool", "path": ["params", "add_mag_info"], "value": false}, "version": 49}
{"obj": {"type": "AssignString", "path": ["params", "rgb_list"], "value": "data/ucf_tencrop_1d/ucf-i3d.list"}, "version": 50}
{"obj": {"type": "AssignString", "path": ["params", "val_rgb_list"], "value": "data/ucf_tencrop_1d/ucf-i3d-val.list"}, "version": 51}
{"obj": {"type": "AssignString", "path": ["params", "test_rgb_list"], "value": "data/ucf_tencrop_1d/ucf-i3d-test.list"}, "version": 52}
{"obj": {"type": "AssignString", "path": ["params", "datasetname"], "value": "UCF"}, "version": 53}
{"obj": {"type": "AssignString", "path": ["params", "dataset"], "value": "UCF"}, "version": 54}
{"obj": {"type": "AssignString", "path": ["params", "modality"], "value": "RGB"}, "version": 55}
{"obj": {"type": "AssignInt", "path": ["params", "T"], "value": 32}, "version": 56}
{"obj": {"type": "AssignInt", "path": ["params", "P"], "value": 10}, "version": 57}
{"obj": {"type": "AssignFloat", "path": ["params", "alpha"], "value": 0.1}, "version": 58}
{"obj": {"type": "AssignInt", "path": ["params", "k"], "value": 3}, "version": 59}
{"obj": {"type": "AssignInt", "path": ["params", "lambda_1"], "value": 1}, "version": 60}
{"obj": {"type": "AssignInt", "path": ["params", "lambda_2"], "value": 1}, "version": 61}
{"obj": {"type": "AssignFloat", "path": ["params", "lambda_3"], "value": 0.001}, "version": 62}
{"obj": {"type": "AssignFloat", "path": ["params", "w_decay"], "value": 0.0005}, "version": 63}
{"obj": {"type": "AssignInt", "path": ["params", "batch_size"], "value": 16}, "version": 64}
{"obj": {"type": "AssignString", "path": ["params", "user"], "value": "marc"}, "version": 65}
{"obj": {"type": "AssignString", "path": ["params", "params"], "value": "params_def"}, "version": 66}
{"obj": {"type": "LogStrings", "path": ["monitoring", "e96a5e8f", "stderr"], "values": [{"value": "/home/marc/Documents/GitHub/8semester/Weakly-supervised-anomaly-detection/MGFN-main/our_main.py:71: NeptuneUnsupportedType: You're attempting to log a type that is not directly supported by Neptune (<class 'list'>).\n        Convert the value to a supported type, such as a string or float, or use stringify_unsupported(obj)\n        for dictionaries or collections that contain unsupported values.\n        For more, see https://docs.neptune.ai/help/value_of_unsupported_type\n  run[\"params\"] = param\n", "step": null, "ts": 1681817615.3624647}]}, "version": 67}
{"obj": {"type": "LogStrings", "path": ["monitoring", "e96a5e8f", "stderr"], "values": [{"value": "/home/marc/Documents/GitHub/8semester/Weakly-supervised-anomaly-detection/MGFN-main/our_main.py:71: NeptuneUnsupportedType: You're attempting to log a type that is not directly supported by Neptune (<class 'NoneType'>).\n        Convert the value to a supported type, such as a string or float, or use stringify_unsupported(obj)\n        for dictionaries or collections that contain unsupported values.\n        For more, see https://docs.neptune.ai/help/value_of_unsupported_type\n  run[\"params\"] = param\n", "step": null, "ts": 1681817615.3628602}]}, "version": 68}
{"obj": {"type": "LogStrings", "path": ["monitoring", "e96a5e8f", "stdout"], "values": [{"value": "cuda:0", "step": null, "ts": 1681817615.4163098}]}, "version": 69}
{"obj": {"type": "LogStrings", "path": ["monitoring", "e96a5e8f", "stdout"], "values": [{"value": "\n", "step": null, "ts": 1681817615.416742}]}, "version": 70}
{"obj": {"type": "LogFloats", "path": ["monitoring", "e96a5e8f", "cpu"], "values": [{"value": 5.1, "step": null, "ts": 1681817625.3140492}]}, "version": 71}
{"obj": {"type": "LogFloats", "path": ["monitoring", "e96a5e8f", "memory"], "values": [{"value": 6.218353271484375, "step": null, "ts": 1681817625.3140492}]}, "version": 72}
{"obj": {"type": "LogFloats", "path": ["monitoring", "e96a5e8f", "gpu_memory_0"], "values": [{"value": 0.8338623046875, "step": null, "ts": 1681817625.3140492}]}, "version": 73}
{"obj": {"type": "LogFloats", "path": ["monitoring", "e96a5e8f", "gpu_memory_1"], "values": [{"value": 0.06695556640625, "step": null, "ts": 1681817625.3140492}]}, "version": 74}
{"obj": {"type": "LogFloats", "path": ["monitoring", "e96a5e8f", "cpu"], "values": [{"value": 5.5, "step": null, "ts": 1681817635.3167644}]}, "version": 75}
{"obj": {"type": "LogFloats", "path": ["monitoring", "e96a5e8f", "memory"], "values": [{"value": 7.647029876708984, "step": null, "ts": 1681817635.3167644}]}, "version": 76}
{"obj": {"type": "LogFloats", "path": ["monitoring", "e96a5e8f", "gpu_memory_0"], "values": [{"value": 1.3983154296875, "step": null, "ts": 1681817635.3167644}]}, "version": 77}
{"obj": {"type": "LogFloats", "path": ["monitoring", "e96a5e8f", "gpu_memory_1"], "values": [{"value": 0.06695556640625, "step": null, "ts": 1681817635.3167644}]}, "version": 78}
{"obj": {"type": "LogFloats", "path": ["monitoring", "e96a5e8f", "cpu"], "values": [{"value": 8.2, "step": null, "ts": 1681817645.3195271}]}, "version": 79}
{"obj": {"type": "LogFloats", "path": ["monitoring", "e96a5e8f", "memory"], "values": [{"value": 7.460243225097656, "step": null, "ts": 1681817645.3195271}]}, "version": 80}
{"obj": {"type": "LogFloats", "path": ["monitoring", "e96a5e8f", "gpu_memory_0"], "values": [{"value": 1.4393310546875, "step": null, "ts": 1681817645.3195271}]}, "version": 81}
{"obj": {"type": "LogFloats", "path": ["monitoring", "e96a5e8f", "gpu_memory_1"], "values": [{"value": 0.06695556640625, "step": null, "ts": 1681817645.3195271}]}, "version": 82}
{"obj": {"type": "LogFloats", "path": ["monitoring", "e96a5e8f", "cpu"], "values": [{"value": 7.6, "step": null, "ts": 1681817655.3227122}]}, "version": 83}
{"obj": {"type": "LogFloats", "path": ["monitoring", "e96a5e8f", "memory"], "values": [{"value": 7.422325134277344, "step": null, "ts": 1681817655.3227122}]}, "version": 84}
{"obj": {"type": "LogFloats", "path": ["monitoring", "e96a5e8f", "gpu_memory_0"], "values": [{"value": 1.4393310546875, "step": null, "ts": 1681817655.3227122}]}, "version": 85}
{"obj": {"type": "LogFloats", "path": ["monitoring", "e96a5e8f", "gpu_memory_1"], "values": [{"value": 0.06695556640625, "step": null, "ts": 1681817655.3227122}]}, "version": 86}
{"obj": {"type": "LogFloats", "path": ["monitoring", "e96a5e8f", "cpu"], "values": [{"value": 8.0, "step": null, "ts": 1681817665.3253858}]}, "version": 87}
{"obj": {"type": "LogFloats", "path": ["monitoring", "e96a5e8f", "memory"], "values": [{"value": 7.337299346923828, "step": null, "ts": 1681817665.3253858}]}, "version": 88}
{"obj": {"type": "LogFloats", "path": ["monitoring", "e96a5e8f", "gpu_memory_0"], "values": [{"value": 1.4393310546875, "step": null, "ts": 1681817665.3253858}]}, "version": 89}
{"obj": {"type": "LogFloats", "path": ["monitoring", "e96a5e8f", "gpu_memory_1"], "values": [{"value": 0.06695556640625, "step": null, "ts": 1681817665.3253858}]}, "version": 90}
{"obj": {"type": "LogFloats", "path": ["monitoring", "e96a5e8f", "cpu"], "values": [{"value": 7.8, "step": null, "ts": 1681817675.328418}]}, "version": 91}
{"obj": {"type": "LogFloats", "path": ["monitoring", "e96a5e8f", "memory"], "values": [{"value": 7.105949401855469, "step": null, "ts": 1681817675.328418}]}, "version": 92}
{"obj": {"type": "LogFloats", "path": ["monitoring", "e96a5e8f", "gpu_memory_0"], "values": [{"value": 1.4393310546875, "step": null, "ts": 1681817675.328418}]}, "version": 93}
{"obj": {"type": "LogFloats", "path": ["monitoring", "e96a5e8f", "gpu_memory_1"], "values": [{"value": 0.06695556640625, "step": null, "ts": 1681817675.328418}]}, "version": 94}
{"obj": {"type": "LogFloats", "path": ["monitoring", "e96a5e8f", "cpu"], "values": [{"value": 1.6, "step": null, "ts": 1681817685.3320727}]}, "version": 95}
{"obj": {"type": "LogFloats", "path": ["monitoring", "e96a5e8f", "memory"], "values": [{"value": 7.068992614746094, "step": null, "ts": 1681817685.3320727}]}, "version": 96}
{"obj": {"type": "LogFloats", "path": ["monitoring", "e96a5e8f", "gpu_memory_0"], "values": [{"value": 1.4393310546875, "step": null, "ts": 1681817685.3320727}]}, "version": 97}
{"obj": {"type": "LogFloats", "path": ["monitoring", "e96a5e8f", "gpu_memory_1"], "values": [{"value": 0.06695556640625, "step": null, "ts": 1681817685.3320727}]}, "version": 98}
{"obj": {"type": "LogFloats", "path": ["monitoring", "e96a5e8f", "cpu"], "values": [{"value": 1.4, "step": null, "ts": 1681817695.33594}]}, "version": 99}
{"obj": {"type": "LogFloats", "path": ["monitoring", "e96a5e8f", "memory"], "values": [{"value": 7.0771484375, "step": null, "ts": 1681817695.33594}]}, "version": 100}
{"obj": {"type": "LogFloats", "path": ["monitoring", "e96a5e8f", "gpu_memory_0"], "values": [{"value": 1.4393310546875, "step": null, "ts": 1681817695.33594}]}, "version": 101}
{"obj": {"type": "LogFloats", "path": ["monitoring", "e96a5e8f", "gpu_memory_1"], "values": [{"value": 0.06695556640625, "step": null, "ts": 1681817695.33594}]}, "version": 102}
