{"obj": {"type": "AssignString", "path": ["sys", "name"], "value": "Untitled"}, "version": 1}
{"obj": {"type": "AssignString", "path": ["sys", "description"], "value": ""}, "version": 2}
{"obj": {"type": "AssignString", "path": ["monitoring", "87b7bfa4", "hostname"], "value": "Marc-supercomputer"}, "version": 3}
{"obj": {"type": "AssignString", "path": ["sys", "hostname"], "value": "Marc-supercomputer"}, "version": 4}
{"obj": {"type": "AssignString", "path": ["monitoring", "87b7bfa4", "pid"], "value": "12006"}, "version": 5}
{"obj": {"type": "AssignString", "path": ["monitoring", "87b7bfa4", "tid"], "value": "140465229386816"}, "version": 6}
{"obj": {"type": "AssignBool", "path": ["sys", "failed"], "value": false}, "version": 7}
{"obj": {"type": "ClearStringLog", "path": ["monitoring", "87b7bfa4", "stdout"]}, "version": 8}
{"obj": {"type": "ClearStringLog", "path": ["monitoring", "87b7bfa4", "stderr"]}, "version": 9}
{"obj": {"type": "AssignString", "path": ["source_code", "entrypoint"], "value": "our_main.py"}, "version": 10}
{"obj": {"type": "UploadFileSet", "path": ["source_code", "files"], "file_globs": ["/home/marc/Documents/GitHub/8semester/Weakly-supervised-anomaly-detection/RTFM-main/our_main.py"], "reset": "False"}, "version": 11}
{"obj": {"type": "ConfigFloatSeries", "path": ["monitoring", "87b7bfa4", "cpu"], "min": 0.0, "max": 100.0, "unit": "%"}, "version": 12}
{"obj": {"type": "ClearFloatLog", "path": ["monitoring", "87b7bfa4", "cpu"]}, "version": 13}
{"obj": {"type": "ConfigFloatSeries", "path": ["monitoring", "87b7bfa4", "memory"], "min": 0.0, "max": 31.233211517333984, "unit": "GB"}, "version": 14}
{"obj": {"type": "ClearFloatLog", "path": ["monitoring", "87b7bfa4", "memory"]}, "version": 15}
{"obj": {"type": "ConfigFloatSeries", "path": ["monitoring", "87b7bfa4", "gpu_0"], "min": 0.0, "max": 100.0, "unit": "%"}, "version": 16}
{"obj": {"type": "ClearFloatLog", "path": ["monitoring", "87b7bfa4", "gpu_0"]}, "version": 17}
{"obj": {"type": "ConfigFloatSeries", "path": ["monitoring", "87b7bfa4", "gpu_1"], "min": 0.0, "max": 100.0, "unit": "%"}, "version": 18}
{"obj": {"type": "ClearFloatLog", "path": ["monitoring", "87b7bfa4", "gpu_1"]}, "version": 19}
{"obj": {"type": "ConfigFloatSeries", "path": ["monitoring", "87b7bfa4", "gpu_memory_0"], "min": 0.0, "max": 12.0, "unit": "GB"}, "version": 20}
{"obj": {"type": "ClearFloatLog", "path": ["monitoring", "87b7bfa4", "gpu_memory_0"]}, "version": 21}
{"obj": {"type": "ConfigFloatSeries", "path": ["monitoring", "87b7bfa4", "gpu_memory_1"], "min": 0.0, "max": 12.0, "unit": "GB"}, "version": 22}
{"obj": {"type": "ClearFloatLog", "path": ["monitoring", "87b7bfa4", "gpu_memory_1"]}, "version": 23}
{"obj": {"type": "LogFloats", "path": ["monitoring", "87b7bfa4", "cpu"], "values": [{"value": 4.1, "step": null, "ts": 1681663357.7785995}]}, "version": 24}
{"obj": {"type": "LogFloats", "path": ["monitoring", "87b7bfa4", "memory"], "values": [{"value": 4.883266448974609, "step": null, "ts": 1681663357.7785995}]}, "version": 25}
{"obj": {"type": "LogFloats", "path": ["monitoring", "87b7bfa4", "gpu_0"], "values": [{"value": 1.0, "step": null, "ts": 1681663357.7785995}]}, "version": 26}
{"obj": {"type": "LogFloats", "path": ["monitoring", "87b7bfa4", "gpu_memory_0"], "values": [{"value": 0.65966796875, "step": null, "ts": 1681663357.7785995}]}, "version": 27}
{"obj": {"type": "LogFloats", "path": ["monitoring", "87b7bfa4", "gpu_memory_1"], "values": [{"value": 0.06402587890625, "step": null, "ts": 1681663357.7785995}]}, "version": 28}
{"obj": {"type": "AssignString", "path": ["params", "feat_extractor"], "value": "i3d"}, "version": 29}
{"obj": {"type": "AssignInt", "path": ["params", "feature_size"], "value": 2048}, "version": 30}
{"obj": {"type": "AssignInt", "path": ["params", "workers"], "value": 4}, "version": 31}
{"obj": {"type": "AssignInt", "path": ["params", "num_classes"], "value": 1}, "version": 32}
{"obj": {"type": "AssignInt", "path": ["params", "plot_freq"], "value": 10}, "version": 33}
{"obj": {"type": "AssignInt", "path": ["params", "max_epoch"], "value": 1000}, "version": 34}
{"obj": {"type": "AssignString", "path": ["params", "model_name"], "value": "rftm"}, "version": 35}
{"obj": {"type": "AssignString", "path": ["params", "gt"], "value": "data/ucf_tencrop_1d/gt-ucf.npy"}, "version": 36}
{"obj": {"type": "AssignString", "path": ["params", "rgb_list"], "value": "data/ucf_tencrop_1d/ucf-i3d.list"}, "version": 37}
{"obj": {"type": "AssignString", "path": ["params", "val_rgb_list"], "value": "data/ucf_tencrop_1d/ucf-i3d-val.list"}, "version": 38}
{"obj": {"type": "AssignString", "path": ["params", "test_rgb_list"], "value": "data/ucf_tencrop_1d/ucf-i3d-test.list"}, "version": 39}
{"obj": {"type": "AssignString", "path": ["params", "datasetname"], "value": "UCF"}, "version": 40}
{"obj": {"type": "AssignString", "path": ["params", "dataset"], "value": "UCF"}, "version": 41}
{"obj": {"type": "AssignString", "path": ["params", "modality"], "value": "RGB"}, "version": 42}
{"obj": {"type": "AssignInt", "path": ["params", "T"], "value": 32}, "version": 43}
{"obj": {"type": "AssignInt", "path": ["params", "P"], "value": 10}, "version": 44}
{"obj": {"type": "AssignFloat", "path": ["params", "alpha"], "value": 0.0001}, "version": 45}
{"obj": {"type": "AssignInt", "path": ["params", "margin"], "value": 100}, "version": 46}
{"obj": {"type": "AssignFloat", "path": ["params", "w_decay"], "value": 0.005}, "version": 47}
{"obj": {"type": "AssignInt", "path": ["params", "batch_size"], "value": 32}, "version": 48}
{"obj": {"type": "AssignString", "path": ["params", "user"], "value": "marc"}, "version": 49}
{"obj": {"type": "AssignString", "path": ["params", "params"], "value": "params_def"}, "version": 50}
{"obj": {"type": "AssignString", "path": ["model"], "value": "RFTM"}, "version": 51}
{"obj": {"type": "LogStrings", "path": ["monitoring", "87b7bfa4", "stderr"], "values": [{"value": "/home/marc/Documents/GitHub/8semester/Weakly-supervised-anomaly-detection/RTFM-main/our_main.py:66: NeptuneUnsupportedType: You're attempting to log a type that is not directly supported by Neptune (<class 'list'>).\n        Convert the value to a supported type, such as a string or float, or use stringify_unsupported(obj)\n        for dictionaries or collections that contain unsupported values.\n        For more, see https://docs.neptune.ai/help/value_of_unsupported_type\n  run[\"params\"] = param\n", "step": null, "ts": 1681663357.8464718}]}, "version": 52}
{"obj": {"type": "LogStrings", "path": ["monitoring", "87b7bfa4", "stderr"], "values": [{"value": "/home/marc/Documents/GitHub/8semester/Weakly-supervised-anomaly-detection/RTFM-main/our_main.py:66: NeptuneUnsupportedType: You're attempting to log a type that is not directly supported by Neptune (<class 'NoneType'>).\n        Convert the value to a supported type, such as a string or float, or use stringify_unsupported(obj)\n        for dictionaries or collections that contain unsupported values.\n        For more, see https://docs.neptune.ai/help/value_of_unsupported_type\n  run[\"params\"] = param\n", "step": null, "ts": 1681663357.8465955}]}, "version": 53}
{"obj": {"type": "LogStrings", "path": ["monitoring", "87b7bfa4", "stdout"], "values": [{"value": "Aggregate.conv_1.0.weight", "step": null, "ts": 1681663358.0399988}]}, "version": 54}
{"obj": {"type": "LogStrings", "path": ["monitoring", "87b7bfa4", "stdout"], "values": [{"value": "\n", "step": null, "ts": 1681663358.0410352}]}, "version": 55}
{"obj": {"type": "LogStrings", "path": ["monitoring", "87b7bfa4", "stdout"], "values": [{"value": "Aggregate.conv_1.0.bias", "step": null, "ts": 1681663358.0675282}]}, "version": 56}
{"obj": {"type": "LogStrings", "path": ["monitoring", "87b7bfa4", "stdout"], "values": [{"value": "\n", "step": null, "ts": 1681663358.0680926}]}, "version": 57}
{"obj": {"type": "LogStrings", "path": ["monitoring", "87b7bfa4", "stdout"], "values": [{"value": "Aggregate.conv_1.2.weight", "step": null, "ts": 1681663358.0685563}]}, "version": 58}
{"obj": {"type": "LogStrings", "path": ["monitoring", "87b7bfa4", "stdout"], "values": [{"value": "\n", "step": null, "ts": 1681663358.069259}]}, "version": 59}
{"obj": {"type": "LogStrings", "path": ["monitoring", "87b7bfa4", "stdout"], "values": [{"value": "Aggregate.conv_1.2.bias", "step": null, "ts": 1681663358.0693233}]}, "version": 60}
{"obj": {"type": "LogStrings", "path": ["monitoring", "87b7bfa4", "stdout"], "values": [{"value": "\n", "step": null, "ts": 1681663358.0693688}]}, "version": 61}
{"obj": {"type": "LogStrings", "path": ["monitoring", "87b7bfa4", "stdout"], "values": [{"value": "Aggregate.conv_2.0.weight", "step": null, "ts": 1681663358.0694132}]}, "version": 62}
{"obj": {"type": "LogStrings", "path": ["monitoring", "87b7bfa4", "stdout"], "values": [{"value": "\n", "step": null, "ts": 1681663358.0694666}]}, "version": 63}
{"obj": {"type": "LogStrings", "path": ["monitoring", "87b7bfa4", "stdout"], "values": [{"value": "Aggregate.conv_2.0.bias", "step": null, "ts": 1681663358.0695093}]}, "version": 64}
{"obj": {"type": "LogStrings", "path": ["monitoring", "87b7bfa4", "stdout"], "values": [{"value": "\n", "step": null, "ts": 1681663358.0695553}]}, "version": 65}
{"obj": {"type": "LogStrings", "path": ["monitoring", "87b7bfa4", "stdout"], "values": [{"value": "Aggregate.conv_2.2.weight", "step": null, "ts": 1681663358.0695977}]}, "version": 66}
{"obj": {"type": "LogStrings", "path": ["monitoring", "87b7bfa4", "stdout"], "values": [{"value": "\n", "step": null, "ts": 1681663358.0696394}]}, "version": 67}
{"obj": {"type": "LogStrings", "path": ["monitoring", "87b7bfa4", "stdout"], "values": [{"value": "Aggregate.conv_2.2.bias", "step": null, "ts": 1681663358.0697193}]}, "version": 68}
{"obj": {"type": "LogStrings", "path": ["monitoring", "87b7bfa4", "stdout"], "values": [{"value": "\n", "step": null, "ts": 1681663358.069764}]}, "version": 69}
{"obj": {"type": "LogStrings", "path": ["monitoring", "87b7bfa4", "stdout"], "values": [{"value": "Aggregate.conv_3.0.weight", "step": null, "ts": 1681663358.0698068}]}, "version": 70}
{"obj": {"type": "LogStrings", "path": ["monitoring", "87b7bfa4", "stdout"], "values": [{"value": "\n", "step": null, "ts": 1681663358.069851}]}, "version": 71}
{"obj": {"type": "LogStrings", "path": ["monitoring", "87b7bfa4", "stdout"], "values": [{"value": "Aggregate.conv_3.0.bias", "step": null, "ts": 1681663358.0698938}]}, "version": 72}
{"obj": {"type": "LogStrings", "path": ["monitoring", "87b7bfa4", "stdout"], "values": [{"value": "\n", "step": null, "ts": 1681663358.0699356}]}, "version": 73}
{"obj": {"type": "LogStrings", "path": ["monitoring", "87b7bfa4", "stdout"], "values": [{"value": "Aggregate.conv_3.2.weight", "step": null, "ts": 1681663358.0699763}]}, "version": 74}
{"obj": {"type": "LogStrings", "path": ["monitoring", "87b7bfa4", "stdout"], "values": [{"value": "\n", "step": null, "ts": 1681663358.070018}]}, "version": 75}
{"obj": {"type": "LogStrings", "path": ["monitoring", "87b7bfa4", "stdout"], "values": [{"value": "Aggregate.conv_3.2.bias", "step": null, "ts": 1681663358.070059}]}, "version": 76}
{"obj": {"type": "LogStrings", "path": ["monitoring", "87b7bfa4", "stdout"], "values": [{"value": "\n", "step": null, "ts": 1681663358.0700998}]}, "version": 77}
{"obj": {"type": "LogStrings", "path": ["monitoring", "87b7bfa4", "stdout"], "values": [{"value": "Aggregate.conv_4.0.weight", "step": null, "ts": 1681663358.0701408}]}, "version": 78}
{"obj": {"type": "LogStrings", "path": ["monitoring", "87b7bfa4", "stdout"], "values": [{"value": "\n", "step": null, "ts": 1681663358.0701966}]}, "version": 79}
{"obj": {"type": "LogStrings", "path": ["monitoring", "87b7bfa4", "stdout"], "values": [{"value": "Aggregate.conv_5.0.weight", "step": null, "ts": 1681663358.070257}]}, "version": 80}
{"obj": {"type": "LogStrings", "path": ["monitoring", "87b7bfa4", "stdout"], "values": [{"value": "\n", "step": null, "ts": 1681663358.070297}]}, "version": 81}
{"obj": {"type": "LogStrings", "path": ["monitoring", "87b7bfa4", "stdout"], "values": [{"value": "Aggregate.conv_5.2.weight", "step": null, "ts": 1681663358.0703373}]}, "version": 82}
{"obj": {"type": "LogStrings", "path": ["monitoring", "87b7bfa4", "stdout"], "values": [{"value": "\n", "step": null, "ts": 1681663358.070378}]}, "version": 83}
{"obj": {"type": "LogStrings", "path": ["monitoring", "87b7bfa4", "stdout"], "values": [{"value": "Aggregate.conv_5.2.bias", "step": null, "ts": 1681663358.0704205}]}, "version": 84}
{"obj": {"type": "LogStrings", "path": ["monitoring", "87b7bfa4", "stdout"], "values": [{"value": "\n", "step": null, "ts": 1681663358.0704613}]}, "version": 85}
{"obj": {"type": "LogStrings", "path": ["monitoring", "87b7bfa4", "stdout"], "values": [{"value": "Aggregate.non_local.g.weight", "step": null, "ts": 1681663358.0705023}]}, "version": 86}
{"obj": {"type": "LogStrings", "path": ["monitoring", "87b7bfa4", "stdout"], "values": [{"value": "\n", "step": null, "ts": 1681663358.070543}]}, "version": 87}
{"obj": {"type": "LogStrings", "path": ["monitoring", "87b7bfa4", "stdout"], "values": [{"value": "Aggregate.non_local.g.bias", "step": null, "ts": 1681663358.0705829}]}, "version": 88}
{"obj": {"type": "LogStrings", "path": ["monitoring", "87b7bfa4", "stdout"], "values": [{"value": "\n", "step": null, "ts": 1681663358.070633}]}, "version": 89}
{"obj": {"type": "LogStrings", "path": ["monitoring", "87b7bfa4", "stdout"], "values": [{"value": "Aggregate.non_local.W.0.weight", "step": null, "ts": 1681663358.0706716}]}, "version": 90}
{"obj": {"type": "LogStrings", "path": ["monitoring", "87b7bfa4", "stdout"], "values": [{"value": "\n", "step": null, "ts": 1681663358.0707104}]}, "version": 91}
{"obj": {"type": "LogStrings", "path": ["monitoring", "87b7bfa4", "stdout"], "values": [{"value": "Aggregate.non_local.W.0.bias", "step": null, "ts": 1681663358.0707479}]}, "version": 92}
{"obj": {"type": "LogStrings", "path": ["monitoring", "87b7bfa4", "stdout"], "values": [{"value": "\n", "step": null, "ts": 1681663358.070787}]}, "version": 93}
{"obj": {"type": "LogStrings", "path": ["monitoring", "87b7bfa4", "stdout"], "values": [{"value": "Aggregate.non_local.W.1.weight", "step": null, "ts": 1681663358.0708349}]}, "version": 94}
{"obj": {"type": "LogStrings", "path": ["monitoring", "87b7bfa4", "stdout"], "values": [{"value": "\n", "step": null, "ts": 1681663358.0708733}]}, "version": 95}
{"obj": {"type": "LogStrings", "path": ["monitoring", "87b7bfa4", "stdout"], "values": [{"value": "Aggregate.non_local.W.1.bias", "step": null, "ts": 1681663358.070912}]}, "version": 96}
{"obj": {"type": "LogStrings", "path": ["monitoring", "87b7bfa4", "stdout"], "values": [{"value": "\n", "step": null, "ts": 1681663358.070951}]}, "version": 97}
{"obj": {"type": "LogStrings", "path": ["monitoring", "87b7bfa4", "stdout"], "values": [{"value": "Aggregate.non_local.theta.weight", "step": null, "ts": 1681663358.0709896}]}, "version": 98}
{"obj": {"type": "LogStrings", "path": ["monitoring", "87b7bfa4", "stdout"], "values": [{"value": "\n", "step": null, "ts": 1681663358.0710285}]}, "version": 99}
{"obj": {"type": "LogStrings", "path": ["monitoring", "87b7bfa4", "stdout"], "values": [{"value": "Aggregate.non_local.theta.bias", "step": null, "ts": 1681663358.0710692}]}, "version": 100}
{"obj": {"type": "LogStrings", "path": ["monitoring", "87b7bfa4", "stdout"], "values": [{"value": "\n", "step": null, "ts": 1681663358.0711083}]}, "version": 101}
{"obj": {"type": "LogStrings", "path": ["monitoring", "87b7bfa4", "stdout"], "values": [{"value": "Aggregate.non_local.phi.weight", "step": null, "ts": 1681663358.0711474}]}, "version": 102}
{"obj": {"type": "LogStrings", "path": ["monitoring", "87b7bfa4", "stdout"], "values": [{"value": "\n", "step": null, "ts": 1681663358.0711865}]}, "version": 103}
{"obj": {"type": "LogStrings", "path": ["monitoring", "87b7bfa4", "stdout"], "values": [{"value": "Aggregate.non_local.phi.bias", "step": null, "ts": 1681663358.0712254}]}, "version": 104}
{"obj": {"type": "LogStrings", "path": ["monitoring", "87b7bfa4", "stdout"], "values": [{"value": "\n", "step": null, "ts": 1681663358.0712638}]}, "version": 105}
{"obj": {"type": "LogStrings", "path": ["monitoring", "87b7bfa4", "stdout"], "values": [{"value": "fc1.weight", "step": null, "ts": 1681663358.071303}]}, "version": 106}
{"obj": {"type": "LogStrings", "path": ["monitoring", "87b7bfa4", "stdout"], "values": [{"value": "\n", "step": null, "ts": 1681663358.071342}]}, "version": 107}
{"obj": {"type": "LogStrings", "path": ["monitoring", "87b7bfa4", "stdout"], "values": [{"value": "fc1.bias", "step": null, "ts": 1681663358.0713818}]}, "version": 108}
{"obj": {"type": "LogStrings", "path": ["monitoring", "87b7bfa4", "stdout"], "values": [{"value": "\n", "step": null, "ts": 1681663358.0714207}]}, "version": 109}
{"obj": {"type": "LogStrings", "path": ["monitoring", "87b7bfa4", "stdout"], "values": [{"value": "fc2.weight", "step": null, "ts": 1681663358.0714636}]}, "version": 110}
{"obj": {"type": "LogStrings", "path": ["monitoring", "87b7bfa4", "stdout"], "values": [{"value": "\n", "step": null, "ts": 1681663358.0715148}]}, "version": 111}
{"obj": {"type": "LogStrings", "path": ["monitoring", "87b7bfa4", "stdout"], "values": [{"value": "fc2.bias", "step": null, "ts": 1681663358.0715537}]}, "version": 112}
{"obj": {"type": "LogStrings", "path": ["monitoring", "87b7bfa4", "stdout"], "values": [{"value": "\n", "step": null, "ts": 1681663358.0715952}]}, "version": 113}
{"obj": {"type": "LogStrings", "path": ["monitoring", "87b7bfa4", "stdout"], "values": [{"value": "fc3.weight", "step": null, "ts": 1681663358.0716345}]}, "version": 114}
{"obj": {"type": "LogStrings", "path": ["monitoring", "87b7bfa4", "stdout"], "values": [{"value": "\n", "step": null, "ts": 1681663358.0717046}]}, "version": 115}
{"obj": {"type": "LogStrings", "path": ["monitoring", "87b7bfa4", "stdout"], "values": [{"value": "fc3.bias", "step": null, "ts": 1681663358.0717463}]}, "version": 116}
{"obj": {"type": "LogStrings", "path": ["monitoring", "87b7bfa4", "stdout"], "values": [{"value": "\n", "step": null, "ts": 1681663358.0717864}]}, "version": 117}
{"obj": {"type": "LogStrings", "path": ["monitoring", "87b7bfa4", "stdout"], "values": [{"value": "cuda:0", "step": null, "ts": 1681663358.0718257}]}, "version": 118}
{"obj": {"type": "LogStrings", "path": ["monitoring", "87b7bfa4", "stdout"], "values": [{"value": "\n", "step": null, "ts": 1681663358.071865}]}, "version": 119}
{"obj": {"type": "LogStrings", "path": ["monitoring", "87b7bfa4", "stdout"], "values": [{"value": "batch-size", "step": null, "ts": 1681663358.0719042}]}, "version": 120}
{"obj": {"type": "LogStrings", "path": ["monitoring", "87b7bfa4", "stdout"], "values": [{"value": " ", "step": null, "ts": 1681663358.0719428}]}, "version": 121}
{"obj": {"type": "LogStrings", "path": ["monitoring", "87b7bfa4", "stdout"], "values": [{"value": "32", "step": null, "ts": 1681663358.071983}]}, "version": 122}
{"obj": {"type": "LogStrings", "path": ["monitoring", "87b7bfa4", "stdout"], "values": [{"value": "\n", "step": null, "ts": 1681663358.072024}]}, "version": 123}
{"obj": {"type": "LogStrings", "path": ["monitoring", "87b7bfa4", "stderr"], "values": [{"value": "\r  0%|          | 0/1000 [00:00<?, ?it/s]", "step": null, "ts": 1681663358.8251996}]}, "version": 124}
{"obj": {"type": "LogStrings", "path": ["monitoring", "87b7bfa4", "stderr"], "values": [{"value": "\n", "step": null, "ts": 1681663358.8255994}]}, "version": 125}
{"obj": {"type": "LogStrings", "path": ["monitoring", "87b7bfa4", "stderr"], "values": [{"value": "\r0it [00:00, ?it/s]", "step": null, "ts": 1681663358.8257942}]}, "version": 126}
{"obj": {"type": "LogStrings", "path": ["monitoring", "87b7bfa4", "stderr"], "values": [{"value": "\u001b[A", "step": null, "ts": 1681663358.8258991}]}, "version": 127}
{"obj": {"type": "LogStrings", "path": ["monitoring", "87b7bfa4", "stderr"], "values": [{"value": "\n", "step": null, "ts": 1681663363.0961742}]}, "version": 128}
{"obj": {"type": "LogStrings", "path": ["monitoring", "87b7bfa4", "stderr"], "values": [{"value": "\r1it [00:04,  4.27s/it]", "step": null, "ts": 1681663363.1032848}]}, "version": 129}
{"obj": {"type": "LogStrings", "path": ["monitoring", "87b7bfa4", "stderr"], "values": [{"value": "\u001b[A", "step": null, "ts": 1681663363.103445}]}, "version": 130}
{"obj": {"type": "LogStrings", "path": ["monitoring", "87b7bfa4", "stderr"], "values": [{"value": "\n", "step": null, "ts": 1681663367.9657328}]}, "version": 131}
{"obj": {"type": "LogStrings", "path": ["monitoring", "87b7bfa4", "stderr"], "values": [{"value": "\r2it [00:09,  4.62s/it]", "step": null, "ts": 1681663367.9666808}]}, "version": 132}
{"obj": {"type": "LogStrings", "path": ["monitoring", "87b7bfa4", "stderr"], "values": [{"value": "\u001b[A", "step": null, "ts": 1681663367.967068}]}, "version": 133}
{"obj": {"type": "LogFloats", "path": ["monitoring", "87b7bfa4", "cpu"], "values": [{"value": 10.5, "step": null, "ts": 1681663367.96485}]}, "version": 134}
{"obj": {"type": "LogFloats", "path": ["monitoring", "87b7bfa4", "memory"], "values": [{"value": 7.865577697753906, "step": null, "ts": 1681663367.96485}]}, "version": 135}
{"obj": {"type": "LogFloats", "path": ["monitoring", "87b7bfa4", "gpu_0"], "values": [{"value": 100.0, "step": null, "ts": 1681663367.96485}]}, "version": 136}
{"obj": {"type": "LogFloats", "path": ["monitoring", "87b7bfa4", "gpu_memory_0"], "values": [{"value": 8.607421875, "step": null, "ts": 1681663367.96485}]}, "version": 137}
{"obj": {"type": "LogFloats", "path": ["monitoring", "87b7bfa4", "gpu_memory_1"], "values": [{"value": 0.06646728515625, "step": null, "ts": 1681663367.96485}]}, "version": 138}
{"obj": {"type": "LogStrings", "path": ["monitoring", "87b7bfa4", "stderr"], "values": [{"value": "\n", "step": null, "ts": 1681663370.5179822}]}, "version": 139}
{"obj": {"type": "LogStrings", "path": ["monitoring", "87b7bfa4", "stderr"], "values": [{"value": "\r3it [00:11,  3.68s/it]", "step": null, "ts": 1681663370.5185847}]}, "version": 140}
{"obj": {"type": "LogStrings", "path": ["monitoring", "87b7bfa4", "stderr"], "values": [{"value": "\u001b[A", "step": null, "ts": 1681663370.5187085}]}, "version": 141}
{"obj": {"type": "LogStrings", "path": ["monitoring", "87b7bfa4", "stderr"], "values": [{"value": "\n", "step": null, "ts": 1681663372.9225678}]}, "version": 142}
{"obj": {"type": "LogStrings", "path": ["monitoring", "87b7bfa4", "stderr"], "values": [{"value": "\r4it [00:14,  3.17s/it]", "step": null, "ts": 1681663372.922823}]}, "version": 143}
{"obj": {"type": "LogStrings", "path": ["monitoring", "87b7bfa4", "stderr"], "values": [{"value": "\u001b[A", "step": null, "ts": 1681663372.9229102}]}, "version": 144}
{"obj": {"type": "LogFloats", "path": ["monitoring", "87b7bfa4", "cpu"], "values": [{"value": 8.5, "step": null, "ts": 1681663377.9681485}]}, "version": 145}
{"obj": {"type": "LogFloats", "path": ["monitoring", "87b7bfa4", "memory"], "values": [{"value": 7.715969085693359, "step": null, "ts": 1681663377.9681485}]}, "version": 146}
{"obj": {"type": "LogFloats", "path": ["monitoring", "87b7bfa4", "gpu_0"], "values": [{"value": 6.0, "step": null, "ts": 1681663377.9681485}]}, "version": 147}
{"obj": {"type": "LogFloats", "path": ["monitoring", "87b7bfa4", "gpu_memory_0"], "values": [{"value": 8.57421875, "step": null, "ts": 1681663377.9681485}]}, "version": 148}
{"obj": {"type": "LogFloats", "path": ["monitoring", "87b7bfa4", "gpu_memory_1"], "values": [{"value": 0.06646728515625, "step": null, "ts": 1681663377.9681485}]}, "version": 149}
{"obj": {"type": "LogStrings", "path": ["monitoring", "87b7bfa4", "stderr"], "values": [{"value": "\n", "step": null, "ts": 1681663378.3831663}]}, "version": 150}
{"obj": {"type": "LogStrings", "path": ["monitoring", "87b7bfa4", "stderr"], "values": [{"value": "\r5it [00:19,  4.00s/it]", "step": null, "ts": 1681663378.3833926}]}, "version": 151}
{"obj": {"type": "LogStrings", "path": ["monitoring", "87b7bfa4", "stderr"], "values": [{"value": "\u001b[A", "step": null, "ts": 1681663378.3834846}]}, "version": 152}
{"obj": {"type": "LogStrings", "path": ["monitoring", "87b7bfa4", "stderr"], "values": [{"value": "\n", "step": null, "ts": 1681663381.6360052}]}, "version": 153}
{"obj": {"type": "LogStrings", "path": ["monitoring", "87b7bfa4", "stderr"], "values": [{"value": "\r6it [00:22,  3.75s/it]", "step": null, "ts": 1681663381.636221}]}, "version": 154}
{"obj": {"type": "LogStrings", "path": ["monitoring", "87b7bfa4", "stderr"], "values": [{"value": "\u001b[A", "step": null, "ts": 1681663381.6363134}]}, "version": 155}
{"obj": {"type": "LogStrings", "path": ["monitoring", "87b7bfa4", "stderr"], "values": [{"value": "\n", "step": null, "ts": 1681663386.1670496}]}, "version": 156}
{"obj": {"type": "LogStrings", "path": ["monitoring", "87b7bfa4", "stderr"], "values": [{"value": "\r7it [00:27,  4.00s/it]", "step": null, "ts": 1681663386.1672049}]}, "version": 157}
{"obj": {"type": "LogStrings", "path": ["monitoring", "87b7bfa4", "stderr"], "values": [{"value": "\u001b[A", "step": null, "ts": 1681663386.1672716}]}, "version": 158}
{"obj": {"type": "LogFloats", "path": ["monitoring", "87b7bfa4", "cpu"], "values": [{"value": 9.6, "step": null, "ts": 1681663387.9716089}]}, "version": 159}
{"obj": {"type": "LogFloats", "path": ["monitoring", "87b7bfa4", "memory"], "values": [{"value": 7.776630401611328, "step": null, "ts": 1681663387.9716089}]}, "version": 160}
{"obj": {"type": "LogFloats", "path": ["monitoring", "87b7bfa4", "gpu_0"], "values": [{"value": 5.0, "step": null, "ts": 1681663387.9716089}]}, "version": 161}
{"obj": {"type": "LogFloats", "path": ["monitoring", "87b7bfa4", "gpu_memory_0"], "values": [{"value": 8.57421875, "step": null, "ts": 1681663387.9716089}]}, "version": 162}
{"obj": {"type": "LogFloats", "path": ["monitoring", "87b7bfa4", "gpu_memory_1"], "values": [{"value": 0.06646728515625, "step": null, "ts": 1681663387.9716089}]}, "version": 163}
{"obj": {"type": "LogStrings", "path": ["monitoring", "87b7bfa4", "stderr"], "values": [{"value": "\n", "step": null, "ts": 1681663389.5854623}]}, "version": 164}
{"obj": {"type": "LogStrings", "path": ["monitoring", "87b7bfa4", "stderr"], "values": [{"value": "\r8it [00:30,  3.82s/it]", "step": null, "ts": 1681663389.5859375}]}, "version": 165}
{"obj": {"type": "LogStrings", "path": ["monitoring", "87b7bfa4", "stderr"], "values": [{"value": "\u001b[A", "step": null, "ts": 1681663389.58603}]}, "version": 166}
{"obj": {"type": "LogStrings", "path": ["monitoring", "87b7bfa4", "stderr"], "values": [{"value": "\n", "step": null, "ts": 1681663393.6331668}]}, "version": 167}
{"obj": {"type": "LogStrings", "path": ["monitoring", "87b7bfa4", "stderr"], "values": [{"value": "\r9it [00:34,  3.89s/it]", "step": null, "ts": 1681663393.6376076}]}, "version": 168}
{"obj": {"type": "LogStrings", "path": ["monitoring", "87b7bfa4", "stderr"], "values": [{"value": "\u001b[A", "step": null, "ts": 1681663393.6377373}]}, "version": 169}
{"obj": {"type": "LogFloats", "path": ["monitoring", "87b7bfa4", "cpu"], "values": [{"value": 9.0, "step": null, "ts": 1681663397.9735713}]}, "version": 170}
{"obj": {"type": "LogFloats", "path": ["monitoring", "87b7bfa4", "memory"], "values": [{"value": 9.793903350830078, "step": null, "ts": 1681663397.9735713}]}, "version": 171}
{"obj": {"type": "LogFloats", "path": ["monitoring", "87b7bfa4", "gpu_0"], "values": [{"value": 6.0, "step": null, "ts": 1681663397.9735713}]}, "version": 172}
{"obj": {"type": "LogFloats", "path": ["monitoring", "87b7bfa4", "gpu_memory_0"], "values": [{"value": 8.58203125, "step": null, "ts": 1681663397.9735713}]}, "version": 173}
{"obj": {"type": "LogFloats", "path": ["monitoring", "87b7bfa4", "gpu_memory_1"], "values": [{"value": 0.06646728515625, "step": null, "ts": 1681663397.9735713}]}, "version": 174}
{"obj": {"type": "LogStrings", "path": ["monitoring", "87b7bfa4", "stderr"], "values": [{"value": "\n", "step": null, "ts": 1681663404.5727944}]}, "version": 175}
{"obj": {"type": "LogStrings", "path": ["monitoring", "87b7bfa4", "stderr"], "values": [{"value": "\r10it [00:45,  6.07s/it]", "step": null, "ts": 1681663404.5730405}]}, "version": 176}
{"obj": {"type": "LogStrings", "path": ["monitoring", "87b7bfa4", "stderr"], "values": [{"value": "\u001b[A", "step": null, "ts": 1681663404.5734098}]}, "version": 177}
{"obj": {"type": "LogFloats", "path": ["monitoring", "87b7bfa4", "cpu"], "values": [{"value": 13.2, "step": null, "ts": 1681663407.975517}]}, "version": 178}
{"obj": {"type": "LogFloats", "path": ["monitoring", "87b7bfa4", "memory"], "values": [{"value": 9.378803253173828, "step": null, "ts": 1681663407.975517}]}, "version": 179}
{"obj": {"type": "LogFloats", "path": ["monitoring", "87b7bfa4", "gpu_0"], "values": [{"value": 5.0, "step": null, "ts": 1681663407.975517}]}, "version": 180}
{"obj": {"type": "LogFloats", "path": ["monitoring", "87b7bfa4", "gpu_memory_0"], "values": [{"value": 8.58984375, "step": null, "ts": 1681663407.975517}]}, "version": 181}
{"obj": {"type": "LogFloats", "path": ["monitoring", "87b7bfa4", "gpu_memory_1"], "values": [{"value": 0.06646728515625, "step": null, "ts": 1681663407.975517}]}, "version": 182}
{"obj": {"type": "LogStrings", "path": ["monitoring", "87b7bfa4", "stderr"], "values": [{"value": "\n", "step": null, "ts": 1681663414.5439487}]}, "version": 183}
{"obj": {"type": "LogStrings", "path": ["monitoring", "87b7bfa4", "stderr"], "values": [{"value": "\r11it [00:55,  7.26s/it]", "step": null, "ts": 1681663414.5442765}]}, "version": 184}
{"obj": {"type": "LogStrings", "path": ["monitoring", "87b7bfa4", "stderr"], "values": [{"value": "\u001b[A", "step": null, "ts": 1681663414.5443592}]}, "version": 185}
{"obj": {"type": "LogFloats", "path": ["monitoring", "87b7bfa4", "cpu"], "values": [{"value": 12.6, "step": null, "ts": 1681663417.9850225}]}, "version": 186}
{"obj": {"type": "LogFloats", "path": ["monitoring", "87b7bfa4", "memory"], "values": [{"value": 8.1771240234375, "step": null, "ts": 1681663417.9850225}]}, "version": 187}
{"obj": {"type": "LogFloats", "path": ["monitoring", "87b7bfa4", "gpu_0"], "values": [{"value": 5.0, "step": null, "ts": 1681663417.9850225}]}, "version": 188}
{"obj": {"type": "LogFloats", "path": ["monitoring", "87b7bfa4", "gpu_memory_0"], "values": [{"value": 8.58984375, "step": null, "ts": 1681663417.9850225}]}, "version": 189}
{"obj": {"type": "LogFloats", "path": ["monitoring", "87b7bfa4", "gpu_memory_1"], "values": [{"value": 0.06646728515625, "step": null, "ts": 1681663417.9850225}]}, "version": 190}
{"obj": {"type": "LogStrings", "path": ["monitoring", "87b7bfa4", "stderr"], "values": [{"value": "\n", "step": null, "ts": 1681663420.8807275}]}, "version": 191}
{"obj": {"type": "LogStrings", "path": ["monitoring", "87b7bfa4", "stderr"], "values": [{"value": "\r12it [01:02,  6.98s/it]", "step": null, "ts": 1681663420.8810616}]}, "version": 192}
{"obj": {"type": "LogStrings", "path": ["monitoring", "87b7bfa4", "stderr"], "values": [{"value": "\u001b[A", "step": null, "ts": 1681663420.881142}]}, "version": 193}
{"obj": {"type": "LogStrings", "path": ["monitoring", "87b7bfa4", "stderr"], "values": [{"value": "\n", "step": null, "ts": 1681663425.2311609}]}, "version": 194}
{"obj": {"type": "LogStrings", "path": ["monitoring", "87b7bfa4", "stderr"], "values": [{"value": "\r13it [01:06,  6.18s/it]", "step": null, "ts": 1681663425.2318041}]}, "version": 195}
{"obj": {"type": "LogStrings", "path": ["monitoring", "87b7bfa4", "stderr"], "values": [{"value": "\u001b[A", "step": null, "ts": 1681663425.2319477}]}, "version": 196}
{"obj": {"type": "LogFloats", "path": ["monitoring", "87b7bfa4", "cpu"], "values": [{"value": 15.1, "step": null, "ts": 1681663427.987467}]}, "version": 197}
{"obj": {"type": "LogFloats", "path": ["monitoring", "87b7bfa4", "memory"], "values": [{"value": 7.560527801513672, "step": null, "ts": 1681663427.987467}]}, "version": 198}
{"obj": {"type": "LogFloats", "path": ["monitoring", "87b7bfa4", "gpu_0"], "values": [{"value": 5.0, "step": null, "ts": 1681663427.987467}]}, "version": 199}
{"obj": {"type": "LogFloats", "path": ["monitoring", "87b7bfa4", "gpu_memory_0"], "values": [{"value": 8.58984375, "step": null, "ts": 1681663427.987467}]}, "version": 200}
{"obj": {"type": "LogFloats", "path": ["monitoring", "87b7bfa4", "gpu_memory_1"], "values": [{"value": 0.06646728515625, "step": null, "ts": 1681663427.987467}]}, "version": 201}
{"obj": {"type": "LogStrings", "path": ["monitoring", "87b7bfa4", "stderr"], "values": [{"value": "\n", "step": null, "ts": 1681663431.4787385}]}, "version": 202}
{"obj": {"type": "LogStrings", "path": ["monitoring", "87b7bfa4", "stderr"], "values": [{"value": "\r14it [01:12,  6.20s/it]", "step": null, "ts": 1681663431.4790375}]}, "version": 203}
{"obj": {"type": "LogStrings", "path": ["monitoring", "87b7bfa4", "stderr"], "values": [{"value": "\u001b[A", "step": null, "ts": 1681663431.4791424}]}, "version": 204}
{"obj": {"type": "LogStrings", "path": ["monitoring", "87b7bfa4", "stderr"], "values": [{"value": "\n", "step": null, "ts": 1681663436.003459}]}, "version": 205}
{"obj": {"type": "LogStrings", "path": ["monitoring", "87b7bfa4", "stderr"], "values": [{"value": "\r15it [01:17,  5.70s/it]", "step": null, "ts": 1681663436.0037363}]}, "version": 206}
{"obj": {"type": "LogStrings", "path": ["monitoring", "87b7bfa4", "stderr"], "values": [{"value": "\u001b[A", "step": null, "ts": 1681663436.0038188}]}, "version": 207}
{"obj": {"type": "LogFloats", "path": ["monitoring", "87b7bfa4", "cpu"], "values": [{"value": 11.2, "step": null, "ts": 1681663437.9893773}]}, "version": 208}
{"obj": {"type": "LogFloats", "path": ["monitoring", "87b7bfa4", "memory"], "values": [{"value": 7.912021636962891, "step": null, "ts": 1681663437.9893773}]}, "version": 209}
{"obj": {"type": "LogFloats", "path": ["monitoring", "87b7bfa4", "gpu_0"], "values": [{"value": 6.0, "step": null, "ts": 1681663437.9893773}]}, "version": 210}
{"obj": {"type": "LogFloats", "path": ["monitoring", "87b7bfa4", "gpu_memory_0"], "values": [{"value": 8.58984375, "step": null, "ts": 1681663437.9893773}]}, "version": 211}
{"obj": {"type": "LogFloats", "path": ["monitoring", "87b7bfa4", "gpu_memory_1"], "values": [{"value": 0.06646728515625, "step": null, "ts": 1681663437.9893773}]}, "version": 212}
{"obj": {"type": "LogStrings", "path": ["monitoring", "87b7bfa4", "stderr"], "values": [{"value": "\n", "step": null, "ts": 1681663445.009274}]}, "version": 213}
{"obj": {"type": "LogStrings", "path": ["monitoring", "87b7bfa4", "stderr"], "values": [{"value": "\r16it [01:26,  6.69s/it]", "step": null, "ts": 1681663445.009893}]}, "version": 214}
{"obj": {"type": "LogStrings", "path": ["monitoring", "87b7bfa4", "stderr"], "values": [{"value": "\u001b[A", "step": null, "ts": 1681663445.0100079}]}, "version": 215}
{"obj": {"type": "LogFloats", "path": ["monitoring", "87b7bfa4", "cpu"], "values": [{"value": 13.5, "step": null, "ts": 1681663447.9912903}]}, "version": 216}
{"obj": {"type": "LogFloats", "path": ["monitoring", "87b7bfa4", "memory"], "values": [{"value": 7.483489990234375, "step": null, "ts": 1681663447.9912903}]}, "version": 217}
{"obj": {"type": "LogFloats", "path": ["monitoring", "87b7bfa4", "gpu_0"], "values": [{"value": 5.0, "step": null, "ts": 1681663447.9912903}]}, "version": 218}
{"obj": {"type": "LogFloats", "path": ["monitoring", "87b7bfa4", "gpu_memory_0"], "values": [{"value": 8.58984375, "step": null, "ts": 1681663447.9912903}]}, "version": 219}
{"obj": {"type": "LogFloats", "path": ["monitoring", "87b7bfa4", "gpu_memory_1"], "values": [{"value": 0.06646728515625, "step": null, "ts": 1681663447.9912903}]}, "version": 220}
{"obj": {"type": "LogStrings", "path": ["monitoring", "87b7bfa4", "stderr"], "values": [{"value": "\n", "step": null, "ts": 1681663449.532379}]}, "version": 221}
{"obj": {"type": "LogStrings", "path": ["monitoring", "87b7bfa4", "stderr"], "values": [{"value": "\r17it [01:30,  6.04s/it]", "step": null, "ts": 1681663449.532635}]}, "version": 222}
{"obj": {"type": "LogStrings", "path": ["monitoring", "87b7bfa4", "stderr"], "values": [{"value": "\u001b[A", "step": null, "ts": 1681663449.5329854}]}, "version": 223}
{"obj": {"type": "LogStrings", "path": ["monitoring", "87b7bfa4", "stderr"], "values": [{"value": "\n", "step": null, "ts": 1681663452.4838738}]}, "version": 224}
{"obj": {"type": "LogStrings", "path": ["monitoring", "87b7bfa4", "stderr"], "values": [{"value": "\r18it [01:33,  5.11s/it]", "step": null, "ts": 1681663452.4841335}]}, "version": 225}
{"obj": {"type": "LogStrings", "path": ["monitoring", "87b7bfa4", "stderr"], "values": [{"value": "\u001b[A", "step": null, "ts": 1681663452.4844673}]}, "version": 226}
{"obj": {"type": "LogStrings", "path": ["monitoring", "87b7bfa4", "stderr"], "values": [{"value": "\n", "step": null, "ts": 1681663455.8048944}]}, "version": 227}
{"obj": {"type": "LogStrings", "path": ["monitoring", "87b7bfa4", "stderr"], "values": [{"value": "\r19it [01:36,  4.57s/it]", "step": null, "ts": 1681663455.8051376}]}, "version": 228}
{"obj": {"type": "LogStrings", "path": ["monitoring", "87b7bfa4", "stderr"], "values": [{"value": "\u001b[A", "step": null, "ts": 1681663455.8052342}]}, "version": 229}
{"obj": {"type": "LogFloats", "path": ["monitoring", "87b7bfa4", "cpu"], "values": [{"value": 15.2, "step": null, "ts": 1681663457.9933305}]}, "version": 230}
{"obj": {"type": "LogFloats", "path": ["monitoring", "87b7bfa4", "memory"], "values": [{"value": 7.494220733642578, "step": null, "ts": 1681663457.9933305}]}, "version": 231}
{"obj": {"type": "LogFloats", "path": ["monitoring", "87b7bfa4", "gpu_0"], "values": [{"value": 8.0, "step": null, "ts": 1681663457.9933305}]}, "version": 232}
{"obj": {"type": "LogFloats", "path": ["monitoring", "87b7bfa4", "gpu_memory_0"], "values": [{"value": 8.58984375, "step": null, "ts": 1681663457.9933305}]}, "version": 233}
{"obj": {"type": "LogFloats", "path": ["monitoring", "87b7bfa4", "gpu_memory_1"], "values": [{"value": 0.06646728515625, "step": null, "ts": 1681663457.9933305}]}, "version": 234}
{"obj": {"type": "LogStrings", "path": ["monitoring", "87b7bfa4", "stderr"], "values": [{"value": "\n", "step": null, "ts": 1681663460.8282998}]}, "version": 235}
{"obj": {"type": "LogStrings", "path": ["monitoring", "87b7bfa4", "stderr"], "values": [{"value": "\r20it [01:42,  4.71s/it]", "step": null, "ts": 1681663460.828562}]}, "version": 236}
{"obj": {"type": "LogStrings", "path": ["monitoring", "87b7bfa4", "stderr"], "values": [{"value": "\u001b[A", "step": null, "ts": 1681663460.828641}]}, "version": 237}
{"obj": {"type": "LogStrings", "path": ["monitoring", "87b7bfa4", "stderr"], "values": [{"value": "\n", "step": null, "ts": 1681663466.1034331}]}, "version": 238}
{"obj": {"type": "LogStrings", "path": ["monitoring", "87b7bfa4", "stderr"], "values": [{"value": "\r21it [01:47,  4.88s/it]", "step": null, "ts": 1681663466.1039646}]}, "version": 239}
{"obj": {"type": "LogStrings", "path": ["monitoring", "87b7bfa4", "stderr"], "values": [{"value": "\u001b[A", "step": null, "ts": 1681663466.1040616}]}, "version": 240}
{"obj": {"type": "LogFloats", "path": ["monitoring", "87b7bfa4", "cpu"], "values": [{"value": 16.1, "step": null, "ts": 1681663467.995376}]}, "version": 241}
{"obj": {"type": "LogFloats", "path": ["monitoring", "87b7bfa4", "memory"], "values": [{"value": 7.434551239013672, "step": null, "ts": 1681663467.995376}]}, "version": 242}
{"obj": {"type": "LogFloats", "path": ["monitoring", "87b7bfa4", "gpu_0"], "values": [{"value": 5.0, "step": null, "ts": 1681663467.995376}]}, "version": 243}
{"obj": {"type": "LogFloats", "path": ["monitoring", "87b7bfa4", "gpu_memory_0"], "values": [{"value": 8.58984375, "step": null, "ts": 1681663467.995376}]}, "version": 244}
{"obj": {"type": "LogFloats", "path": ["monitoring", "87b7bfa4", "gpu_memory_1"], "values": [{"value": 0.06646728515625, "step": null, "ts": 1681663467.995376}]}, "version": 245}
{"obj": {"type": "LogStrings", "path": ["monitoring", "87b7bfa4", "stderr"], "values": [{"value": "\n", "step": null, "ts": 1681663469.6204689}]}, "version": 246}
{"obj": {"type": "LogStrings", "path": ["monitoring", "87b7bfa4", "stderr"], "values": [{"value": "\r22it [01:50,  4.47s/it]", "step": null, "ts": 1681663469.6209116}]}, "version": 247}
{"obj": {"type": "LogStrings", "path": ["monitoring", "87b7bfa4", "stderr"], "values": [{"value": "\u001b[A", "step": null, "ts": 1681663469.6209967}]}, "version": 248}
{"obj": {"type": "LogStrings", "path": ["monitoring", "87b7bfa4", "stderr"], "values": [{"value": "\n", "step": null, "ts": 1681663472.0372279}]}, "version": 249}
{"obj": {"type": "LogStrings", "path": ["monitoring", "87b7bfa4", "stderr"], "values": [{"value": "\r23it [01:53,  3.85s/it]", "step": null, "ts": 1681663472.0374026}]}, "version": 250}
{"obj": {"type": "LogStrings", "path": ["monitoring", "87b7bfa4", "stderr"], "values": [{"value": "\u001b[A", "step": null, "ts": 1681663472.0388727}]}, "version": 251}
{"obj": {"type": "LogStrings", "path": ["monitoring", "87b7bfa4", "stderr"], "values": [{"value": "\n", "step": null, "ts": 1681663475.9235137}]}, "version": 252}
{"obj": {"type": "LogStrings", "path": ["monitoring", "87b7bfa4", "stderr"], "values": [{"value": "\r24it [01:57,  3.86s/it]", "step": null, "ts": 1681663475.9239697}]}, "version": 253}
{"obj": {"type": "LogStrings", "path": ["monitoring", "87b7bfa4", "stderr"], "values": [{"value": "\u001b[A", "step": null, "ts": 1681663475.9240572}]}, "version": 254}
{"obj": {"type": "LogFloats", "path": ["monitoring", "87b7bfa4", "cpu"], "values": [{"value": 10.5, "step": null, "ts": 1681663477.9979722}]}, "version": 255}
{"obj": {"type": "LogFloats", "path": ["monitoring", "87b7bfa4", "memory"], "values": [{"value": 7.374351501464844, "step": null, "ts": 1681663477.9979722}]}, "version": 256}
{"obj": {"type": "LogFloats", "path": ["monitoring", "87b7bfa4", "gpu_0"], "values": [{"value": 10.0, "step": null, "ts": 1681663477.9979722}]}, "version": 257}
{"obj": {"type": "LogFloats", "path": ["monitoring", "87b7bfa4", "gpu_memory_0"], "values": [{"value": 8.58984375, "step": null, "ts": 1681663477.9979722}]}, "version": 258}
{"obj": {"type": "LogFloats", "path": ["monitoring", "87b7bfa4", "gpu_memory_1"], "values": [{"value": 0.06646728515625, "step": null, "ts": 1681663477.9979722}]}, "version": 259}
{"obj": {"type": "LogStrings", "path": ["monitoring", "87b7bfa4", "stderr"], "values": [{"value": "\n", "step": null, "ts": 1681663480.046692}]}, "version": 260}
{"obj": {"type": "LogStrings", "path": ["monitoring", "87b7bfa4", "stderr"], "values": [{"value": "\r25it [02:01,  3.94s/it]", "step": null, "ts": 1681663480.0468695}]}, "version": 261}
{"obj": {"type": "LogStrings", "path": ["monitoring", "87b7bfa4", "stderr"], "values": [{"value": "\u001b[A", "step": null, "ts": 1681663480.04695}]}, "version": 262}
{"obj": {"type": "LogStrings", "path": ["monitoring", "87b7bfa4", "stderr"], "values": [{"value": "\n", "step": null, "ts": 1681663486.374576}]}, "version": 263}
{"obj": {"type": "LogStrings", "path": ["monitoring", "87b7bfa4", "stderr"], "values": [{"value": "\r26it [02:07,  4.66s/it]", "step": null, "ts": 1681663486.379395}]}, "version": 264}
{"obj": {"type": "LogStrings", "path": ["monitoring", "87b7bfa4", "stderr"], "values": [{"value": "\u001b[A", "step": null, "ts": 1681663486.3795617}]}, "version": 265}
{"obj": {"type": "LogFloats", "path": ["monitoring", "87b7bfa4", "cpu"], "values": [{"value": 17.5, "step": null, "ts": 1681663488.0006523}]}, "version": 266}
{"obj": {"type": "LogFloats", "path": ["monitoring", "87b7bfa4", "memory"], "values": [{"value": 7.3155059814453125, "step": null, "ts": 1681663488.0006523}]}, "version": 267}
{"obj": {"type": "LogFloats", "path": ["monitoring", "87b7bfa4", "gpu_0"], "values": [{"value": 9.0, "step": null, "ts": 1681663488.0006523}]}, "version": 268}
{"obj": {"type": "LogFloats", "path": ["monitoring", "87b7bfa4", "gpu_memory_0"], "values": [{"value": 8.60546875, "step": null, "ts": 1681663488.0006523}]}, "version": 269}
{"obj": {"type": "LogFloats", "path": ["monitoring", "87b7bfa4", "gpu_memory_1"], "values": [{"value": 0.06646728515625, "step": null, "ts": 1681663488.0006523}]}, "version": 270}
{"obj": {"type": "LogStrings", "path": ["monitoring", "87b7bfa4", "stderr"], "values": [{"value": "\n", "step": null, "ts": 1681663489.974651}]}, "version": 271}
{"obj": {"type": "LogStrings", "path": ["monitoring", "87b7bfa4", "stderr"], "values": [{"value": "\r27it [02:11,  4.34s/it]", "step": null, "ts": 1681663489.9749851}]}, "version": 272}
{"obj": {"type": "LogStrings", "path": ["monitoring", "87b7bfa4", "stderr"], "values": [{"value": "\u001b[A", "step": null, "ts": 1681663489.97516}]}, "version": 273}
{"obj": {"type": "LogStrings", "path": ["monitoring", "87b7bfa4", "stderr"], "values": [{"value": "\n", "step": null, "ts": 1681663495.0653434}]}, "version": 274}
{"obj": {"type": "LogStrings", "path": ["monitoring", "87b7bfa4", "stderr"], "values": [{"value": "\r28it [02:16,  4.57s/it]", "step": null, "ts": 1681663495.065517}]}, "version": 275}
{"obj": {"type": "LogStrings", "path": ["monitoring", "87b7bfa4", "stderr"], "values": [{"value": "\u001b[A", "step": null, "ts": 1681663495.0655863}]}, "version": 276}
{"obj": {"type": "LogFloats", "path": ["monitoring", "87b7bfa4", "cpu"], "values": [{"value": 9.4, "step": null, "ts": 1681663498.0025241}]}, "version": 277}
{"obj": {"type": "LogFloats", "path": ["monitoring", "87b7bfa4", "memory"], "values": [{"value": 7.3993377685546875, "step": null, "ts": 1681663498.0025241}]}, "version": 278}
{"obj": {"type": "LogFloats", "path": ["monitoring", "87b7bfa4", "gpu_0"], "values": [{"value": 5.0, "step": null, "ts": 1681663498.0025241}]}, "version": 279}
{"obj": {"type": "LogFloats", "path": ["monitoring", "87b7bfa4", "gpu_memory_0"], "values": [{"value": 8.60546875, "step": null, "ts": 1681663498.0025241}]}, "version": 280}
{"obj": {"type": "LogFloats", "path": ["monitoring", "87b7bfa4", "gpu_memory_1"], "values": [{"value": 0.06646728515625, "step": null, "ts": 1681663498.0025241}]}, "version": 281}
{"obj": {"type": "LogStrings", "path": ["monitoring", "87b7bfa4", "stderr"], "values": [{"value": "\n", "step": null, "ts": 1681663499.6832373}]}, "version": 282}
{"obj": {"type": "LogStrings", "path": ["monitoring", "87b7bfa4", "stderr"], "values": [{"value": "\r29it [02:20,  4.58s/it]", "step": null, "ts": 1681663499.6836948}]}, "version": 283}
{"obj": {"type": "LogStrings", "path": ["monitoring", "87b7bfa4", "stderr"], "values": [{"value": "\u001b[A", "step": null, "ts": 1681663499.6837637}]}, "version": 284}
{"obj": {"type": "LogStrings", "path": ["monitoring", "87b7bfa4", "stderr"], "values": [{"value": "\n", "step": null, "ts": 1681663503.1528423}]}, "version": 285}
{"obj": {"type": "LogStrings", "path": ["monitoring", "87b7bfa4", "stderr"], "values": [{"value": "\r30it [02:24,  4.25s/it]", "step": null, "ts": 1681663503.15763}]}, "version": 286}
{"obj": {"type": "LogStrings", "path": ["monitoring", "87b7bfa4", "stderr"], "values": [{"value": "\u001b[A", "step": null, "ts": 1681663503.1577823}]}, "version": 287}
{"obj": {"type": "LogStrings", "path": ["monitoring", "87b7bfa4", "stderr"], "values": [{"value": "\n", "step": null, "ts": 1681663507.7049925}]}, "version": 288}
{"obj": {"type": "LogStrings", "path": ["monitoring", "87b7bfa4", "stderr"], "values": [{"value": "\r31it [02:28,  4.34s/it]", "step": null, "ts": 1681663507.7051609}]}, "version": 289}
{"obj": {"type": "LogStrings", "path": ["monitoring", "87b7bfa4", "stderr"], "values": [{"value": "\u001b[A", "step": null, "ts": 1681663507.7052426}]}, "version": 290}
{"obj": {"type": "LogFloats", "path": ["monitoring", "87b7bfa4", "cpu"], "values": [{"value": 9.4, "step": null, "ts": 1681663508.0044634}]}, "version": 291}
{"obj": {"type": "LogFloats", "path": ["monitoring", "87b7bfa4", "memory"], "values": [{"value": 6.953945159912109, "step": null, "ts": 1681663508.0044634}]}, "version": 292}
{"obj": {"type": "LogFloats", "path": ["monitoring", "87b7bfa4", "gpu_0"], "values": [{"value": 6.0, "step": null, "ts": 1681663508.0044634}]}, "version": 293}
{"obj": {"type": "LogFloats", "path": ["monitoring", "87b7bfa4", "gpu_memory_0"], "values": [{"value": 8.60546875, "step": null, "ts": 1681663508.0044634}]}, "version": 294}
{"obj": {"type": "LogFloats", "path": ["monitoring", "87b7bfa4", "gpu_memory_1"], "values": [{"value": 0.06646728515625, "step": null, "ts": 1681663508.0044634}]}, "version": 295}
{"obj": {"type": "LogStrings", "path": ["monitoring", "87b7bfa4", "stderr"], "values": [{"value": "\n", "step": null, "ts": 1681663511.3104508}]}, "version": 296}
{"obj": {"type": "LogStrings", "path": ["monitoring", "87b7bfa4", "stderr"], "values": [{"value": "\r32it [02:32,  4.12s/it]", "step": null, "ts": 1681663511.3106427}]}, "version": 297}
{"obj": {"type": "LogStrings", "path": ["monitoring", "87b7bfa4", "stderr"], "values": [{"value": "\u001b[A", "step": null, "ts": 1681663511.3107173}]}, "version": 298}
{"obj": {"type": "LogStrings", "path": ["monitoring", "87b7bfa4", "stderr"], "values": [{"value": "\n", "step": null, "ts": 1681663514.0277262}]}, "version": 299}
{"obj": {"type": "LogStrings", "path": ["monitoring", "87b7bfa4", "stderr"], "values": [{"value": "\r33it [02:35,  3.70s/it]", "step": null, "ts": 1681663514.028006}]}, "version": 300}
{"obj": {"type": "LogStrings", "path": ["monitoring", "87b7bfa4", "stderr"], "values": [{"value": "\u001b[A", "step": null, "ts": 1681663514.0284858}]}, "version": 301}
{"obj": {"type": "LogFloats", "path": ["monitoring", "87b7bfa4", "cpu"], "values": [{"value": 9.8, "step": null, "ts": 1681663518.00678}]}, "version": 302}
{"obj": {"type": "LogFloats", "path": ["monitoring", "87b7bfa4", "memory"], "values": [{"value": 6.901378631591797, "step": null, "ts": 1681663518.00678}]}, "version": 303}
{"obj": {"type": "LogFloats", "path": ["monitoring", "87b7bfa4", "gpu_0"], "values": [{"value": 8.0, "step": null, "ts": 1681663518.00678}]}, "version": 304}
{"obj": {"type": "LogFloats", "path": ["monitoring", "87b7bfa4", "gpu_memory_0"], "values": [{"value": 8.60546875, "step": null, "ts": 1681663518.00678}]}, "version": 305}
{"obj": {"type": "LogFloats", "path": ["monitoring", "87b7bfa4", "gpu_memory_1"], "values": [{"value": 0.06646728515625, "step": null, "ts": 1681663518.00678}]}, "version": 306}
{"obj": {"type": "LogStrings", "path": ["monitoring", "87b7bfa4", "stderr"], "values": [{"value": "\n", "step": null, "ts": 1681663518.3700857}]}, "version": 307}
{"obj": {"type": "LogStrings", "path": ["monitoring", "87b7bfa4", "stderr"], "values": [{"value": "\r34it [02:39,  3.89s/it]", "step": null, "ts": 1681663518.3702867}]}, "version": 308}
{"obj": {"type": "LogStrings", "path": ["monitoring", "87b7bfa4", "stderr"], "values": [{"value": "\u001b[A", "step": null, "ts": 1681663518.3703647}]}, "version": 309}
{"obj": {"type": "LogFloats", "path": ["monitoring", "87b7bfa4", "cpu"], "values": [{"value": 12.9, "step": null, "ts": 1681663528.0086486}]}, "version": 310}
{"obj": {"type": "LogFloats", "path": ["monitoring", "87b7bfa4", "memory"], "values": [{"value": 7.305377960205078, "step": null, "ts": 1681663528.0086486}]}, "version": 311}
{"obj": {"type": "LogFloats", "path": ["monitoring", "87b7bfa4", "gpu_0"], "values": [{"value": 5.0, "step": null, "ts": 1681663528.0086486}]}, "version": 312}
{"obj": {"type": "LogFloats", "path": ["monitoring", "87b7bfa4", "gpu_memory_0"], "values": [{"value": 8.60546875, "step": null, "ts": 1681663528.0086486}]}, "version": 313}
{"obj": {"type": "LogFloats", "path": ["monitoring", "87b7bfa4", "gpu_memory_1"], "values": [{"value": 0.06646728515625, "step": null, "ts": 1681663528.0086486}]}, "version": 314}
{"obj": {"type": "LogStrings", "path": ["monitoring", "87b7bfa4", "stderr"], "values": [{"value": "\n", "step": null, "ts": 1681663529.072635}]}, "version": 315}
{"obj": {"type": "LogStrings", "path": ["monitoring", "87b7bfa4", "stderr"], "values": [{"value": "\r35it [02:50,  5.93s/it]", "step": null, "ts": 1681663529.0728014}]}, "version": 316}
{"obj": {"type": "LogStrings", "path": ["monitoring", "87b7bfa4", "stderr"], "values": [{"value": "\u001b[A", "step": null, "ts": 1681663529.0728893}]}, "version": 317}
{"obj": {"type": "LogStrings", "path": ["monitoring", "87b7bfa4", "stderr"], "values": [{"value": "\n", "step": null, "ts": 1681663535.5946748}]}, "version": 318}
{"obj": {"type": "LogStrings", "path": ["monitoring", "87b7bfa4", "stderr"], "values": [{"value": "\r36it [02:56,  6.11s/it]", "step": null, "ts": 1681663535.5951662}]}, "version": 319}
{"obj": {"type": "LogStrings", "path": ["monitoring", "87b7bfa4", "stderr"], "values": [{"value": "\u001b[A", "step": null, "ts": 1681663535.5955691}]}, "version": 320}
{"obj": {"type": "LogFloats", "path": ["monitoring", "87b7bfa4", "cpu"], "values": [{"value": 15.7, "step": null, "ts": 1681663538.0110888}]}, "version": 321}
{"obj": {"type": "LogFloats", "path": ["monitoring", "87b7bfa4", "memory"], "values": [{"value": 6.900421142578125, "step": null, "ts": 1681663538.0110888}]}, "version": 322}
{"obj": {"type": "LogFloats", "path": ["monitoring", "87b7bfa4", "gpu_0"], "values": [{"value": 6.0, "step": null, "ts": 1681663538.0110888}]}, "version": 323}
{"obj": {"type": "LogFloats", "path": ["monitoring", "87b7bfa4", "gpu_memory_0"], "values": [{"value": 8.60546875, "step": null, "ts": 1681663538.0110888}]}, "version": 324}
{"obj": {"type": "LogFloats", "path": ["monitoring", "87b7bfa4", "gpu_memory_1"], "values": [{"value": 0.06646728515625, "step": null, "ts": 1681663538.0110888}]}, "version": 325}
{"obj": {"type": "LogStrings", "path": ["monitoring", "87b7bfa4", "stderr"], "values": [{"value": "\n", "step": null, "ts": 1681663538.6173227}]}, "version": 326}
{"obj": {"type": "LogStrings", "path": ["monitoring", "87b7bfa4", "stderr"], "values": [{"value": "\r37it [02:59,  5.18s/it]", "step": null, "ts": 1681663538.6174788}]}, "version": 327}
{"obj": {"type": "LogStrings", "path": ["monitoring", "87b7bfa4", "stderr"], "values": [{"value": "\u001b[A", "step": null, "ts": 1681663538.6175463}]}, "version": 328}
{"obj": {"type": "LogFloats", "path": ["monitoring", "87b7bfa4", "cpu"], "values": [{"value": 15.4, "step": null, "ts": 1681663548.013096}]}, "version": 329}
{"obj": {"type": "LogFloats", "path": ["monitoring", "87b7bfa4", "memory"], "values": [{"value": 11.737319946289062, "step": null, "ts": 1681663548.013096}]}, "version": 330}
{"obj": {"type": "LogFloats", "path": ["monitoring", "87b7bfa4", "gpu_0"], "values": [{"value": 6.0, "step": null, "ts": 1681663548.013096}]}, "version": 331}
{"obj": {"type": "LogFloats", "path": ["monitoring", "87b7bfa4", "gpu_memory_0"], "values": [{"value": 8.600341796875, "step": null, "ts": 1681663548.013096}]}, "version": 332}
{"obj": {"type": "LogFloats", "path": ["monitoring", "87b7bfa4", "gpu_memory_1"], "values": [{"value": 0.06646728515625, "step": null, "ts": 1681663548.013096}]}, "version": 333}
{"obj": {"type": "LogStrings", "path": ["monitoring", "87b7bfa4", "stderr"], "values": [{"value": "\n", "step": null, "ts": 1681663550.9302201}]}, "version": 334}
{"obj": {"type": "LogStrings", "path": ["monitoring", "87b7bfa4", "stderr"], "values": [{"value": "\r38it [03:12,  7.32s/it]", "step": null, "ts": 1681663550.930399}]}, "version": 335}
{"obj": {"type": "LogStrings", "path": ["monitoring", "87b7bfa4", "stderr"], "values": [{"value": "\u001b[A", "step": null, "ts": 1681663550.9304657}]}, "version": 336}
{"obj": {"type": "LogStrings", "path": ["monitoring", "87b7bfa4", "stderr"], "values": [{"value": "\n", "step": null, "ts": 1681663556.8808374}]}, "version": 337}
{"obj": {"type": "LogStrings", "path": ["monitoring", "87b7bfa4", "stderr"], "values": [{"value": "\r39it [03:18,  6.91s/it]", "step": null, "ts": 1681663556.8856087}]}, "version": 338}
{"obj": {"type": "LogStrings", "path": ["monitoring", "87b7bfa4", "stderr"], "values": [{"value": "\u001b[A", "step": null, "ts": 1681663556.885736}]}, "version": 339}
{"obj": {"type": "LogFloats", "path": ["monitoring", "87b7bfa4", "cpu"], "values": [{"value": 17.4, "step": null, "ts": 1681663558.0151107}]}, "version": 340}
{"obj": {"type": "LogFloats", "path": ["monitoring", "87b7bfa4", "memory"], "values": [{"value": 6.898288726806641, "step": null, "ts": 1681663558.0151107}]}, "version": 341}
{"obj": {"type": "LogFloats", "path": ["monitoring", "87b7bfa4", "gpu_0"], "values": [{"value": 4.0, "step": null, "ts": 1681663558.0151107}]}, "version": 342}
{"obj": {"type": "LogFloats", "path": ["monitoring", "87b7bfa4", "gpu_memory_0"], "values": [{"value": 8.6002197265625, "step": null, "ts": 1681663558.0151107}]}, "version": 343}
{"obj": {"type": "LogFloats", "path": ["monitoring", "87b7bfa4", "gpu_memory_1"], "values": [{"value": 0.06646728515625, "step": null, "ts": 1681663558.0151107}]}, "version": 344}
{"obj": {"type": "LogStrings", "path": ["monitoring", "87b7bfa4", "stderr"], "values": [{"value": "\n", "step": null, "ts": 1681663562.0544922}]}, "version": 345}
{"obj": {"type": "LogStrings", "path": ["monitoring", "87b7bfa4", "stderr"], "values": [{"value": "\r40it [03:23,  6.39s/it]", "step": null, "ts": 1681663562.0546634}]}, "version": 346}
{"obj": {"type": "LogStrings", "path": ["monitoring", "87b7bfa4", "stderr"], "values": [{"value": "\u001b[A", "step": null, "ts": 1681663562.054743}]}, "version": 347}
{"obj": {"type": "LogStrings", "path": ["monitoring", "87b7bfa4", "stderr"], "values": [{"value": "\n", "step": null, "ts": 1681663565.357009}]}, "version": 348}
{"obj": {"type": "LogStrings", "path": ["monitoring", "87b7bfa4", "stderr"], "values": [{"value": "\r41it [03:26,  5.46s/it]", "step": null, "ts": 1681663565.3574572}]}, "version": 349}
{"obj": {"type": "LogStrings", "path": ["monitoring", "87b7bfa4", "stderr"], "values": [{"value": "\u001b[A", "step": null, "ts": 1681663565.35755}]}, "version": 350}
{"obj": {"type": "LogFloats", "path": ["monitoring", "87b7bfa4", "cpu"], "values": [{"value": 9.0, "step": null, "ts": 1681663568.0171487}]}, "version": 351}
{"obj": {"type": "LogFloats", "path": ["monitoring", "87b7bfa4", "memory"], "values": [{"value": 8.164039611816406, "step": null, "ts": 1681663568.0171487}]}, "version": 352}
{"obj": {"type": "LogFloats", "path": ["monitoring", "87b7bfa4", "gpu_0"], "values": [{"value": 5.0, "step": null, "ts": 1681663568.0171487}]}, "version": 353}
{"obj": {"type": "LogFloats", "path": ["monitoring", "87b7bfa4", "gpu_memory_0"], "values": [{"value": 8.6002197265625, "step": null, "ts": 1681663568.0171487}]}, "version": 354}
{"obj": {"type": "LogFloats", "path": ["monitoring", "87b7bfa4", "gpu_memory_1"], "values": [{"value": 0.06646728515625, "step": null, "ts": 1681663568.0171487}]}, "version": 355}
{"obj": {"type": "LogStrings", "path": ["monitoring", "87b7bfa4", "stderr"], "values": [{"value": "\n", "step": null, "ts": 1681663570.74073}]}, "version": 356}
{"obj": {"type": "LogStrings", "path": ["monitoring", "87b7bfa4", "stderr"], "values": [{"value": "\r42it [03:31,  5.44s/it]", "step": null, "ts": 1681663570.7411811}]}, "version": 357}
{"obj": {"type": "LogStrings", "path": ["monitoring", "87b7bfa4", "stderr"], "values": [{"value": "\u001b[A", "step": null, "ts": 1681663570.7412672}]}, "version": 358}
{"obj": {"type": "LogStrings", "path": ["monitoring", "87b7bfa4", "stderr"], "values": [{"value": "\n", "step": null, "ts": 1681663573.8470187}]}, "version": 359}
{"obj": {"type": "LogStrings", "path": ["monitoring", "87b7bfa4", "stderr"], "values": [{"value": "\r43it [03:35,  4.74s/it]", "step": null, "ts": 1681663573.8474662}]}, "version": 360}
{"obj": {"type": "LogStrings", "path": ["monitoring", "87b7bfa4", "stderr"], "values": [{"value": "\u001b[A", "step": null, "ts": 1681663573.8475487}]}, "version": 361}
{"obj": {"type": "LogFloats", "path": ["monitoring", "87b7bfa4", "cpu"], "values": [{"value": 8.8, "step": null, "ts": 1681663578.0193117}]}, "version": 362}
{"obj": {"type": "LogFloats", "path": ["monitoring", "87b7bfa4", "memory"], "values": [{"value": 7.226894378662109, "step": null, "ts": 1681663578.0193117}]}, "version": 363}
{"obj": {"type": "LogFloats", "path": ["monitoring", "87b7bfa4", "gpu_0"], "values": [{"value": 5.0, "step": null, "ts": 1681663578.0193117}]}, "version": 364}
{"obj": {"type": "LogFloats", "path": ["monitoring", "87b7bfa4", "gpu_memory_0"], "values": [{"value": 8.6002197265625, "step": null, "ts": 1681663578.0193117}]}, "version": 365}
{"obj": {"type": "LogFloats", "path": ["monitoring", "87b7bfa4", "gpu_memory_1"], "values": [{"value": 0.06646728515625, "step": null, "ts": 1681663578.0193117}]}, "version": 366}
{"obj": {"type": "LogFloats", "path": ["monitoring", "87b7bfa4", "cpu"], "values": [{"value": 8.2, "step": null, "ts": 1681663588.0214446}]}, "version": 367}
{"obj": {"type": "LogFloats", "path": ["monitoring", "87b7bfa4", "memory"], "values": [{"value": 11.197059631347656, "step": null, "ts": 1681663588.0214446}]}, "version": 368}
{"obj": {"type": "LogFloats", "path": ["monitoring", "87b7bfa4", "gpu_0"], "values": [{"value": 5.0, "step": null, "ts": 1681663588.0214446}]}, "version": 369}
{"obj": {"type": "LogFloats", "path": ["monitoring", "87b7bfa4", "gpu_memory_0"], "values": [{"value": 8.6021728515625, "step": null, "ts": 1681663588.0214446}]}, "version": 370}
{"obj": {"type": "LogFloats", "path": ["monitoring", "87b7bfa4", "gpu_memory_1"], "values": [{"value": 0.06646728515625, "step": null, "ts": 1681663588.0214446}]}, "version": 371}
{"obj": {"type": "LogStrings", "path": ["monitoring", "87b7bfa4", "stderr"], "values": [{"value": "\n", "step": null, "ts": 1681663589.5815454}]}, "version": 372}
{"obj": {"type": "LogStrings", "path": ["monitoring", "87b7bfa4", "stderr"], "values": [{"value": "\r44it [03:50,  8.04s/it]", "step": null, "ts": 1681663589.5819767}]}, "version": 373}
{"obj": {"type": "LogStrings", "path": ["monitoring", "87b7bfa4", "stderr"], "values": [{"value": "\u001b[A", "step": null, "ts": 1681663589.5820704}]}, "version": 374}
{"obj": {"type": "LogStrings", "path": ["monitoring", "87b7bfa4", "stderr"], "values": [{"value": "\n", "step": null, "ts": 1681663592.2464683}]}, "version": 375}
{"obj": {"type": "LogStrings", "path": ["monitoring", "87b7bfa4", "stderr"], "values": [{"value": "\r45it [03:53,  6.42s/it]", "step": null, "ts": 1681663592.2469296}]}, "version": 376}
{"obj": {"type": "LogStrings", "path": ["monitoring", "87b7bfa4", "stderr"], "values": [{"value": "\u001b[A", "step": null, "ts": 1681663592.2470162}]}, "version": 377}
{"obj": {"type": "LogStrings", "path": ["monitoring", "87b7bfa4", "stderr"], "values": [{"value": "", "step": null, "ts": 1681663592.2566073}]}, "version": 378}
{"obj": {"type": "LogStrings", "path": ["monitoring", "87b7bfa4", "stderr"], "values": [{"value": "\r45it [03:53,  5.19s/it]", "step": null, "ts": 1681663592.2566903}]}, "version": 379}
{"obj": {"type": "LogStrings", "path": ["monitoring", "87b7bfa4", "stderr"], "values": [{"value": "\n", "step": null, "ts": 1681663592.2567506}]}, "version": 380}
{"obj": {"type": "LogStrings", "path": ["monitoring", "87b7bfa4", "stderr"], "values": [{"value": "\n", "step": null, "ts": 1681663592.276265}]}, "version": 381}
{"obj": {"type": "LogStrings", "path": ["monitoring", "87b7bfa4", "stderr"], "values": [{"value": "\r0it [00:00, ?it/s]", "step": null, "ts": 1681663592.276512}]}, "version": 382}
{"obj": {"type": "LogStrings", "path": ["monitoring", "87b7bfa4", "stderr"], "values": [{"value": "\u001b[A", "step": null, "ts": 1681663592.2769816}]}, "version": 383}
{"obj": {"type": "LogStrings", "path": ["monitoring", "87b7bfa4", "stderr"], "values": [{"value": "\n", "step": null, "ts": 1681663594.3796601}]}, "version": 384}
{"obj": {"type": "LogStrings", "path": ["monitoring", "87b7bfa4", "stderr"], "values": [{"value": "\r1it [00:02,  2.10s/it]", "step": null, "ts": 1681663594.3799353}]}, "version": 385}
{"obj": {"type": "LogStrings", "path": ["monitoring", "87b7bfa4", "stderr"], "values": [{"value": "\u001b[A", "step": null, "ts": 1681663594.3800178}]}, "version": 386}
{"obj": {"type": "LogStrings", "path": ["monitoring", "87b7bfa4", "stderr"], "values": [{"value": "\n", "step": null, "ts": 1681663596.2714827}]}, "version": 387}
{"obj": {"type": "LogStrings", "path": ["monitoring", "87b7bfa4", "stderr"], "values": [{"value": "\r2it [00:03,  1.98s/it]", "step": null, "ts": 1681663596.2718976}]}, "version": 388}
{"obj": {"type": "LogStrings", "path": ["monitoring", "87b7bfa4", "stderr"], "values": [{"value": "\u001b[A", "step": null, "ts": 1681663596.2719858}]}, "version": 389}
{"obj": {"type": "LogFloats", "path": ["monitoring", "87b7bfa4", "cpu"], "values": [{"value": 8.0, "step": null, "ts": 1681663598.0282545}]}, "version": 390}
{"obj": {"type": "LogFloats", "path": ["monitoring", "87b7bfa4", "memory"], "values": [{"value": 7.1306304931640625, "step": null, "ts": 1681663598.0282545}]}, "version": 391}
{"obj": {"type": "LogFloats", "path": ["monitoring", "87b7bfa4", "gpu_0"], "values": [{"value": 5.0, "step": null, "ts": 1681663598.0282545}]}, "version": 392}
{"obj": {"type": "LogFloats", "path": ["monitoring", "87b7bfa4", "gpu_memory_0"], "values": [{"value": 8.6021728515625, "step": null, "ts": 1681663598.0282545}]}, "version": 393}
{"obj": {"type": "LogFloats", "path": ["monitoring", "87b7bfa4", "gpu_memory_1"], "values": [{"value": 0.06646728515625, "step": null, "ts": 1681663598.0282545}]}, "version": 394}
{"obj": {"type": "LogStrings", "path": ["monitoring", "87b7bfa4", "stderr"], "values": [{"value": "\n", "step": null, "ts": 1681663598.5373604}]}, "version": 395}
{"obj": {"type": "LogStrings", "path": ["monitoring", "87b7bfa4", "stderr"], "values": [{"value": "\r3it [00:06,  2.11s/it]", "step": null, "ts": 1681663598.5376291}]}, "version": 396}
{"obj": {"type": "LogStrings", "path": ["monitoring", "87b7bfa4", "stderr"], "values": [{"value": "\u001b[A", "step": null, "ts": 1681663598.5379853}]}, "version": 397}
{"obj": {"type": "LogStrings", "path": ["monitoring", "87b7bfa4", "stderr"], "values": [{"value": "\n", "step": null, "ts": 1681663599.7137132}]}, "version": 398}
{"obj": {"type": "LogStrings", "path": ["monitoring", "87b7bfa4", "stderr"], "values": [{"value": "\r4it [00:07,  1.74s/it]", "step": null, "ts": 1681663599.714138}]}, "version": 399}
{"obj": {"type": "LogStrings", "path": ["monitoring", "87b7bfa4", "stderr"], "values": [{"value": "\u001b[A", "step": null, "ts": 1681663599.7142403}]}, "version": 400}
{"obj": {"type": "LogStrings", "path": ["monitoring", "87b7bfa4", "stderr"], "values": [{"value": "\n", "step": null, "ts": 1681663601.265169}]}, "version": 401}
{"obj": {"type": "LogStrings", "path": ["monitoring", "87b7bfa4", "stderr"], "values": [{"value": "\r5it [00:08,  1.67s/it]", "step": null, "ts": 1681663601.2655203}]}, "version": 402}
{"obj": {"type": "LogStrings", "path": ["monitoring", "87b7bfa4", "stderr"], "values": [{"value": "\u001b[A", "step": null, "ts": 1681663601.2656014}]}, "version": 403}
{"obj": {"type": "LogStrings", "path": ["monitoring", "87b7bfa4", "stderr"], "values": [{"value": "", "step": null, "ts": 1681663601.2656648}]}, "version": 404}
{"obj": {"type": "LogStrings", "path": ["monitoring", "87b7bfa4", "stderr"], "values": [{"value": "\r5it [00:08,  1.80s/it]", "step": null, "ts": 1681663601.2657206}]}, "version": 405}
{"obj": {"type": "LogStrings", "path": ["monitoring", "87b7bfa4", "stderr"], "values": [{"value": "\n", "step": null, "ts": 1681663601.265774}]}, "version": 406}
{"obj": {"type": "LogFloats", "path": ["train", "loss"], "values": [{"value": 89.62413334846497, "step": null, "ts": 1681663601.274154}]}, "version": 407}
{"obj": {"type": "LogFloats", "path": ["validation", "loss"], "values": [{"value": 11.73063063621521, "step": null, "ts": 1681663601.2743196}]}, "version": 408}
{"obj": {"type": "LogStrings", "path": ["monitoring", "87b7bfa4", "stderr"], "values": [{"value": "\r  0%|          | 1/1000 [04:02<67:20:09, 242.65s/it]", "step": null, "ts": 1681663601.4788783}]}, "version": 409}
{"obj": {"type": "LogStrings", "path": ["monitoring", "87b7bfa4", "stderr"], "values": [{"value": "\n", "step": null, "ts": 1681663601.4793317}]}, "version": 410}
{"obj": {"type": "LogStrings", "path": ["monitoring", "87b7bfa4", "stderr"], "values": [{"value": "\r0it [00:00, ?it/s]", "step": null, "ts": 1681663601.4794195}]}, "version": 411}
{"obj": {"type": "LogStrings", "path": ["monitoring", "87b7bfa4", "stderr"], "values": [{"value": "\u001b[A", "step": null, "ts": 1681663601.4795744}]}, "version": 412}
{"obj": {"type": "LogFloats", "path": ["monitoring", "87b7bfa4", "cpu"], "values": [{"value": 12.2, "step": null, "ts": 1681663608.0305324}]}, "version": 413}
{"obj": {"type": "LogFloats", "path": ["monitoring", "87b7bfa4", "memory"], "values": [{"value": 7.6639862060546875, "step": null, "ts": 1681663608.0305324}]}, "version": 414}
{"obj": {"type": "LogFloats", "path": ["monitoring", "87b7bfa4", "gpu_0"], "values": [{"value": 6.0, "step": null, "ts": 1681663608.0305324}]}, "version": 415}
{"obj": {"type": "LogFloats", "path": ["monitoring", "87b7bfa4", "gpu_memory_0"], "values": [{"value": 8.60418701171875, "step": null, "ts": 1681663608.0305324}]}, "version": 416}
{"obj": {"type": "LogFloats", "path": ["monitoring", "87b7bfa4", "gpu_memory_1"], "values": [{"value": 0.06646728515625, "step": null, "ts": 1681663608.0305324}]}, "version": 417}
{"obj": {"type": "LogFloats", "path": ["monitoring", "87b7bfa4", "cpu"], "values": [{"value": 11.9, "step": null, "ts": 1681663618.0330162}]}, "version": 418}
{"obj": {"type": "LogFloats", "path": ["monitoring", "87b7bfa4", "memory"], "values": [{"value": 14.224037170410156, "step": null, "ts": 1681663618.0330162}]}, "version": 419}
{"obj": {"type": "LogFloats", "path": ["monitoring", "87b7bfa4", "gpu_0"], "values": [{"value": 5.0, "step": null, "ts": 1681663618.0330162}]}, "version": 420}
{"obj": {"type": "LogFloats", "path": ["monitoring", "87b7bfa4", "gpu_memory_0"], "values": [{"value": 8.62567138671875, "step": null, "ts": 1681663618.0330162}]}, "version": 421}
{"obj": {"type": "LogFloats", "path": ["monitoring", "87b7bfa4", "gpu_memory_1"], "values": [{"value": 0.06646728515625, "step": null, "ts": 1681663618.0330162}]}, "version": 422}
{"obj": {"type": "LogStrings", "path": ["monitoring", "87b7bfa4", "stderr"], "values": [{"value": "\n", "step": null, "ts": 1681663620.551765}]}, "version": 423}
{"obj": {"type": "LogStrings", "path": ["monitoring", "87b7bfa4", "stderr"], "values": [{"value": "\r1it [00:19, 19.07s/it]", "step": null, "ts": 1681663620.5519252}]}, "version": 424}
{"obj": {"type": "LogStrings", "path": ["monitoring", "87b7bfa4", "stderr"], "values": [{"value": "\u001b[A", "step": null, "ts": 1681663620.5519898}]}, "version": 425}
