{"obj": {"type": "AssignString", "path": ["sys", "name"], "value": "Untitled"}, "version": 1}
{"obj": {"type": "AssignString", "path": ["sys", "description"], "value": ""}, "version": 2}
{"obj": {"type": "AssignString", "path": ["monitoring", "0e21e245", "hostname"], "value": "Marc-supercomputer"}, "version": 3}
{"obj": {"type": "AssignString", "path": ["sys", "hostname"], "value": "Marc-supercomputer"}, "version": 4}
{"obj": {"type": "AssignString", "path": ["monitoring", "0e21e245", "pid"], "value": "11514"}, "version": 5}
{"obj": {"type": "AssignString", "path": ["monitoring", "0e21e245", "tid"], "value": "139804985467968"}, "version": 6}
{"obj": {"type": "AssignBool", "path": ["sys", "failed"], "value": false}, "version": 7}
{"obj": {"type": "ClearStringLog", "path": ["monitoring", "0e21e245", "stdout"]}, "version": 8}
{"obj": {"type": "ClearStringLog", "path": ["monitoring", "0e21e245", "stderr"]}, "version": 9}
{"obj": {"type": "AssignString", "path": ["source_code", "entrypoint"], "value": "our_main.py"}, "version": 10}
{"obj": {"type": "UploadFileSet", "path": ["source_code", "files"], "file_globs": ["/home/marc/Documents/GitHub/8semester/Weakly-supervised-anomaly-detection/MGFN-main/our_main.py"], "reset": "False"}, "version": 11}
{"obj": {"type": "ConfigFloatSeries", "path": ["monitoring", "0e21e245", "cpu"], "min": 0.0, "max": 100.0, "unit": "%"}, "version": 12}
{"obj": {"type": "ClearFloatLog", "path": ["monitoring", "0e21e245", "cpu"]}, "version": 13}
{"obj": {"type": "ConfigFloatSeries", "path": ["monitoring", "0e21e245", "memory"], "min": 0.0, "max": 31.233211517333984, "unit": "GB"}, "version": 14}
{"obj": {"type": "ClearFloatLog", "path": ["monitoring", "0e21e245", "memory"]}, "version": 15}
{"obj": {"type": "ConfigFloatSeries", "path": ["monitoring", "0e21e245", "gpu_0"], "min": 0.0, "max": 100.0, "unit": "%"}, "version": 16}
{"obj": {"type": "ClearFloatLog", "path": ["monitoring", "0e21e245", "gpu_0"]}, "version": 17}
{"obj": {"type": "ConfigFloatSeries", "path": ["monitoring", "0e21e245", "gpu_1"], "min": 0.0, "max": 100.0, "unit": "%"}, "version": 18}
{"obj": {"type": "ClearFloatLog", "path": ["monitoring", "0e21e245", "gpu_1"]}, "version": 19}
{"obj": {"type": "ConfigFloatSeries", "path": ["monitoring", "0e21e245", "gpu_memory_0"], "min": 0.0, "max": 12.0, "unit": "GB"}, "version": 20}
{"obj": {"type": "ClearFloatLog", "path": ["monitoring", "0e21e245", "gpu_memory_0"]}, "version": 21}
{"obj": {"type": "ConfigFloatSeries", "path": ["monitoring", "0e21e245", "gpu_memory_1"], "min": 0.0, "max": 12.0, "unit": "GB"}, "version": 22}
{"obj": {"type": "ClearFloatLog", "path": ["monitoring", "0e21e245", "gpu_memory_1"]}, "version": 23}
{"obj": {"type": "LogFloats", "path": ["monitoring", "0e21e245", "cpu"], "values": [{"value": 5.5, "step": null, "ts": 1681541732.1487799}]}, "version": 24}
{"obj": {"type": "LogFloats", "path": ["monitoring", "0e21e245", "memory"], "values": [{"value": 5.298404693603516, "step": null, "ts": 1681541732.1487799}]}, "version": 25}
{"obj": {"type": "LogFloats", "path": ["monitoring", "0e21e245", "gpu_0"], "values": [{"value": 1.0, "step": null, "ts": 1681541732.1487799}]}, "version": 26}
{"obj": {"type": "LogFloats", "path": ["monitoring", "0e21e245", "gpu_memory_0"], "values": [{"value": 0.63299560546875, "step": null, "ts": 1681541732.1487799}]}, "version": 27}
{"obj": {"type": "LogFloats", "path": ["monitoring", "0e21e245", "gpu_memory_1"], "values": [{"value": 0.06500244140625, "step": null, "ts": 1681541732.1487799}]}, "version": 28}
{"obj": {"type": "AssignString", "path": ["params", "feat_extractor"], "value": "i3d"}, "version": 29}
{"obj": {"type": "AssignInt", "path": ["params", "feature_size"], "value": 2048}, "version": 30}
{"obj": {"type": "AssignInt", "path": ["params", "hiddensize"], "value": 512}, "version": 31}
{"obj": {"type": "AssignString", "path": ["params", "comment"], "value": "mgfn"}, "version": 32}
{"obj": {"type": "AssignString", "path": ["params", "local_con"], "value": "static"}, "version": 33}
{"obj": {"type": "AssignInt", "path": ["params", "head_K"], "value": 4}, "version": 34}
{"obj": {"type": "AssignInt", "path": ["params", "workers"], "value": 0}, "version": 35}
{"obj": {"type": "AssignInt", "path": ["params", "num_classes"], "value": 2}, "version": 36}
{"obj": {"type": "AssignInt", "path": ["params", "plot_freq"], "value": 10}, "version": 37}
{"obj": {"type": "AssignInt", "path": ["params", "max_epoch"], "value": 1000}, "version": 38}
{"obj": {"type": "AssignString", "path": ["params", "model_name"], "value": "mgfn"}, "version": 39}
{"obj": {"type": "AssignString", "path": ["params", "gt"], "value": "data/ucf_tencrop_1d/gt-ucf.npy"}, "version": 40}
{"obj": {"type": "AssignInt", "path": ["params", "depths1"], "value": 3}, "version": 41}
{"obj": {"type": "AssignInt", "path": ["params", "depths2"], "value": 3}, "version": 42}
{"obj": {"type": "AssignInt", "path": ["params", "depths3"], "value": 2}, "version": 43}
{"obj": {"type": "AssignString", "path": ["params", "mgfn_type1"], "value": "gb"}, "version": 44}
{"obj": {"type": "AssignString", "path": ["params", "mgfn_type2"], "value": "fb"}, "version": 45}
{"obj": {"type": "AssignString", "path": ["params", "mgfn_type3"], "value": "fb"}, "version": 46}
{"obj": {"type": "AssignFloat", "path": ["params", "dropout_rate"], "value": 0.7}, "version": 47}
{"obj": {"type": "AssignFloat", "path": ["params", "mag_ratio"], "value": 0.1}, "version": 48}
{"obj": {"type": "AssignInt", "path": ["params", "seg_length"], "value": 32}, "version": 49}
{"obj": {"type": "AssignBool", "path": ["params", "add_mag_info"], "value": false}, "version": 50}
{"obj": {"type": "AssignString", "path": ["params", "rgb_list"], "value": "data/ucf_tencrop_1d/ucf-i3d.list"}, "version": 51}
{"obj": {"type": "AssignString", "path": ["params", "val_rgb_list"], "value": "data/ucf_tencrop_1d/ucf-i3d-val.list"}, "version": 52}
{"obj": {"type": "AssignString", "path": ["params", "test_rgb_list"], "value": "data/ucf_tencrop_1d/ucf-i3d-test.list"}, "version": 53}
{"obj": {"type": "AssignString", "path": ["params", "datasetname"], "value": "UCF"}, "version": 54}
{"obj": {"type": "AssignString", "path": ["params", "dataset"], "value": "UCF"}, "version": 55}
{"obj": {"type": "AssignString", "path": ["params", "modality"], "value": "RGB"}, "version": 56}
{"obj": {"type": "AssignInt", "path": ["params", "T"], "value": 32}, "version": 57}
{"obj": {"type": "AssignInt", "path": ["params", "P"], "value": 10}, "version": 58}
{"obj": {"type": "AssignFloat", "path": ["params", "alpha"], "value": 0.1}, "version": 59}
{"obj": {"type": "AssignInt", "path": ["params", "k"], "value": 3}, "version": 60}
{"obj": {"type": "AssignInt", "path": ["params", "lambda_1"], "value": 1}, "version": 61}
{"obj": {"type": "AssignInt", "path": ["params", "lambda_2"], "value": 1}, "version": 62}
{"obj": {"type": "AssignFloat", "path": ["params", "lambda_3"], "value": 0.001}, "version": 63}
{"obj": {"type": "AssignFloat", "path": ["params", "w_decay"], "value": 0.0005}, "version": 64}
{"obj": {"type": "AssignInt", "path": ["params", "batch_size"], "value": 16}, "version": 65}
{"obj": {"type": "AssignString", "path": ["params", "user"], "value": "marc"}, "version": 66}
{"obj": {"type": "AssignString", "path": ["params", "params"], "value": "params_def"}, "version": 67}
{"obj": {"type": "LogStrings", "path": ["monitoring", "0e21e245", "stderr"], "values": [{"value": "/home/marc/Documents/GitHub/8semester/Weakly-supervised-anomaly-detection/MGFN-main/our_main.py:72: NeptuneUnsupportedType: You're attempting to log a type that is not directly supported by Neptune (<class 'list'>).\n        Convert the value to a supported type, such as a string or float, or use stringify_unsupported(obj)\n        for dictionaries or collections that contain unsupported values.\n        For more, see https://docs.neptune.ai/help/value_of_unsupported_type\n  run[\"params\"] = param\n", "step": null, "ts": 1681541732.2366335}]}, "version": 68}
{"obj": {"type": "LogStrings", "path": ["monitoring", "0e21e245", "stdout"], "values": [{"value": "cuda:0", "step": null, "ts": 1681541732.279027}]}, "version": 69}
{"obj": {"type": "LogStrings", "path": ["monitoring", "0e21e245", "stderr"], "values": [{"value": "/home/marc/Documents/GitHub/8semester/Weakly-supervised-anomaly-detection/MGFN-main/our_main.py:72: NeptuneUnsupportedType: You're attempting to log a type that is not directly supported by Neptune (<class 'NoneType'>).\n        Convert the value to a supported type, such as a string or float, or use stringify_unsupported(obj)\n        for dictionaries or collections that contain unsupported values.\n        For more, see https://docs.neptune.ai/help/value_of_unsupported_type\n  run[\"params\"] = param\n", "step": null, "ts": 1681541732.2799125}]}, "version": 70}
{"obj": {"type": "LogStrings", "path": ["monitoring", "0e21e245", "stdout"], "values": [{"value": "\n", "step": null, "ts": 1681541732.2806928}]}, "version": 71}
{"obj": {"type": "LogStrings", "path": ["monitoring", "0e21e245", "stderr"], "values": [{"value": "\r  0%|          | 0/1000 [00:00<?, ?it/s]", "step": null, "ts": 1681541732.884337}]}, "version": 72}
{"obj": {"type": "LogStrings", "path": ["monitoring", "0e21e245", "stderr"], "values": [{"value": "\n", "step": null, "ts": 1681541732.885299}]}, "version": 73}
{"obj": {"type": "LogStrings", "path": ["monitoring", "0e21e245", "stderr"], "values": [{"value": "\r0it [00:00, ?it/s]", "step": null, "ts": 1681541732.8855994}]}, "version": 74}
{"obj": {"type": "LogStrings", "path": ["monitoring", "0e21e245", "stderr"], "values": [{"value": "\u001b[A", "step": null, "ts": 1681541732.885862}]}, "version": 75}
{"obj": {"type": "LogFloats", "path": ["monitoring", "0e21e245", "cpu"], "values": [{"value": 4.7, "step": null, "ts": 1681541742.161188}]}, "version": 76}
{"obj": {"type": "LogFloats", "path": ["monitoring", "0e21e245", "memory"], "values": [{"value": 6.2501068115234375, "step": null, "ts": 1681541742.161188}]}, "version": 77}
{"obj": {"type": "LogFloats", "path": ["monitoring", "0e21e245", "gpu_0"], "values": [{"value": 4.0, "step": null, "ts": 1681541742.161188}]}, "version": 78}
{"obj": {"type": "LogFloats", "path": ["monitoring", "0e21e245", "gpu_memory_0"], "values": [{"value": 1.34832763671875, "step": null, "ts": 1681541742.161188}]}, "version": 79}
{"obj": {"type": "LogFloats", "path": ["monitoring", "0e21e245", "gpu_memory_1"], "values": [{"value": 0.06695556640625, "step": null, "ts": 1681541742.161188}]}, "version": 80}
{"obj": {"type": "LogFloats", "path": ["monitoring", "0e21e245", "cpu"], "values": [{"value": 5.3, "step": null, "ts": 1681541752.169968}]}, "version": 81}
{"obj": {"type": "LogFloats", "path": ["monitoring", "0e21e245", "memory"], "values": [{"value": 6.256320953369141, "step": null, "ts": 1681541752.169968}]}, "version": 82}
{"obj": {"type": "LogFloats", "path": ["monitoring", "0e21e245", "gpu_memory_0"], "values": [{"value": 1.34832763671875, "step": null, "ts": 1681541752.169968}]}, "version": 83}
{"obj": {"type": "LogFloats", "path": ["monitoring", "0e21e245", "gpu_memory_1"], "values": [{"value": 0.06695556640625, "step": null, "ts": 1681541752.169968}]}, "version": 84}
{"obj": {"type": "LogFloats", "path": ["monitoring", "0e21e245", "cpu"], "values": [{"value": 3.4, "step": null, "ts": 1681541762.1748164}]}, "version": 85}
{"obj": {"type": "LogFloats", "path": ["monitoring", "0e21e245", "memory"], "values": [{"value": 6.2561187744140625, "step": null, "ts": 1681541762.1748164}]}, "version": 86}
{"obj": {"type": "LogFloats", "path": ["monitoring", "0e21e245", "gpu_0"], "values": [{"value": 2.0, "step": null, "ts": 1681541762.1748164}]}, "version": 87}
{"obj": {"type": "LogFloats", "path": ["monitoring", "0e21e245", "gpu_memory_0"], "values": [{"value": 1.34832763671875, "step": null, "ts": 1681541762.1748164}]}, "version": 88}
{"obj": {"type": "LogFloats", "path": ["monitoring", "0e21e245", "gpu_memory_1"], "values": [{"value": 0.06695556640625, "step": null, "ts": 1681541762.1748164}]}, "version": 89}
{"obj": {"type": "LogFloats", "path": ["monitoring", "0e21e245", "cpu"], "values": [{"value": 3.8, "step": null, "ts": 1681541772.1784306}]}, "version": 90}
{"obj": {"type": "LogFloats", "path": ["monitoring", "0e21e245", "memory"], "values": [{"value": 6.262622833251953, "step": null, "ts": 1681541772.1784306}]}, "version": 91}
{"obj": {"type": "LogFloats", "path": ["monitoring", "0e21e245", "gpu_0"], "values": [{"value": 7.0, "step": null, "ts": 1681541772.1784306}]}, "version": 92}
{"obj": {"type": "LogFloats", "path": ["monitoring", "0e21e245", "gpu_memory_0"], "values": [{"value": 1.34832763671875, "step": null, "ts": 1681541772.1784306}]}, "version": 93}
{"obj": {"type": "LogFloats", "path": ["monitoring", "0e21e245", "gpu_memory_1"], "values": [{"value": 0.06695556640625, "step": null, "ts": 1681541772.1784306}]}, "version": 94}
{"obj": {"type": "LogFloats", "path": ["monitoring", "0e21e245", "cpu"], "values": [{"value": 6.5, "step": null, "ts": 1681541782.1831555}]}, "version": 95}
{"obj": {"type": "LogFloats", "path": ["monitoring", "0e21e245", "memory"], "values": [{"value": 6.270137786865234, "step": null, "ts": 1681541782.1831555}]}, "version": 96}
{"obj": {"type": "LogFloats", "path": ["monitoring", "0e21e245", "gpu_0"], "values": [{"value": 2.0, "step": null, "ts": 1681541782.1831555}]}, "version": 97}
{"obj": {"type": "LogFloats", "path": ["monitoring", "0e21e245", "gpu_memory_0"], "values": [{"value": 1.34832763671875, "step": null, "ts": 1681541782.1831555}]}, "version": 98}
{"obj": {"type": "LogFloats", "path": ["monitoring", "0e21e245", "gpu_memory_1"], "values": [{"value": 0.06695556640625, "step": null, "ts": 1681541782.1831555}]}, "version": 99}
{"obj": {"type": "LogFloats", "path": ["monitoring", "0e21e245", "cpu"], "values": [{"value": 4.5, "step": null, "ts": 1681541792.1889153}]}, "version": 100}
{"obj": {"type": "LogFloats", "path": ["monitoring", "0e21e245", "memory"], "values": [{"value": 6.276981353759766, "step": null, "ts": 1681541792.1889153}]}, "version": 101}
{"obj": {"type": "LogFloats", "path": ["monitoring", "0e21e245", "gpu_memory_0"], "values": [{"value": 1.34832763671875, "step": null, "ts": 1681541792.1889153}]}, "version": 102}
{"obj": {"type": "LogFloats", "path": ["monitoring", "0e21e245", "gpu_memory_1"], "values": [{"value": 0.06695556640625, "step": null, "ts": 1681541792.1889153}]}, "version": 103}
{"obj": {"type": "LogFloats", "path": ["monitoring", "0e21e245", "cpu"], "values": [{"value": 4.2, "step": null, "ts": 1681541802.1939127}]}, "version": 104}
{"obj": {"type": "LogFloats", "path": ["monitoring", "0e21e245", "memory"], "values": [{"value": 6.268989562988281, "step": null, "ts": 1681541802.1939127}]}, "version": 105}
{"obj": {"type": "LogFloats", "path": ["monitoring", "0e21e245", "gpu_0"], "values": [{"value": 2.0, "step": null, "ts": 1681541802.1939127}]}, "version": 106}
{"obj": {"type": "LogFloats", "path": ["monitoring", "0e21e245", "gpu_memory_0"], "values": [{"value": 1.34832763671875, "step": null, "ts": 1681541802.1939127}]}, "version": 107}
{"obj": {"type": "LogFloats", "path": ["monitoring", "0e21e245", "gpu_memory_1"], "values": [{"value": 0.06695556640625, "step": null, "ts": 1681541802.1939127}]}, "version": 108}
{"obj": {"type": "LogFloats", "path": ["monitoring", "0e21e245", "cpu"], "values": [{"value": 4.0, "step": null, "ts": 1681541812.1994658}]}, "version": 109}
{"obj": {"type": "LogFloats", "path": ["monitoring", "0e21e245", "memory"], "values": [{"value": 6.2692108154296875, "step": null, "ts": 1681541812.1994658}]}, "version": 110}
{"obj": {"type": "LogFloats", "path": ["monitoring", "0e21e245", "gpu_0"], "values": [{"value": 27.0, "step": null, "ts": 1681541812.1994658}]}, "version": 111}
{"obj": {"type": "LogFloats", "path": ["monitoring", "0e21e245", "gpu_memory_0"], "values": [{"value": 1.34832763671875, "step": null, "ts": 1681541812.1994658}]}, "version": 112}
{"obj": {"type": "LogFloats", "path": ["monitoring", "0e21e245", "gpu_memory_1"], "values": [{"value": 0.06695556640625, "step": null, "ts": 1681541812.1994658}]}, "version": 113}
{"obj": {"type": "LogFloats", "path": ["monitoring", "0e21e245", "cpu"], "values": [{"value": 3.5, "step": null, "ts": 1681541822.2038102}]}, "version": 114}
{"obj": {"type": "LogFloats", "path": ["monitoring", "0e21e245", "memory"], "values": [{"value": 6.273185729980469, "step": null, "ts": 1681541822.2038102}]}, "version": 115}
{"obj": {"type": "LogFloats", "path": ["monitoring", "0e21e245", "gpu_0"], "values": [{"value": 1.0, "step": null, "ts": 1681541822.2038102}]}, "version": 116}
{"obj": {"type": "LogFloats", "path": ["monitoring", "0e21e245", "gpu_memory_0"], "values": [{"value": 1.34832763671875, "step": null, "ts": 1681541822.2038102}]}, "version": 117}
{"obj": {"type": "LogFloats", "path": ["monitoring", "0e21e245", "gpu_memory_1"], "values": [{"value": 0.06695556640625, "step": null, "ts": 1681541822.2038102}]}, "version": 118}
{"obj": {"type": "LogFloats", "path": ["monitoring", "0e21e245", "cpu"], "values": [{"value": 4.8, "step": null, "ts": 1681541832.2091072}]}, "version": 119}
{"obj": {"type": "LogFloats", "path": ["monitoring", "0e21e245", "memory"], "values": [{"value": 6.274955749511719, "step": null, "ts": 1681541832.2091072}]}, "version": 120}
{"obj": {"type": "LogFloats", "path": ["monitoring", "0e21e245", "gpu_0"], "values": [{"value": 3.0, "step": null, "ts": 1681541832.2091072}]}, "version": 121}
{"obj": {"type": "LogFloats", "path": ["monitoring", "0e21e245", "gpu_memory_0"], "values": [{"value": 1.34832763671875, "step": null, "ts": 1681541832.2091072}]}, "version": 122}
{"obj": {"type": "LogFloats", "path": ["monitoring", "0e21e245", "gpu_memory_1"], "values": [{"value": 0.06695556640625, "step": null, "ts": 1681541832.2091072}]}, "version": 123}
{"obj": {"type": "LogFloats", "path": ["monitoring", "0e21e245", "cpu"], "values": [{"value": 4.4, "step": null, "ts": 1681541842.2119398}]}, "version": 124}
{"obj": {"type": "LogFloats", "path": ["monitoring", "0e21e245", "memory"], "values": [{"value": 6.28387451171875, "step": null, "ts": 1681541842.2119398}]}, "version": 125}
{"obj": {"type": "LogFloats", "path": ["monitoring", "0e21e245", "gpu_0"], "values": [{"value": 2.0, "step": null, "ts": 1681541842.2119398}]}, "version": 126}
{"obj": {"type": "LogFloats", "path": ["monitoring", "0e21e245", "gpu_memory_0"], "values": [{"value": 1.34832763671875, "step": null, "ts": 1681541842.2119398}]}, "version": 127}
{"obj": {"type": "LogFloats", "path": ["monitoring", "0e21e245", "gpu_memory_1"], "values": [{"value": 0.06695556640625, "step": null, "ts": 1681541842.2119398}]}, "version": 128}
{"obj": {"type": "LogFloats", "path": ["monitoring", "0e21e245", "cpu"], "values": [{"value": 6.4, "step": null, "ts": 1681541852.2151806}]}, "version": 129}
{"obj": {"type": "LogFloats", "path": ["monitoring", "0e21e245", "memory"], "values": [{"value": 6.337272644042969, "step": null, "ts": 1681541852.2151806}]}, "version": 130}
{"obj": {"type": "LogFloats", "path": ["monitoring", "0e21e245", "gpu_0"], "values": [{"value": 100.0, "step": null, "ts": 1681541852.2151806}]}, "version": 131}
{"obj": {"type": "LogFloats", "path": ["monitoring", "0e21e245", "gpu_memory_0"], "values": [{"value": 1.2945556640625, "step": null, "ts": 1681541852.2151806}]}, "version": 132}
{"obj": {"type": "LogFloats", "path": ["monitoring", "0e21e245", "gpu_memory_1"], "values": [{"value": 0.06695556640625, "step": null, "ts": 1681541852.2151806}]}, "version": 133}
{"obj": {"type": "LogFloats", "path": ["monitoring", "0e21e245", "cpu"], "values": [{"value": 4.2, "step": null, "ts": 1681541862.2181282}]}, "version": 134}
{"obj": {"type": "LogFloats", "path": ["monitoring", "0e21e245", "memory"], "values": [{"value": 6.3338165283203125, "step": null, "ts": 1681541862.2181282}]}, "version": 135}
{"obj": {"type": "LogFloats", "path": ["monitoring", "0e21e245", "gpu_memory_0"], "values": [{"value": 1.2945556640625, "step": null, "ts": 1681541862.2181282}]}, "version": 136}
{"obj": {"type": "LogFloats", "path": ["monitoring", "0e21e245", "gpu_memory_1"], "values": [{"value": 0.06695556640625, "step": null, "ts": 1681541862.2181282}]}, "version": 137}
{"obj": {"type": "LogFloats", "path": ["monitoring", "0e21e245", "cpu"], "values": [{"value": 5.3, "step": null, "ts": 1681541872.2231827}]}, "version": 138}
{"obj": {"type": "LogFloats", "path": ["monitoring", "0e21e245", "memory"], "values": [{"value": 6.324672698974609, "step": null, "ts": 1681541872.2231827}]}, "version": 139}
{"obj": {"type": "LogFloats", "path": ["monitoring", "0e21e245", "gpu_0"], "values": [{"value": 14.0, "step": null, "ts": 1681541872.2231827}]}, "version": 140}
{"obj": {"type": "LogFloats", "path": ["monitoring", "0e21e245", "gpu_memory_0"], "values": [{"value": 1.2945556640625, "step": null, "ts": 1681541872.2231827}]}, "version": 141}
{"obj": {"type": "LogFloats", "path": ["monitoring", "0e21e245", "gpu_memory_1"], "values": [{"value": 0.06695556640625, "step": null, "ts": 1681541872.2231827}]}, "version": 142}
{"obj": {"type": "LogFloats", "path": ["monitoring", "0e21e245", "cpu"], "values": [{"value": 6.8, "step": null, "ts": 1681541882.2261171}]}, "version": 143}
{"obj": {"type": "LogFloats", "path": ["monitoring", "0e21e245", "memory"], "values": [{"value": 6.328517913818359, "step": null, "ts": 1681541882.2261171}]}, "version": 144}
{"obj": {"type": "LogFloats", "path": ["monitoring", "0e21e245", "gpu_0"], "values": [{"value": 1.0, "step": null, "ts": 1681541882.2261171}]}, "version": 145}
{"obj": {"type": "LogFloats", "path": ["monitoring", "0e21e245", "gpu_memory_0"], "values": [{"value": 1.2945556640625, "step": null, "ts": 1681541882.2261171}]}, "version": 146}
{"obj": {"type": "LogFloats", "path": ["monitoring", "0e21e245", "gpu_memory_1"], "values": [{"value": 0.06695556640625, "step": null, "ts": 1681541882.2261171}]}, "version": 147}
{"obj": {"type": "LogFloats", "path": ["monitoring", "0e21e245", "cpu"], "values": [{"value": 4.7, "step": null, "ts": 1681541892.2317262}]}, "version": 148}
{"obj": {"type": "LogFloats", "path": ["monitoring", "0e21e245", "memory"], "values": [{"value": 6.3187408447265625, "step": null, "ts": 1681541892.2317262}]}, "version": 149}
{"obj": {"type": "LogFloats", "path": ["monitoring", "0e21e245", "gpu_0"], "values": [{"value": 1.0, "step": null, "ts": 1681541892.2317262}]}, "version": 150}
{"obj": {"type": "LogFloats", "path": ["monitoring", "0e21e245", "gpu_memory_0"], "values": [{"value": 1.2945556640625, "step": null, "ts": 1681541892.2317262}]}, "version": 151}
{"obj": {"type": "LogFloats", "path": ["monitoring", "0e21e245", "gpu_memory_1"], "values": [{"value": 0.06695556640625, "step": null, "ts": 1681541892.2317262}]}, "version": 152}
{"obj": {"type": "LogFloats", "path": ["monitoring", "0e21e245", "cpu"], "values": [{"value": 4.3, "step": null, "ts": 1681541902.2348142}]}, "version": 153}
{"obj": {"type": "LogFloats", "path": ["monitoring", "0e21e245", "memory"], "values": [{"value": 6.329219818115234, "step": null, "ts": 1681541902.2348142}]}, "version": 154}
{"obj": {"type": "LogFloats", "path": ["monitoring", "0e21e245", "gpu_0"], "values": [{"value": 1.0, "step": null, "ts": 1681541902.2348142}]}, "version": 155}
{"obj": {"type": "LogFloats", "path": ["monitoring", "0e21e245", "gpu_memory_0"], "values": [{"value": 1.2945556640625, "step": null, "ts": 1681541902.2348142}]}, "version": 156}
{"obj": {"type": "LogFloats", "path": ["monitoring", "0e21e245", "gpu_memory_1"], "values": [{"value": 0.06695556640625, "step": null, "ts": 1681541902.2348142}]}, "version": 157}
{"obj": {"type": "LogStrings", "path": ["monitoring", "0e21e245", "stderr"], "values": [{"value": "", "step": null, "ts": 1681541903.7236667}]}, "version": 158}
{"obj": {"type": "LogStrings", "path": ["monitoring", "0e21e245", "stderr"], "values": [{"value": "\r0it [02:50, ?it/s]", "step": null, "ts": 1681541903.7246556}]}, "version": 159}
{"obj": {"type": "LogStrings", "path": ["monitoring", "0e21e245", "stderr"], "values": [{"value": "\n", "step": null, "ts": 1681541903.7249982}]}, "version": 160}
{"obj": {"type": "LogStrings", "path": ["monitoring", "0e21e245", "stderr"], "values": [{"value": "", "step": null, "ts": 1681541903.8599877}]}, "version": 161}
{"obj": {"type": "LogStrings", "path": ["monitoring", "0e21e245", "stderr"], "values": [{"value": "\r  0%|          | 0/1000 [02:50<?, ?it/s]", "step": null, "ts": 1681541903.8605547}]}, "version": 162}
{"obj": {"type": "LogStrings", "path": ["monitoring", "0e21e245", "stderr"], "values": [{"value": "\n", "step": null, "ts": 1681541903.8607821}]}, "version": 163}
{"obj": {"type": "LogStrings", "path": ["monitoring", "0e21e245", "stderr"], "values": [{"value": "Traceback (most recent call last):\n", "step": null, "ts": 1681541903.860997}]}, "version": 164}
{"obj": {"type": "LogStrings", "path": ["monitoring", "0e21e245", "stderr"], "values": [{"value": "", "step": null, "ts": 1681541903.8611753}]}, "version": 165}
{"obj": {"type": "LogStrings", "path": ["monitoring", "0e21e245", "stderr"], "values": [{"value": "  File \"/home/marc/Documents/GitHub/8semester/Weakly-supervised-anomaly-detection/MGFN-main/our_main.py\", line 147, in <module>\n    cost, loss_smooth, loss_sparse = train(train_nloader, train_aloader, model, param[\"batch_size\"], optimizer,\n", "step": null, "ts": 1681541903.861351}]}, "version": 166}
{"obj": {"type": "LogStrings", "path": ["monitoring", "0e21e245", "stderr"], "values": [{"value": "", "step": null, "ts": 1681541903.8615155}]}, "version": 167}
{"obj": {"type": "LogStrings", "path": ["monitoring", "0e21e245", "stderr"], "values": [{"value": "  File \"/home/marc/Documents/GitHub/8semester/Weakly-supervised-anomaly-detection/MGFN-main/train.py\", line 94, in train\n    inp = torch.cat((ninput, ainput), 0).to(device)\n", "step": null, "ts": 1681541903.8616776}]}, "version": 168}
{"obj": {"type": "LogStrings", "path": ["monitoring", "0e21e245", "stderr"], "values": [{"value": "", "step": null, "ts": 1681541903.8618412}]}, "version": 169}
{"obj": {"type": "LogStrings", "path": ["monitoring", "0e21e245", "stderr"], "values": [{"value": "KeyboardInterrupt\n", "step": null, "ts": 1681541903.862003}]}, "version": 170}
{"obj": {"type": "LogStrings", "path": ["monitoring", "0e21e245", "stderr"], "values": [{"value": "", "step": null, "ts": 1681541903.862165}]}, "version": 171}
{"obj": {"type": "LogStrings", "path": ["monitoring", "0e21e245", "stdout"], "values": [{"value": "Shutting down background jobs, please wait a moment...\n", "step": null, "ts": 1681541903.8679245}]}, "version": 172}
